[ 2017-06-13T10:22:47+08:00 ] 127.0.0.1 /shop/index.php/Home/goods/detail/id/2.html
INFO: [ app_init ] --START--
INFO: Run Behavior\BuildLiteBehavior [ RunTime:0.000225s ]
INFO: [ app_init ] --END-- [ RunTime:0.004139s ]
INFO: [ app_begin ] --START--
INFO: Run Behavior\ReadHtmlCacheBehavior [ RunTime:0.002419s ]
INFO: [ app_begin ] --END-- [ RunTime:0.003362s ]
SQL: SHOW COLUMNS FROM `goods` [ RunTime:0.0078s ]
SQL: UPDATE `goods` SET `goods_click`=goods_click+1 WHERE ( id=2 ) [ RunTime:0.1695s ]
SQL: SELECT * FROM `goods` WHERE `id` = 2 LIMIT 1   [ RunTime:0.0011s ]
SQL: SELECT b.attr_name,b.attr_val,a.id,a.goods_id,a.attr_id,a.attr_val FROM goods_attr AS a LEFT JOIN attribute AS b ON a.attr_id = b.id where b.attr_inp=1 and a.goods_id=2 [ RunTime:0.0011s ]
INFO: [ view_parse ] --START--
INFO: [ template_filter ] --START--
INFO: Run Behavior\ContentReplaceBehavior [ RunTime:0.060588s ]
INFO: [ template_filter ] --END-- [ RunTime:0.061490s ]
NOTIC: [8] Undefined variable: datas_pic F:\shop\shop\Application\Runtime\Cache\Home\795e274f7e0defaaba4ae5ed57f62a8c.php 第 162 行.
NOTIC: [8] Undefined index: brand_name F:\shop\shop\Application\Runtime\Cache\Home\795e274f7e0defaaba4ae5ed57f62a8c.php 第 183 行.
NOTIC: [8] Undefined index: goods_wight F:\shop\shop\Application\Runtime\Cache\Home\795e274f7e0defaaba4ae5ed57f62a8c.php 第 188 行.
NOTIC: [8] Undefined index: goods_editime F:\shop\shop\Application\Runtime\Cache\Home\795e274f7e0defaaba4ae5ed57f62a8c.php 第 193 行.
NOTIC: [8] Use of undefined constant goods_attr_val - assumed 'goods_attr_val' F:\shop\shop\Application\Runtime\Cache\Home\795e274f7e0defaaba4ae5ed57f62a8c.php 第 223 行.
NOTIC: [8] Use of undefined constant goods_attr_val - assumed 'goods_attr_val' F:\shop\shop\Application\Runtime\Cache\Home\795e274f7e0defaaba4ae5ed57f62a8c.php 第 223 行.
INFO: Run Behavior\ParseTemplateBehavior [ RunTime:0.260069s ]
INFO: [ view_parse ] --END-- [ RunTime:0.260939s ]
INFO: [ view_filter ] --START--
INFO: Run Behavior\WriteHtmlCacheBehavior [ RunTime:0.001253s ]
INFO: [ view_filter ] --END-- [ RunTime:0.002054s ]
INFO: [ app_end ] --START--
INFO: Run Behavior\ShowPageTraceBehavior [ RunTime:0.002418s ]
INFO: [ app_end ] --END-- [ RunTime:0.003302s ]

[ 2017-06-13T10:22:47+08:00 ] 127.0.0.1 /shop/index.php/Home/goods/detail/id/2.html
INFO: [ app_init ] --START--
INFO: Run Behavior\BuildLiteBehavior [ RunTime:0.000202s ]
INFO: [ app_init ] --END-- [ RunTime:0.002417s ]
INFO: [ app_begin ] --START--
INFO: Run Behavior\ReadHtmlCacheBehavior [ RunTime:0.002363s ]
INFO: [ app_begin ] --END-- [ RunTime:0.003330s ]
SQL: SHOW COLUMNS FROM `goods` [ RunTime:0.0074s ]
SQL: UPDATE `goods` SET `goods_click`=goods_click+1 WHERE ( id=2 ) [ RunTime:0.0858s ]
SQL: SELECT * FROM `goods` WHERE `id` = 2 LIMIT 1   [ RunTime:0.0011s ]
SQL: SELECT b.attr_name,b.attr_val,a.id,a.goods_id,a.attr_id,a.attr_val FROM goods_attr AS a LEFT JOIN attribute AS b ON a.attr_id = b.id where b.attr_inp=1 and a.goods_id=2 [ RunTime:0.0010s ]
INFO: [ view_parse ] --START--
INFO: [ template_filter ] --START--
INFO: Run Behavior\ContentReplaceBehavior [ RunTime:0.001919s ]
INFO: [ template_filter ] --END-- [ RunTime:0.002760s ]
NOTIC: [2] file_put_contents(./Application/Runtime/Cache/Home/795e274f7e0defaaba4ae5ed57f62a8c.php): failed to open stream: Invalid argument F:\shop\shop\ThinkPHP\ThinkPHP\Library\Think\Storage\Driver\File.class.php 第 47 行.
ERR: _STORAGE_WRITE_ERROR_:./Application/Runtime/Cache/Home/795e274f7e0defaaba4ae5ed57f62a8c.php

[ 2017-06-13T10:22:47+08:00 ] 127.0.0.1 /shop/index.php/Home/goods/detail/id/2.html
INFO: [ app_init ] --START--
INFO: Run Behavior\BuildLiteBehavior [ RunTime:0.001782s ]
INFO: [ app_init ] --END-- [ RunTime:0.010472s ]
INFO: [ app_begin ] --START--
INFO: Run Behavior\ReadHtmlCacheBehavior [ RunTime:0.002339s ]
INFO: [ app_begin ] --END-- [ RunTime:0.003329s ]
SQL: SHOW COLUMNS FROM `goods` [ RunTime:0.0076s ]
SQL: UPDATE `goods` SET `goods_click`=goods_click+1 WHERE ( id=2 ) [ RunTime:0.2312s ]
SQL: SELECT * FROM `goods` WHERE `id` = 2 LIMIT 1   [ RunTime:0.0011s ]
SQL: SELECT b.attr_name,b.attr_val,a.id,a.goods_id,a.attr_id,a.attr_val FROM goods_attr AS a LEFT JOIN attribute AS b ON a.attr_id = b.id where b.attr_inp=1 and a.goods_id=2 [ RunTime:0.0013s ]
INFO: [ view_parse ] --START--
INFO: [ template_filter ] --START--
INFO: Run Behavior\ContentReplaceBehavior [ RunTime:0.002927s ]
INFO: [ template_filter ] --END-- [ RunTime:0.003856s ]
NOTIC: [8] Undefined variable: datas_pic F:\shop\shop\Application\Runtime\Cache\Home\795e274f7e0defaaba4ae5ed57f62a8c.php 第 162 行.
NOTIC: [8] Undefined index: brand_name F:\shop\shop\Application\Runtime\Cache\Home\795e274f7e0defaaba4ae5ed57f62a8c.php 第 183 行.
NOTIC: [8] Undefined index: goods_wight F:\shop\shop\Application\Runtime\Cache\Home\795e274f7e0defaaba4ae5ed57f62a8c.php 第 188 行.
NOTIC: [8] Undefined index: goods_editime F:\shop\shop\Application\Runtime\Cache\Home\795e274f7e0defaaba4ae5ed57f62a8c.php 第 193 行.
NOTIC: [8] Use of undefined constant goods_attr_val - assumed 'goods_attr_val' F:\shop\shop\Application\Runtime\Cache\Home\795e274f7e0defaaba4ae5ed57f62a8c.php 第 223 行.
NOTIC: [8] Use of undefined constant goods_attr_val - assumed 'goods_attr_val' F:\shop\shop\Application\Runtime\Cache\Home\795e274f7e0defaaba4ae5ed57f62a8c.php 第 223 行.
INFO: Run Behavior\ParseTemplateBehavior [ RunTime:0.384109s ]
INFO: [ view_parse ] --END-- [ RunTime:0.384888s ]
INFO: [ view_filter ] --START--
INFO: Run Behavior\WriteHtmlCacheBehavior [ RunTime:0.001240s ]
INFO: [ view_filter ] --END-- [ RunTime:0.002033s ]
INFO: [ app_end ] --START--
INFO: Run Behavior\ShowPageTraceBehavior [ RunTime:0.002228s ]
INFO: [ app_end ] --END-- [ RunTime:0.003075s ]

