[ 2017-06-11T00:00:02+08:00 ] 127.0.0.1 /shop/index.php/Home/goods/detail/id/2.html
INFO: [ app_init ] --START--
INFO: Run Behavior\BuildLiteBehavior [ RunTime:0.000113s ]
INFO: [ app_init ] --END-- [ RunTime:0.002326s ]
INFO: [ app_begin ] --START--
INFO: Run Behavior\ReadHtmlCacheBehavior [ RunTime:0.001977s ]
INFO: [ app_begin ] --END-- [ RunTime:0.002514s ]
SQL: SHOW COLUMNS FROM `goods` [ RunTime:0.0071s ]
SQL: UPDATE `goods` SET `goods_click`=goods_click+1 WHERE ( id=2 ) [ RunTime:0.1054s ]
SQL: SELECT * FROM `goods` WHERE `id` = 2 LIMIT 1   [ RunTime:0.0014s ]
ERR: 1054:Unknown column 'a.goods_attr_val' in 'field list'
 [ SQL语句 ] : SELECT b.attr_name,b.attr_val,a.id,a.goods_id,a.attr_id,a.goods_attr_val FROM goods_attr AS a LEFT JOIN attribute AS b ON a.attr_id = b.id where b.attr_sel=1 and a.goods_id=2
ERR: 1054:Unknown column 'a.goods_attr_val' in 'field list'
 [ SQL语句 ] : SELECT b.attr_name,b.attr_val,a.id,a.goods_id,a.attr_id,a.goods_attr_val FROM goods_attr AS a LEFT JOIN attribute AS b ON a.attr_id = b.id where b.attr_sel=1 and a.goods_id=2

[ 2017-06-11T00:01:27+08:00 ] 127.0.0.1 /shop/index.php/Home/goods/detail/id/2.html
INFO: [ app_init ] --START--
INFO: Run Behavior\BuildLiteBehavior [ RunTime:0.000196s ]
INFO: [ app_init ] --END-- [ RunTime:0.002829s ]
INFO: [ app_begin ] --START--
INFO: Run Behavior\ReadHtmlCacheBehavior [ RunTime:0.004128s ]
INFO: [ app_begin ] --END-- [ RunTime:0.005128s ]
SQL: SHOW COLUMNS FROM `goods` [ RunTime:0.0077s ]
SQL: UPDATE `goods` SET `goods_click`=goods_click+1 WHERE ( id=2 ) [ RunTime:0.1490s ]
SQL: SELECT * FROM `goods` WHERE `id` = 2 LIMIT 1   [ RunTime:0.0013s ]
ERR: 1054:Unknown column 'b.attr_sel' in 'where clause'
 [ SQL语句 ] : SELECT b.attr_name,b.attr_val,a.id,a.goods_id,a.attr_id,a.attr_val FROM goods_attr AS a LEFT JOIN attribute AS b ON a.attr_id = b.id where b.attr_sel=1 and a.goods_id=2
ERR: 1054:Unknown column 'b.attr_sel' in 'where clause'
 [ SQL语句 ] : SELECT b.attr_name,b.attr_val,a.id,a.goods_id,a.attr_id,a.attr_val FROM goods_attr AS a LEFT JOIN attribute AS b ON a.attr_id = b.id where b.attr_sel=1 and a.goods_id=2

[ 2017-06-11T00:01:41+08:00 ] 127.0.0.1 /shop/index.php/Home/goods/detail/id/2.html
INFO: [ app_init ] --START--
INFO: Run Behavior\BuildLiteBehavior [ RunTime:0.000185s ]
INFO: [ app_init ] --END-- [ RunTime:0.002609s ]
INFO: [ app_begin ] --START--
INFO: Run Behavior\ReadHtmlCacheBehavior [ RunTime:0.003523s ]
INFO: [ app_begin ] --END-- [ RunTime:0.004084s ]
SQL: SHOW COLUMNS FROM `goods` [ RunTime:0.0083s ]
SQL: UPDATE `goods` SET `goods_click`=goods_click+1 WHERE ( id=2 ) [ RunTime:0.0780s ]
SQL: SELECT * FROM `goods` WHERE `id` = 2 LIMIT 1   [ RunTime:0.0309s ]
SQL: SELECT b.attr_name,b.attr_val,a.id,a.goods_id,a.attr_id,a.attr_val FROM goods_attr AS a LEFT JOIN attribute AS b ON a.attr_id = b.id where b.attr_val=1 and a.goods_id=2 [ RunTime:0.0305s ]
ERR: 1146:Table 'shop.pic' doesn't exist
 [ SQL语句 ] : SHOW COLUMNS FROM `pic`
ERR: 1146:Table 'shop.pic' doesn't exist
 [ SQL语句 ] : SHOW COLUMNS FROM `pic`

[ 2017-06-11T00:03:07+08:00 ] 127.0.0.1 /shop/index.php/Home/goods/detail/id/2.html
INFO: [ app_init ] --START--
INFO: Run Behavior\BuildLiteBehavior [ RunTime:0.000208s ]
INFO: [ app_init ] --END-- [ RunTime:0.002827s ]
INFO: [ app_begin ] --START--
INFO: Run Behavior\ReadHtmlCacheBehavior [ RunTime:0.001710s ]
INFO: [ app_begin ] --END-- [ RunTime:0.002252s ]
SQL: SHOW COLUMNS FROM `goods` [ RunTime:0.0078s ]
SQL: UPDATE `goods` SET `goods_click`=goods_click+1 WHERE ( id=2 ) [ RunTime:0.1534s ]
SQL: SELECT * FROM `goods` WHERE `id` = 2 LIMIT 1   [ RunTime:0.0013s ]
SQL: SELECT b.attr_name,b.attr_val,a.id,a.goods_id,a.attr_id,a.attr_val FROM goods_attr AS a LEFT JOIN attribute AS b ON a.attr_id = b.id where b.attr_val=1 and a.goods_id=2 [ RunTime:0.0012s ]
INFO: [ view_parse ] --START--
INFO: [ template_filter ] --START--
INFO: Run Behavior\ContentReplaceBehavior [ RunTime:0.001531s ]
INFO: [ template_filter ] --END-- [ RunTime:0.002063s ]
NOTIC: [8] Undefined variable: datas_pic F:\shop\shop\Application\Runtime\Cache\Home\795e274f7e0defaaba4ae5ed57f62a8c.php 第 119 行.
NOTIC: [8] Undefined variable: datas_pic F:\shop\shop\Application\Runtime\Cache\Home\795e274f7e0defaaba4ae5ed57f62a8c.php 第 123 行.
NOTIC: [8] Undefined variable: datas_pic F:\shop\shop\Application\Runtime\Cache\Home\795e274f7e0defaaba4ae5ed57f62a8c.php 第 128 行.
NOTIC: [8] Undefined index: brand_name F:\shop\shop\Application\Runtime\Cache\Home\795e274f7e0defaaba4ae5ed57f62a8c.php 第 155 行.
NOTIC: [8] Undefined index: goods_wight F:\shop\shop\Application\Runtime\Cache\Home\795e274f7e0defaaba4ae5ed57f62a8c.php 第 160 行.
NOTIC: [8] Undefined index: goods_editime F:\shop\shop\Application\Runtime\Cache\Home\795e274f7e0defaaba4ae5ed57f62a8c.php 第 165 行.
INFO: Run Behavior\ParseTemplateBehavior [ RunTime:0.093982s ]
INFO: [ view_parse ] --END-- [ RunTime:0.094582s ]
INFO: [ view_filter ] --START--
INFO: Run Behavior\WriteHtmlCacheBehavior [ RunTime:0.001447s ]
INFO: [ view_filter ] --END-- [ RunTime:0.002037s ]
INFO: [ app_end ] --START--
INFO: Run Behavior\ShowPageTraceBehavior [ RunTime:0.002652s ]
INFO: [ app_end ] --END-- [ RunTime:0.004739s ]

[ 2017-06-11T00:03:25+08:00 ] 127.0.0.1 /shop/index.php/Home/goods/detail/id/3.html
INFO: [ app_init ] --START--
INFO: Run Behavior\BuildLiteBehavior [ RunTime:0.000108s ]
INFO: [ app_init ] --END-- [ RunTime:0.001658s ]
INFO: [ app_begin ] --START--
INFO: Run Behavior\ReadHtmlCacheBehavior [ RunTime:0.002101s ]
INFO: [ app_begin ] --END-- [ RunTime:0.002703s ]
SQL: SHOW COLUMNS FROM `goods` [ RunTime:0.0072s ]
SQL: UPDATE `goods` SET `goods_click`=goods_click+1 WHERE ( id=3 ) [ RunTime:0.1354s ]
SQL: SELECT * FROM `goods` WHERE `id` = 3 LIMIT 1   [ RunTime:0.0011s ]
SQL: SELECT b.attr_name,b.attr_val,a.id,a.goods_id,a.attr_id,a.attr_val FROM goods_attr AS a LEFT JOIN attribute AS b ON a.attr_id = b.id where b.attr_val=1 and a.goods_id=3 [ RunTime:0.0010s ]
INFO: [ view_parse ] --START--
INFO: [ template_filter ] --START--
INFO: Run Behavior\ContentReplaceBehavior [ RunTime:0.001731s ]
INFO: [ template_filter ] --END-- [ RunTime:0.002325s ]
NOTIC: [8] Undefined variable: datas_pic F:\shop\shop\Application\Runtime\Cache\Home\795e274f7e0defaaba4ae5ed57f62a8c.php 第 119 行.
NOTIC: [8] Undefined variable: datas_pic F:\shop\shop\Application\Runtime\Cache\Home\795e274f7e0defaaba4ae5ed57f62a8c.php 第 123 行.
NOTIC: [8] Undefined variable: datas_pic F:\shop\shop\Application\Runtime\Cache\Home\795e274f7e0defaaba4ae5ed57f62a8c.php 第 128 行.
NOTIC: [8] Undefined index: brand_name F:\shop\shop\Application\Runtime\Cache\Home\795e274f7e0defaaba4ae5ed57f62a8c.php 第 155 行.
NOTIC: [8] Undefined index: goods_wight F:\shop\shop\Application\Runtime\Cache\Home\795e274f7e0defaaba4ae5ed57f62a8c.php 第 160 行.
NOTIC: [8] Undefined index: goods_editime F:\shop\shop\Application\Runtime\Cache\Home\795e274f7e0defaaba4ae5ed57f62a8c.php 第 165 行.
INFO: Run Behavior\ParseTemplateBehavior [ RunTime:0.078291s ]
INFO: [ view_parse ] --END-- [ RunTime:0.078815s ]
INFO: [ view_filter ] --START--
INFO: Run Behavior\WriteHtmlCacheBehavior [ RunTime:0.001350s ]
INFO: [ view_filter ] --END-- [ RunTime:0.001914s ]
INFO: [ app_end ] --START--
INFO: Run Behavior\ShowPageTraceBehavior [ RunTime:0.003492s ]
INFO: [ app_end ] --END-- [ RunTime:0.004738s ]

[ 2017-06-11T00:03:31+08:00 ] 127.0.0.1 /shop/index.php/Home/goods/detail/id/4.html
INFO: [ app_init ] --START--
INFO: Run Behavior\BuildLiteBehavior [ RunTime:0.000109s ]
INFO: [ app_init ] --END-- [ RunTime:0.001692s ]
INFO: [ app_begin ] --START--
INFO: Run Behavior\ReadHtmlCacheBehavior [ RunTime:0.003270s ]
INFO: [ app_begin ] --END-- [ RunTime:0.003857s ]
SQL: SHOW COLUMNS FROM `goods` [ RunTime:0.0061s ]
SQL: UPDATE `goods` SET `goods_click`=goods_click+1 WHERE ( id=4 ) [ RunTime:0.1074s ]
SQL: SELECT * FROM `goods` WHERE `id` = 4 LIMIT 1   [ RunTime:0.0011s ]
SQL: SELECT b.attr_name,b.attr_val,a.id,a.goods_id,a.attr_id,a.attr_val FROM goods_attr AS a LEFT JOIN attribute AS b ON a.attr_id = b.id where b.attr_val=1 and a.goods_id=4 [ RunTime:0.0010s ]
INFO: [ view_parse ] --START--
INFO: [ template_filter ] --START--
INFO: Run Behavior\ContentReplaceBehavior [ RunTime:0.001570s ]
INFO: [ template_filter ] --END-- [ RunTime:0.002240s ]
NOTIC: [8] Undefined variable: datas_pic F:\shop\shop\Application\Runtime\Cache\Home\795e274f7e0defaaba4ae5ed57f62a8c.php 第 119 行.
NOTIC: [8] Undefined variable: datas_pic F:\shop\shop\Application\Runtime\Cache\Home\795e274f7e0defaaba4ae5ed57f62a8c.php 第 123 行.
NOTIC: [8] Undefined variable: datas_pic F:\shop\shop\Application\Runtime\Cache\Home\795e274f7e0defaaba4ae5ed57f62a8c.php 第 128 行.
NOTIC: [8] Undefined index: brand_name F:\shop\shop\Application\Runtime\Cache\Home\795e274f7e0defaaba4ae5ed57f62a8c.php 第 155 行.
NOTIC: [8] Undefined index: goods_wight F:\shop\shop\Application\Runtime\Cache\Home\795e274f7e0defaaba4ae5ed57f62a8c.php 第 160 行.
NOTIC: [8] Undefined index: goods_editime F:\shop\shop\Application\Runtime\Cache\Home\795e274f7e0defaaba4ae5ed57f62a8c.php 第 165 行.
INFO: Run Behavior\ParseTemplateBehavior [ RunTime:0.082375s ]
INFO: [ view_parse ] --END-- [ RunTime:0.082937s ]
INFO: [ view_filter ] --START--
INFO: Run Behavior\WriteHtmlCacheBehavior [ RunTime:0.001379s ]
INFO: [ view_filter ] --END-- [ RunTime:0.001872s ]
INFO: [ app_end ] --START--
INFO: Run Behavior\ShowPageTraceBehavior [ RunTime:0.003090s ]
INFO: [ app_end ] --END-- [ RunTime:0.004032s ]

