[ 2017-06-20T08:45:10+08:00 ] 127.0.0.1 /shop/
INFO: [ app_init ] --START--
INFO: Run Behavior\BuildLiteBehavior [ RunTime:0.000051s ]
INFO: [ app_init ] --END-- [ RunTime:0.043536s ]
INFO: [ app_begin ] --START--
INFO: Run Behavior\ReadHtmlCacheBehavior [ RunTime:0.002347s ]
INFO: [ app_begin ] --END-- [ RunTime:0.002542s ]
INFO: [ view_parse ] --START--
INFO: [ template_filter ] --START--
INFO: Run Behavior\ContentReplaceBehavior [ RunTime:0.019881s ]
INFO: [ template_filter ] --END-- [ RunTime:0.020096s ]
INFO: Run Behavior\ParseTemplateBehavior [ RunTime:0.138409s ]
INFO: [ view_parse ] --END-- [ RunTime:0.138670s ]
INFO: [ view_filter ] --START--
INFO: Run Behavior\WriteHtmlCacheBehavior [ RunTime:0.002328s ]
INFO: [ view_filter ] --END-- [ RunTime:0.002513s ]
INFO: [ app_end ] --START--
INFO: Run Behavior\ShowPageTraceBehavior [ RunTime:0.020479s ]
INFO: [ app_end ] --END-- [ RunTime:0.020718s ]

[ 2017-06-20T08:45:15+08:00 ] 127.0.0.1 /shop/index.php/Home/Login/login.html
INFO: [ app_init ] --START--
INFO: Run Behavior\BuildLiteBehavior [ RunTime:0.000061s ]
INFO: [ app_init ] --END-- [ RunTime:0.001208s ]
INFO: [ app_begin ] --START--
INFO: Run Behavior\ReadHtmlCacheBehavior [ RunTime:0.002366s ]
INFO: [ app_begin ] --END-- [ RunTime:0.002657s ]
INFO: [ view_parse ] --START--
INFO: [ template_filter ] --START--
INFO: Run Behavior\ContentReplaceBehavior [ RunTime:0.000593s ]
INFO: [ template_filter ] --END-- [ RunTime:0.000876s ]
NOTIC: [8] Undefined variable: str F:\shop\shop\Application\Runtime\Cache\Home\50c9f5d2ef37c2cf131d5cf1381d3a4b.php 第 72 行.
INFO: Run Behavior\ParseTemplateBehavior [ RunTime:0.073514s ]
INFO: [ view_parse ] --END-- [ RunTime:0.073984s ]
INFO: [ view_filter ] --START--
INFO: Run Behavior\WriteHtmlCacheBehavior [ RunTime:0.001142s ]
INFO: [ view_filter ] --END-- [ RunTime:0.001404s ]
INFO: [ app_end ] --START--
INFO: Run Behavior\ShowPageTraceBehavior [ RunTime:0.002155s ]
INFO: [ app_end ] --END-- [ RunTime:0.002398s ]

[ 2017-06-20T08:45:33+08:00 ] 127.0.0.1 /shop/index.php/Home/Login/login.html
INFO: [ app_init ] --START--
INFO: Run Behavior\BuildLiteBehavior [ RunTime:0.000067s ]
INFO: [ app_init ] --END-- [ RunTime:0.001721s ]
INFO: [ app_begin ] --START--
INFO: Run Behavior\ReadHtmlCacheBehavior [ RunTime:0.003562s ]
INFO: [ app_begin ] --END-- [ RunTime:0.003997s ]
ERR: SQLSTATE[HY000] [1045] Access denied for user 'root'@'localhost' (using password: NO)

[ 2017-06-20T08:46:11+08:00 ] 127.0.0.1 /shop/index.php/Home/Login/login.html
INFO: [ app_init ] --START--
INFO: Run Behavior\BuildLiteBehavior [ RunTime:0.000041s ]
INFO: [ app_init ] --END-- [ RunTime:0.001025s ]
INFO: [ app_begin ] --START--
INFO: Run Behavior\ReadHtmlCacheBehavior [ RunTime:0.002147s ]
INFO: [ app_begin ] --END-- [ RunTime:0.002431s ]
INFO: [ view_parse ] --START--
INFO: [ template_filter ] --START--
INFO: Run Behavior\ContentReplaceBehavior [ RunTime:0.000576s ]
INFO: [ template_filter ] --END-- [ RunTime:0.000836s ]
NOTIC: [8] Undefined variable: str F:\shop\shop\Application\Runtime\Cache\Home\50c9f5d2ef37c2cf131d5cf1381d3a4b.php 第 72 行.
INFO: Run Behavior\ParseTemplateBehavior [ RunTime:0.065352s ]
INFO: [ view_parse ] --END-- [ RunTime:0.065637s ]
INFO: [ view_filter ] --START--
INFO: Run Behavior\WriteHtmlCacheBehavior [ RunTime:0.001445s ]
INFO: [ view_filter ] --END-- [ RunTime:0.001712s ]
INFO: [ app_end ] --START--
INFO: Run Behavior\ShowPageTraceBehavior [ RunTime:0.005954s ]
INFO: [ app_end ] --END-- [ RunTime:0.006251s ]

[ 2017-06-20T08:46:20+08:00 ] 127.0.0.1 /shop/index.php/Home/Login/login.html
INFO: [ app_init ] --START--
INFO: Run Behavior\BuildLiteBehavior [ RunTime:0.000042s ]
INFO: [ app_init ] --END-- [ RunTime:0.001128s ]
INFO: [ app_begin ] --START--
INFO: Run Behavior\ReadHtmlCacheBehavior [ RunTime:0.002313s ]
INFO: [ app_begin ] --END-- [ RunTime:0.002560s ]
SQL: SHOW COLUMNS FROM `user` [ RunTime:0.1517s ]
SQL: SELECT * FROM `user` WHERE `user_name` = 'youth' AND `user_pwd` = 'cafbd6b58be6f21343316164482edb25' LIMIT 1   [ RunTime:0.0012s ]
INFO: [ view_parse ] --START--
INFO: [ template_filter ] --START--
INFO: Run Behavior\ContentReplaceBehavior [ RunTime:0.000153s ]
INFO: [ template_filter ] --END-- [ RunTime:0.000315s ]
INFO: Run Behavior\ParseTemplateBehavior [ RunTime:0.073552s ]
INFO: [ view_parse ] --END-- [ RunTime:0.073815s ]
INFO: [ view_filter ] --START--
INFO: Run Behavior\WriteHtmlCacheBehavior [ RunTime:0.001155s ]
INFO: [ view_filter ] --END-- [ RunTime:0.001345s ]

[ 2017-06-20T08:46:21+08:00 ] 127.0.0.1 /shop/index.php/Home/Index/index.html
INFO: [ app_init ] --START--
INFO: Run Behavior\BuildLiteBehavior [ RunTime:0.000064s ]
INFO: [ app_init ] --END-- [ RunTime:0.001472s ]
INFO: [ app_begin ] --START--
INFO: Run Behavior\ReadHtmlCacheBehavior [ RunTime:0.001971s ]
INFO: [ app_begin ] --END-- [ RunTime:0.002230s ]
INFO: [ view_parse ] --START--
INFO: [ template_filter ] --START--
INFO: Run Behavior\ContentReplaceBehavior [ RunTime:0.001190s ]
INFO: [ template_filter ] --END-- [ RunTime:0.001467s ]
INFO: Run Behavior\ParseTemplateBehavior [ RunTime:0.066106s ]
INFO: [ view_parse ] --END-- [ RunTime:0.066344s ]
INFO: [ view_filter ] --START--
INFO: Run Behavior\WriteHtmlCacheBehavior [ RunTime:0.001479s ]
INFO: [ view_filter ] --END-- [ RunTime:0.001729s ]
INFO: [ app_end ] --START--
INFO: Run Behavior\ShowPageTraceBehavior [ RunTime:0.001839s ]
INFO: [ app_end ] --END-- [ RunTime:0.002047s ]

[ 2017-06-20T08:53:32+08:00 ] 127.0.0.1 /shop/index.php/Home/Goods/showlist.html
INFO: [ app_init ] --START--
INFO: Run Behavior\BuildLiteBehavior [ RunTime:0.000050s ]
INFO: [ app_init ] --END-- [ RunTime:0.002973s ]
INFO: [ app_begin ] --START--
INFO: Run Behavior\ReadHtmlCacheBehavior [ RunTime:0.001697s ]
INFO: [ app_begin ] --END-- [ RunTime:0.001870s ]
SQL: SHOW COLUMNS FROM `goods` [ RunTime:0.1456s ]
SQL: SELECT * FROM `goods` WHERE ( goods_status=1 )  [ RunTime:0.0014s ]
SQL: SHOW COLUMNS FROM `brand` [ RunTime:0.0067s ]
SQL: SELECT * FROM `brand`  [ RunTime:0.0008s ]
INFO: [ view_parse ] --START--
INFO: [ template_filter ] --START--
INFO: Run Behavior\ContentReplaceBehavior [ RunTime:0.001268s ]
INFO: [ template_filter ] --END-- [ RunTime:0.001720s ]
NOTIC: [8] Undefined variable: str F:\shop\shop\Application\Runtime\Cache\Home\5abfe48c9190326c5582b9c3f76eb39d.php 第 72 行.
NOTIC: [8] Use of undefined constant id - assumed 'id' F:\shop\shop\Application\Runtime\Cache\Home\5abfe48c9190326c5582b9c3f76eb39d.php 第 162 行.
NOTIC: [8] Undefined variable: brand_id F:\shop\shop\Application\Runtime\Cache\Home\5abfe48c9190326c5582b9c3f76eb39d.php 第 162 行.
NOTIC: [8] Use of undefined constant id - assumed 'id' F:\shop\shop\Application\Runtime\Cache\Home\5abfe48c9190326c5582b9c3f76eb39d.php 第 162 行.
NOTIC: [8] Undefined variable: brand_id F:\shop\shop\Application\Runtime\Cache\Home\5abfe48c9190326c5582b9c3f76eb39d.php 第 162 行.
NOTIC: [8] Use of undefined constant id - assumed 'id' F:\shop\shop\Application\Runtime\Cache\Home\5abfe48c9190326c5582b9c3f76eb39d.php 第 162 行.
NOTIC: [8] Undefined variable: brand_id F:\shop\shop\Application\Runtime\Cache\Home\5abfe48c9190326c5582b9c3f76eb39d.php 第 162 行.
NOTIC: [8] Use of undefined constant id - assumed 'id' F:\shop\shop\Application\Runtime\Cache\Home\5abfe48c9190326c5582b9c3f76eb39d.php 第 162 行.
NOTIC: [8] Undefined variable: brand_id F:\shop\shop\Application\Runtime\Cache\Home\5abfe48c9190326c5582b9c3f76eb39d.php 第 162 行.
NOTIC: [8] Use of undefined constant id - assumed 'id' F:\shop\shop\Application\Runtime\Cache\Home\5abfe48c9190326c5582b9c3f76eb39d.php 第 278 行.
NOTIC: [8] Use of undefined constant id - assumed 'id' F:\shop\shop\Application\Runtime\Cache\Home\5abfe48c9190326c5582b9c3f76eb39d.php 第 278 行.
NOTIC: [8] Use of undefined constant id - assumed 'id' F:\shop\shop\Application\Runtime\Cache\Home\5abfe48c9190326c5582b9c3f76eb39d.php 第 278 行.
NOTIC: [8] Use of undefined constant id - assumed 'id' F:\shop\shop\Application\Runtime\Cache\Home\5abfe48c9190326c5582b9c3f76eb39d.php 第 278 行.
NOTIC: [8] Use of undefined constant id - assumed 'id' F:\shop\shop\Application\Runtime\Cache\Home\5abfe48c9190326c5582b9c3f76eb39d.php 第 278 行.
NOTIC: [8] Use of undefined constant id - assumed 'id' F:\shop\shop\Application\Runtime\Cache\Home\5abfe48c9190326c5582b9c3f76eb39d.php 第 278 行.
NOTIC: [8] Use of undefined constant id - assumed 'id' F:\shop\shop\Application\Runtime\Cache\Home\5abfe48c9190326c5582b9c3f76eb39d.php 第 278 行.
NOTIC: [8] Use of undefined constant id - assumed 'id' F:\shop\shop\Application\Runtime\Cache\Home\5abfe48c9190326c5582b9c3f76eb39d.php 第 278 行.
NOTIC: [8] Use of undefined constant id - assumed 'id' F:\shop\shop\Application\Runtime\Cache\Home\5abfe48c9190326c5582b9c3f76eb39d.php 第 278 行.
NOTIC: [8] Use of undefined constant id - assumed 'id' F:\shop\shop\Application\Runtime\Cache\Home\5abfe48c9190326c5582b9c3f76eb39d.php 第 278 行.
NOTIC: [8] Use of undefined constant id - assumed 'id' F:\shop\shop\Application\Runtime\Cache\Home\5abfe48c9190326c5582b9c3f76eb39d.php 第 278 行.
NOTIC: [8] Use of undefined constant id - assumed 'id' F:\shop\shop\Application\Runtime\Cache\Home\5abfe48c9190326c5582b9c3f76eb39d.php 第 278 行.
NOTIC: [8] Use of undefined constant id - assumed 'id' F:\shop\shop\Application\Runtime\Cache\Home\5abfe48c9190326c5582b9c3f76eb39d.php 第 278 行.
NOTIC: [8] Use of undefined constant id - assumed 'id' F:\shop\shop\Application\Runtime\Cache\Home\5abfe48c9190326c5582b9c3f76eb39d.php 第 278 行.
INFO: Run Behavior\ParseTemplateBehavior [ RunTime:0.117235s ]
INFO: [ view_parse ] --END-- [ RunTime:0.117599s ]
INFO: [ view_filter ] --START--
INFO: Run Behavior\WriteHtmlCacheBehavior [ RunTime:0.001780s ]
INFO: [ view_filter ] --END-- [ RunTime:0.002045s ]
INFO: [ app_end ] --START--
INFO: Run Behavior\ShowPageTraceBehavior [ RunTime:0.002692s ]
INFO: [ app_end ] --END-- [ RunTime:0.002931s ]

[ 2017-06-20T09:16:23+08:00 ] 127.0.0.1 /shop/index.php/Home/Goods/showlist.html
INFO: [ app_init ] --START--
INFO: Run Behavior\BuildLiteBehavior [ RunTime:0.000042s ]
INFO: [ app_init ] --END-- [ RunTime:0.001506s ]
INFO: [ app_begin ] --START--
INFO: Run Behavior\ReadHtmlCacheBehavior [ RunTime:0.002716s ]
INFO: [ app_begin ] --END-- [ RunTime:0.002990s ]
SQL: SHOW COLUMNS FROM `goods` [ RunTime:0.0077s ]
SQL: SELECT * FROM `goods` WHERE ( goods_status=1 )  [ RunTime:0.0015s ]
SQL: SHOW COLUMNS FROM `brand` [ RunTime:0.0079s ]
SQL: SELECT * FROM `brand`  [ RunTime:0.0009s ]
INFO: [ view_parse ] --START--
INFO: [ template_filter ] --START--
INFO: Run Behavior\ContentReplaceBehavior [ RunTime:0.000690s ]
INFO: [ template_filter ] --END-- [ RunTime:0.000924s ]
NOTIC: [8] Undefined variable: str F:\shop\shop\Application\Runtime\Cache\Home\5abfe48c9190326c5582b9c3f76eb39d.php 第 72 行.
NOTIC: [8] Use of undefined constant id - assumed 'id' F:\shop\shop\Application\Runtime\Cache\Home\5abfe48c9190326c5582b9c3f76eb39d.php 第 162 行.
NOTIC: [8] Undefined variable: brand_id F:\shop\shop\Application\Runtime\Cache\Home\5abfe48c9190326c5582b9c3f76eb39d.php 第 162 行.
NOTIC: [8] Use of undefined constant id - assumed 'id' F:\shop\shop\Application\Runtime\Cache\Home\5abfe48c9190326c5582b9c3f76eb39d.php 第 162 行.
NOTIC: [8] Undefined variable: brand_id F:\shop\shop\Application\Runtime\Cache\Home\5abfe48c9190326c5582b9c3f76eb39d.php 第 162 行.
NOTIC: [8] Use of undefined constant id - assumed 'id' F:\shop\shop\Application\Runtime\Cache\Home\5abfe48c9190326c5582b9c3f76eb39d.php 第 162 行.
NOTIC: [8] Undefined variable: brand_id F:\shop\shop\Application\Runtime\Cache\Home\5abfe48c9190326c5582b9c3f76eb39d.php 第 162 行.
NOTIC: [8] Use of undefined constant id - assumed 'id' F:\shop\shop\Application\Runtime\Cache\Home\5abfe48c9190326c5582b9c3f76eb39d.php 第 162 行.
NOTIC: [8] Undefined variable: brand_id F:\shop\shop\Application\Runtime\Cache\Home\5abfe48c9190326c5582b9c3f76eb39d.php 第 162 行.
NOTIC: [8] Use of undefined constant id - assumed 'id' F:\shop\shop\Application\Runtime\Cache\Home\5abfe48c9190326c5582b9c3f76eb39d.php 第 278 行.
NOTIC: [8] Use of undefined constant id - assumed 'id' F:\shop\shop\Application\Runtime\Cache\Home\5abfe48c9190326c5582b9c3f76eb39d.php 第 278 行.
NOTIC: [8] Use of undefined constant id - assumed 'id' F:\shop\shop\Application\Runtime\Cache\Home\5abfe48c9190326c5582b9c3f76eb39d.php 第 278 行.
NOTIC: [8] Use of undefined constant id - assumed 'id' F:\shop\shop\Application\Runtime\Cache\Home\5abfe48c9190326c5582b9c3f76eb39d.php 第 278 行.
NOTIC: [8] Use of undefined constant id - assumed 'id' F:\shop\shop\Application\Runtime\Cache\Home\5abfe48c9190326c5582b9c3f76eb39d.php 第 278 行.
NOTIC: [8] Use of undefined constant id - assumed 'id' F:\shop\shop\Application\Runtime\Cache\Home\5abfe48c9190326c5582b9c3f76eb39d.php 第 278 行.
NOTIC: [8] Use of undefined constant id - assumed 'id' F:\shop\shop\Application\Runtime\Cache\Home\5abfe48c9190326c5582b9c3f76eb39d.php 第 278 行.
NOTIC: [8] Use of undefined constant id - assumed 'id' F:\shop\shop\Application\Runtime\Cache\Home\5abfe48c9190326c5582b9c3f76eb39d.php 第 278 行.
NOTIC: [8] Use of undefined constant id - assumed 'id' F:\shop\shop\Application\Runtime\Cache\Home\5abfe48c9190326c5582b9c3f76eb39d.php 第 278 行.
NOTIC: [8] Use of undefined constant id - assumed 'id' F:\shop\shop\Application\Runtime\Cache\Home\5abfe48c9190326c5582b9c3f76eb39d.php 第 278 行.
NOTIC: [8] Use of undefined constant id - assumed 'id' F:\shop\shop\Application\Runtime\Cache\Home\5abfe48c9190326c5582b9c3f76eb39d.php 第 278 行.
NOTIC: [8] Use of undefined constant id - assumed 'id' F:\shop\shop\Application\Runtime\Cache\Home\5abfe48c9190326c5582b9c3f76eb39d.php 第 278 行.
NOTIC: [8] Use of undefined constant id - assumed 'id' F:\shop\shop\Application\Runtime\Cache\Home\5abfe48c9190326c5582b9c3f76eb39d.php 第 278 行.
NOTIC: [8] Use of undefined constant id - assumed 'id' F:\shop\shop\Application\Runtime\Cache\Home\5abfe48c9190326c5582b9c3f76eb39d.php 第 278 行.
INFO: Run Behavior\ParseTemplateBehavior [ RunTime:0.054898s ]
INFO: [ view_parse ] --END-- [ RunTime:0.055126s ]
INFO: [ view_filter ] --START--
INFO: Run Behavior\WriteHtmlCacheBehavior [ RunTime:0.001019s ]
INFO: [ view_filter ] --END-- [ RunTime:0.001151s ]
INFO: [ app_end ] --START--
INFO: Run Behavior\ShowPageTraceBehavior [ RunTime:0.002038s ]
INFO: [ app_end ] --END-- [ RunTime:0.002209s ]

[ 2017-06-20T09:16:27+08:00 ] 127.0.0.1 /shop/index.php/Home/goods/detail/id/8.html
INFO: [ app_init ] --START--
INFO: Run Behavior\BuildLiteBehavior [ RunTime:0.000072s ]
INFO: [ app_init ] --END-- [ RunTime:0.001715s ]
INFO: [ app_begin ] --START--
INFO: Run Behavior\ReadHtmlCacheBehavior [ RunTime:0.005055s ]
INFO: [ app_begin ] --END-- [ RunTime:0.005398s ]
SQL: SHOW COLUMNS FROM `goods` [ RunTime:0.0082s ]
SQL: UPDATE `goods` SET `goods_click`=goods_click+1 WHERE ( id=8 ) [ RunTime:0.1539s ]
SQL: SELECT * FROM `goods` WHERE `id` = 8 LIMIT 1   [ RunTime:0.0011s ]
SQL: SELECT b.attr_name,b.attr_val,a.id,a.goods_id,a.attr_id,a.attr_val FROM goods_attr AS a LEFT JOIN attribute AS b ON a.attr_id = b.id where b.attr_inp=1 and a.goods_id=8 [ RunTime:0.0034s ]
INFO: [ view_parse ] --START--
INFO: [ template_filter ] --START--
INFO: Run Behavior\ContentReplaceBehavior [ RunTime:0.000814s ]
INFO: [ template_filter ] --END-- [ RunTime:0.000983s ]
NOTIC: [8] Undefined variable: str F:\shop\shop\Application\Runtime\Cache\Home\795e274f7e0defaaba4ae5ed57f62a8c.php 第 72 行.
NOTIC: [8] Undefined variable: datas_pic F:\shop\shop\Application\Runtime\Cache\Home\795e274f7e0defaaba4ae5ed57f62a8c.php 第 162 行.
NOTIC: [8] Undefined index: brand_name F:\shop\shop\Application\Runtime\Cache\Home\795e274f7e0defaaba4ae5ed57f62a8c.php 第 183 行.
NOTIC: [8] Undefined index: goods_wight F:\shop\shop\Application\Runtime\Cache\Home\795e274f7e0defaaba4ae5ed57f62a8c.php 第 188 行.
NOTIC: [8] Undefined index: goods_editime F:\shop\shop\Application\Runtime\Cache\Home\795e274f7e0defaaba4ae5ed57f62a8c.php 第 193 行.
INFO: Run Behavior\ParseTemplateBehavior [ RunTime:0.140429s ]
INFO: [ view_parse ] --END-- [ RunTime:0.141042s ]
INFO: [ view_filter ] --START--
INFO: Run Behavior\WriteHtmlCacheBehavior [ RunTime:0.001115s ]
INFO: [ view_filter ] --END-- [ RunTime:0.001357s ]
INFO: [ app_end ] --START--
INFO: Run Behavior\ShowPageTraceBehavior [ RunTime:0.003338s ]
INFO: [ app_end ] --END-- [ RunTime:0.003639s ]

[ 2017-06-20T09:16:40+08:00 ] 127.0.0.1 /shop/index.php/Home/goods/detail/id/14.html
INFO: [ app_init ] --START--
INFO: Run Behavior\BuildLiteBehavior [ RunTime:0.000063s ]
INFO: [ app_init ] --END-- [ RunTime:0.001713s ]
INFO: [ app_begin ] --START--
INFO: Run Behavior\ReadHtmlCacheBehavior [ RunTime:0.001513s ]
INFO: [ app_begin ] --END-- [ RunTime:0.001797s ]
SQL: SHOW COLUMNS FROM `goods` [ RunTime:0.0082s ]
SQL: UPDATE `goods` SET `goods_click`=goods_click+1 WHERE ( id=14 ) [ RunTime:0.1273s ]
SQL: SELECT * FROM `goods` WHERE `id` = 14 LIMIT 1   [ RunTime:0.0013s ]
SQL: SELECT b.attr_name,b.attr_val,a.id,a.goods_id,a.attr_id,a.attr_val FROM goods_attr AS a LEFT JOIN attribute AS b ON a.attr_id = b.id where b.attr_inp=1 and a.goods_id=14 [ RunTime:0.0013s ]
INFO: [ view_parse ] --START--
INFO: [ template_filter ] --START--
INFO: Run Behavior\ContentReplaceBehavior [ RunTime:0.000852s ]
INFO: [ template_filter ] --END-- [ RunTime:0.001041s ]
NOTIC: [8] Undefined variable: str F:\shop\shop\Application\Runtime\Cache\Home\795e274f7e0defaaba4ae5ed57f62a8c.php 第 72 行.
NOTIC: [8] Undefined variable: datas_pic F:\shop\shop\Application\Runtime\Cache\Home\795e274f7e0defaaba4ae5ed57f62a8c.php 第 162 行.
NOTIC: [8] Undefined index: brand_name F:\shop\shop\Application\Runtime\Cache\Home\795e274f7e0defaaba4ae5ed57f62a8c.php 第 183 行.
NOTIC: [8] Undefined index: goods_wight F:\shop\shop\Application\Runtime\Cache\Home\795e274f7e0defaaba4ae5ed57f62a8c.php 第 188 行.
NOTIC: [8] Undefined index: goods_editime F:\shop\shop\Application\Runtime\Cache\Home\795e274f7e0defaaba4ae5ed57f62a8c.php 第 193 行.
INFO: Run Behavior\ParseTemplateBehavior [ RunTime:0.056033s ]
INFO: [ view_parse ] --END-- [ RunTime:0.056255s ]
INFO: [ view_filter ] --START--
INFO: Run Behavior\WriteHtmlCacheBehavior [ RunTime:0.000702s ]
INFO: [ view_filter ] --END-- [ RunTime:0.000834s ]
INFO: [ app_end ] --START--
INFO: Run Behavior\ShowPageTraceBehavior [ RunTime:0.002335s ]
INFO: [ app_end ] --END-- [ RunTime:0.002532s ]

[ 2017-06-20T09:17:12+08:00 ] 127.0.0.1 /shop/index.php/Home/goods/detail/id/1.html
INFO: [ app_init ] --START--
INFO: Run Behavior\BuildLiteBehavior [ RunTime:0.000086s ]
INFO: [ app_init ] --END-- [ RunTime:0.001740s ]
INFO: [ app_begin ] --START--
INFO: Run Behavior\ReadHtmlCacheBehavior [ RunTime:0.004069s ]
INFO: [ app_begin ] --END-- [ RunTime:0.004480s ]
SQL: SHOW COLUMNS FROM `goods` [ RunTime:0.0066s ]
SQL: UPDATE `goods` SET `goods_click`=goods_click+1 WHERE ( id=1 ) [ RunTime:0.0918s ]
SQL: SELECT * FROM `goods` WHERE `id` = 1 LIMIT 1   [ RunTime:0.0012s ]
SQL: SELECT b.attr_name,b.attr_val,a.id,a.goods_id,a.attr_id,a.attr_val FROM goods_attr AS a LEFT JOIN attribute AS b ON a.attr_id = b.id where b.attr_inp=1 and a.goods_id=1 [ RunTime:0.0023s ]
INFO: [ view_parse ] --START--
INFO: [ template_filter ] --START--
INFO: Run Behavior\ContentReplaceBehavior [ RunTime:0.000793s ]
INFO: [ template_filter ] --END-- [ RunTime:0.000974s ]
NOTIC: [8] Undefined variable: str F:\shop\shop\Application\Runtime\Cache\Home\795e274f7e0defaaba4ae5ed57f62a8c.php 第 72 行.
NOTIC: [8] Undefined variable: datas_pic F:\shop\shop\Application\Runtime\Cache\Home\795e274f7e0defaaba4ae5ed57f62a8c.php 第 162 行.
NOTIC: [8] Undefined index: brand_name F:\shop\shop\Application\Runtime\Cache\Home\795e274f7e0defaaba4ae5ed57f62a8c.php 第 183 行.
NOTIC: [8] Undefined index: goods_wight F:\shop\shop\Application\Runtime\Cache\Home\795e274f7e0defaaba4ae5ed57f62a8c.php 第 188 行.
NOTIC: [8] Undefined index: goods_editime F:\shop\shop\Application\Runtime\Cache\Home\795e274f7e0defaaba4ae5ed57f62a8c.php 第 193 行.
NOTIC: [8] Use of undefined constant goods_attr_val - assumed 'goods_attr_val' F:\shop\shop\Application\Runtime\Cache\Home\795e274f7e0defaaba4ae5ed57f62a8c.php 第 223 行.
NOTIC: [8] Use of undefined constant goods_attr_val - assumed 'goods_attr_val' F:\shop\shop\Application\Runtime\Cache\Home\795e274f7e0defaaba4ae5ed57f62a8c.php 第 223 行.
NOTIC: [8] Use of undefined constant goods_attr_val - assumed 'goods_attr_val' F:\shop\shop\Application\Runtime\Cache\Home\795e274f7e0defaaba4ae5ed57f62a8c.php 第 223 行.
NOTIC: [8] Use of undefined constant goods_attr_val - assumed 'goods_attr_val' F:\shop\shop\Application\Runtime\Cache\Home\795e274f7e0defaaba4ae5ed57f62a8c.php 第 223 行.
INFO: Run Behavior\ParseTemplateBehavior [ RunTime:0.077604s ]
INFO: [ view_parse ] --END-- [ RunTime:0.077922s ]
INFO: [ view_filter ] --START--
INFO: Run Behavior\WriteHtmlCacheBehavior [ RunTime:0.001327s ]
INFO: [ view_filter ] --END-- [ RunTime:0.001542s ]
INFO: [ app_end ] --START--
INFO: Run Behavior\ShowPageTraceBehavior [ RunTime:0.002219s ]
INFO: [ app_end ] --END-- [ RunTime:0.002491s ]

[ 2017-06-20T09:18:05+08:00 ] 127.0.0.1 /shop/index.php/Home/goods/detail/id/1.html
INFO: [ app_init ] --START--
INFO: Run Behavior\BuildLiteBehavior [ RunTime:0.000066s ]
INFO: [ app_init ] --END-- [ RunTime:0.001662s ]
INFO: [ app_begin ] --START--
INFO: Run Behavior\ReadHtmlCacheBehavior [ RunTime:0.001960s ]
INFO: [ app_begin ] --END-- [ RunTime:0.002243s ]
SQL: SHOW COLUMNS FROM `goods` [ RunTime:0.0052s ]
SQL: UPDATE `goods` SET `goods_click`=goods_click+1 WHERE ( id=1 ) [ RunTime:0.1035s ]
SQL: SELECT * FROM `goods` WHERE `id` = 1 LIMIT 1   [ RunTime:0.0009s ]
SQL: SELECT b.attr_name,b.attr_val,a.id,a.goods_id,a.attr_id,a.attr_val FROM goods_attr AS a LEFT JOIN attribute AS b ON a.attr_id = b.id where b.attr_inp=1 and a.goods_id=1 [ RunTime:0.0009s ]
INFO: [ view_parse ] --START--
INFO: [ template_filter ] --START--
INFO: Run Behavior\ContentReplaceBehavior [ RunTime:0.001328s ]
INFO: [ template_filter ] --END-- [ RunTime:0.001600s ]
NOTIC: [8] Undefined variable: str F:\shop\shop\Application\Runtime\Cache\Home\795e274f7e0defaaba4ae5ed57f62a8c.php 第 72 行.
NOTIC: [8] Undefined variable: datas_pic F:\shop\shop\Application\Runtime\Cache\Home\795e274f7e0defaaba4ae5ed57f62a8c.php 第 162 行.
NOTIC: [8] Undefined index: brand_name F:\shop\shop\Application\Runtime\Cache\Home\795e274f7e0defaaba4ae5ed57f62a8c.php 第 183 行.
NOTIC: [8] Undefined index: goods_wight F:\shop\shop\Application\Runtime\Cache\Home\795e274f7e0defaaba4ae5ed57f62a8c.php 第 188 行.
NOTIC: [8] Undefined index: goods_editime F:\shop\shop\Application\Runtime\Cache\Home\795e274f7e0defaaba4ae5ed57f62a8c.php 第 193 行.
NOTIC: [8] Use of undefined constant goods_attr_val - assumed 'goods_attr_val' F:\shop\shop\Application\Runtime\Cache\Home\795e274f7e0defaaba4ae5ed57f62a8c.php 第 223 行.
NOTIC: [8] Use of undefined constant goods_attr_val - assumed 'goods_attr_val' F:\shop\shop\Application\Runtime\Cache\Home\795e274f7e0defaaba4ae5ed57f62a8c.php 第 223 行.
NOTIC: [8] Use of undefined constant goods_attr_val - assumed 'goods_attr_val' F:\shop\shop\Application\Runtime\Cache\Home\795e274f7e0defaaba4ae5ed57f62a8c.php 第 223 行.
NOTIC: [8] Use of undefined constant goods_attr_val - assumed 'goods_attr_val' F:\shop\shop\Application\Runtime\Cache\Home\795e274f7e0defaaba4ae5ed57f62a8c.php 第 223 行.
INFO: Run Behavior\ParseTemplateBehavior [ RunTime:0.064121s ]
INFO: [ view_parse ] --END-- [ RunTime:0.064341s ]
INFO: [ view_filter ] --START--
INFO: Run Behavior\WriteHtmlCacheBehavior [ RunTime:0.001294s ]
INFO: [ view_filter ] --END-- [ RunTime:0.001527s ]
INFO: [ app_end ] --START--
INFO: Run Behavior\ShowPageTraceBehavior [ RunTime:0.005186s ]
INFO: [ app_end ] --END-- [ RunTime:0.005503s ]

[ 2017-06-20T09:18:09+08:00 ] 127.0.0.1 /shop/index.php/Home/Goods/showlist.html
INFO: [ app_init ] --START--
INFO: Run Behavior\BuildLiteBehavior [ RunTime:0.000046s ]
INFO: [ app_init ] --END-- [ RunTime:0.001473s ]
INFO: [ app_begin ] --START--
INFO: Run Behavior\ReadHtmlCacheBehavior [ RunTime:0.003342s ]
INFO: [ app_begin ] --END-- [ RunTime:0.003639s ]
SQL: SHOW COLUMNS FROM `goods` [ RunTime:0.0077s ]
SQL: SELECT * FROM `goods` WHERE ( goods_status=1 )  [ RunTime:0.0017s ]
SQL: SHOW COLUMNS FROM `brand` [ RunTime:0.0076s ]
SQL: SELECT * FROM `brand`  [ RunTime:0.0006s ]
INFO: [ view_parse ] --START--
INFO: [ template_filter ] --START--
INFO: Run Behavior\ContentReplaceBehavior [ RunTime:0.001189s ]
INFO: [ template_filter ] --END-- [ RunTime:0.001519s ]
NOTIC: [8] Undefined variable: str F:\shop\shop\Application\Runtime\Cache\Home\5abfe48c9190326c5582b9c3f76eb39d.php 第 72 行.
NOTIC: [8] Use of undefined constant id - assumed 'id' F:\shop\shop\Application\Runtime\Cache\Home\5abfe48c9190326c5582b9c3f76eb39d.php 第 162 行.
NOTIC: [8] Undefined variable: brand_id F:\shop\shop\Application\Runtime\Cache\Home\5abfe48c9190326c5582b9c3f76eb39d.php 第 162 行.
NOTIC: [8] Use of undefined constant id - assumed 'id' F:\shop\shop\Application\Runtime\Cache\Home\5abfe48c9190326c5582b9c3f76eb39d.php 第 162 行.
NOTIC: [8] Undefined variable: brand_id F:\shop\shop\Application\Runtime\Cache\Home\5abfe48c9190326c5582b9c3f76eb39d.php 第 162 行.
NOTIC: [8] Use of undefined constant id - assumed 'id' F:\shop\shop\Application\Runtime\Cache\Home\5abfe48c9190326c5582b9c3f76eb39d.php 第 162 行.
NOTIC: [8] Undefined variable: brand_id F:\shop\shop\Application\Runtime\Cache\Home\5abfe48c9190326c5582b9c3f76eb39d.php 第 162 行.
NOTIC: [8] Use of undefined constant id - assumed 'id' F:\shop\shop\Application\Runtime\Cache\Home\5abfe48c9190326c5582b9c3f76eb39d.php 第 162 行.
NOTIC: [8] Undefined variable: brand_id F:\shop\shop\Application\Runtime\Cache\Home\5abfe48c9190326c5582b9c3f76eb39d.php 第 162 行.
NOTIC: [8] Use of undefined constant id - assumed 'id' F:\shop\shop\Application\Runtime\Cache\Home\5abfe48c9190326c5582b9c3f76eb39d.php 第 278 行.
NOTIC: [8] Use of undefined constant id - assumed 'id' F:\shop\shop\Application\Runtime\Cache\Home\5abfe48c9190326c5582b9c3f76eb39d.php 第 278 行.
NOTIC: [8] Use of undefined constant id - assumed 'id' F:\shop\shop\Application\Runtime\Cache\Home\5abfe48c9190326c5582b9c3f76eb39d.php 第 278 行.
NOTIC: [8] Use of undefined constant id - assumed 'id' F:\shop\shop\Application\Runtime\Cache\Home\5abfe48c9190326c5582b9c3f76eb39d.php 第 278 行.
NOTIC: [8] Use of undefined constant id - assumed 'id' F:\shop\shop\Application\Runtime\Cache\Home\5abfe48c9190326c5582b9c3f76eb39d.php 第 278 行.
NOTIC: [8] Use of undefined constant id - assumed 'id' F:\shop\shop\Application\Runtime\Cache\Home\5abfe48c9190326c5582b9c3f76eb39d.php 第 278 行.
NOTIC: [8] Use of undefined constant id - assumed 'id' F:\shop\shop\Application\Runtime\Cache\Home\5abfe48c9190326c5582b9c3f76eb39d.php 第 278 行.
NOTIC: [8] Use of undefined constant id - assumed 'id' F:\shop\shop\Application\Runtime\Cache\Home\5abfe48c9190326c5582b9c3f76eb39d.php 第 278 行.
NOTIC: [8] Use of undefined constant id - assumed 'id' F:\shop\shop\Application\Runtime\Cache\Home\5abfe48c9190326c5582b9c3f76eb39d.php 第 278 行.
NOTIC: [8] Use of undefined constant id - assumed 'id' F:\shop\shop\Application\Runtime\Cache\Home\5abfe48c9190326c5582b9c3f76eb39d.php 第 278 行.
NOTIC: [8] Use of undefined constant id - assumed 'id' F:\shop\shop\Application\Runtime\Cache\Home\5abfe48c9190326c5582b9c3f76eb39d.php 第 278 行.
NOTIC: [8] Use of undefined constant id - assumed 'id' F:\shop\shop\Application\Runtime\Cache\Home\5abfe48c9190326c5582b9c3f76eb39d.php 第 278 行.
NOTIC: [8] Use of undefined constant id - assumed 'id' F:\shop\shop\Application\Runtime\Cache\Home\5abfe48c9190326c5582b9c3f76eb39d.php 第 278 行.
NOTIC: [8] Use of undefined constant id - assumed 'id' F:\shop\shop\Application\Runtime\Cache\Home\5abfe48c9190326c5582b9c3f76eb39d.php 第 278 行.
INFO: Run Behavior\ParseTemplateBehavior [ RunTime:0.061609s ]
INFO: [ view_parse ] --END-- [ RunTime:0.061815s ]
INFO: [ view_filter ] --START--
INFO: Run Behavior\WriteHtmlCacheBehavior [ RunTime:0.000963s ]
INFO: [ view_filter ] --END-- [ RunTime:0.001159s ]
INFO: [ app_end ] --START--
INFO: Run Behavior\ShowPageTraceBehavior [ RunTime:0.002160s ]
INFO: [ app_end ] --END-- [ RunTime:0.002408s ]

[ 2017-06-20T09:18:18+08:00 ] 127.0.0.1 /shop/index.php/Home/goods/detail/id/8.html
INFO: [ app_init ] --START--
INFO: Run Behavior\BuildLiteBehavior [ RunTime:0.000077s ]
INFO: [ app_init ] --END-- [ RunTime:0.001808s ]
INFO: [ app_begin ] --START--
INFO: Run Behavior\ReadHtmlCacheBehavior [ RunTime:0.003779s ]
INFO: [ app_begin ] --END-- [ RunTime:0.004096s ]
SQL: SHOW COLUMNS FROM `goods` [ RunTime:0.0194s ]
SQL: UPDATE `goods` SET `goods_click`=goods_click+1 WHERE ( id=8 ) [ RunTime:0.1449s ]
SQL: SELECT * FROM `goods` WHERE `id` = 8 LIMIT 1   [ RunTime:0.0011s ]
SQL: SELECT b.attr_name,b.attr_val,a.id,a.goods_id,a.attr_id,a.attr_val FROM goods_attr AS a LEFT JOIN attribute AS b ON a.attr_id = b.id where b.attr_inp=1 and a.goods_id=8 [ RunTime:0.0009s ]
INFO: [ view_parse ] --START--
INFO: [ template_filter ] --START--
INFO: Run Behavior\ContentReplaceBehavior [ RunTime:0.001198s ]
INFO: [ template_filter ] --END-- [ RunTime:0.001461s ]
NOTIC: [8] Undefined variable: str F:\shop\shop\Application\Runtime\Cache\Home\795e274f7e0defaaba4ae5ed57f62a8c.php 第 72 行.
NOTIC: [8] Undefined variable: datas_pic F:\shop\shop\Application\Runtime\Cache\Home\795e274f7e0defaaba4ae5ed57f62a8c.php 第 162 行.
NOTIC: [8] Undefined index: brand_name F:\shop\shop\Application\Runtime\Cache\Home\795e274f7e0defaaba4ae5ed57f62a8c.php 第 183 行.
NOTIC: [8] Undefined index: goods_wight F:\shop\shop\Application\Runtime\Cache\Home\795e274f7e0defaaba4ae5ed57f62a8c.php 第 188 行.
NOTIC: [8] Undefined index: goods_editime F:\shop\shop\Application\Runtime\Cache\Home\795e274f7e0defaaba4ae5ed57f62a8c.php 第 193 行.
INFO: Run Behavior\ParseTemplateBehavior [ RunTime:0.067614s ]
INFO: [ view_parse ] --END-- [ RunTime:0.067848s ]
INFO: [ view_filter ] --START--
INFO: Run Behavior\WriteHtmlCacheBehavior [ RunTime:0.003747s ]
INFO: [ view_filter ] --END-- [ RunTime:0.003976s ]
INFO: [ app_end ] --START--
INFO: Run Behavior\ShowPageTraceBehavior [ RunTime:0.007861s ]
INFO: [ app_end ] --END-- [ RunTime:0.008457s ]

[ 2017-06-20T09:18:25+08:00 ] 127.0.0.1 /shop/index.php/Home/goods/detail/id/14.html
INFO: [ app_init ] --START--
INFO: Run Behavior\BuildLiteBehavior [ RunTime:0.000053s ]
INFO: [ app_init ] --END-- [ RunTime:0.001391s ]
INFO: [ app_begin ] --START--
INFO: Run Behavior\ReadHtmlCacheBehavior [ RunTime:0.002710s ]
INFO: [ app_begin ] --END-- [ RunTime:0.003063s ]
SQL: SHOW COLUMNS FROM `goods` [ RunTime:0.0082s ]
SQL: UPDATE `goods` SET `goods_click`=goods_click+1 WHERE ( id=14 ) [ RunTime:0.1000s ]
SQL: SELECT * FROM `goods` WHERE `id` = 14 LIMIT 1   [ RunTime:0.0011s ]
SQL: SELECT b.attr_name,b.attr_val,a.id,a.goods_id,a.attr_id,a.attr_val FROM goods_attr AS a LEFT JOIN attribute AS b ON a.attr_id = b.id where b.attr_inp=1 and a.goods_id=14 [ RunTime:0.0010s ]
INFO: [ view_parse ] --START--
INFO: [ template_filter ] --START--
INFO: Run Behavior\ContentReplaceBehavior [ RunTime:0.000899s ]
INFO: [ template_filter ] --END-- [ RunTime:0.001114s ]
NOTIC: [8] Undefined variable: str F:\shop\shop\Application\Runtime\Cache\Home\795e274f7e0defaaba4ae5ed57f62a8c.php 第 72 行.
NOTIC: [8] Undefined variable: datas_pic F:\shop\shop\Application\Runtime\Cache\Home\795e274f7e0defaaba4ae5ed57f62a8c.php 第 162 行.
NOTIC: [8] Undefined index: brand_name F:\shop\shop\Application\Runtime\Cache\Home\795e274f7e0defaaba4ae5ed57f62a8c.php 第 183 行.
NOTIC: [8] Undefined index: goods_wight F:\shop\shop\Application\Runtime\Cache\Home\795e274f7e0defaaba4ae5ed57f62a8c.php 第 188 行.
NOTIC: [8] Undefined index: goods_editime F:\shop\shop\Application\Runtime\Cache\Home\795e274f7e0defaaba4ae5ed57f62a8c.php 第 193 行.
INFO: Run Behavior\ParseTemplateBehavior [ RunTime:0.073375s ]
INFO: [ view_parse ] --END-- [ RunTime:0.073624s ]
INFO: [ view_filter ] --START--
INFO: Run Behavior\WriteHtmlCacheBehavior [ RunTime:0.000836s ]
INFO: [ view_filter ] --END-- [ RunTime:0.000975s ]
INFO: [ app_end ] --START--
INFO: Run Behavior\ShowPageTraceBehavior [ RunTime:0.001879s ]
INFO: [ app_end ] --END-- [ RunTime:0.002038s ]

