[ 2017-06-14T12:54:45+08:00 ] 127.0.0.1 /shop/
INFO: [ app_init ] --START--
INFO: Run Behavior\BuildLiteBehavior [ RunTime:0.000202s ]
INFO: [ app_init ] --END-- [ RunTime:0.030372s ]
INFO: [ app_begin ] --START--
INFO: Run Behavior\ReadHtmlCacheBehavior [ RunTime:0.003791s ]
INFO: [ app_begin ] --END-- [ RunTime:0.004526s ]
INFO: [ view_parse ] --START--
INFO: [ template_filter ] --START--
INFO: Run Behavior\ContentReplaceBehavior [ RunTime:0.052942s ]
INFO: [ template_filter ] --END-- [ RunTime:0.053521s ]
INFO: Run Behavior\ParseTemplateBehavior [ RunTime:0.194938s ]
INFO: [ view_parse ] --END-- [ RunTime:0.195605s ]
INFO: [ view_filter ] --START--
INFO: Run Behavior\WriteHtmlCacheBehavior [ RunTime:0.001959s ]
INFO: [ view_filter ] --END-- [ RunTime:0.002518s ]
INFO: [ app_end ] --START--
INFO: Run Behavior\ShowPageTraceBehavior [ RunTime:0.005153s ]
INFO: [ app_end ] --END-- [ RunTime:0.006469s ]

[ 2017-06-14T12:56:40+08:00 ] 127.0.0.1 /shop/
INFO: [ app_init ] --START--
INFO: Run Behavior\BuildLiteBehavior [ RunTime:0.000170s ]
INFO: [ app_init ] --END-- [ RunTime:0.002534s ]
INFO: [ app_begin ] --START--
INFO: Run Behavior\ReadHtmlCacheBehavior [ RunTime:0.002038s ]
INFO: [ app_begin ] --END-- [ RunTime:0.002719s ]
INFO: [ view_parse ] --START--
INFO: [ template_filter ] --START--
INFO: Run Behavior\ContentReplaceBehavior [ RunTime:0.001442s ]
INFO: [ template_filter ] --END-- [ RunTime:0.002054s ]
INFO: Run Behavior\ParseTemplateBehavior [ RunTime:0.064656s ]
INFO: [ view_parse ] --END-- [ RunTime:0.065503s ]
INFO: [ view_filter ] --START--
INFO: Run Behavior\WriteHtmlCacheBehavior [ RunTime:0.001343s ]
INFO: [ view_filter ] --END-- [ RunTime:0.001929s ]
INFO: [ app_end ] --START--
INFO: Run Behavior\ShowPageTraceBehavior [ RunTime:0.002474s ]
INFO: [ app_end ] --END-- [ RunTime:0.004247s ]

[ 2017-06-14T12:56:41+08:00 ] 127.0.0.1 /shop/
INFO: [ app_init ] --START--
INFO: Run Behavior\BuildLiteBehavior [ RunTime:0.000110s ]
INFO: [ app_init ] --END-- [ RunTime:0.001540s ]
INFO: [ app_begin ] --START--
INFO: Run Behavior\ReadHtmlCacheBehavior [ RunTime:0.001601s ]
INFO: [ app_begin ] --END-- [ RunTime:0.002126s ]
INFO: [ view_parse ] --START--
INFO: [ template_filter ] --START--
INFO: Run Behavior\ContentReplaceBehavior [ RunTime:0.001562s ]
INFO: [ template_filter ] --END-- [ RunTime:0.002297s ]
INFO: Run Behavior\ParseTemplateBehavior [ RunTime:0.056610s ]
INFO: [ view_parse ] --END-- [ RunTime:0.057146s ]
INFO: [ view_filter ] --START--
INFO: Run Behavior\WriteHtmlCacheBehavior [ RunTime:0.000896s ]
INFO: [ view_filter ] --END-- [ RunTime:0.001389s ]
INFO: [ app_end ] --START--
INFO: Run Behavior\ShowPageTraceBehavior [ RunTime:0.004291s ]
INFO: [ app_end ] --END-- [ RunTime:0.005386s ]

[ 2017-06-14T12:56:42+08:00 ] 127.0.0.1 /shop/
INFO: [ app_init ] --START--
INFO: Run Behavior\BuildLiteBehavior [ RunTime:0.000110s ]
INFO: [ app_init ] --END-- [ RunTime:0.001562s ]
INFO: [ app_begin ] --START--
INFO: Run Behavior\ReadHtmlCacheBehavior [ RunTime:0.001753s ]
INFO: [ app_begin ] --END-- [ RunTime:0.002514s ]
INFO: [ view_parse ] --START--
INFO: [ template_filter ] --START--
INFO: Run Behavior\ContentReplaceBehavior [ RunTime:0.001908s ]
INFO: [ template_filter ] --END-- [ RunTime:0.002488s ]
INFO: Run Behavior\ParseTemplateBehavior [ RunTime:0.058432s ]
INFO: [ view_parse ] --END-- [ RunTime:0.059079s ]
INFO: [ view_filter ] --START--
INFO: Run Behavior\WriteHtmlCacheBehavior [ RunTime:0.001066s ]
INFO: [ view_filter ] --END-- [ RunTime:0.001665s ]
INFO: [ app_end ] --START--
INFO: Run Behavior\ShowPageTraceBehavior [ RunTime:0.004026s ]
INFO: [ app_end ] --END-- [ RunTime:0.004951s ]

[ 2017-06-14T13:13:35+08:00 ] 127.0.0.1 /shop/
INFO: [ app_init ] --START--
INFO: Run Behavior\BuildLiteBehavior [ RunTime:0.000109s ]
INFO: [ app_init ] --END-- [ RunTime:0.001699s ]
INFO: [ app_begin ] --START--
INFO: Run Behavior\ReadHtmlCacheBehavior [ RunTime:0.001945s ]
INFO: [ app_begin ] --END-- [ RunTime:0.002481s ]
INFO: [ view_parse ] --START--
INFO: [ template_filter ] --START--
INFO: Run Behavior\ContentReplaceBehavior [ RunTime:0.001326s ]
INFO: [ template_filter ] --END-- [ RunTime:0.001881s ]
INFO: Run Behavior\ParseTemplateBehavior [ RunTime:0.061043s ]
INFO: [ view_parse ] --END-- [ RunTime:0.061583s ]
INFO: [ view_filter ] --START--
INFO: Run Behavior\WriteHtmlCacheBehavior [ RunTime:0.001114s ]
INFO: [ view_filter ] --END-- [ RunTime:0.001605s ]
INFO: [ app_end ] --START--
INFO: Run Behavior\ShowPageTraceBehavior [ RunTime:0.002590s ]
INFO: [ app_end ] --END-- [ RunTime:0.003574s ]

[ 2017-06-14T13:13:52+08:00 ] 127.0.0.1 /shop/index.php/Home/Login/login.html
INFO: [ app_init ] --START--
INFO: Run Behavior\BuildLiteBehavior [ RunTime:0.000165s ]
INFO: [ app_init ] --END-- [ RunTime:0.002057s ]
INFO: [ app_begin ] --START--
INFO: Run Behavior\ReadHtmlCacheBehavior [ RunTime:0.001995s ]
INFO: [ app_begin ] --END-- [ RunTime:0.002597s ]
INFO: [ view_parse ] --START--
INFO: [ template_filter ] --START--
INFO: Run Behavior\ContentReplaceBehavior [ RunTime:0.014089s ]
INFO: [ template_filter ] --END-- [ RunTime:0.014722s ]
INFO: Run Behavior\ParseTemplateBehavior [ RunTime:0.064441s ]
INFO: [ view_parse ] --END-- [ RunTime:0.064997s ]
INFO: [ view_filter ] --START--
INFO: Run Behavior\WriteHtmlCacheBehavior [ RunTime:0.001212s ]
INFO: [ view_filter ] --END-- [ RunTime:0.001702s ]
INFO: [ app_end ] --START--
INFO: Run Behavior\ShowPageTraceBehavior [ RunTime:0.002224s ]
INFO: [ app_end ] --END-- [ RunTime:0.003049s ]

[ 2017-06-14T14:41:53+08:00 ] 127.0.0.1 /shop/
INFO: [ app_init ] --START--
INFO: Run Behavior\BuildLiteBehavior [ RunTime:0.000171s ]
INFO: [ app_init ] --END-- [ RunTime:0.002519s ]
INFO: [ app_begin ] --START--
INFO: Run Behavior\ReadHtmlCacheBehavior [ RunTime:0.002156s ]
INFO: [ app_begin ] --END-- [ RunTime:0.003146s ]
INFO: [ view_parse ] --START--
INFO: [ template_filter ] --START--
INFO: Run Behavior\ContentReplaceBehavior [ RunTime:0.001692s ]
INFO: [ template_filter ] --END-- [ RunTime:0.002397s ]
INFO: Run Behavior\ParseTemplateBehavior [ RunTime:0.072224s ]
INFO: [ view_parse ] --END-- [ RunTime:0.073895s ]
INFO: [ view_filter ] --START--
INFO: Run Behavior\WriteHtmlCacheBehavior [ RunTime:0.001692s ]
INFO: [ view_filter ] --END-- [ RunTime:0.002763s ]
INFO: [ app_end ] --START--
INFO: Run Behavior\ShowPageTraceBehavior [ RunTime:0.002805s ]
INFO: [ app_end ] --END-- [ RunTime:0.003975s ]

[ 2017-06-14T14:42:01+08:00 ] 127.0.0.1 /shop/index.php/Home/Login/login.html
INFO: [ app_init ] --START--
INFO: Run Behavior\BuildLiteBehavior [ RunTime:0.000114s ]
INFO: [ app_init ] --END-- [ RunTime:0.001786s ]
INFO: [ app_begin ] --START--
INFO: Run Behavior\ReadHtmlCacheBehavior [ RunTime:0.003876s ]
INFO: [ app_begin ] --END-- [ RunTime:0.004680s ]
INFO: [ view_parse ] --START--
INFO: [ template_filter ] --START--
INFO: Run Behavior\ContentReplaceBehavior [ RunTime:0.001351s ]
INFO: [ template_filter ] --END-- [ RunTime:0.002344s ]
INFO: Run Behavior\ParseTemplateBehavior [ RunTime:0.068560s ]
INFO: [ view_parse ] --END-- [ RunTime:0.069428s ]
INFO: [ view_filter ] --START--
INFO: Run Behavior\WriteHtmlCacheBehavior [ RunTime:0.001323s ]
INFO: [ view_filter ] --END-- [ RunTime:0.001813s ]
INFO: [ app_end ] --START--
INFO: Run Behavior\ShowPageTraceBehavior [ RunTime:0.005315s ]
INFO: [ app_end ] --END-- [ RunTime:0.006170s ]

[ 2017-06-14T15:17:40+08:00 ] 127.0.0.1 /shop/
INFO: [ app_init ] --START--
INFO: Run Behavior\BuildLiteBehavior [ RunTime:0.000197s ]
INFO: [ app_init ] --END-- [ RunTime:0.002831s ]
INFO: [ app_begin ] --START--
INFO: Run Behavior\ReadHtmlCacheBehavior [ RunTime:0.003078s ]
INFO: [ app_begin ] --END-- [ RunTime:0.004127s ]
INFO: [ view_parse ] --START--
INFO: [ template_filter ] --START--
INFO: Run Behavior\ContentReplaceBehavior [ RunTime:0.001301s ]
INFO: [ template_filter ] --END-- [ RunTime:0.001840s ]
INFO: Run Behavior\ParseTemplateBehavior [ RunTime:0.062018s ]
INFO: [ view_parse ] --END-- [ RunTime:0.062852s ]
INFO: [ view_filter ] --START--
INFO: Run Behavior\WriteHtmlCacheBehavior [ RunTime:0.001277s ]
INFO: [ view_filter ] --END-- [ RunTime:0.001776s ]
INFO: [ app_end ] --START--
INFO: Run Behavior\ShowPageTraceBehavior [ RunTime:0.002320s ]
INFO: [ app_end ] --END-- [ RunTime:0.002887s ]

[ 2017-06-14T22:54:52+08:00 ] 127.0.0.1 /shop/
INFO: [ app_init ] --START--
INFO: Run Behavior\BuildLiteBehavior [ RunTime:0.000103s ]
INFO: [ app_init ] --END-- [ RunTime:0.002006s ]
INFO: [ app_begin ] --START--
INFO: Run Behavior\ReadHtmlCacheBehavior [ RunTime:0.002102s ]
INFO: [ app_begin ] --END-- [ RunTime:0.003140s ]
INFO: [ view_parse ] --START--
INFO: [ template_filter ] --START--
INFO: Run Behavior\ContentReplaceBehavior [ RunTime:0.001772s ]
INFO: [ template_filter ] --END-- [ RunTime:0.002564s ]
INFO: Run Behavior\ParseTemplateBehavior [ RunTime:0.094458s ]
INFO: [ view_parse ] --END-- [ RunTime:0.095154s ]
INFO: [ view_filter ] --START--
INFO: Run Behavior\WriteHtmlCacheBehavior [ RunTime:0.001223s ]
INFO: [ view_filter ] --END-- [ RunTime:0.001686s ]
INFO: [ app_end ] --START--
INFO: Run Behavior\ShowPageTraceBehavior [ RunTime:0.002389s ]
INFO: [ app_end ] --END-- [ RunTime:0.003478s ]

[ 2017-06-14T22:54:55+08:00 ] 127.0.0.1 /shop/index.php/Home/Goods/showlist.html
INFO: [ app_init ] --START--
INFO: Run Behavior\BuildLiteBehavior [ RunTime:0.000105s ]
INFO: [ app_init ] --END-- [ RunTime:0.001956s ]
INFO: [ app_begin ] --START--
INFO: Run Behavior\ReadHtmlCacheBehavior [ RunTime:0.002197s ]
INFO: [ app_begin ] --END-- [ RunTime:0.002772s ]
SQL: SHOW COLUMNS FROM `goods` [ RunTime:0.0947s ]
SQL: SELECT * FROM `goods` WHERE ( goods_status=1 )  [ RunTime:0.0080s ]
SQL: SHOW COLUMNS FROM `brand` [ RunTime:0.0418s ]
SQL: SELECT * FROM `brand`  [ RunTime:0.0009s ]
INFO: [ view_parse ] --START--
INFO: [ template_filter ] --START--
INFO: Run Behavior\ContentReplaceBehavior [ RunTime:0.001937s ]
INFO: [ template_filter ] --END-- [ RunTime:0.002474s ]
NOTIC: [8] Use of undefined constant id - assumed 'id' F:\shop\shop\Application\Runtime\Cache\Home\5abfe48c9190326c5582b9c3f76eb39d.php 第 162 行.
NOTIC: [8] Undefined variable: brand_id F:\shop\shop\Application\Runtime\Cache\Home\5abfe48c9190326c5582b9c3f76eb39d.php 第 162 行.
NOTIC: [8] Use of undefined constant id - assumed 'id' F:\shop\shop\Application\Runtime\Cache\Home\5abfe48c9190326c5582b9c3f76eb39d.php 第 162 行.
NOTIC: [8] Undefined variable: brand_id F:\shop\shop\Application\Runtime\Cache\Home\5abfe48c9190326c5582b9c3f76eb39d.php 第 162 行.
NOTIC: [8] Use of undefined constant id - assumed 'id' F:\shop\shop\Application\Runtime\Cache\Home\5abfe48c9190326c5582b9c3f76eb39d.php 第 162 行.
NOTIC: [8] Undefined variable: brand_id F:\shop\shop\Application\Runtime\Cache\Home\5abfe48c9190326c5582b9c3f76eb39d.php 第 162 行.
NOTIC: [8] Use of undefined constant id - assumed 'id' F:\shop\shop\Application\Runtime\Cache\Home\5abfe48c9190326c5582b9c3f76eb39d.php 第 162 行.
NOTIC: [8] Undefined variable: brand_id F:\shop\shop\Application\Runtime\Cache\Home\5abfe48c9190326c5582b9c3f76eb39d.php 第 162 行.
NOTIC: [8] Use of undefined constant id - assumed 'id' F:\shop\shop\Application\Runtime\Cache\Home\5abfe48c9190326c5582b9c3f76eb39d.php 第 278 行.
NOTIC: [8] Use of undefined constant id - assumed 'id' F:\shop\shop\Application\Runtime\Cache\Home\5abfe48c9190326c5582b9c3f76eb39d.php 第 278 行.
NOTIC: [8] Use of undefined constant id - assumed 'id' F:\shop\shop\Application\Runtime\Cache\Home\5abfe48c9190326c5582b9c3f76eb39d.php 第 278 行.
NOTIC: [8] Use of undefined constant id - assumed 'id' F:\shop\shop\Application\Runtime\Cache\Home\5abfe48c9190326c5582b9c3f76eb39d.php 第 278 行.
NOTIC: [8] Use of undefined constant id - assumed 'id' F:\shop\shop\Application\Runtime\Cache\Home\5abfe48c9190326c5582b9c3f76eb39d.php 第 278 行.
NOTIC: [8] Use of undefined constant id - assumed 'id' F:\shop\shop\Application\Runtime\Cache\Home\5abfe48c9190326c5582b9c3f76eb39d.php 第 278 行.
NOTIC: [8] Use of undefined constant id - assumed 'id' F:\shop\shop\Application\Runtime\Cache\Home\5abfe48c9190326c5582b9c3f76eb39d.php 第 278 行.
NOTIC: [8] Use of undefined constant id - assumed 'id' F:\shop\shop\Application\Runtime\Cache\Home\5abfe48c9190326c5582b9c3f76eb39d.php 第 278 行.
NOTIC: [8] Use of undefined constant id - assumed 'id' F:\shop\shop\Application\Runtime\Cache\Home\5abfe48c9190326c5582b9c3f76eb39d.php 第 278 行.
NOTIC: [8] Use of undefined constant id - assumed 'id' F:\shop\shop\Application\Runtime\Cache\Home\5abfe48c9190326c5582b9c3f76eb39d.php 第 278 行.
NOTIC: [8] Use of undefined constant id - assumed 'id' F:\shop\shop\Application\Runtime\Cache\Home\5abfe48c9190326c5582b9c3f76eb39d.php 第 278 行.
NOTIC: [8] Use of undefined constant id - assumed 'id' F:\shop\shop\Application\Runtime\Cache\Home\5abfe48c9190326c5582b9c3f76eb39d.php 第 278 行.
NOTIC: [8] Use of undefined constant id - assumed 'id' F:\shop\shop\Application\Runtime\Cache\Home\5abfe48c9190326c5582b9c3f76eb39d.php 第 278 行.
NOTIC: [8] Use of undefined constant id - assumed 'id' F:\shop\shop\Application\Runtime\Cache\Home\5abfe48c9190326c5582b9c3f76eb39d.php 第 278 行.
INFO: Run Behavior\ParseTemplateBehavior [ RunTime:0.183318s ]
INFO: [ view_parse ] --END-- [ RunTime:0.183922s ]
INFO: [ view_filter ] --START--
INFO: Run Behavior\WriteHtmlCacheBehavior [ RunTime:0.000969s ]
INFO: [ view_filter ] --END-- [ RunTime:0.001456s ]
INFO: [ app_end ] --START--
INFO: Run Behavior\ShowPageTraceBehavior [ RunTime:0.002297s ]
INFO: [ app_end ] --END-- [ RunTime:0.003264s ]

[ 2017-06-14T22:55:05+08:00 ] 127.0.0.1 /shop/index.php/Home/goods/detail/id/8.html
INFO: [ app_init ] --START--
INFO: Run Behavior\BuildLiteBehavior [ RunTime:0.000182s ]
INFO: [ app_init ] --END-- [ RunTime:0.002387s ]
INFO: [ app_begin ] --START--
INFO: Run Behavior\ReadHtmlCacheBehavior [ RunTime:0.002343s ]
INFO: [ app_begin ] --END-- [ RunTime:0.003040s ]
SQL: SHOW COLUMNS FROM `goods` [ RunTime:0.0070s ]
SQL: UPDATE `goods` SET `goods_click`=goods_click+1 WHERE ( id=8 ) [ RunTime:0.3350s ]
SQL: SELECT * FROM `goods` WHERE `id` = 8 LIMIT 1   [ RunTime:0.0717s ]
SQL: SELECT b.attr_name,b.attr_val,a.id,a.goods_id,a.attr_id,a.attr_val FROM goods_attr AS a LEFT JOIN attribute AS b ON a.attr_id = b.id where b.attr_inp=1 and a.goods_id=8 [ RunTime:0.1561s ]
INFO: [ view_parse ] --START--
INFO: [ template_filter ] --START--
INFO: Run Behavior\ContentReplaceBehavior [ RunTime:0.001872s ]
INFO: [ template_filter ] --END-- [ RunTime:0.002522s ]
NOTIC: [8] Undefined variable: datas_pic F:\shop\shop\Application\Runtime\Cache\Home\795e274f7e0defaaba4ae5ed57f62a8c.php 第 162 行.
NOTIC: [8] Undefined index: brand_name F:\shop\shop\Application\Runtime\Cache\Home\795e274f7e0defaaba4ae5ed57f62a8c.php 第 183 行.
NOTIC: [8] Undefined index: goods_wight F:\shop\shop\Application\Runtime\Cache\Home\795e274f7e0defaaba4ae5ed57f62a8c.php 第 188 行.
NOTIC: [8] Undefined index: goods_editime F:\shop\shop\Application\Runtime\Cache\Home\795e274f7e0defaaba4ae5ed57f62a8c.php 第 193 行.
INFO: Run Behavior\ParseTemplateBehavior [ RunTime:0.146524s ]
INFO: [ view_parse ] --END-- [ RunTime:0.147092s ]
INFO: [ view_filter ] --START--
INFO: Run Behavior\WriteHtmlCacheBehavior [ RunTime:0.001323s ]
INFO: [ view_filter ] --END-- [ RunTime:0.002203s ]
INFO: [ app_end ] --START--
INFO: Run Behavior\ShowPageTraceBehavior [ RunTime:0.002996s ]
INFO: [ app_end ] --END-- [ RunTime:0.004129s ]

[ 2017-06-14T22:55:11+08:00 ] 127.0.0.1 /shop/index.php/Home/Cart/add.html
INFO: [ app_init ] --START--
INFO: Run Behavior\BuildLiteBehavior [ RunTime:0.000103s ]
INFO: [ app_init ] --END-- [ RunTime:0.001599s ]
INFO: [ app_begin ] --START--
INFO: Run Behavior\ReadHtmlCacheBehavior [ RunTime:0.002115s ]
INFO: [ app_begin ] --END-- [ RunTime:0.002708s ]

[ 2017-06-14T22:55:11+08:00 ] 127.0.0.1 /shop/index.php/Home/Cart/showList.html
INFO: [ app_init ] --START--
INFO: Run Behavior\BuildLiteBehavior [ RunTime:0.000103s ]
INFO: [ app_init ] --END-- [ RunTime:0.001447s ]
INFO: [ app_begin ] --START--
INFO: Run Behavior\ReadHtmlCacheBehavior [ RunTime:0.001639s ]
INFO: [ app_begin ] --END-- [ RunTime:0.002153s ]
NOTIC: [8] Undefined variable: cart_datas F:\shop\shop\Application\Home\Controller\CartController.class.php 第 22 行.
INFO: [ view_parse ] --START--
INFO: [ template_filter ] --START--
INFO: Run Behavior\ContentReplaceBehavior [ RunTime:0.001013s ]
INFO: [ template_filter ] --END-- [ RunTime:0.001589s ]
INFO: Run Behavior\ParseTemplateBehavior [ RunTime:0.097485s ]
INFO: [ view_parse ] --END-- [ RunTime:0.098002s ]
INFO: [ view_filter ] --START--
INFO: Run Behavior\WriteHtmlCacheBehavior [ RunTime:0.001255s ]
INFO: [ view_filter ] --END-- [ RunTime:0.001914s ]
INFO: [ app_end ] --START--
INFO: Run Behavior\ShowPageTraceBehavior [ RunTime:0.004145s ]
INFO: [ app_end ] --END-- [ RunTime:0.004887s ]

[ 2017-06-14T22:55:21+08:00 ] 127.0.0.1 /shop/index.php/Home/goods/detail/id/14.html
INFO: [ app_init ] --START--
INFO: Run Behavior\BuildLiteBehavior [ RunTime:0.000104s ]
INFO: [ app_init ] --END-- [ RunTime:0.001634s ]
INFO: [ app_begin ] --START--
INFO: Run Behavior\ReadHtmlCacheBehavior [ RunTime:0.002175s ]
INFO: [ app_begin ] --END-- [ RunTime:0.002726s ]
SQL: SHOW COLUMNS FROM `goods` [ RunTime:0.0066s ]
SQL: UPDATE `goods` SET `goods_click`=goods_click+1 WHERE ( id=14 ) [ RunTime:0.0557s ]
SQL: SELECT * FROM `goods` WHERE `id` = 14 LIMIT 1   [ RunTime:0.0010s ]
SQL: SELECT b.attr_name,b.attr_val,a.id,a.goods_id,a.attr_id,a.attr_val FROM goods_attr AS a LEFT JOIN attribute AS b ON a.attr_id = b.id where b.attr_inp=1 and a.goods_id=14 [ RunTime:0.0010s ]
INFO: [ view_parse ] --START--
INFO: [ template_filter ] --START--
INFO: Run Behavior\ContentReplaceBehavior [ RunTime:0.001961s ]
INFO: [ template_filter ] --END-- [ RunTime:0.002729s ]
NOTIC: [8] Undefined variable: datas_pic F:\shop\shop\Application\Runtime\Cache\Home\795e274f7e0defaaba4ae5ed57f62a8c.php 第 162 行.
NOTIC: [8] Undefined index: brand_name F:\shop\shop\Application\Runtime\Cache\Home\795e274f7e0defaaba4ae5ed57f62a8c.php 第 183 行.
NOTIC: [8] Undefined index: goods_wight F:\shop\shop\Application\Runtime\Cache\Home\795e274f7e0defaaba4ae5ed57f62a8c.php 第 188 行.
NOTIC: [8] Undefined index: goods_editime F:\shop\shop\Application\Runtime\Cache\Home\795e274f7e0defaaba4ae5ed57f62a8c.php 第 193 行.
INFO: Run Behavior\ParseTemplateBehavior [ RunTime:0.096425s ]
INFO: [ view_parse ] --END-- [ RunTime:0.097164s ]
INFO: [ view_filter ] --START--
INFO: Run Behavior\WriteHtmlCacheBehavior [ RunTime:0.002295s ]
INFO: [ view_filter ] --END-- [ RunTime:0.003077s ]
INFO: [ app_end ] --START--
INFO: Run Behavior\ShowPageTraceBehavior [ RunTime:0.002935s ]
INFO: [ app_end ] --END-- [ RunTime:0.003813s ]

[ 2017-06-14T22:55:23+08:00 ] 127.0.0.1 /shop/index.php/Home/Cart/add.html
INFO: [ app_init ] --START--
INFO: Run Behavior\BuildLiteBehavior [ RunTime:0.000170s ]
INFO: [ app_init ] --END-- [ RunTime:0.002547s ]
INFO: [ app_begin ] --START--
INFO: Run Behavior\ReadHtmlCacheBehavior [ RunTime:0.002381s ]
INFO: [ app_begin ] --END-- [ RunTime:0.003317s ]

[ 2017-06-14T22:55:23+08:00 ] 127.0.0.1 /shop/index.php/Home/Cart/showList.html
INFO: [ app_init ] --START--
INFO: Run Behavior\BuildLiteBehavior [ RunTime:0.000105s ]
INFO: [ app_init ] --END-- [ RunTime:0.001952s ]
INFO: [ app_begin ] --START--
INFO: Run Behavior\ReadHtmlCacheBehavior [ RunTime:0.001964s ]
INFO: [ app_begin ] --END-- [ RunTime:0.002583s ]
NOTIC: [8] Undefined variable: cart_datas F:\shop\shop\Application\Home\Controller\CartController.class.php 第 22 行.
INFO: [ view_parse ] --START--
INFO: [ template_filter ] --START--
INFO: Run Behavior\ContentReplaceBehavior [ RunTime:0.001109s ]
INFO: [ template_filter ] --END-- [ RunTime:0.001886s ]
INFO: Run Behavior\ParseTemplateBehavior [ RunTime:0.080934s ]
INFO: [ view_parse ] --END-- [ RunTime:0.081646s ]
INFO: [ view_filter ] --START--
INFO: Run Behavior\WriteHtmlCacheBehavior [ RunTime:0.001135s ]
INFO: [ view_filter ] --END-- [ RunTime:0.001893s ]
INFO: [ app_end ] --START--
INFO: Run Behavior\ShowPageTraceBehavior [ RunTime:0.003411s ]
INFO: [ app_end ] --END-- [ RunTime:0.004330s ]

[ 2017-06-14T22:55:32+08:00 ] 127.0.0.1 /shop/index.php/Home/Login/login.html
INFO: [ app_init ] --START--
INFO: Run Behavior\BuildLiteBehavior [ RunTime:0.000101s ]
INFO: [ app_init ] --END-- [ RunTime:0.001447s ]
INFO: [ app_begin ] --START--
INFO: Run Behavior\ReadHtmlCacheBehavior [ RunTime:0.002077s ]
INFO: [ app_begin ] --END-- [ RunTime:0.002641s ]
INFO: [ view_parse ] --START--
INFO: [ template_filter ] --START--
INFO: Run Behavior\ContentReplaceBehavior [ RunTime:0.001103s ]
INFO: [ template_filter ] --END-- [ RunTime:0.001775s ]
INFO: Run Behavior\ParseTemplateBehavior [ RunTime:0.063358s ]
INFO: [ view_parse ] --END-- [ RunTime:0.063871s ]
INFO: [ view_filter ] --START--
INFO: Run Behavior\WriteHtmlCacheBehavior [ RunTime:0.001111s ]
INFO: [ view_filter ] --END-- [ RunTime:0.001576s ]
INFO: [ app_end ] --START--
INFO: Run Behavior\ShowPageTraceBehavior [ RunTime:0.004067s ]
INFO: [ app_end ] --END-- [ RunTime:0.005025s ]

[ 2017-06-14T22:55:41+08:00 ] 127.0.0.1 /shop/index.php/Home/Login/login.html
INFO: [ app_init ] --START--
INFO: Run Behavior\BuildLiteBehavior [ RunTime:0.000102s ]
INFO: [ app_init ] --END-- [ RunTime:0.001451s ]
INFO: [ app_begin ] --START--
INFO: Run Behavior\ReadHtmlCacheBehavior [ RunTime:0.001488s ]
INFO: [ app_begin ] --END-- [ RunTime:0.001999s ]
SQL: SHOW COLUMNS FROM `user` [ RunTime:0.6399s ]
SQL: SELECT * FROM `user` WHERE `user_name` = 'youth' AND `user_pwd` = 'ef6d5ca35e01bf217cb4d6cbecdb143d' LIMIT 1   [ RunTime:0.0012s ]
INFO: [ view_parse ] --START--
INFO: [ template_filter ] --START--
INFO: Run Behavior\ContentReplaceBehavior [ RunTime:0.000477s ]
INFO: [ template_filter ] --END-- [ RunTime:0.001148s ]
INFO: Run Behavior\ParseTemplateBehavior [ RunTime:0.108697s ]
INFO: [ view_parse ] --END-- [ RunTime:0.109240s ]
INFO: [ view_filter ] --START--
INFO: Run Behavior\WriteHtmlCacheBehavior [ RunTime:0.000823s ]
INFO: [ view_filter ] --END-- [ RunTime:0.001308s ]

[ 2017-06-14T22:55:44+08:00 ] 127.0.0.1 /shop/index.php/Home/Login/login.html
INFO: [ app_init ] --START--
INFO: Run Behavior\BuildLiteBehavior [ RunTime:0.000105s ]
INFO: [ app_init ] --END-- [ RunTime:0.001908s ]
INFO: [ app_begin ] --START--
INFO: Run Behavior\ReadHtmlCacheBehavior [ RunTime:0.002365s ]
INFO: [ app_begin ] --END-- [ RunTime:0.003235s ]
INFO: [ view_parse ] --START--
INFO: [ template_filter ] --START--
INFO: Run Behavior\ContentReplaceBehavior [ RunTime:0.000763s ]
INFO: [ template_filter ] --END-- [ RunTime:0.001305s ]
INFO: Run Behavior\ParseTemplateBehavior [ RunTime:0.052078s ]
INFO: [ view_parse ] --END-- [ RunTime:0.052795s ]
INFO: [ view_filter ] --START--
INFO: Run Behavior\WriteHtmlCacheBehavior [ RunTime:0.001292s ]
INFO: [ view_filter ] --END-- [ RunTime:0.002118s ]
INFO: [ app_end ] --START--
INFO: Run Behavior\ShowPageTraceBehavior [ RunTime:0.003018s ]
INFO: [ app_end ] --END-- [ RunTime:0.004120s ]

[ 2017-06-14T22:56:16+08:00 ] 127.0.0.1 /shop/index.php/Home/Login/login.html
INFO: [ app_init ] --START--
INFO: Run Behavior\BuildLiteBehavior [ RunTime:0.000101s ]
INFO: [ app_init ] --END-- [ RunTime:0.001452s ]
INFO: [ app_begin ] --START--
INFO: Run Behavior\ReadHtmlCacheBehavior [ RunTime:0.001649s ]
INFO: [ app_begin ] --END-- [ RunTime:0.002174s ]
SQL: SHOW COLUMNS FROM `user` [ RunTime:0.0053s ]
SQL: SELECT * FROM `user` WHERE `user_name` = 'youth' AND `user_pwd` = 'e10adc3949ba59abbe56e057f20f883e' LIMIT 1   [ RunTime:0.0010s ]
INFO: [ view_parse ] --START--
INFO: [ template_filter ] --START--
INFO: Run Behavior\ContentReplaceBehavior [ RunTime:0.000433s ]
INFO: [ template_filter ] --END-- [ RunTime:0.001145s ]
INFO: Run Behavior\ParseTemplateBehavior [ RunTime:0.024163s ]
INFO: [ view_parse ] --END-- [ RunTime:0.024700s ]
INFO: [ view_filter ] --START--
INFO: Run Behavior\WriteHtmlCacheBehavior [ RunTime:0.000807s ]
INFO: [ view_filter ] --END-- [ RunTime:0.001271s ]

[ 2017-06-14T22:56:18+08:00 ] 127.0.0.1 /shop/index.php/Home/Login/login.html
INFO: [ app_init ] --START--
INFO: Run Behavior\BuildLiteBehavior [ RunTime:0.000194s ]
INFO: [ app_init ] --END-- [ RunTime:0.002658s ]
INFO: [ app_begin ] --START--
INFO: Run Behavior\ReadHtmlCacheBehavior [ RunTime:0.002429s ]
INFO: [ app_begin ] --END-- [ RunTime:0.003304s ]
INFO: [ view_parse ] --START--
INFO: [ template_filter ] --START--
INFO: Run Behavior\ContentReplaceBehavior [ RunTime:0.000902s ]
INFO: [ template_filter ] --END-- [ RunTime:0.001615s ]
INFO: Run Behavior\ParseTemplateBehavior [ RunTime:0.056598s ]
INFO: [ view_parse ] --END-- [ RunTime:0.057586s ]
INFO: [ view_filter ] --START--
INFO: Run Behavior\WriteHtmlCacheBehavior [ RunTime:0.001055s ]
INFO: [ view_filter ] --END-- [ RunTime:0.001716s ]
INFO: [ app_end ] --START--
INFO: Run Behavior\ShowPageTraceBehavior [ RunTime:0.003313s ]
INFO: [ app_end ] --END-- [ RunTime:0.004402s ]

[ 2017-06-14T22:56:21+08:00 ] 127.0.0.1 /shop/index.php/Home/Login/login.html
INFO: [ app_init ] --START--
INFO: Run Behavior\BuildLiteBehavior [ RunTime:0.000142s ]
INFO: [ app_init ] --END-- [ RunTime:0.001966s ]
INFO: [ app_begin ] --START--
INFO: Run Behavior\ReadHtmlCacheBehavior [ RunTime:0.002426s ]
INFO: [ app_begin ] --END-- [ RunTime:0.003220s ]
SQL: SHOW COLUMNS FROM `user` [ RunTime:0.0054s ]
SQL: SELECT * FROM `user` WHERE `user_name` = 'youth' AND `user_pwd` = 'cafbd6b58be6f21343316164482edb25' LIMIT 1   [ RunTime:0.0010s ]
INFO: [ view_parse ] --START--
INFO: [ template_filter ] --START--
INFO: Run Behavior\ContentReplaceBehavior [ RunTime:0.000378s ]
INFO: [ template_filter ] --END-- [ RunTime:0.000923s ]
INFO: Run Behavior\ParseTemplateBehavior [ RunTime:0.025176s ]
INFO: [ view_parse ] --END-- [ RunTime:0.025729s ]
INFO: [ view_filter ] --START--
INFO: Run Behavior\WriteHtmlCacheBehavior [ RunTime:0.000785s ]
INFO: [ view_filter ] --END-- [ RunTime:0.001246s ]

[ 2017-06-14T22:56:23+08:00 ] 127.0.0.1 /shop/index.php/Home/Index/index.html
INFO: [ app_init ] --START--
INFO: Run Behavior\BuildLiteBehavior [ RunTime:0.000104s ]
INFO: [ app_init ] --END-- [ RunTime:0.001472s ]
INFO: [ app_begin ] --START--
INFO: Run Behavior\ReadHtmlCacheBehavior [ RunTime:0.001591s ]
INFO: [ app_begin ] --END-- [ RunTime:0.002086s ]
INFO: [ view_parse ] --START--
INFO: [ template_filter ] --START--
INFO: Run Behavior\ContentReplaceBehavior [ RunTime:0.001656s ]
INFO: [ template_filter ] --END-- [ RunTime:0.002478s ]
INFO: Run Behavior\ParseTemplateBehavior [ RunTime:0.059981s ]
INFO: [ view_parse ] --END-- [ RunTime:0.060646s ]
INFO: [ view_filter ] --START--
INFO: Run Behavior\WriteHtmlCacheBehavior [ RunTime:0.001683s ]
INFO: [ view_filter ] --END-- [ RunTime:0.002563s ]
INFO: [ app_end ] --START--
INFO: Run Behavior\ShowPageTraceBehavior [ RunTime:0.003776s ]
INFO: [ app_end ] --END-- [ RunTime:0.004411s ]

[ 2017-06-14T22:56:27+08:00 ] 127.0.0.1 /shop/index.php/Home/Goods/showlist.html
INFO: [ app_init ] --START--
INFO: Run Behavior\BuildLiteBehavior [ RunTime:0.000101s ]
INFO: [ app_init ] --END-- [ RunTime:0.001477s ]
INFO: [ app_begin ] --START--
INFO: Run Behavior\ReadHtmlCacheBehavior [ RunTime:0.002000s ]
INFO: [ app_begin ] --END-- [ RunTime:0.002536s ]
SQL: SHOW COLUMNS FROM `goods` [ RunTime:0.0064s ]
SQL: SELECT * FROM `goods` WHERE ( goods_status=1 )  [ RunTime:0.0015s ]
SQL: SHOW COLUMNS FROM `brand` [ RunTime:0.0048s ]
SQL: SELECT * FROM `brand`  [ RunTime:0.0010s ]
INFO: [ view_parse ] --START--
INFO: [ template_filter ] --START--
INFO: Run Behavior\ContentReplaceBehavior [ RunTime:0.001327s ]
INFO: [ template_filter ] --END-- [ RunTime:0.001853s ]
NOTIC: [8] Use of undefined constant id - assumed 'id' F:\shop\shop\Application\Runtime\Cache\Home\5abfe48c9190326c5582b9c3f76eb39d.php 第 162 行.
NOTIC: [8] Undefined variable: brand_id F:\shop\shop\Application\Runtime\Cache\Home\5abfe48c9190326c5582b9c3f76eb39d.php 第 162 行.
NOTIC: [8] Use of undefined constant id - assumed 'id' F:\shop\shop\Application\Runtime\Cache\Home\5abfe48c9190326c5582b9c3f76eb39d.php 第 162 行.
NOTIC: [8] Undefined variable: brand_id F:\shop\shop\Application\Runtime\Cache\Home\5abfe48c9190326c5582b9c3f76eb39d.php 第 162 行.
NOTIC: [8] Use of undefined constant id - assumed 'id' F:\shop\shop\Application\Runtime\Cache\Home\5abfe48c9190326c5582b9c3f76eb39d.php 第 162 行.
NOTIC: [8] Undefined variable: brand_id F:\shop\shop\Application\Runtime\Cache\Home\5abfe48c9190326c5582b9c3f76eb39d.php 第 162 行.
NOTIC: [8] Use of undefined constant id - assumed 'id' F:\shop\shop\Application\Runtime\Cache\Home\5abfe48c9190326c5582b9c3f76eb39d.php 第 162 行.
NOTIC: [8] Undefined variable: brand_id F:\shop\shop\Application\Runtime\Cache\Home\5abfe48c9190326c5582b9c3f76eb39d.php 第 162 行.
NOTIC: [8] Use of undefined constant id - assumed 'id' F:\shop\shop\Application\Runtime\Cache\Home\5abfe48c9190326c5582b9c3f76eb39d.php 第 278 行.
NOTIC: [8] Use of undefined constant id - assumed 'id' F:\shop\shop\Application\Runtime\Cache\Home\5abfe48c9190326c5582b9c3f76eb39d.php 第 278 行.
NOTIC: [8] Use of undefined constant id - assumed 'id' F:\shop\shop\Application\Runtime\Cache\Home\5abfe48c9190326c5582b9c3f76eb39d.php 第 278 行.
NOTIC: [8] Use of undefined constant id - assumed 'id' F:\shop\shop\Application\Runtime\Cache\Home\5abfe48c9190326c5582b9c3f76eb39d.php 第 278 行.
NOTIC: [8] Use of undefined constant id - assumed 'id' F:\shop\shop\Application\Runtime\Cache\Home\5abfe48c9190326c5582b9c3f76eb39d.php 第 278 行.
NOTIC: [8] Use of undefined constant id - assumed 'id' F:\shop\shop\Application\Runtime\Cache\Home\5abfe48c9190326c5582b9c3f76eb39d.php 第 278 行.
NOTIC: [8] Use of undefined constant id - assumed 'id' F:\shop\shop\Application\Runtime\Cache\Home\5abfe48c9190326c5582b9c3f76eb39d.php 第 278 行.
NOTIC: [8] Use of undefined constant id - assumed 'id' F:\shop\shop\Application\Runtime\Cache\Home\5abfe48c9190326c5582b9c3f76eb39d.php 第 278 行.
NOTIC: [8] Use of undefined constant id - assumed 'id' F:\shop\shop\Application\Runtime\Cache\Home\5abfe48c9190326c5582b9c3f76eb39d.php 第 278 行.
NOTIC: [8] Use of undefined constant id - assumed 'id' F:\shop\shop\Application\Runtime\Cache\Home\5abfe48c9190326c5582b9c3f76eb39d.php 第 278 行.
NOTIC: [8] Use of undefined constant id - assumed 'id' F:\shop\shop\Application\Runtime\Cache\Home\5abfe48c9190326c5582b9c3f76eb39d.php 第 278 行.
NOTIC: [8] Use of undefined constant id - assumed 'id' F:\shop\shop\Application\Runtime\Cache\Home\5abfe48c9190326c5582b9c3f76eb39d.php 第 278 行.
NOTIC: [8] Use of undefined constant id - assumed 'id' F:\shop\shop\Application\Runtime\Cache\Home\5abfe48c9190326c5582b9c3f76eb39d.php 第 278 行.
NOTIC: [8] Use of undefined constant id - assumed 'id' F:\shop\shop\Application\Runtime\Cache\Home\5abfe48c9190326c5582b9c3f76eb39d.php 第 278 行.
INFO: Run Behavior\ParseTemplateBehavior [ RunTime:0.079015s ]
INFO: [ view_parse ] --END-- [ RunTime:0.079521s ]
INFO: [ view_filter ] --START--
INFO: Run Behavior\WriteHtmlCacheBehavior [ RunTime:0.001382s ]
INFO: [ view_filter ] --END-- [ RunTime:0.001985s ]
INFO: [ app_end ] --START--
INFO: Run Behavior\ShowPageTraceBehavior [ RunTime:0.002605s ]
INFO: [ app_end ] --END-- [ RunTime:0.003379s ]

[ 2017-06-14T22:56:30+08:00 ] 127.0.0.1 /shop/index.php/Home/goods/detail/id/14.html
INFO: [ app_init ] --START--
INFO: Run Behavior\BuildLiteBehavior [ RunTime:0.000106s ]
INFO: [ app_init ] --END-- [ RunTime:0.001941s ]
INFO: [ app_begin ] --START--
INFO: Run Behavior\ReadHtmlCacheBehavior [ RunTime:0.003633s ]
INFO: [ app_begin ] --END-- [ RunTime:0.004369s ]
SQL: SHOW COLUMNS FROM `goods` [ RunTime:0.0064s ]
SQL: UPDATE `goods` SET `goods_click`=goods_click+1 WHERE ( id=14 ) [ RunTime:0.1216s ]
SQL: SELECT * FROM `goods` WHERE `id` = 14 LIMIT 1   [ RunTime:0.0011s ]
SQL: SELECT b.attr_name,b.attr_val,a.id,a.goods_id,a.attr_id,a.attr_val FROM goods_attr AS a LEFT JOIN attribute AS b ON a.attr_id = b.id where b.attr_inp=1 and a.goods_id=14 [ RunTime:0.0011s ]
INFO: [ view_parse ] --START--
INFO: [ template_filter ] --START--
INFO: Run Behavior\ContentReplaceBehavior [ RunTime:0.002081s ]
INFO: [ template_filter ] --END-- [ RunTime:0.003278s ]
NOTIC: [8] Undefined variable: datas_pic F:\shop\shop\Application\Runtime\Cache\Home\795e274f7e0defaaba4ae5ed57f62a8c.php 第 162 行.
NOTIC: [8] Undefined index: brand_name F:\shop\shop\Application\Runtime\Cache\Home\795e274f7e0defaaba4ae5ed57f62a8c.php 第 183 行.
NOTIC: [8] Undefined index: goods_wight F:\shop\shop\Application\Runtime\Cache\Home\795e274f7e0defaaba4ae5ed57f62a8c.php 第 188 行.
NOTIC: [8] Undefined index: goods_editime F:\shop\shop\Application\Runtime\Cache\Home\795e274f7e0defaaba4ae5ed57f62a8c.php 第 193 行.
INFO: Run Behavior\ParseTemplateBehavior [ RunTime:0.097795s ]
INFO: [ view_parse ] --END-- [ RunTime:0.098713s ]
INFO: [ view_filter ] --START--
INFO: Run Behavior\WriteHtmlCacheBehavior [ RunTime:0.001375s ]
INFO: [ view_filter ] --END-- [ RunTime:0.002264s ]
INFO: [ app_end ] --START--
INFO: Run Behavior\ShowPageTraceBehavior [ RunTime:0.002451s ]
INFO: [ app_end ] --END-- [ RunTime:0.004697s ]

[ 2017-06-14T22:56:32+08:00 ] 127.0.0.1 /shop/index.php/Home/Cart/add.html
INFO: [ app_init ] --START--
INFO: Run Behavior\BuildLiteBehavior [ RunTime:0.000133s ]
INFO: [ app_init ] --END-- [ RunTime:0.001968s ]
INFO: [ app_begin ] --START--
INFO: Run Behavior\ReadHtmlCacheBehavior [ RunTime:0.002106s ]
INFO: [ app_begin ] --END-- [ RunTime:0.002942s ]
NOTIC: [8] Undefined index: goods_attr F:\shop\shop\Application\Home\Controller\CartController.class.php 第 29 行.
SQL: SHOW COLUMNS FROM `cart` [ RunTime:0.1239s ]
SQL: SELECT * FROM `cart` WHERE `goods_id` = 14 AND `user_id` = 2 LIMIT 1   [ RunTime:0.0010s ]
SQL: INSERT INTO `cart` (`number`,`goods_id`,`goods_price`,`goods_attr`,`user_id`) VALUES ('1','14','0.00','null','2') [ RunTime:0.0636s ]

[ 2017-06-14T22:56:32+08:00 ] 127.0.0.1 /shop/index.php/Home/Cart/showList.html
INFO: [ app_init ] --START--
INFO: Run Behavior\BuildLiteBehavior [ RunTime:0.000103s ]
INFO: [ app_init ] --END-- [ RunTime:0.001741s ]
INFO: [ app_begin ] --START--
INFO: Run Behavior\ReadHtmlCacheBehavior [ RunTime:0.001685s ]
INFO: [ app_begin ] --END-- [ RunTime:0.002205s ]
SQL: SHOW COLUMNS FROM `cart` [ RunTime:0.0065s ]
SQL: SELECT * FROM `cart` WHERE ( user_id=2 )  [ RunTime:0.0008s ]
SQL: SHOW COLUMNS FROM `goods` [ RunTime:0.0069s ]
SQL: SELECT * FROM `goods` WHERE `id` = 14 LIMIT 1   [ RunTime:0.0012s ]
SQL: SELECT * FROM `goods` WHERE `id` = 7 LIMIT 1   [ RunTime:0.0011s ]
SQL: SELECT * FROM `goods` WHERE `id` = 19 LIMIT 1   [ RunTime:0.0009s ]
INFO: [ view_parse ] --START--
INFO: [ template_filter ] --START--
INFO: Run Behavior\ContentReplaceBehavior [ RunTime:0.001503s ]
INFO: [ template_filter ] --END-- [ RunTime:0.002282s ]
NOTIC: [8] Use of undefined constant goods_attr - assumed 'goods_attr' F:\shop\shop\Application\Runtime\Cache\Home\68f9213846dc923dbd10d098484a0769.php 第 122 行.
NOTIC: [8] Use of undefined constant goods_attr - assumed 'goods_attr' F:\shop\shop\Application\Runtime\Cache\Home\68f9213846dc923dbd10d098484a0769.php 第 122 行.
NOTIC: [8] Use of undefined constant goods_attr - assumed 'goods_attr' F:\shop\shop\Application\Runtime\Cache\Home\68f9213846dc923dbd10d098484a0769.php 第 122 行.
INFO: Run Behavior\ParseTemplateBehavior [ RunTime:0.071320s ]
INFO: [ view_parse ] --END-- [ RunTime:0.071818s ]
INFO: [ view_filter ] --START--
INFO: Run Behavior\WriteHtmlCacheBehavior [ RunTime:0.000841s ]
INFO: [ view_filter ] --END-- [ RunTime:0.001303s ]
INFO: [ app_end ] --START--
INFO: Run Behavior\ShowPageTraceBehavior [ RunTime:0.002199s ]
INFO: [ app_end ] --END-- [ RunTime:0.002834s ]

[ 2017-06-14T22:56:44+08:00 ] 127.0.0.1 /shop/index.php/Home/Cart/edit
INFO: [ app_init ] --START--
INFO: Run Behavior\BuildLiteBehavior [ RunTime:0.000108s ]
INFO: [ app_init ] --END-- [ RunTime:0.001617s ]
INFO: [ app_begin ] --START--
INFO: Run Behavior\ReadHtmlCacheBehavior [ RunTime:0.002338s ]
INFO: [ app_begin ] --END-- [ RunTime:0.003180s ]
ERR: 非法操作:edit

[ 2017-06-14T22:56:57+08:00 ] 127.0.0.1 /shop/index.php/Home/Goods/showlist.html
INFO: [ app_init ] --START--
INFO: Run Behavior\BuildLiteBehavior [ RunTime:0.000152s ]
INFO: [ app_init ] --END-- [ RunTime:0.001612s ]
INFO: [ app_begin ] --START--
INFO: Run Behavior\ReadHtmlCacheBehavior [ RunTime:0.001565s ]
INFO: [ app_begin ] --END-- [ RunTime:0.002068s ]
SQL: SHOW COLUMNS FROM `goods` [ RunTime:0.0056s ]
SQL: SELECT * FROM `goods` WHERE ( goods_status=1 )  [ RunTime:0.0015s ]
SQL: SHOW COLUMNS FROM `brand` [ RunTime:0.0048s ]
SQL: SELECT * FROM `brand`  [ RunTime:0.0008s ]
INFO: [ view_parse ] --START--
INFO: [ template_filter ] --START--
INFO: Run Behavior\ContentReplaceBehavior [ RunTime:0.001599s ]
INFO: [ template_filter ] --END-- [ RunTime:0.002192s ]
NOTIC: [8] Use of undefined constant id - assumed 'id' F:\shop\shop\Application\Runtime\Cache\Home\5abfe48c9190326c5582b9c3f76eb39d.php 第 162 行.
NOTIC: [8] Undefined variable: brand_id F:\shop\shop\Application\Runtime\Cache\Home\5abfe48c9190326c5582b9c3f76eb39d.php 第 162 行.
NOTIC: [8] Use of undefined constant id - assumed 'id' F:\shop\shop\Application\Runtime\Cache\Home\5abfe48c9190326c5582b9c3f76eb39d.php 第 162 行.
NOTIC: [8] Undefined variable: brand_id F:\shop\shop\Application\Runtime\Cache\Home\5abfe48c9190326c5582b9c3f76eb39d.php 第 162 行.
NOTIC: [8] Use of undefined constant id - assumed 'id' F:\shop\shop\Application\Runtime\Cache\Home\5abfe48c9190326c5582b9c3f76eb39d.php 第 162 行.
NOTIC: [8] Undefined variable: brand_id F:\shop\shop\Application\Runtime\Cache\Home\5abfe48c9190326c5582b9c3f76eb39d.php 第 162 行.
NOTIC: [8] Use of undefined constant id - assumed 'id' F:\shop\shop\Application\Runtime\Cache\Home\5abfe48c9190326c5582b9c3f76eb39d.php 第 162 行.
NOTIC: [8] Undefined variable: brand_id F:\shop\shop\Application\Runtime\Cache\Home\5abfe48c9190326c5582b9c3f76eb39d.php 第 162 行.
NOTIC: [8] Use of undefined constant id - assumed 'id' F:\shop\shop\Application\Runtime\Cache\Home\5abfe48c9190326c5582b9c3f76eb39d.php 第 278 行.
NOTIC: [8] Use of undefined constant id - assumed 'id' F:\shop\shop\Application\Runtime\Cache\Home\5abfe48c9190326c5582b9c3f76eb39d.php 第 278 行.
NOTIC: [8] Use of undefined constant id - assumed 'id' F:\shop\shop\Application\Runtime\Cache\Home\5abfe48c9190326c5582b9c3f76eb39d.php 第 278 行.
NOTIC: [8] Use of undefined constant id - assumed 'id' F:\shop\shop\Application\Runtime\Cache\Home\5abfe48c9190326c5582b9c3f76eb39d.php 第 278 行.
NOTIC: [8] Use of undefined constant id - assumed 'id' F:\shop\shop\Application\Runtime\Cache\Home\5abfe48c9190326c5582b9c3f76eb39d.php 第 278 行.
NOTIC: [8] Use of undefined constant id - assumed 'id' F:\shop\shop\Application\Runtime\Cache\Home\5abfe48c9190326c5582b9c3f76eb39d.php 第 278 行.
NOTIC: [8] Use of undefined constant id - assumed 'id' F:\shop\shop\Application\Runtime\Cache\Home\5abfe48c9190326c5582b9c3f76eb39d.php 第 278 行.
NOTIC: [8] Use of undefined constant id - assumed 'id' F:\shop\shop\Application\Runtime\Cache\Home\5abfe48c9190326c5582b9c3f76eb39d.php 第 278 行.
NOTIC: [8] Use of undefined constant id - assumed 'id' F:\shop\shop\Application\Runtime\Cache\Home\5abfe48c9190326c5582b9c3f76eb39d.php 第 278 行.
NOTIC: [8] Use of undefined constant id - assumed 'id' F:\shop\shop\Application\Runtime\Cache\Home\5abfe48c9190326c5582b9c3f76eb39d.php 第 278 行.
NOTIC: [8] Use of undefined constant id - assumed 'id' F:\shop\shop\Application\Runtime\Cache\Home\5abfe48c9190326c5582b9c3f76eb39d.php 第 278 行.
NOTIC: [8] Use of undefined constant id - assumed 'id' F:\shop\shop\Application\Runtime\Cache\Home\5abfe48c9190326c5582b9c3f76eb39d.php 第 278 行.
NOTIC: [8] Use of undefined constant id - assumed 'id' F:\shop\shop\Application\Runtime\Cache\Home\5abfe48c9190326c5582b9c3f76eb39d.php 第 278 行.
NOTIC: [8] Use of undefined constant id - assumed 'id' F:\shop\shop\Application\Runtime\Cache\Home\5abfe48c9190326c5582b9c3f76eb39d.php 第 278 行.
INFO: Run Behavior\ParseTemplateBehavior [ RunTime:0.078099s ]
INFO: [ view_parse ] --END-- [ RunTime:0.078779s ]
INFO: [ view_filter ] --START--
INFO: Run Behavior\WriteHtmlCacheBehavior [ RunTime:0.001048s ]
INFO: [ view_filter ] --END-- [ RunTime:0.001614s ]
INFO: [ app_end ] --START--
INFO: Run Behavior\ShowPageTraceBehavior [ RunTime:0.002610s ]
INFO: [ app_end ] --END-- [ RunTime:0.003857s ]

[ 2017-06-14T22:57:00+08:00 ] 127.0.0.1 /shop/index.php/Home/goods/detail/id/2.html
INFO: [ app_init ] --START--
INFO: Run Behavior\BuildLiteBehavior [ RunTime:0.000184s ]
INFO: [ app_init ] --END-- [ RunTime:0.002405s ]
INFO: [ app_begin ] --START--
INFO: Run Behavior\ReadHtmlCacheBehavior [ RunTime:0.002277s ]
INFO: [ app_begin ] --END-- [ RunTime:0.003305s ]
SQL: SHOW COLUMNS FROM `goods` [ RunTime:0.0063s ]
SQL: UPDATE `goods` SET `goods_click`=goods_click+1 WHERE ( id=2 ) [ RunTime:0.1102s ]
SQL: SELECT * FROM `goods` WHERE `id` = 2 LIMIT 1   [ RunTime:0.0011s ]
SQL: SELECT b.attr_name,b.attr_val,a.id,a.goods_id,a.attr_id,a.attr_val FROM goods_attr AS a LEFT JOIN attribute AS b ON a.attr_id = b.id where b.attr_inp=1 and a.goods_id=2 [ RunTime:0.0011s ]
INFO: [ view_parse ] --START--
INFO: [ template_filter ] --START--
INFO: Run Behavior\ContentReplaceBehavior [ RunTime:0.001586s ]
INFO: [ template_filter ] --END-- [ RunTime:0.002092s ]
NOTIC: [8] Undefined variable: datas_pic F:\shop\shop\Application\Runtime\Cache\Home\795e274f7e0defaaba4ae5ed57f62a8c.php 第 162 行.
NOTIC: [8] Undefined index: brand_name F:\shop\shop\Application\Runtime\Cache\Home\795e274f7e0defaaba4ae5ed57f62a8c.php 第 183 行.
NOTIC: [8] Undefined index: goods_wight F:\shop\shop\Application\Runtime\Cache\Home\795e274f7e0defaaba4ae5ed57f62a8c.php 第 188 行.
NOTIC: [8] Undefined index: goods_editime F:\shop\shop\Application\Runtime\Cache\Home\795e274f7e0defaaba4ae5ed57f62a8c.php 第 193 行.
NOTIC: [8] Use of undefined constant goods_attr_val - assumed 'goods_attr_val' F:\shop\shop\Application\Runtime\Cache\Home\795e274f7e0defaaba4ae5ed57f62a8c.php 第 223 行.
NOTIC: [8] Use of undefined constant goods_attr_val - assumed 'goods_attr_val' F:\shop\shop\Application\Runtime\Cache\Home\795e274f7e0defaaba4ae5ed57f62a8c.php 第 223 行.
INFO: Run Behavior\ParseTemplateBehavior [ RunTime:0.093037s ]
INFO: [ view_parse ] --END-- [ RunTime:0.093601s ]
INFO: [ view_filter ] --START--
INFO: Run Behavior\WriteHtmlCacheBehavior [ RunTime:0.001016s ]
INFO: [ view_filter ] --END-- [ RunTime:0.001596s ]
INFO: [ app_end ] --START--
INFO: Run Behavior\ShowPageTraceBehavior [ RunTime:0.003979s ]
INFO: [ app_end ] --END-- [ RunTime:0.005065s ]

