[ 2017-06-07T09:22:44+08:00 ] 127.0.0.1 /shop/
INFO: [ app_init ] --START--
INFO: Run Behavior\BuildLiteBehavior [ RunTime:0.000089s ]
INFO: [ app_init ] --END-- [ RunTime:0.001664s ]
INFO: [ app_begin ] --START--
INFO: Run Behavior\ReadHtmlCacheBehavior [ RunTime:0.003227s ]
INFO: [ app_begin ] --END-- [ RunTime:0.003798s ]
ERR: 无法加载控制器:Login

[ 2017-06-07T09:23:00+08:00 ] 127.0.0.1 /shop/
INFO: [ app_init ] --START--
INFO: Run Behavior\BuildLiteBehavior [ RunTime:0.000133s ]
INFO: [ app_init ] --END-- [ RunTime:0.003072s ]
INFO: [ app_begin ] --START--
INFO: Run Behavior\ReadHtmlCacheBehavior [ RunTime:0.003402s ]
INFO: [ app_begin ] --END-- [ RunTime:0.004103s ]
INFO: [ view_parse ] --START--
INFO: Run Behavior\ParseTemplateBehavior [ RunTime:0.003599s ]
INFO: [ view_parse ] --END-- [ RunTime:0.004403s ]
INFO: [ view_filter ] --START--
INFO: Run Behavior\WriteHtmlCacheBehavior [ RunTime:0.001719s ]
INFO: [ view_filter ] --END-- [ RunTime:0.002430s ]
INFO: [ app_end ] --START--
INFO: Run Behavior\ShowPageTraceBehavior [ RunTime:0.003419s ]
INFO: [ app_end ] --END-- [ RunTime:0.004082s ]

[ 2017-06-07T09:37:06+08:00 ] 127.0.0.1 /shop/
INFO: [ app_init ] --START--
INFO: Run Behavior\BuildLiteBehavior [ RunTime:0.000229s ]
INFO: [ app_init ] --END-- [ RunTime:0.003163s ]
INFO: [ app_begin ] --START--
INFO: Run Behavior\ReadHtmlCacheBehavior [ RunTime:0.002160s ]
INFO: [ app_begin ] --END-- [ RunTime:0.003032s ]
INFO: [ app_end ] --START--
INFO: Run Behavior\ShowPageTraceBehavior [ RunTime:0.001962s ]
INFO: [ app_end ] --END-- [ RunTime:0.002532s ]

[ 2017-06-07T09:37:33+08:00 ] 127.0.0.1 /shop/
INFO: [ app_init ] --START--
INFO: Run Behavior\BuildLiteBehavior [ RunTime:0.000110s ]
INFO: [ app_init ] --END-- [ RunTime:0.001725s ]
INFO: [ app_begin ] --START--
INFO: Run Behavior\ReadHtmlCacheBehavior [ RunTime:0.002206s ]
INFO: [ app_begin ] --END-- [ RunTime:0.002990s ]
INFO: [ view_parse ] --START--
INFO: [ template_filter ] --START--
INFO: Run Behavior\ContentReplaceBehavior [ RunTime:0.000562s ]
INFO: [ template_filter ] --END-- [ RunTime:0.001501s ]
INFO: Run Behavior\ParseTemplateBehavior [ RunTime:0.043137s ]
INFO: [ view_parse ] --END-- [ RunTime:0.043902s ]
INFO: [ view_filter ] --START--
INFO: Run Behavior\WriteHtmlCacheBehavior [ RunTime:0.001106s ]
INFO: [ view_filter ] --END-- [ RunTime:0.001615s ]
INFO: [ app_end ] --START--
INFO: Run Behavior\ShowPageTraceBehavior [ RunTime:0.002083s ]
INFO: [ app_end ] --END-- [ RunTime:0.002859s ]

[ 2017-06-07T09:38:34+08:00 ] 127.0.0.1 /shop/
INFO: [ app_init ] --START--
INFO: Run Behavior\BuildLiteBehavior [ RunTime:0.000131s ]
INFO: [ app_init ] --END-- [ RunTime:0.001925s ]
INFO: [ app_begin ] --START--
INFO: Run Behavior\ReadHtmlCacheBehavior [ RunTime:0.003097s ]
INFO: [ app_begin ] --END-- [ RunTime:0.004350s ]
INFO: [ view_parse ] --START--
INFO: [ template_filter ] --START--
INFO: Run Behavior\ContentReplaceBehavior [ RunTime:0.000590s ]
INFO: [ template_filter ] --END-- [ RunTime:0.001623s ]
INFO: Run Behavior\ParseTemplateBehavior [ RunTime:0.045916s ]
INFO: [ view_parse ] --END-- [ RunTime:0.046979s ]
INFO: [ view_filter ] --START--
INFO: Run Behavior\WriteHtmlCacheBehavior [ RunTime:0.001694s ]
INFO: [ view_filter ] --END-- [ RunTime:0.002581s ]
INFO: [ app_end ] --START--
INFO: Run Behavior\ShowPageTraceBehavior [ RunTime:0.002861s ]
INFO: [ app_end ] --END-- [ RunTime:0.003762s ]

[ 2017-06-07T09:38:44+08:00 ] 127.0.0.1 /shop/
INFO: [ app_init ] --START--
INFO: Run Behavior\BuildLiteBehavior [ RunTime:0.000186s ]
INFO: [ app_init ] --END-- [ RunTime:0.002578s ]
INFO: [ app_begin ] --START--
INFO: Run Behavior\ReadHtmlCacheBehavior [ RunTime:0.002996s ]
INFO: [ app_begin ] --END-- [ RunTime:0.004009s ]
INFO: [ view_parse ] --START--
INFO: [ template_filter ] --START--
INFO: Run Behavior\ContentReplaceBehavior [ RunTime:0.000339s ]
INFO: [ template_filter ] --END-- [ RunTime:0.000894s ]
INFO: Run Behavior\ParseTemplateBehavior [ RunTime:0.028552s ]
INFO: [ view_parse ] --END-- [ RunTime:0.029085s ]
INFO: [ view_filter ] --START--
INFO: Run Behavior\WriteHtmlCacheBehavior [ RunTime:0.001117s ]
INFO: [ view_filter ] --END-- [ RunTime:0.001622s ]
INFO: [ app_end ] --START--
INFO: Run Behavior\ShowPageTraceBehavior [ RunTime:0.002344s ]
INFO: [ app_end ] --END-- [ RunTime:0.003139s ]

[ 2017-06-07T09:40:07+08:00 ] 127.0.0.1 /shop/
INFO: [ app_init ] --START--
INFO: Run Behavior\BuildLiteBehavior [ RunTime:0.000191s ]
INFO: [ app_init ] --END-- [ RunTime:0.002579s ]
INFO: [ app_begin ] --START--
INFO: Run Behavior\ReadHtmlCacheBehavior [ RunTime:0.001972s ]
INFO: [ app_begin ] --END-- [ RunTime:0.002524s ]
INFO: [ view_parse ] --START--
INFO: [ template_filter ] --START--
INFO: Run Behavior\ContentReplaceBehavior [ RunTime:0.000345s ]
INFO: [ template_filter ] --END-- [ RunTime:0.000962s ]
INFO: Run Behavior\ParseTemplateBehavior [ RunTime:0.027039s ]
INFO: [ view_parse ] --END-- [ RunTime:0.027837s ]
INFO: [ view_filter ] --START--
INFO: Run Behavior\WriteHtmlCacheBehavior [ RunTime:0.001692s ]
INFO: [ view_filter ] --END-- [ RunTime:0.002666s ]
INFO: [ app_end ] --START--
INFO: Run Behavior\ShowPageTraceBehavior [ RunTime:0.005215s ]
INFO: [ app_end ] --END-- [ RunTime:0.006309s ]

[ 2017-06-07T09:40:18+08:00 ] 127.0.0.1 /shop/
INFO: [ app_init ] --START--
INFO: Run Behavior\BuildLiteBehavior [ RunTime:0.000181s ]
INFO: [ app_init ] --END-- [ RunTime:0.003107s ]
INFO: [ app_begin ] --START--
INFO: Run Behavior\ReadHtmlCacheBehavior [ RunTime:0.002924s ]
INFO: [ app_begin ] --END-- [ RunTime:0.005231s ]
INFO: [ app_end ] --START--
INFO: Run Behavior\ShowPageTraceBehavior [ RunTime:0.004232s ]
INFO: [ app_end ] --END-- [ RunTime:0.005362s ]

[ 2017-06-07T09:41:57+08:00 ] 127.0.0.1 /shop/
INFO: [ app_init ] --START--
INFO: Run Behavior\BuildLiteBehavior [ RunTime:0.000110s ]
INFO: [ app_init ] --END-- [ RunTime:0.001652s ]
INFO: [ app_begin ] --START--
INFO: Run Behavior\ReadHtmlCacheBehavior [ RunTime:0.002290s ]
INFO: [ app_begin ] --END-- [ RunTime:0.003028s ]
INFO: [ view_parse ] --START--
INFO: [ template_filter ] --START--
INFO: Run Behavior\ContentReplaceBehavior [ RunTime:0.000332s ]
INFO: [ template_filter ] --END-- [ RunTime:0.000898s ]
INFO: Run Behavior\ParseTemplateBehavior [ RunTime:0.039194s ]
INFO: [ view_parse ] --END-- [ RunTime:0.039746s ]
INFO: [ view_filter ] --START--
INFO: Run Behavior\WriteHtmlCacheBehavior [ RunTime:0.001215s ]
INFO: [ view_filter ] --END-- [ RunTime:0.001712s ]
INFO: [ app_end ] --START--
INFO: Run Behavior\ShowPageTraceBehavior [ RunTime:0.001619s ]
INFO: [ app_end ] --END-- [ RunTime:0.002124s ]

[ 2017-06-07T09:42:03+08:00 ] 127.0.0.1 /shop/
INFO: [ app_init ] --START--
INFO: Run Behavior\BuildLiteBehavior [ RunTime:0.000206s ]
INFO: [ app_init ] --END-- [ RunTime:0.002482s ]
INFO: [ app_begin ] --START--
INFO: Run Behavior\ReadHtmlCacheBehavior [ RunTime:0.002382s ]
INFO: [ app_begin ] --END-- [ RunTime:0.003334s ]
INFO: [ view_parse ] --START--
INFO: [ template_filter ] --START--
INFO: Run Behavior\ContentReplaceBehavior [ RunTime:0.000567s ]
INFO: [ template_filter ] --END-- [ RunTime:0.002161s ]
INFO: Run Behavior\ParseTemplateBehavior [ RunTime:0.038428s ]
INFO: [ view_parse ] --END-- [ RunTime:0.039533s ]
INFO: [ view_filter ] --START--
INFO: Run Behavior\WriteHtmlCacheBehavior [ RunTime:0.001989s ]
INFO: [ view_filter ] --END-- [ RunTime:0.002943s ]
INFO: [ app_end ] --START--
INFO: Run Behavior\ShowPageTraceBehavior [ RunTime:0.002584s ]
INFO: [ app_end ] --END-- [ RunTime:0.003836s ]

[ 2017-06-07T09:42:04+08:00 ] 127.0.0.1 /shop/
INFO: [ app_init ] --START--
INFO: Run Behavior\BuildLiteBehavior [ RunTime:0.004173s ]
INFO: [ app_init ] --END-- [ RunTime:0.006670s ]
INFO: [ app_begin ] --START--
INFO: Run Behavior\ReadHtmlCacheBehavior [ RunTime:0.002498s ]
INFO: [ app_begin ] --END-- [ RunTime:0.003440s ]
INFO: [ view_parse ] --START--
INFO: [ template_filter ] --START--
INFO: Run Behavior\ContentReplaceBehavior [ RunTime:0.000593s ]
INFO: [ template_filter ] --END-- [ RunTime:0.001619s ]
INFO: Run Behavior\ParseTemplateBehavior [ RunTime:0.040001s ]
INFO: [ view_parse ] --END-- [ RunTime:0.041052s ]
INFO: [ view_filter ] --START--
INFO: Run Behavior\WriteHtmlCacheBehavior [ RunTime:0.001949s ]
INFO: [ view_filter ] --END-- [ RunTime:0.002864s ]
INFO: [ app_end ] --START--
INFO: Run Behavior\ShowPageTraceBehavior [ RunTime:0.002523s ]
INFO: [ app_end ] --END-- [ RunTime:0.003328s ]

[ 2017-06-07T09:44:08+08:00 ] 127.0.0.1 /shop/
ERR: 模板不存在:./Application/Home/View/index.html

[ 2017-06-07T09:45:04+08:00 ] 127.0.0.1 /shop/
ERR: 模板不存在:./Application/Home/View/.html

[ 2017-06-07T09:45:05+08:00 ] 127.0.0.1 /shop/
ERR: 模板不存在:./Application/Home/View/.html

[ 2017-06-07T09:45:05+08:00 ] 127.0.0.1 /shop/
ERR: 模板不存在:./Application/Home/View/.html

[ 2017-06-07T09:45:06+08:00 ] 127.0.0.1 /shop/
ERR: 模板不存在:./Application/Home/View/.html

[ 2017-06-07T09:54:01+08:00 ] 127.0.0.1 /shop/
ERR: 模板不存在:./Application/Home/View/.html

[ 2017-06-07T10:29:22+08:00 ] 127.0.0.1 /shop/index.php/Home/Goods/showlist.html
ERR: 无法加载控制器:Goods

[ 2017-06-07T10:29:45+08:00 ] 127.0.0.1 /shop/index.php/Home/Goods/images/category.htm
ERR: 非法操作:images

[ 2017-06-07T10:32:47+08:00 ] 127.0.0.1 /shop/index.php/Home/Goods/images/category.htm
ERR: 非法操作:images

[ 2017-06-07T10:33:35+08:00 ] 127.0.0.1 /shop/index.php/Home/Goods/images/category.htm
ERR: 非法操作:images

[ 2017-06-07T10:33:41+08:00 ] 127.0.0.1 /shop/index.php/Home/Goods/images/category.htm
ERR: 非法操作:images

[ 2017-06-07T10:34:00+08:00 ] 127.0.0.1 /shop/index.php/Home/Goods/images/category.htm
ERR: 非法操作:images

[ 2017-06-07T10:34:16+08:00 ] 127.0.0.1 /shop/index.php/Home/Goods/images/category.htm
ERR: 非法操作:images

[ 2017-06-07T10:40:19+08:00 ] 127.0.0.1 /shop/index.php/Home/Goods/images/category.htm
ERR: 非法操作:images

[ 2017-06-07T10:40:38+08:00 ] 127.0.0.1 /shop/index.php/Home/Goods/images/category.htm
ERR: 非法操作:images

[ 2017-06-07T10:41:05+08:00 ] 127.0.0.1 /shop/index.php/Home/Goods/images/category.htm
ERR: 非法操作:images

[ 2017-06-07T10:41:13+08:00 ] 127.0.0.1 /shop/index.php/Home/Goods/images/category.htm
ERR: 非法操作:images

[ 2017-06-07T11:02:59+08:00 ] 127.0.0.1 /shop/index.php/Home/Goods/images/category.htm
ERR: 非法操作:images

[ 2017-06-07T11:03:34+08:00 ] 127.0.0.1 /shop/index.php/Home/Goods/images/category.htm
ERR: 非法操作:images

[ 2017-06-07T11:24:16+08:00 ] 127.0.0.1 /shop/index.php/Home/Goods/images/category.htm
ERR: 非法操作:images

[ 2017-06-07T11:34:47+08:00 ] 127.0.0.1 /shop/index.php/Home/Goods/images/category.htm
ERR: 非法操作:images

[ 2017-06-07T17:19:25+08:00 ] 127.0.0.1 /shop/index.php/Home/Goods/images/category.htm
ERR: 非法操作:images

[ 2017-06-07T17:19:38+08:00 ] 127.0.0.1 /shop/index.php/Home/Goods/images/category.htm
ERR: 非法操作:images

[ 2017-06-07T18:41:15+08:00 ] 127.0.0.1 /shop/index.php/Home/Goods/images/category.htm
ERR: 非法操作:images

[ 2017-06-07T18:41:19+08:00 ] 127.0.0.1 /shop/index.php/Home/Goods/images/category.htm
ERR: 非法操作:images

[ 2017-06-07T18:41:24+08:00 ] 127.0.0.1 /shop/index.php/Home/Goods/images/category.htm
ERR: 非法操作:images

[ 2017-06-07T18:41:28+08:00 ] 127.0.0.1 /shop/index.php/Home/Goods/images/category.htm
ERR: 非法操作:images

