[ 2017-06-13T00:03:45+08:00 ] 127.0.0.1 /shop/Public/Homeimages/continue.gif
INFO: [ app_init ] --START--
INFO: Run Behavior\BuildLiteBehavior [ RunTime:0.000212s ]
INFO: [ app_init ] --END-- [ RunTime:0.003068s ]
ERR: 无法加载模块:Public

[ 2017-06-13T00:03:45+08:00 ] 127.0.0.1 /shop/Public/Homejs/jquery-1.11.1.js
INFO: [ app_init ] --START--
INFO: Run Behavior\BuildLiteBehavior [ RunTime:0.000177s ]
INFO: [ app_init ] --END-- [ RunTime:0.002529s ]
ERR: 无法加载模块:Public

[ 2017-06-13T00:03:45+08:00 ] 127.0.0.1 /shop/Public/Homeimages/checkout.gif
INFO: [ app_init ] --START--
INFO: Run Behavior\BuildLiteBehavior [ RunTime:0.000217s ]
INFO: [ app_init ] --END-- [ RunTime:0.002509s ]
ERR: 无法加载模块:Public

[ 2017-06-13T00:05:23+08:00 ] 127.0.0.1 /shop/Public/Homejs/jquery-1.11.1.js
INFO: [ app_init ] --START--
INFO: Run Behavior\BuildLiteBehavior [ RunTime:0.000326s ]
INFO: [ app_init ] --END-- [ RunTime:0.007904s ]
ERR: 无法加载模块:Public

[ 2017-06-13T08:36:29+08:00 ] 127.0.0.1 /shop/Uploads2017-06-10//thumb593be964aba1e.jpg
INFO: [ app_init ] --START--
INFO: Run Behavior\BuildLiteBehavior [ RunTime:0.000194s ]
INFO: [ app_init ] --END-- [ RunTime:0.002041s ]
ERR: 无法加载模块:Uploads2017-06-10

[ 2017-06-13T08:36:29+08:00 ] 127.0.0.1 /shop/Uploads2017-06-02//thumb593168cb22091.jpg
INFO: [ app_init ] --START--
INFO: Run Behavior\BuildLiteBehavior [ RunTime:0.000137s ]
INFO: [ app_init ] --END-- [ RunTime:0.002033s ]
ERR: 无法加载模块:Uploads2017-06-02

