[ 2017-06-05T00:06:15+08:00 ] 127.0.0.1 /shop/Public/Admin/js/jquery-1.8.3.min.js
INFO: [ app_init ] --START--
INFO: Run Behavior\BuildLiteBehavior [ RunTime:0.000093s ]
INFO: [ app_init ] --END-- [ RunTime:0.001491s ]
ERR: 无法加载模块:Public

[ 2017-06-05T00:07:15+08:00 ] 127.0.0.1 /shop/Public/Admin/js/jquery-1.8.3.min.js
INFO: [ app_init ] --START--
INFO: Run Behavior\BuildLiteBehavior [ RunTime:0.000191s ]
INFO: [ app_init ] --END-- [ RunTime:0.002821s ]
ERR: 无法加载模块:Public

[ 2017-06-05T00:13:54+08:00 ] 127.0.0.1 /shop/Public/Admin/js/jquery-1.8.3.min.js
INFO: [ app_init ] --START--
INFO: Run Behavior\BuildLiteBehavior [ RunTime:0.000138s ]
INFO: [ app_init ] --END-- [ RunTime:0.002407s ]
ERR: 无法加载模块:Public

[ 2017-06-05T00:16:12+08:00 ] 127.0.0.1 /shop/Public/Admin/js/jquery-1.8.3.min.js
INFO: [ app_init ] --START--
INFO: Run Behavior\BuildLiteBehavior [ RunTime:0.000168s ]
INFO: [ app_init ] --END-- [ RunTime:0.002349s ]
ERR: 无法加载模块:Public

[ 2017-06-05T00:17:10+08:00 ] 127.0.0.1 /shop/Public/Admin/js/jquery-1.8.3.min.js
INFO: [ app_init ] --START--
INFO: Run Behavior\BuildLiteBehavior [ RunTime:0.000105s ]
INFO: [ app_init ] --END-- [ RunTime:0.001843s ]
ERR: 无法加载模块:Public

[ 2017-06-05T00:23:41+08:00 ] 127.0.0.1 /shop/Public/Admin/js/jquery-1.8.3.min.js
INFO: [ app_init ] --START--
INFO: Run Behavior\BuildLiteBehavior [ RunTime:0.000106s ]
INFO: [ app_init ] --END-- [ RunTime:0.001494s ]
ERR: 无法加载模块:Public

[ 2017-06-05T00:36:52+08:00 ] 127.0.0.1 /shop/Public/Admin/js/jquery-1.8.3.min.js
INFO: [ app_init ] --START--
INFO: Run Behavior\BuildLiteBehavior [ RunTime:0.000085s ]
INFO: [ app_init ] --END-- [ RunTime:0.001632s ]
ERR: 无法加载模块:Public

[ 2017-06-05T00:36:55+08:00 ] 127.0.0.1 /shop/Public/Admin/js/jquery-1.8.3.min.js
INFO: [ app_init ] --START--
INFO: Run Behavior\BuildLiteBehavior [ RunTime:0.000092s ]
INFO: [ app_init ] --END-- [ RunTime:0.001472s ]
ERR: 无法加载模块:Public

[ 2017-06-05T00:38:13+08:00 ] 127.0.0.1 /shop/Public/Admin/js/jquery-1.8.3.min.js
INFO: [ app_init ] --START--
INFO: Run Behavior\BuildLiteBehavior [ RunTime:0.000153s ]
INFO: [ app_init ] --END-- [ RunTime:0.002542s ]
ERR: 无法加载模块:Public

[ 2017-06-05T00:45:36+08:00 ] 127.0.0.1 /shop/Public/Admin/js/jquery-1.8.3.min.js
INFO: [ app_init ] --START--
INFO: Run Behavior\BuildLiteBehavior [ RunTime:0.000097s ]
INFO: [ app_init ] --END-- [ RunTime:0.001724s ]
ERR: 无法加载模块:Public

[ 2017-06-05T00:45:39+08:00 ] 127.0.0.1 /shop/Public/Admin/js/jquery-1.8.3.min.js
INFO: [ app_init ] --START--
INFO: Run Behavior\BuildLiteBehavior [ RunTime:0.000137s ]
INFO: [ app_init ] --END-- [ RunTime:0.002019s ]
ERR: 无法加载模块:Public

[ 2017-06-05T00:45:46+08:00 ] 127.0.0.1 /shop/Public/Admin/js/jquery-1.8.3.min.js
INFO: [ app_init ] --START--
INFO: Run Behavior\BuildLiteBehavior [ RunTime:0.000171s ]
INFO: [ app_init ] --END-- [ RunTime:0.003122s ]
ERR: 无法加载模块:Public

[ 2017-06-05T00:46:44+08:00 ] 127.0.0.1 /shop/Public/Admin/js/jquery-1.8.3.min.js
INFO: [ app_init ] --START--
INFO: Run Behavior\BuildLiteBehavior [ RunTime:0.000106s ]
INFO: [ app_init ] --END-- [ RunTime:0.001757s ]
ERR: 无法加载模块:Public

[ 2017-06-05T00:54:08+08:00 ] 127.0.0.1 /shop/Public/Admin/js/jquery-1.8.3.min.js
INFO: [ app_init ] --START--
INFO: Run Behavior\BuildLiteBehavior [ RunTime:0.000143s ]
INFO: [ app_init ] --END-- [ RunTime:0.002263s ]
ERR: 无法加载模块:Public

[ 2017-06-05T00:54:16+08:00 ] 127.0.0.1 /shop/Public/Admin/js/jquery-1.8.3.min.js
INFO: [ app_init ] --START--
INFO: Run Behavior\BuildLiteBehavior [ RunTime:0.000124s ]
INFO: [ app_init ] --END-- [ RunTime:0.001918s ]
ERR: 无法加载模块:Public

[ 2017-06-05T00:54:55+08:00 ] 127.0.0.1 /shop/Public/Admin/js/jquery-1.8.3.min.js
INFO: [ app_init ] --START--
INFO: Run Behavior\BuildLiteBehavior [ RunTime:0.000129s ]
INFO: [ app_init ] --END-- [ RunTime:0.001971s ]
ERR: 无法加载模块:Public

[ 2017-06-05T00:55:10+08:00 ] 127.0.0.1 /shop/Public/Admin/js/jquery-1.8.3.min.js
INFO: [ app_init ] --START--
INFO: Run Behavior\BuildLiteBehavior [ RunTime:0.000088s ]
INFO: [ app_init ] --END-- [ RunTime:0.001512s ]
ERR: 无法加载模块:Public

[ 2017-06-05T00:57:44+08:00 ] 127.0.0.1 /shop/Public/Admin/js/jquery-1.8.3.min.js
INFO: [ app_init ] --START--
INFO: Run Behavior\BuildLiteBehavior [ RunTime:0.000091s ]
INFO: [ app_init ] --END-- [ RunTime:0.001777s ]
ERR: 无法加载模块:Public

[ 2017-06-05T01:06:37+08:00 ] 127.0.0.1 /shop/Public/Admin/js/jquery-1.8.3.min.js
INFO: [ app_init ] --START--
INFO: Run Behavior\BuildLiteBehavior [ RunTime:0.000121s ]
INFO: [ app_init ] --END-- [ RunTime:0.001520s ]
ERR: 无法加载模块:Public

[ 2017-06-05T10:23:38+08:00 ] 127.0.0.1 /shop/Public/Admin/js/jquery.min.map
INFO: [ app_init ] --START--
INFO: Run Behavior\BuildLiteBehavior [ RunTime:0.000131s ]
INFO: [ app_init ] --END-- [ RunTime:0.002094s ]
ERR: 无法加载模块:Public

[ 2017-06-05T10:23:40+08:00 ] 127.0.0.1 /shop/Public/Admin/js/jquery.min.map
INFO: [ app_init ] --START--
INFO: Run Behavior\BuildLiteBehavior [ RunTime:0.000163s ]
INFO: [ app_init ] --END-- [ RunTime:0.002199s ]
ERR: 无法加载模块:Public

[ 2017-06-05T10:23:41+08:00 ] 127.0.0.1 /shop/Uploads//thumb
INFO: [ app_init ] --START--
INFO: Run Behavior\BuildLiteBehavior [ RunTime:0.000139s ]
INFO: [ app_init ] --END-- [ RunTime:0.002257s ]
ERR: 无法加载模块:Uploads

[ 2017-06-05T10:23:41+08:00 ] 127.0.0.1 /shop/Public/Admin/js/jquery.min.map
INFO: [ app_init ] --START--
INFO: Run Behavior\BuildLiteBehavior [ RunTime:0.000134s ]
INFO: [ app_init ] --END-- [ RunTime:0.002518s ]
ERR: 无法加载模块:Public

[ 2017-06-05T10:24:03+08:00 ] 127.0.0.1 /shop/Uploads//thumb
INFO: [ app_init ] --START--
INFO: Run Behavior\BuildLiteBehavior [ RunTime:0.000148s ]
INFO: [ app_init ] --END-- [ RunTime:0.002543s ]
ERR: 无法加载模块:Uploads

[ 2017-06-05T21:32:29+08:00 ] 127.0.0.1 /shop/Public/Admin/js/jquery-1.8.3.min.js
INFO: [ app_init ] --START--
INFO: Run Behavior\BuildLiteBehavior [ RunTime:0.000187s ]
INFO: [ app_init ] --END-- [ RunTime:0.002529s ]
ERR: 无法加载模块:Public

[ 2017-06-05T21:32:52+08:00 ] 127.0.0.1 /shop/Public/Admin/js/jquery-1.8.3.min.js
INFO: [ app_init ] --START--
INFO: Run Behavior\BuildLiteBehavior [ RunTime:0.000190s ]
INFO: [ app_init ] --END-- [ RunTime:0.002675s ]
ERR: 无法加载模块:Public

[ 2017-06-05T21:46:52+08:00 ] 127.0.0.1 /shop/Public/Admin/js/jquery-1.8.3.min.js
INFO: [ app_init ] --START--
INFO: Run Behavior\BuildLiteBehavior [ RunTime:0.000187s ]
INFO: [ app_init ] --END-- [ RunTime:0.002410s ]
ERR: 无法加载模块:Public

[ 2017-06-05T21:46:58+08:00 ] 127.0.0.1 /shop/Public/Admin/js/jquery-1.8.3.min.js
INFO: [ app_init ] --START--
INFO: Run Behavior\BuildLiteBehavior [ RunTime:0.000194s ]
INFO: [ app_init ] --END-- [ RunTime:0.006508s ]
ERR: 无法加载模块:Public

[ 2017-06-05T21:47:23+08:00 ] 127.0.0.1 /shop/Public/Admin/js/jquery-1.8.3.min.js
INFO: [ app_init ] --START--
INFO: Run Behavior\BuildLiteBehavior [ RunTime:0.000129s ]
INFO: [ app_init ] --END-- [ RunTime:0.001582s ]
ERR: 无法加载模块:Public

[ 2017-06-05T21:47:26+08:00 ] 127.0.0.1 /shop/Public/Admin/js/jquery-1.8.3.min.js
INFO: [ app_init ] --START--
INFO: Run Behavior\BuildLiteBehavior [ RunTime:0.000131s ]
INFO: [ app_init ] --END-- [ RunTime:0.001811s ]
ERR: 无法加载模块:Public

[ 2017-06-05T21:47:29+08:00 ] 127.0.0.1 /shop/Public/Admin/js/jquery-1.8.3.min.js
INFO: [ app_init ] --START--
INFO: Run Behavior\BuildLiteBehavior [ RunTime:0.000185s ]
INFO: [ app_init ] --END-- [ RunTime:0.002414s ]
ERR: 无法加载模块:Public

[ 2017-06-05T21:58:58+08:00 ] 127.0.0.1 /shop/Public/Admin/js/jquery-1.8.3.min.js
INFO: [ app_init ] --START--
INFO: Run Behavior\BuildLiteBehavior [ RunTime:0.000196s ]
INFO: [ app_init ] --END-- [ RunTime:0.002402s ]
ERR: 无法加载模块:Public

[ 2017-06-05T21:59:33+08:00 ] 127.0.0.1 /shop/Public/Admin/js/jquery-1.8.3.min.js
INFO: [ app_init ] --START--
INFO: Run Behavior\BuildLiteBehavior [ RunTime:0.000106s ]
INFO: [ app_init ] --END-- [ RunTime:0.001772s ]
ERR: 无法加载模块:Public

[ 2017-06-05T21:59:35+08:00 ] 127.0.0.1 /shop/Public/Admin/js/jquery-1.8.3.min.js
INFO: [ app_init ] --START--
INFO: Run Behavior\BuildLiteBehavior [ RunTime:0.000435s ]
INFO: [ app_init ] --END-- [ RunTime:0.002539s ]
ERR: 无法加载模块:Public

[ 2017-06-05T22:00:44+08:00 ] 127.0.0.1 /shop/Public/Admin/js/jquery-1.8.3.min.js
INFO: [ app_init ] --START--
INFO: Run Behavior\BuildLiteBehavior [ RunTime:0.000110s ]
INFO: [ app_init ] --END-- [ RunTime:0.001750s ]
ERR: 无法加载模块:Public

[ 2017-06-05T22:00:46+08:00 ] 127.0.0.1 /shop/Public/Admin/js/jquery-1.8.3.min.js
INFO: [ app_init ] --START--
INFO: Run Behavior\BuildLiteBehavior [ RunTime:0.000192s ]
INFO: [ app_init ] --END-- [ RunTime:0.002676s ]
ERR: 无法加载模块:Public

[ 2017-06-05T22:00:51+08:00 ] 127.0.0.1 /shop/Public/Admin/js/jquery-1.8.3.min.js
INFO: [ app_init ] --START--
INFO: Run Behavior\BuildLiteBehavior [ RunTime:0.000119s ]
INFO: [ app_init ] --END-- [ RunTime:0.002248s ]
ERR: 无法加载模块:Public

[ 2017-06-05T22:00:58+08:00 ] 127.0.0.1 /shop/Public/Admin/js/jquery-1.8.3.min.js
INFO: [ app_init ] --START--
INFO: Run Behavior\BuildLiteBehavior [ RunTime:0.000174s ]
INFO: [ app_init ] --END-- [ RunTime:0.002415s ]
ERR: 无法加载模块:Public

[ 2017-06-05T22:01:04+08:00 ] 127.0.0.1 /shop/Public/Admin/js/jquery-1.8.3.min.js
INFO: [ app_init ] --START--
INFO: Run Behavior\BuildLiteBehavior [ RunTime:0.000188s ]
INFO: [ app_init ] --END-- [ RunTime:0.002549s ]
ERR: 无法加载模块:Public

[ 2017-06-05T22:08:11+08:00 ] 127.0.0.1 /shop/Public/Admin/js/jquery-1.8.3.min.js
INFO: [ app_init ] --START--
INFO: Run Behavior\BuildLiteBehavior [ RunTime:0.000108s ]
INFO: [ app_init ] --END-- [ RunTime:0.001602s ]
ERR: 无法加载模块:Public

[ 2017-06-05T22:08:47+08:00 ] 127.0.0.1 /shop/Public/Admin/js/jquery-1.8.3.min.js
INFO: [ app_init ] --START--
INFO: Run Behavior\BuildLiteBehavior [ RunTime:0.000112s ]
INFO: [ app_init ] --END-- [ RunTime:0.001710s ]
ERR: 无法加载模块:Public

[ 2017-06-05T22:09:34+08:00 ] 127.0.0.1 /shop/Public/Admin/js/jquery-1.8.3.min.js
INFO: [ app_init ] --START--
INFO: Run Behavior\BuildLiteBehavior [ RunTime:0.000136s ]
INFO: [ app_init ] --END-- [ RunTime:0.002328s ]
ERR: 无法加载模块:Public

[ 2017-06-05T22:09:58+08:00 ] 127.0.0.1 /shop/Public/Admin/js/jquery-1.8.3.min.js
INFO: [ app_init ] --START--
INFO: Run Behavior\BuildLiteBehavior [ RunTime:0.000145s ]
INFO: [ app_init ] --END-- [ RunTime:0.002054s ]
ERR: 无法加载模块:Public

[ 2017-06-05T22:10:30+08:00 ] 127.0.0.1 /shop/Public/Admin/js/jquery-1.8.3.min.js
INFO: [ app_init ] --START--
INFO: Run Behavior\BuildLiteBehavior [ RunTime:0.000108s ]
INFO: [ app_init ] --END-- [ RunTime:0.001690s ]
ERR: 无法加载模块:Public

[ 2017-06-05T22:13:15+08:00 ] 127.0.0.1 /shop/Public/Admin/js/jquery-1.8.3.min.js
INFO: [ app_init ] --START--
INFO: Run Behavior\BuildLiteBehavior [ RunTime:0.000184s ]
INFO: [ app_init ] --END-- [ RunTime:0.002416s ]
ERR: 无法加载模块:Public

[ 2017-06-05T22:15:03+08:00 ] 127.0.0.1 /shop/Public/Admin/js/jquery-1.8.3.min.js
INFO: [ app_init ] --START--
INFO: Run Behavior\BuildLiteBehavior [ RunTime:0.000286s ]
INFO: [ app_init ] --END-- [ RunTime:0.005193s ]
ERR: 无法加载模块:Public

[ 2017-06-05T22:16:55+08:00 ] 127.0.0.1 /shop/Public/Admin/js/jquery-1.8.3.min.js
INFO: [ app_init ] --START--
INFO: Run Behavior\BuildLiteBehavior [ RunTime:0.000199s ]
INFO: [ app_init ] --END-- [ RunTime:0.003068s ]
ERR: 无法加载模块:Public

[ 2017-06-05T22:17:18+08:00 ] 127.0.0.1 /shop/Public/Admin/js/jquery-1.8.3.min.js
INFO: [ app_init ] --START--
INFO: Run Behavior\BuildLiteBehavior [ RunTime:0.000111s ]
INFO: [ app_init ] --END-- [ RunTime:0.001657s ]
ERR: 无法加载模块:Public

[ 2017-06-05T22:18:34+08:00 ] 127.0.0.1 /shop/Public/Admin/js/jquery-1.8.3.min.js
INFO: [ app_init ] --START--
INFO: Run Behavior\BuildLiteBehavior [ RunTime:0.000114s ]
INFO: [ app_init ] --END-- [ RunTime:0.002272s ]
ERR: 无法加载模块:Public

[ 2017-06-05T22:18:36+08:00 ] 127.0.0.1 /shop/Public/Admin/js/jquery-1.8.3.min.js
INFO: [ app_init ] --START--
INFO: Run Behavior\BuildLiteBehavior [ RunTime:0.000191s ]
INFO: [ app_init ] --END-- [ RunTime:0.003035s ]
ERR: 无法加载模块:Public

[ 2017-06-05T22:32:26+08:00 ] 127.0.0.1 /shop/Public/Admin/js/jquery-1.8.3.min.js
INFO: [ app_init ] --START--
INFO: Run Behavior\BuildLiteBehavior [ RunTime:0.000110s ]
INFO: [ app_init ] --END-- [ RunTime:0.001806s ]
ERR: 无法加载模块:Public

[ 2017-06-05T22:33:52+08:00 ] 127.0.0.1 /shop/Public/Admin/js/jquery-1.8.3.min.js
INFO: [ app_init ] --START--
INFO: Run Behavior\BuildLiteBehavior [ RunTime:0.000134s ]
INFO: [ app_init ] --END-- [ RunTime:0.001736s ]
ERR: 无法加载模块:Public

[ 2017-06-05T22:35:46+08:00 ] 127.0.0.1 /shop/Public/Admin/js/jquery-1.8.3.min.js
INFO: [ app_init ] --START--
INFO: Run Behavior\BuildLiteBehavior [ RunTime:0.000107s ]
INFO: [ app_init ] --END-- [ RunTime:0.001808s ]
ERR: 无法加载模块:Public

[ 2017-06-05T22:36:01+08:00 ] 127.0.0.1 /shop/Public/Admin/js/jquery-1.8.3.min.js
INFO: [ app_init ] --START--
INFO: Run Behavior\BuildLiteBehavior [ RunTime:0.000112s ]
INFO: [ app_init ] --END-- [ RunTime:0.001960s ]
ERR: 无法加载模块:Public

[ 2017-06-05T22:36:36+08:00 ] 127.0.0.1 /shop/Public/Admin/js/jquery-1.8.3.min.js
INFO: [ app_init ] --START--
INFO: Run Behavior\BuildLiteBehavior [ RunTime:0.000110s ]
INFO: [ app_init ] --END-- [ RunTime:0.001779s ]
ERR: 无法加载模块:Public

[ 2017-06-05T22:44:49+08:00 ] 127.0.0.1 /shop/Public/Admin/js/jquery-1.8.3.min.js
INFO: [ app_init ] --START--
INFO: Run Behavior\BuildLiteBehavior [ RunTime:0.000226s ]
INFO: [ app_init ] --END-- [ RunTime:0.002572s ]
ERR: 无法加载模块:Public

[ 2017-06-05T22:45:37+08:00 ] 127.0.0.1 /shop/Public/Admin/js/jquery.min.map
INFO: [ app_init ] --START--
INFO: Run Behavior\BuildLiteBehavior [ RunTime:0.000185s ]
INFO: [ app_init ] --END-- [ RunTime:0.002577s ]
ERR: 无法加载模块:Public

[ 2017-06-05T22:46:35+08:00 ] 127.0.0.1 /shop/Public/Admin/js/jquery.min.map
INFO: [ app_init ] --START--
INFO: Run Behavior\BuildLiteBehavior [ RunTime:0.000182s ]
INFO: [ app_init ] --END-- [ RunTime:0.003543s ]
ERR: 无法加载模块:Public

[ 2017-06-05T22:47:55+08:00 ] 127.0.0.1 /shop/Public/Admin/js/jquery.min.map
INFO: [ app_init ] --START--
INFO: Run Behavior\BuildLiteBehavior [ RunTime:0.000244s ]
INFO: [ app_init ] --END-- [ RunTime:0.003235s ]
ERR: 无法加载模块:Public

[ 2017-06-05T22:48:33+08:00 ] 127.0.0.1 /shop/Public/Admin/js/jquery.min.map
INFO: [ app_init ] --START--
INFO: Run Behavior\BuildLiteBehavior [ RunTime:0.000114s ]
INFO: [ app_init ] --END-- [ RunTime:0.001923s ]
ERR: 无法加载模块:Public

[ 2017-06-05T22:48:56+08:00 ] 127.0.0.1 /shop/Public/Admin/js/jquery.min.map
INFO: [ app_init ] --START--
INFO: Run Behavior\BuildLiteBehavior [ RunTime:0.000112s ]
INFO: [ app_init ] --END-- [ RunTime:0.001740s ]
ERR: 无法加载模块:Public

[ 2017-06-05T22:48:58+08:00 ] 127.0.0.1 /shop/Public/Admin/js/jquery.min.map
INFO: [ app_init ] --START--
INFO: Run Behavior\BuildLiteBehavior [ RunTime:0.000110s ]
INFO: [ app_init ] --END-- [ RunTime:0.001877s ]
ERR: 无法加载模块:Public

[ 2017-06-05T22:49:08+08:00 ] 127.0.0.1 /shop/Public/Admin/js/jquery.min.map
INFO: [ app_init ] --START--
INFO: Run Behavior\BuildLiteBehavior [ RunTime:0.000197s ]
INFO: [ app_init ] --END-- [ RunTime:0.002644s ]
ERR: 无法加载模块:Public

[ 2017-06-05T22:49:10+08:00 ] 127.0.0.1 /shop/Public/Admin/js/jquery.min.map
INFO: [ app_init ] --START--
INFO: Run Behavior\BuildLiteBehavior [ RunTime:0.000204s ]
INFO: [ app_init ] --END-- [ RunTime:0.008125s ]
ERR: 无法加载模块:Public

[ 2017-06-05T22:50:23+08:00 ] 127.0.0.1 /shop/Public/Admin/js/jquery.min.map
INFO: [ app_init ] --START--
INFO: Run Behavior\BuildLiteBehavior [ RunTime:0.000184s ]
INFO: [ app_init ] --END-- [ RunTime:0.001988s ]
ERR: 无法加载模块:Public

[ 2017-06-05T22:51:24+08:00 ] 127.0.0.1 /shop/Public/Admin/js/jquery.min.map
INFO: [ app_init ] --START--
INFO: Run Behavior\BuildLiteBehavior [ RunTime:0.000168s ]
INFO: [ app_init ] --END-- [ RunTime:0.002389s ]
ERR: 无法加载模块:Public

[ 2017-06-05T22:52:50+08:00 ] 127.0.0.1 /shop/Public/Admin/js/jquery.min.map
INFO: [ app_init ] --START--
INFO: Run Behavior\BuildLiteBehavior [ RunTime:0.000123s ]
INFO: [ app_init ] --END-- [ RunTime:0.002182s ]
ERR: 无法加载模块:Public

[ 2017-06-05T22:55:20+08:00 ] 127.0.0.1 /shop/Public/Admin/js/jquery.min.map
INFO: [ app_init ] --START--
INFO: Run Behavior\BuildLiteBehavior [ RunTime:0.000112s ]
INFO: [ app_init ] --END-- [ RunTime:0.001685s ]
ERR: 无法加载模块:Public

[ 2017-06-05T22:55:29+08:00 ] 127.0.0.1 /shop/Public/Admin/js/jquery.min.map
INFO: [ app_init ] --START--
INFO: Run Behavior\BuildLiteBehavior [ RunTime:0.000175s ]
INFO: [ app_init ] --END-- [ RunTime:0.002294s ]
ERR: 无法加载模块:Public

[ 2017-06-05T22:59:31+08:00 ] 127.0.0.1 /shop/Public/Admin/js/jquery.min.map
INFO: [ app_init ] --START--
INFO: Run Behavior\BuildLiteBehavior [ RunTime:0.000352s ]
INFO: [ app_init ] --END-- [ RunTime:0.002312s ]
ERR: 无法加载模块:Public

[ 2017-06-05T23:03:33+08:00 ] 127.0.0.1 /shop/Public/Admin/js/jquery.min.map
INFO: [ app_init ] --START--
INFO: Run Behavior\BuildLiteBehavior [ RunTime:0.000109s ]
INFO: [ app_init ] --END-- [ RunTime:0.001798s ]
ERR: 无法加载模块:Public

[ 2017-06-05T23:03:38+08:00 ] 127.0.0.1 /shop/Public/Admin/js/jquery.min.map
INFO: [ app_init ] --START--
INFO: Run Behavior\BuildLiteBehavior [ RunTime:0.000343s ]
INFO: [ app_init ] --END-- [ RunTime:0.007033s ]
ERR: 无法加载模块:Public

[ 2017-06-05T23:03:48+08:00 ] 127.0.0.1 /shop/Public/Admin/js/jquery.min.map
INFO: [ app_init ] --START--
INFO: Run Behavior\BuildLiteBehavior [ RunTime:0.000117s ]
INFO: [ app_init ] --END-- [ RunTime:0.001591s ]
ERR: 无法加载模块:Public

[ 2017-06-05T23:03:56+08:00 ] 127.0.0.1 /shop/Public/Admin/js/jquery.min.map
INFO: [ app_init ] --START--
INFO: Run Behavior\BuildLiteBehavior [ RunTime:0.000108s ]
INFO: [ app_init ] --END-- [ RunTime:0.001627s ]
ERR: 无法加载模块:Public

[ 2017-06-05T23:05:17+08:00 ] 127.0.0.1 /shop/Public/Admin/js/jquery.min.map
INFO: [ app_init ] --START--
INFO: Run Behavior\BuildLiteBehavior [ RunTime:0.000115s ]
INFO: [ app_init ] --END-- [ RunTime:0.003402s ]
ERR: 无法加载模块:Public

[ 2017-06-05T23:06:09+08:00 ] 127.0.0.1 /shop/Public/Admin/js/jquery.min.map
INFO: [ app_init ] --START--
INFO: Run Behavior\BuildLiteBehavior [ RunTime:0.000120s ]
INFO: [ app_init ] --END-- [ RunTime:0.002966s ]
ERR: 无法加载模块:Public

[ 2017-06-05T23:06:41+08:00 ] 127.0.0.1 /shop/Public/Admin/js/jquery.min.map
INFO: [ app_init ] --START--
INFO: Run Behavior\BuildLiteBehavior [ RunTime:0.002423s ]
INFO: [ app_init ] --END-- [ RunTime:0.010578s ]
ERR: 无法加载模块:Public

[ 2017-06-05T23:06:55+08:00 ] 127.0.0.1 /shop/Public/Admin/js/jquery.min.map
INFO: [ app_init ] --START--
INFO: Run Behavior\BuildLiteBehavior [ RunTime:0.000185s ]
INFO: [ app_init ] --END-- [ RunTime:0.001815s ]
ERR: 无法加载模块:Public

[ 2017-06-05T23:07:22+08:00 ] 127.0.0.1 /shop/Public/Admin/js/jquery.min.map
INFO: [ app_init ] --START--
INFO: Run Behavior\BuildLiteBehavior [ RunTime:0.000171s ]
INFO: [ app_init ] --END-- [ RunTime:0.002366s ]
ERR: 无法加载模块:Public

[ 2017-06-05T23:07:26+08:00 ] 127.0.0.1 /shop/Public/Admin/js/jquery.min.map
INFO: [ app_init ] --START--
INFO: Run Behavior\BuildLiteBehavior [ RunTime:0.000190s ]
INFO: [ app_init ] --END-- [ RunTime:0.002482s ]
ERR: 无法加载模块:Public

[ 2017-06-05T23:10:54+08:00 ] 127.0.0.1 /shop/Public/Admin/js/jquery.min.map
INFO: [ app_init ] --START--
INFO: Run Behavior\BuildLiteBehavior [ RunTime:0.000216s ]
INFO: [ app_init ] --END-- [ RunTime:0.007565s ]
ERR: 无法加载模块:Public

[ 2017-06-05T23:11:27+08:00 ] 127.0.0.1 /shop/Public/Admin/js/jquery.min.map
INFO: [ app_init ] --START--
INFO: Run Behavior\BuildLiteBehavior [ RunTime:0.000110s ]
INFO: [ app_init ] --END-- [ RunTime:0.001867s ]
ERR: 无法加载模块:Public

[ 2017-06-05T23:12:46+08:00 ] 127.0.0.1 /shop/Public/Admin/js/jquery.min.map
INFO: [ app_init ] --START--
INFO: Run Behavior\BuildLiteBehavior [ RunTime:0.000205s ]
INFO: [ app_init ] --END-- [ RunTime:0.004541s ]
ERR: 无法加载模块:Public

[ 2017-06-05T23:12:55+08:00 ] 127.0.0.1 /shop/Public/Admin/js/jquery.min.map
INFO: [ app_init ] --START--
INFO: Run Behavior\BuildLiteBehavior [ RunTime:0.000201s ]
INFO: [ app_init ] --END-- [ RunTime:0.008559s ]
ERR: 无法加载模块:Public

[ 2017-06-05T23:14:46+08:00 ] 127.0.0.1 /shop/Public/Admin/js/jquery.min.map
INFO: [ app_init ] --START--
INFO: Run Behavior\BuildLiteBehavior [ RunTime:0.000174s ]
INFO: [ app_init ] --END-- [ RunTime:0.002078s ]
ERR: 无法加载模块:Public

[ 2017-06-05T23:14:50+08:00 ] 127.0.0.1 /shop/Public/Admin/js/jquery.min.map
INFO: [ app_init ] --START--
INFO: Run Behavior\BuildLiteBehavior [ RunTime:0.000593s ]
INFO: [ app_init ] --END-- [ RunTime:0.004450s ]
ERR: 无法加载模块:Public

[ 2017-06-05T23:15:34+08:00 ] 127.0.0.1 /shop/Public/Admin/js/jquery.min.map
INFO: [ app_init ] --START--
INFO: Run Behavior\BuildLiteBehavior [ RunTime:0.000197s ]
INFO: [ app_init ] --END-- [ RunTime:0.003188s ]
ERR: 无法加载模块:Public

[ 2017-06-05T23:15:41+08:00 ] 127.0.0.1 /shop/Public/Admin/js/jquery.min.map
INFO: [ app_init ] --START--
INFO: Run Behavior\BuildLiteBehavior [ RunTime:0.003707s ]
INFO: [ app_init ] --END-- [ RunTime:0.008126s ]
ERR: 无法加载模块:Public

[ 2017-06-05T23:15:45+08:00 ] 127.0.0.1 /shop/Public/Admin/js/jquery.min.map
INFO: [ app_init ] --START--
INFO: Run Behavior\BuildLiteBehavior [ RunTime:0.000177s ]
INFO: [ app_init ] --END-- [ RunTime:0.002338s ]
ERR: 无法加载模块:Public

[ 2017-06-05T23:16:09+08:00 ] 127.0.0.1 /shop/Public/Admin/js/jquery.min.map
INFO: [ app_init ] --START--
INFO: Run Behavior\BuildLiteBehavior [ RunTime:0.000131s ]
INFO: [ app_init ] --END-- [ RunTime:0.002308s ]
ERR: 无法加载模块:Public

[ 2017-06-05T23:16:21+08:00 ] 127.0.0.1 /shop/Public/Admin/js/jquery.min.map
INFO: [ app_init ] --START--
INFO: Run Behavior\BuildLiteBehavior [ RunTime:0.000124s ]
INFO: [ app_init ] --END-- [ RunTime:0.001992s ]
ERR: 无法加载模块:Public

[ 2017-06-05T23:18:13+08:00 ] 127.0.0.1 /shop/Public/Admin/js/jquery.min.map
INFO: [ app_init ] --START--
INFO: Run Behavior\BuildLiteBehavior [ RunTime:0.000440s ]
INFO: [ app_init ] --END-- [ RunTime:0.006138s ]
ERR: 无法加载模块:Public

[ 2017-06-05T23:18:19+08:00 ] 127.0.0.1 /shop/Public/Admin/js/jquery.min.map
INFO: [ app_init ] --START--
INFO: Run Behavior\BuildLiteBehavior [ RunTime:0.000203s ]
INFO: [ app_init ] --END-- [ RunTime:0.003273s ]
ERR: 无法加载模块:Public

[ 2017-06-05T23:18:50+08:00 ] 127.0.0.1 /shop/Public/Admin/js/jquery.min.map
INFO: [ app_init ] --START--
INFO: Run Behavior\BuildLiteBehavior [ RunTime:0.000142s ]
INFO: [ app_init ] --END-- [ RunTime:0.002220s ]
ERR: 无法加载模块:Public

[ 2017-06-05T23:25:10+08:00 ] 127.0.0.1 /shop/Public/Admin/js/jquery.min.map
INFO: [ app_init ] --START--
INFO: Run Behavior\BuildLiteBehavior [ RunTime:0.000217s ]
INFO: [ app_init ] --END-- [ RunTime:0.005066s ]
ERR: 无法加载模块:Public

[ 2017-06-05T23:25:19+08:00 ] 127.0.0.1 /shop/Public/Admin/js/jquery.min.map
INFO: [ app_init ] --START--
INFO: Run Behavior\BuildLiteBehavior [ RunTime:0.000203s ]
INFO: [ app_init ] --END-- [ RunTime:0.003356s ]
ERR: 无法加载模块:Public

[ 2017-06-05T23:27:20+08:00 ] 127.0.0.1 /shop/Public/Admin/js/jquery.min.map
INFO: [ app_init ] --START--
INFO: Run Behavior\BuildLiteBehavior [ RunTime:0.000188s ]
INFO: [ app_init ] --END-- [ RunTime:0.002425s ]
ERR: 无法加载模块:Public

[ 2017-06-05T23:27:52+08:00 ] 127.0.0.1 /shop/Public/Admin/js/jquery.min.map
INFO: [ app_init ] --START--
INFO: Run Behavior\BuildLiteBehavior [ RunTime:0.000191s ]
INFO: [ app_init ] --END-- [ RunTime:0.005167s ]
ERR: 无法加载模块:Public

[ 2017-06-05T23:28:10+08:00 ] 127.0.0.1 /shop/Public/Admin/js/jquery.min.map
INFO: [ app_init ] --START--
INFO: Run Behavior\BuildLiteBehavior [ RunTime:0.000178s ]
INFO: [ app_init ] --END-- [ RunTime:0.002485s ]
ERR: 无法加载模块:Public

[ 2017-06-05T23:29:06+08:00 ] 127.0.0.1 /shop/Public/Admin/js/jquery.min.map
INFO: [ app_init ] --START--
INFO: Run Behavior\BuildLiteBehavior [ RunTime:0.000198s ]
INFO: [ app_init ] --END-- [ RunTime:0.008145s ]
ERR: 无法加载模块:Public

[ 2017-06-05T23:31:16+08:00 ] 127.0.0.1 /shop/Public/Admin/js/jquery.min.map
INFO: [ app_init ] --START--
INFO: Run Behavior\BuildLiteBehavior [ RunTime:0.000177s ]
INFO: [ app_init ] --END-- [ RunTime:0.002477s ]
ERR: 无法加载模块:Public

[ 2017-06-05T23:32:17+08:00 ] 127.0.0.1 /shop/Public/Admin/js/jquery.min.map
INFO: [ app_init ] --START--
INFO: Run Behavior\BuildLiteBehavior [ RunTime:0.000228s ]
INFO: [ app_init ] --END-- [ RunTime:0.010633s ]
ERR: 无法加载模块:Public

[ 2017-06-05T23:32:53+08:00 ] 127.0.0.1 /shop/Public/Admin/js/jquery.min.map
INFO: [ app_init ] --START--
INFO: Run Behavior\BuildLiteBehavior [ RunTime:0.000235s ]
INFO: [ app_init ] --END-- [ RunTime:0.006440s ]
ERR: 无法加载模块:Public

[ 2017-06-05T23:33:10+08:00 ] 127.0.0.1 /shop/Public/Admin/js/jquery.min.map
INFO: [ app_init ] --START--
INFO: Run Behavior\BuildLiteBehavior [ RunTime:0.000217s ]
INFO: [ app_init ] --END-- [ RunTime:0.012382s ]
ERR: 无法加载模块:Public

[ 2017-06-05T23:52:16+08:00 ] 127.0.0.1 /shop/Public/Admin/js/jquery.min.map
INFO: [ app_init ] --START--
INFO: Run Behavior\BuildLiteBehavior [ RunTime:0.000172s ]
INFO: [ app_init ] --END-- [ RunTime:0.002510s ]
ERR: 无法加载模块:Public

[ 2017-06-05T23:56:33+08:00 ] 127.0.0.1 /shop/Public/Admin/js/jquery.min.map
INFO: [ app_init ] --START--
INFO: Run Behavior\BuildLiteBehavior [ RunTime:0.000184s ]
INFO: [ app_init ] --END-- [ RunTime:0.003751s ]
ERR: 无法加载模块:Public

