[ 2017-06-08T09:40:34+08:00 ] 127.0.0.1 /shop/images/biao6.gif
INFO: [ app_init ] --START--
INFO: Run Behavior\BuildLiteBehavior [ RunTime:0.000150s ]
INFO: [ app_init ] --END-- [ RunTime:0.033700s ]
ERR: 无法加载模块:Images

[ 2017-06-08T09:40:34+08:00 ] 127.0.0.1 /shop/images/biao3.gif
INFO: [ app_init ] --START--
INFO: Run Behavior\BuildLiteBehavior [ RunTime:0.000138s ]
INFO: [ app_init ] --END-- [ RunTime:0.006830s ]
ERR: 无法加载模块:Images

[ 2017-06-08T09:40:34+08:00 ] 127.0.0.1 /shop/images/top_1.gif
INFO: [ app_init ] --START--
INFO: Run Behavior\BuildLiteBehavior [ RunTime:0.000141s ]
INFO: [ app_init ] --END-- [ RunTime:0.003749s ]
ERR: 无法加载模块:Images

[ 2017-06-08T09:40:34+08:00 ] 127.0.0.1 /shop/images/3_thumb_G_1241422082679.jpg
INFO: [ app_init ] --START--
INFO: Run Behavior\BuildLiteBehavior [ RunTime:0.000173s ]
INFO: [ app_init ] --END-- [ RunTime:0.003725s ]
ERR: 无法加载模块:Images

[ 2017-06-08T09:40:34+08:00 ] 127.0.0.1 /shop/images/top_2.gif
INFO: [ app_init ] --START--
INFO: Run Behavior\BuildLiteBehavior [ RunTime:0.002068s ]
INFO: [ app_init ] --END-- [ RunTime:0.004906s ]
ERR: 无法加载模块:Images

[ 2017-06-08T09:40:34+08:00 ] 127.0.0.1 /shop/images/24_thumb_G_1241971981429.jpg
INFO: [ app_init ] --START--
INFO: Run Behavior\BuildLiteBehavior [ RunTime:0.000143s ]
INFO: [ app_init ] --END-- [ RunTime:0.003007s ]
ERR: 无法加载模块:Images

[ 2017-06-08T09:40:34+08:00 ] 127.0.0.1 /shop/images/top_4.gif
INFO: [ app_init ] --START--
INFO: Run Behavior\BuildLiteBehavior [ RunTime:0.000144s ]
INFO: [ app_init ] --END-- [ RunTime:0.046508s ]
ERR: 无法加载模块:Images

[ 2017-06-08T09:40:34+08:00 ] 127.0.0.1 /shop/images/top_3.gif
INFO: [ app_init ] --START--
INFO: Run Behavior\BuildLiteBehavior [ RunTime:0.000131s ]
INFO: [ app_init ] --END-- [ RunTime:0.041443s ]
ERR: 无法加载模块:Images

[ 2017-06-08T09:40:34+08:00 ] 127.0.0.1 /shop/images/12_thumb_G_1241965978410.jpg
INFO: [ app_init ] --START--
INFO: Run Behavior\BuildLiteBehavior [ RunTime:0.000183s ]
INFO: [ app_init ] --END-- [ RunTime:0.002723s ]
ERR: 无法加载模块:Images

[ 2017-06-08T09:40:34+08:00 ] 127.0.0.1 /shop/images/top_5.gif
INFO: [ app_init ] --START--
INFO: Run Behavior\BuildLiteBehavior [ RunTime:0.000143s ]
INFO: [ app_init ] --END-- [ RunTime:0.005230s ]
ERR: 无法加载模块:Images

[ 2017-06-08T09:40:35+08:00 ] 127.0.0.1 /shop/images/top_6.gif
INFO: [ app_init ] --START--
INFO: Run Behavior\BuildLiteBehavior [ RunTime:0.000145s ]
INFO: [ app_init ] --END-- [ RunTime:0.002342s ]
ERR: 无法加载模块:Images

[ 2017-06-08T09:40:35+08:00 ] 127.0.0.1 /shop/images/top_7.gif
INFO: [ app_init ] --START--
INFO: Run Behavior\BuildLiteBehavior [ RunTime:0.000135s ]
INFO: [ app_init ] --END-- [ RunTime:0.002131s ]
ERR: 无法加载模块:Images

[ 2017-06-08T09:40:35+08:00 ] 127.0.0.1 /shop/images/1240802922410634065.gif
INFO: [ app_init ] --START--
INFO: Run Behavior\BuildLiteBehavior [ RunTime:0.000156s ]
INFO: [ app_init ] --END-- [ RunTime:0.007254s ]
ERR: 无法加载模块:Images

[ 2017-06-08T09:40:35+08:00 ] 127.0.0.1 /shop/images/111.jpg
INFO: [ app_init ] --START--
INFO: Run Behavior\BuildLiteBehavior [ RunTime:0.000128s ]
INFO: [ app_init ] --END-- [ RunTime:0.002027s ]
ERR: 无法加载模块:Images

[ 2017-06-08T09:40:35+08:00 ] 127.0.0.1 /shop/images/1240803062307572427.gif
INFO: [ app_init ] --START--
INFO: Run Behavior\BuildLiteBehavior [ RunTime:0.000145s ]
INFO: [ app_init ] --END-- [ RunTime:0.002217s ]
ERR: 无法加载模块:Images

[ 2017-06-08T09:40:35+08:00 ] 127.0.0.1 /shop/images/8_thumb_G_1241425513488.jpg
INFO: [ app_init ] --START--
INFO: Run Behavior\BuildLiteBehavior [ RunTime:0.000132s ]
INFO: [ app_init ] --END-- [ RunTime:0.002083s ]
ERR: 无法加载模块:Images

[ 2017-06-08T09:40:35+08:00 ] 127.0.0.1 /shop/images/1_thumb_G_1240902890710.jpg
INFO: [ app_init ] --START--
INFO: Run Behavior\BuildLiteBehavior [ RunTime:0.000135s ]
INFO: [ app_init ] --END-- [ RunTime:0.002019s ]
ERR: 无法加载模块:Images

[ 2017-06-08T09:40:35+08:00 ] 127.0.0.1 /shop/images/1240803144788047486.gif
INFO: [ app_init ] --START--
INFO: Run Behavior\BuildLiteBehavior [ RunTime:0.000169s ]
INFO: [ app_init ] --END-- [ RunTime:0.002635s ]
ERR: 无法加载模块:Images

[ 2017-06-08T09:40:35+08:00 ] 127.0.0.1 /shop/images/9_thumb_G_1241511871555.jpg
INFO: [ app_init ] --START--
INFO: Run Behavior\BuildLiteBehavior [ RunTime:0.000137s ]
INFO: [ app_init ] --END-- [ RunTime:0.002151s ]
ERR: 无法加载模块:Images

[ 2017-06-08T09:40:35+08:00 ] 127.0.0.1 /shop/Public/Home/images/ecmoban_link.jpg
INFO: [ app_init ] --START--
INFO: Run Behavior\BuildLiteBehavior [ RunTime:0.000146s ]
INFO: [ app_init ] --END-- [ RunTime:0.002236s ]
ERR: 无法加载模块:Public

[ 2017-06-08T09:40:35+08:00 ] 127.0.0.1 /shop/Public/Home/images/yongda_logo.gif
INFO: [ app_init ] --START--
INFO: Run Behavior\BuildLiteBehavior [ RunTime:0.000144s ]
INFO: [ app_init ] --END-- [ RunTime:0.002052s ]
ERR: 无法加载模块:Public

[ 2017-06-08T09:40:35+08:00 ] 127.0.0.1 /shop/images/sousuo.gif
INFO: [ app_init ] --START--
INFO: Run Behavior\BuildLiteBehavior [ RunTime:0.000135s ]
INFO: [ app_init ] --END-- [ RunTime:0.002347s ]
ERR: 无法加载模块:Images

[ 2017-06-08T10:03:46+08:00 ] 127.0.0.1 /shop/Public/Home/images/yongda_logo.gif
INFO: [ app_init ] --START--
INFO: Run Behavior\BuildLiteBehavior [ RunTime:0.000145s ]
INFO: [ app_init ] --END-- [ RunTime:0.002982s ]
ERR: 无法加载模块:Public

[ 2017-06-08T10:03:46+08:00 ] 127.0.0.1 /shop/Public/Home/images/ecmoban_link.jpg
INFO: [ app_init ] --START--
INFO: Run Behavior\BuildLiteBehavior [ RunTime:0.000189s ]
INFO: [ app_init ] --END-- [ RunTime:0.002384s ]
ERR: 无法加载模块:Public

[ 2017-06-08T10:04:12+08:00 ] 127.0.0.1 /shop/Public/Home/images/ecmoban_link.jpg
INFO: [ app_init ] --START--
INFO: Run Behavior\BuildLiteBehavior [ RunTime:0.000148s ]
INFO: [ app_init ] --END-- [ RunTime:0.003976s ]
ERR: 无法加载模块:Public

[ 2017-06-08T10:04:12+08:00 ] 127.0.0.1 /shop/Public/Home/images/yongda_logo.gif
INFO: [ app_init ] --START--
INFO: Run Behavior\BuildLiteBehavior [ RunTime:0.000157s ]
INFO: [ app_init ] --END-- [ RunTime:0.038886s ]
ERR: 无法加载模块:Public

[ 2017-06-08T19:58:05+08:00 ] 127.0.0.1 /shop/images/biao6.gif
INFO: [ app_init ] --START--
INFO: Run Behavior\BuildLiteBehavior [ RunTime:0.000134s ]
INFO: [ app_init ] --END-- [ RunTime:0.002074s ]
ERR: 无法加载模块:Images

[ 2017-06-08T19:58:05+08:00 ] 127.0.0.1 /shop/images/top_2.gif
INFO: [ app_init ] --START--
INFO: Run Behavior\BuildLiteBehavior [ RunTime:0.000139s ]
INFO: [ app_init ] --END-- [ RunTime:0.002366s ]
ERR: 无法加载模块:Images

[ 2017-06-08T19:58:05+08:00 ] 127.0.0.1 /shop/images/biao7.gif
INFO: [ app_init ] --START--
INFO: Run Behavior\BuildLiteBehavior [ RunTime:0.000142s ]
INFO: [ app_init ] --END-- [ RunTime:0.002312s ]
ERR: 无法加载模块:Images

[ 2017-06-08T19:58:05+08:00 ] 127.0.0.1 /shop/images/biao3.gif
INFO: [ app_init ] --START--
INFO: Run Behavior\BuildLiteBehavior [ RunTime:0.000135s ]
INFO: [ app_init ] --END-- [ RunTime:0.002647s ]
ERR: 无法加载模块:Images

[ 2017-06-08T19:58:05+08:00 ] 127.0.0.1 /shop/images/3_thumb_G_1241422082679.jpg
INFO: [ app_init ] --START--
INFO: Run Behavior\BuildLiteBehavior [ RunTime:0.000142s ]
INFO: [ app_init ] --END-- [ RunTime:0.004905s ]
ERR: 无法加载模块:Images

[ 2017-06-08T19:58:05+08:00 ] 127.0.0.1 /shop/images/24_thumb_G_1241971981429.jpg
INFO: [ app_init ] --START--
INFO: Run Behavior\BuildLiteBehavior [ RunTime:0.000144s ]
INFO: [ app_init ] --END-- [ RunTime:0.003201s ]
ERR: 无法加载模块:Images

[ 2017-06-08T19:58:05+08:00 ] 127.0.0.1 /shop/images/12_thumb_G_1241965978410.jpg
INFO: [ app_init ] --START--
INFO: Run Behavior\BuildLiteBehavior [ RunTime:0.000153s ]
INFO: [ app_init ] --END-- [ RunTime:0.002171s ]
ERR: 无法加载模块:Images

[ 2017-06-08T19:58:05+08:00 ] 127.0.0.1 /shop/images/top_3.gif
INFO: [ app_init ] --START--
INFO: Run Behavior\BuildLiteBehavior [ RunTime:0.000138s ]
INFO: [ app_init ] --END-- [ RunTime:0.026506s ]
ERR: 无法加载模块:Images

[ 2017-06-08T19:58:05+08:00 ] 127.0.0.1 /shop/images/top_4.gif
INFO: [ app_init ] --START--
INFO: Run Behavior\BuildLiteBehavior [ RunTime:0.000137s ]
INFO: [ app_init ] --END-- [ RunTime:0.017722s ]
ERR: 无法加载模块:Images

[ 2017-06-08T19:58:06+08:00 ] 127.0.0.1 /shop/images/top_5.gif
INFO: [ app_init ] --START--
INFO: Run Behavior\BuildLiteBehavior [ RunTime:0.000136s ]
INFO: [ app_init ] --END-- [ RunTime:0.002047s ]
ERR: 无法加载模块:Images

[ 2017-06-08T19:58:06+08:00 ] 127.0.0.1 /shop/images/top_6.gif
INFO: [ app_init ] --START--
INFO: Run Behavior\BuildLiteBehavior [ RunTime:0.000139s ]
INFO: [ app_init ] --END-- [ RunTime:0.021304s ]
ERR: 无法加载模块:Images

[ 2017-06-08T19:58:06+08:00 ] 127.0.0.1 /shop/images/top_7.gif
INFO: [ app_init ] --START--
INFO: Run Behavior\BuildLiteBehavior [ RunTime:0.000136s ]
INFO: [ app_init ] --END-- [ RunTime:0.003613s ]
ERR: 无法加载模块:Images

[ 2017-06-08T19:58:06+08:00 ] 127.0.0.1 /shop/images/1240803062307572427.gif
INFO: [ app_init ] --START--
INFO: Run Behavior\BuildLiteBehavior [ RunTime:0.000212s ]
INFO: [ app_init ] --END-- [ RunTime:0.019839s ]
ERR: 无法加载模块:Images

[ 2017-06-08T19:58:06+08:00 ] 127.0.0.1 /shop/images/1240802922410634065.gif
INFO: [ app_init ] --START--
INFO: Run Behavior\BuildLiteBehavior [ RunTime:0.000145s ]
INFO: [ app_init ] --END-- [ RunTime:0.003372s ]
ERR: 无法加载模块:Images

[ 2017-06-08T19:58:06+08:00 ] 127.0.0.1 /shop/images/111.jpg
INFO: [ app_init ] --START--
INFO: Run Behavior\BuildLiteBehavior [ RunTime:0.000145s ]
INFO: [ app_init ] --END-- [ RunTime:0.002647s ]
ERR: 无法加载模块:Images

[ 2017-06-08T19:58:06+08:00 ] 127.0.0.1 /shop/images/1240803144788047486.gif
INFO: [ app_init ] --START--
INFO: Run Behavior\BuildLiteBehavior [ RunTime:0.000132s ]
INFO: [ app_init ] --END-- [ RunTime:0.003401s ]
ERR: 无法加载模块:Images

[ 2017-06-08T19:58:06+08:00 ] 127.0.0.1 /shop/images/8_thumb_G_1241425513488.jpg
INFO: [ app_init ] --START--
INFO: Run Behavior\BuildLiteBehavior [ RunTime:0.000136s ]
INFO: [ app_init ] --END-- [ RunTime:0.002139s ]
ERR: 无法加载模块:Images

[ 2017-06-08T19:58:06+08:00 ] 127.0.0.1 /shop/images/9_thumb_G_1241511871555.jpg
INFO: [ app_init ] --START--
INFO: Run Behavior\BuildLiteBehavior [ RunTime:0.000143s ]
INFO: [ app_init ] --END-- [ RunTime:0.002191s ]
ERR: 无法加载模块:Images

[ 2017-06-08T19:58:06+08:00 ] 127.0.0.1 /shop/images/1_thumb_G_1240902890710.jpg
INFO: [ app_init ] --START--
INFO: Run Behavior\BuildLiteBehavior [ RunTime:0.000139s ]
INFO: [ app_init ] --END-- [ RunTime:0.003493s ]
ERR: 无法加载模块:Images

[ 2017-06-08T19:58:06+08:00 ] 127.0.0.1 /shop/Public/Home/images/yongda_logo.gif
INFO: [ app_init ] --START--
INFO: Run Behavior\BuildLiteBehavior [ RunTime:0.000130s ]
INFO: [ app_init ] --END-- [ RunTime:0.007242s ]
ERR: 无法加载模块:Public

[ 2017-06-08T19:58:06+08:00 ] 127.0.0.1 /shop/Public/Home/images/ecmoban_link.jpg
INFO: [ app_init ] --START--
INFO: Run Behavior\BuildLiteBehavior [ RunTime:0.000156s ]
INFO: [ app_init ] --END-- [ RunTime:0.002017s ]
ERR: 无法加载模块:Public

[ 2017-06-08T19:58:16+08:00 ] 127.0.0.1 /shop/Public/Home/images/yongda_logo.gif
INFO: [ app_init ] --START--
INFO: Run Behavior\BuildLiteBehavior [ RunTime:0.000138s ]
INFO: [ app_init ] --END-- [ RunTime:0.003626s ]
ERR: 无法加载模块:Public

[ 2017-06-08T19:58:16+08:00 ] 127.0.0.1 /shop/Public/Home/images/ecmoban_link.jpg
INFO: [ app_init ] --START--
INFO: Run Behavior\BuildLiteBehavior [ RunTime:0.000142s ]
INFO: [ app_init ] --END-- [ RunTime:0.002299s ]
ERR: 无法加载模块:Public

[ 2017-06-08T19:58:23+08:00 ] 127.0.0.1 /shop/Public/Home/images/yongda_logo.gif
INFO: [ app_init ] --START--
INFO: Run Behavior\BuildLiteBehavior [ RunTime:0.000149s ]
INFO: [ app_init ] --END-- [ RunTime:0.006392s ]
ERR: 无法加载模块:Public

[ 2017-06-08T19:58:23+08:00 ] 127.0.0.1 /shop/Public/Home/images/ecmoban_link.jpg
INFO: [ app_init ] --START--
INFO: Run Behavior\BuildLiteBehavior [ RunTime:0.000157s ]
INFO: [ app_init ] --END-- [ RunTime:0.002801s ]
ERR: 无法加载模块:Public

[ 2017-06-08T19:58:32+08:00 ] 127.0.0.1 /shop/images/top_1.gif
INFO: [ app_init ] --START--
INFO: Run Behavior\BuildLiteBehavior [ RunTime:0.000153s ]
INFO: [ app_init ] --END-- [ RunTime:0.013034s ]
ERR: 无法加载模块:Images

[ 2017-06-08T19:58:32+08:00 ] 127.0.0.1 /shop/images/biao6.gif
INFO: [ app_init ] --START--
INFO: Run Behavior\BuildLiteBehavior [ RunTime:0.000146s ]
INFO: [ app_init ] --END-- [ RunTime:0.028626s ]
ERR: 无法加载模块:Images

[ 2017-06-08T19:58:32+08:00 ] 127.0.0.1 /shop/images/top_2.gif
INFO: [ app_init ] --START--
INFO: Run Behavior\BuildLiteBehavior [ RunTime:0.000145s ]
INFO: [ app_init ] --END-- [ RunTime:0.053887s ]
ERR: 无法加载模块:Images

[ 2017-06-08T19:58:32+08:00 ] 127.0.0.1 /shop/images/biao3.gif
INFO: [ app_init ] --START--
INFO: Run Behavior\BuildLiteBehavior [ RunTime:0.000141s ]
INFO: [ app_init ] --END-- [ RunTime:0.002221s ]
ERR: 无法加载模块:Images

[ 2017-06-08T19:58:32+08:00 ] 127.0.0.1 /shop/images/3_thumb_G_1241422082679.jpg
INFO: [ app_init ] --START--
INFO: Run Behavior\BuildLiteBehavior [ RunTime:0.000148s ]
INFO: [ app_init ] --END-- [ RunTime:0.033979s ]
ERR: 无法加载模块:Images

[ 2017-06-08T19:58:32+08:00 ] 127.0.0.1 /shop/images/24_thumb_G_1241971981429.jpg
INFO: [ app_init ] --START--
INFO: Run Behavior\BuildLiteBehavior [ RunTime:0.000171s ]
INFO: [ app_init ] --END-- [ RunTime:0.003325s ]
ERR: 无法加载模块:Images

[ 2017-06-08T19:58:32+08:00 ] 127.0.0.1 /shop/images/biao7.gif
INFO: [ app_init ] --START--
INFO: Run Behavior\BuildLiteBehavior [ RunTime:0.000147s ]
INFO: [ app_init ] --END-- [ RunTime:0.050828s ]
ERR: 无法加载模块:Images

[ 2017-06-08T19:58:32+08:00 ] 127.0.0.1 /shop/images/111.jpg
INFO: [ app_init ] --START--
INFO: Run Behavior\BuildLiteBehavior [ RunTime:0.000541s ]
INFO: [ app_init ] --END-- [ RunTime:0.002498s ]
ERR: 无法加载模块:Images

[ 2017-06-08T19:58:32+08:00 ] 127.0.0.1 /shop/images/1_thumb_G_1240902890710.jpg
INFO: [ app_init ] --START--
INFO: Run Behavior\BuildLiteBehavior [ RunTime:0.000146s ]
INFO: [ app_init ] --END-- [ RunTime:0.002893s ]
ERR: 无法加载模块:Images

[ 2017-06-08T19:58:32+08:00 ] 127.0.0.1 /shop/images/sousuo.gif
INFO: [ app_init ] --START--
INFO: Run Behavior\BuildLiteBehavior [ RunTime:0.000160s ]
INFO: [ app_init ] --END-- [ RunTime:0.003179s ]
ERR: 无法加载模块:Images

[ 2017-06-08T19:58:32+08:00 ] 127.0.0.1 /shop/images/9_thumb_G_1241511871555.jpg
INFO: [ app_init ] --START--
INFO: Run Behavior\BuildLiteBehavior [ RunTime:0.005022s ]
INFO: [ app_init ] --END-- [ RunTime:0.007132s ]
ERR: 无法加载模块:Images

[ 2017-06-08T19:58:32+08:00 ] 127.0.0.1 /shop/images/8_thumb_G_1241425513488.jpg
INFO: [ app_init ] --START--
INFO: Run Behavior\BuildLiteBehavior [ RunTime:0.000152s ]
INFO: [ app_init ] --END-- [ RunTime:0.006130s ]
ERR: 无法加载模块:Images

[ 2017-06-08T19:58:32+08:00 ] 127.0.0.1 /shop/images/12_thumb_G_1241965978410.jpg
INFO: [ app_init ] --START--
INFO: Run Behavior\BuildLiteBehavior [ RunTime:0.000132s ]
INFO: [ app_init ] --END-- [ RunTime:0.002095s ]
ERR: 无法加载模块:Images

[ 2017-06-08T19:58:32+08:00 ] 127.0.0.1 /shop/images/top_7.gif
INFO: [ app_init ] --START--
INFO: Run Behavior\BuildLiteBehavior [ RunTime:0.000163s ]
INFO: [ app_init ] --END-- [ RunTime:0.027260s ]
ERR: 无法加载模块:Images

[ 2017-06-08T19:58:32+08:00 ] 127.0.0.1 /shop/images/1240803062307572427.gif
INFO: [ app_init ] --START--
INFO: Run Behavior\BuildLiteBehavior [ RunTime:0.000174s ]
INFO: [ app_init ] --END-- [ RunTime:0.004582s ]
ERR: 无法加载模块:Images

[ 2017-06-08T19:58:32+08:00 ] 127.0.0.1 /shop/images/top_5.gif
INFO: [ app_init ] --START--
INFO: Run Behavior\BuildLiteBehavior [ RunTime:0.000142s ]
INFO: [ app_init ] --END-- [ RunTime:0.030811s ]
ERR: 无法加载模块:Images

[ 2017-06-08T19:58:32+08:00 ] 127.0.0.1 /shop/images/top_6.gif
INFO: [ app_init ] --START--
INFO: Run Behavior\BuildLiteBehavior [ RunTime:0.000208s ]
INFO: [ app_init ] --END-- [ RunTime:0.002371s ]
ERR: 无法加载模块:Images

[ 2017-06-08T19:58:33+08:00 ] 127.0.0.1 /shop/images/top_3.gif
INFO: [ app_init ] --START--
INFO: Run Behavior\BuildLiteBehavior [ RunTime:0.000165s ]
INFO: [ app_init ] --END-- [ RunTime:0.003379s ]
ERR: 无法加载模块:Images

[ 2017-06-08T19:58:33+08:00 ] 127.0.0.1 /shop/Public/Home/images/ecmoban_link.jpg
INFO: [ app_init ] --START--
INFO: Run Behavior\BuildLiteBehavior [ RunTime:0.000150s ]
INFO: [ app_init ] --END-- [ RunTime:0.002113s ]
ERR: 无法加载模块:Public

[ 2017-06-08T19:58:33+08:00 ] 127.0.0.1 /shop/images/1240803144788047486.gif
INFO: [ app_init ] --START--
INFO: Run Behavior\BuildLiteBehavior [ RunTime:0.000130s ]
INFO: [ app_init ] --END-- [ RunTime:0.002321s ]
ERR: 无法加载模块:Images

[ 2017-06-08T19:58:33+08:00 ] 127.0.0.1 /shop/images/top_4.gif
INFO: [ app_init ] --START--
INFO: Run Behavior\BuildLiteBehavior [ RunTime:0.000138s ]
INFO: [ app_init ] --END-- [ RunTime:0.002078s ]
ERR: 无法加载模块:Images

[ 2017-06-08T19:58:33+08:00 ] 127.0.0.1 /shop/images/1240802922410634065.gif
INFO: [ app_init ] --START--
INFO: Run Behavior\BuildLiteBehavior [ RunTime:0.000168s ]
INFO: [ app_init ] --END-- [ RunTime:0.008545s ]
ERR: 无法加载模块:Images

[ 2017-06-08T19:58:33+08:00 ] 127.0.0.1 /shop/Public/Home/images/yongda_logo.gif
INFO: [ app_init ] --START--
INFO: Run Behavior\BuildLiteBehavior [ RunTime:0.000140s ]
INFO: [ app_init ] --END-- [ RunTime:0.002239s ]
ERR: 无法加载模块:Public

[ 2017-06-08T20:00:24+08:00 ] 127.0.0.1 /shop/images/biao6.gif
INFO: [ app_init ] --START--
INFO: Run Behavior\BuildLiteBehavior [ RunTime:0.000153s ]
INFO: [ app_init ] --END-- [ RunTime:0.002179s ]
ERR: 无法加载模块:Images

[ 2017-06-08T20:00:24+08:00 ] 127.0.0.1 /shop/images/biao3.gif
INFO: [ app_init ] --START--
INFO: Run Behavior\BuildLiteBehavior [ RunTime:0.000385s ]
INFO: [ app_init ] --END-- [ RunTime:0.017003s ]
ERR: 无法加载模块:Images

[ 2017-06-08T20:00:24+08:00 ] 127.0.0.1 /shop/images/3_thumb_G_1241422082679.jpg
INFO: [ app_init ] --START--
INFO: Run Behavior\BuildLiteBehavior [ RunTime:0.000140s ]
INFO: [ app_init ] --END-- [ RunTime:0.002319s ]
ERR: 无法加载模块:Images

[ 2017-06-08T20:00:24+08:00 ] 127.0.0.1 /shop/images/top_2.gif
INFO: [ app_init ] --START--
INFO: Run Behavior\BuildLiteBehavior [ RunTime:0.000426s ]
INFO: [ app_init ] --END-- [ RunTime:0.005476s ]
ERR: 无法加载模块:Images

[ 2017-06-08T20:00:24+08:00 ] 127.0.0.1 /shop/images/top_1.gif
INFO: [ app_init ] --START--
INFO: Run Behavior\BuildLiteBehavior [ RunTime:0.000139s ]
INFO: [ app_init ] --END-- [ RunTime:0.002250s ]
ERR: 无法加载模块:Images

[ 2017-06-08T20:00:24+08:00 ] 127.0.0.1 /shop/images/biao7.gif
INFO: [ app_init ] --START--
INFO: Run Behavior\BuildLiteBehavior [ RunTime:0.000196s ]
INFO: [ app_init ] --END-- [ RunTime:0.028097s ]
ERR: 无法加载模块:Images

[ 2017-06-08T20:00:25+08:00 ] 127.0.0.1 /shop/images/top_4.gif
INFO: [ app_init ] --START--
INFO: Run Behavior\BuildLiteBehavior [ RunTime:0.000163s ]
INFO: [ app_init ] --END-- [ RunTime:0.002228s ]
ERR: 无法加载模块:Images

[ 2017-06-08T20:00:25+08:00 ] 127.0.0.1 /shop/images/12_thumb_G_1241965978410.jpg
INFO: [ app_init ] --START--
INFO: Run Behavior\BuildLiteBehavior [ RunTime:0.000146s ]
INFO: [ app_init ] --END-- [ RunTime:0.002176s ]
ERR: 无法加载模块:Images

[ 2017-06-08T20:00:25+08:00 ] 127.0.0.1 /shop/images/top_3.gif
INFO: [ app_init ] --START--
INFO: Run Behavior\BuildLiteBehavior [ RunTime:0.000187s ]
INFO: [ app_init ] --END-- [ RunTime:0.002366s ]
ERR: 无法加载模块:Images

[ 2017-06-08T20:00:25+08:00 ] 127.0.0.1 /shop/images/top_6.gif
INFO: [ app_init ] --START--
INFO: Run Behavior\BuildLiteBehavior [ RunTime:0.000135s ]
INFO: [ app_init ] --END-- [ RunTime:0.002064s ]
ERR: 无法加载模块:Images

[ 2017-06-08T20:00:25+08:00 ] 127.0.0.1 /shop/images/top_5.gif
INFO: [ app_init ] --START--
INFO: Run Behavior\BuildLiteBehavior [ RunTime:0.000146s ]
INFO: [ app_init ] --END-- [ RunTime:0.002411s ]
ERR: 无法加载模块:Images

[ 2017-06-08T20:00:25+08:00 ] 127.0.0.1 /shop/images/24_thumb_G_1241971981429.jpg
INFO: [ app_init ] --START--
INFO: Run Behavior\BuildLiteBehavior [ RunTime:0.000143s ]
INFO: [ app_init ] --END-- [ RunTime:0.002076s ]
ERR: 无法加载模块:Images

[ 2017-06-08T20:00:25+08:00 ] 127.0.0.1 /shop/images/111.jpg
INFO: [ app_init ] --START--
INFO: Run Behavior\BuildLiteBehavior [ RunTime:0.000152s ]
INFO: [ app_init ] --END-- [ RunTime:0.002288s ]
ERR: 无法加载模块:Images

[ 2017-06-08T20:00:25+08:00 ] 127.0.0.1 /shop/images/8_thumb_G_1241425513488.jpg
INFO: [ app_init ] --START--
INFO: Run Behavior\BuildLiteBehavior [ RunTime:0.000144s ]
INFO: [ app_init ] --END-- [ RunTime:0.002293s ]
ERR: 无法加载模块:Images

[ 2017-06-08T20:00:25+08:00 ] 127.0.0.1 /shop/images/sousuo.gif
INFO: [ app_init ] --START--
INFO: Run Behavior\BuildLiteBehavior [ RunTime:0.000139s ]
INFO: [ app_init ] --END-- [ RunTime:0.003126s ]
ERR: 无法加载模块:Images

[ 2017-06-08T20:00:25+08:00 ] 127.0.0.1 /shop/images/9_thumb_G_1241511871555.jpg
INFO: [ app_init ] --START--
INFO: Run Behavior\BuildLiteBehavior [ RunTime:0.000144s ]
INFO: [ app_init ] --END-- [ RunTime:0.004989s ]
ERR: 无法加载模块:Images

[ 2017-06-08T20:00:25+08:00 ] 127.0.0.1 /shop/images/top_7.gif
INFO: [ app_init ] --START--
INFO: Run Behavior\BuildLiteBehavior [ RunTime:0.000823s ]
INFO: [ app_init ] --END-- [ RunTime:0.004108s ]
ERR: 无法加载模块:Images

[ 2017-06-08T20:00:25+08:00 ] 127.0.0.1 /shop/images/1240803062307572427.gif
INFO: [ app_init ] --START--
INFO: Run Behavior\BuildLiteBehavior [ RunTime:0.000164s ]
INFO: [ app_init ] --END-- [ RunTime:0.002664s ]
ERR: 无法加载模块:Images

[ 2017-06-08T20:00:25+08:00 ] 127.0.0.1 /shop/images/1240802922410634065.gif
INFO: [ app_init ] --START--
INFO: Run Behavior\BuildLiteBehavior [ RunTime:0.000155s ]
INFO: [ app_init ] --END-- [ RunTime:0.040651s ]
ERR: 无法加载模块:Images

[ 2017-06-08T20:00:25+08:00 ] 127.0.0.1 /shop/images/1_thumb_G_1240902890710.jpg
INFO: [ app_init ] --START--
INFO: Run Behavior\BuildLiteBehavior [ RunTime:0.000140s ]
INFO: [ app_init ] --END-- [ RunTime:0.013730s ]
ERR: 无法加载模块:Images

[ 2017-06-08T20:00:25+08:00 ] 127.0.0.1 /shop/Public/Home/images/ecmoban_link.jpg
INFO: [ app_init ] --START--
INFO: Run Behavior\BuildLiteBehavior [ RunTime:0.000143s ]
INFO: [ app_init ] --END-- [ RunTime:0.003419s ]
ERR: 无法加载模块:Public

[ 2017-06-08T20:00:25+08:00 ] 127.0.0.1 /shop/images/1240803144788047486.gif
INFO: [ app_init ] --START--
INFO: Run Behavior\BuildLiteBehavior [ RunTime:0.000144s ]
INFO: [ app_init ] --END-- [ RunTime:0.002195s ]
ERR: 无法加载模块:Images

[ 2017-06-08T20:00:25+08:00 ] 127.0.0.1 /shop/Public/Home/images/yongda_logo.gif
INFO: [ app_init ] --START--
INFO: Run Behavior\BuildLiteBehavior [ RunTime:0.000398s ]
INFO: [ app_init ] --END-- [ RunTime:0.003768s ]
ERR: 无法加载模块:Public

[ 2017-06-08T20:00:32+08:00 ] 127.0.0.1 /shop/images/biao3.gif
INFO: [ app_init ] --START--
INFO: Run Behavior\BuildLiteBehavior [ RunTime:0.000146s ]
INFO: [ app_init ] --END-- [ RunTime:0.002035s ]
ERR: 无法加载模块:Images

[ 2017-06-08T20:00:32+08:00 ] 127.0.0.1 /shop/images/biao6.gif
INFO: [ app_init ] --START--
INFO: Run Behavior\BuildLiteBehavior [ RunTime:0.000158s ]
INFO: [ app_init ] --END-- [ RunTime:0.024135s ]
ERR: 无法加载模块:Images

[ 2017-06-08T20:00:32+08:00 ] 127.0.0.1 /shop/images/top_1.gif
INFO: [ app_init ] --START--
INFO: Run Behavior\BuildLiteBehavior [ RunTime:0.000340s ]
INFO: [ app_init ] --END-- [ RunTime:0.018303s ]
ERR: 无法加载模块:Images

[ 2017-06-08T20:00:32+08:00 ] 127.0.0.1 /shop/images/top_2.gif
INFO: [ app_init ] --START--
INFO: Run Behavior\BuildLiteBehavior [ RunTime:0.000150s ]
INFO: [ app_init ] --END-- [ RunTime:0.020073s ]
ERR: 无法加载模块:Images

[ 2017-06-08T20:00:32+08:00 ] 127.0.0.1 /shop/images/biao7.gif
INFO: [ app_init ] --START--
INFO: Run Behavior\BuildLiteBehavior [ RunTime:0.000726s ]
INFO: [ app_init ] --END-- [ RunTime:0.017188s ]
ERR: 无法加载模块:Images

[ 2017-06-08T20:00:32+08:00 ] 127.0.0.1 /shop/images/24_thumb_G_1241971981429.jpg
INFO: [ app_init ] --START--
INFO: Run Behavior\BuildLiteBehavior [ RunTime:0.000137s ]
INFO: [ app_init ] --END-- [ RunTime:0.002062s ]
ERR: 无法加载模块:Images

[ 2017-06-08T20:00:32+08:00 ] 127.0.0.1 /shop/images/3_thumb_G_1241422082679.jpg
INFO: [ app_init ] --START--
INFO: Run Behavior\BuildLiteBehavior [ RunTime:0.000148s ]
INFO: [ app_init ] --END-- [ RunTime:0.056181s ]
ERR: 无法加载模块:Images

[ 2017-06-08T20:00:32+08:00 ] 127.0.0.1 /shop/images/12_thumb_G_1241965978410.jpg
INFO: [ app_init ] --START--
INFO: Run Behavior\BuildLiteBehavior [ RunTime:0.000130s ]
INFO: [ app_init ] --END-- [ RunTime:0.002379s ]
ERR: 无法加载模块:Images

[ 2017-06-08T20:00:32+08:00 ] 127.0.0.1 /shop/images/top_6.gif
INFO: [ app_init ] --START--
INFO: Run Behavior\BuildLiteBehavior [ RunTime:0.000141s ]
INFO: [ app_init ] --END-- [ RunTime:0.002664s ]
ERR: 无法加载模块:Images

[ 2017-06-08T20:00:32+08:00 ] 127.0.0.1 /shop/images/top_5.gif
INFO: [ app_init ] --START--
INFO: Run Behavior\BuildLiteBehavior [ RunTime:0.000137s ]
INFO: [ app_init ] --END-- [ RunTime:0.002132s ]
ERR: 无法加载模块:Images

[ 2017-06-08T20:00:32+08:00 ] 127.0.0.1 /shop/images/top_3.gif
INFO: [ app_init ] --START--
INFO: Run Behavior\BuildLiteBehavior [ RunTime:0.000251s ]
INFO: [ app_init ] --END-- [ RunTime:0.003778s ]
ERR: 无法加载模块:Images

[ 2017-06-08T20:00:32+08:00 ] 127.0.0.1 /shop/images/9_thumb_G_1241511871555.jpg
INFO: [ app_init ] --START--
INFO: Run Behavior\BuildLiteBehavior [ RunTime:0.000144s ]
INFO: [ app_init ] --END-- [ RunTime:0.002610s ]
ERR: 无法加载模块:Images

[ 2017-06-08T20:00:32+08:00 ] 127.0.0.1 /shop/images/8_thumb_G_1241425513488.jpg
INFO: [ app_init ] --START--
INFO: Run Behavior\BuildLiteBehavior [ RunTime:0.000137s ]
INFO: [ app_init ] --END-- [ RunTime:0.002869s ]
ERR: 无法加载模块:Images

[ 2017-06-08T20:00:32+08:00 ] 127.0.0.1 /shop/images/1_thumb_G_1240902890710.jpg
INFO: [ app_init ] --START--
INFO: Run Behavior\BuildLiteBehavior [ RunTime:0.000141s ]
INFO: [ app_init ] --END-- [ RunTime:0.002171s ]
ERR: 无法加载模块:Images

[ 2017-06-08T20:00:32+08:00 ] 127.0.0.1 /shop/images/sousuo.gif
INFO: [ app_init ] --START--
INFO: Run Behavior\BuildLiteBehavior [ RunTime:0.000301s ]
INFO: [ app_init ] --END-- [ RunTime:0.003585s ]
ERR: 无法加载模块:Images

[ 2017-06-08T20:00:32+08:00 ] 127.0.0.1 /shop/images/111.jpg
INFO: [ app_init ] --START--
INFO: Run Behavior\BuildLiteBehavior [ RunTime:0.000227s ]
INFO: [ app_init ] --END-- [ RunTime:0.002898s ]
ERR: 无法加载模块:Images

[ 2017-06-08T20:00:32+08:00 ] 127.0.0.1 /shop/images/top_4.gif
INFO: [ app_init ] --START--
INFO: Run Behavior\BuildLiteBehavior [ RunTime:0.000133s ]
INFO: [ app_init ] --END-- [ RunTime:0.002068s ]
ERR: 无法加载模块:Images

[ 2017-06-08T20:00:32+08:00 ] 127.0.0.1 /shop/images/1240803062307572427.gif
INFO: [ app_init ] --START--
INFO: Run Behavior\BuildLiteBehavior [ RunTime:0.000183s ]
INFO: [ app_init ] --END-- [ RunTime:0.002353s ]
ERR: 无法加载模块:Images

[ 2017-06-08T20:00:32+08:00 ] 127.0.0.1 /shop/images/1240802922410634065.gif
INFO: [ app_init ] --START--
INFO: Run Behavior\BuildLiteBehavior [ RunTime:0.000136s ]
INFO: [ app_init ] --END-- [ RunTime:0.002036s ]
ERR: 无法加载模块:Images

[ 2017-06-08T20:00:32+08:00 ] 127.0.0.1 /shop/images/top_7.gif
INFO: [ app_init ] --START--
INFO: Run Behavior\BuildLiteBehavior [ RunTime:0.000134s ]
INFO: [ app_init ] --END-- [ RunTime:0.002059s ]
ERR: 无法加载模块:Images

[ 2017-06-08T20:00:32+08:00 ] 127.0.0.1 /shop/images/1240803144788047486.gif
INFO: [ app_init ] --START--
INFO: Run Behavior\BuildLiteBehavior [ RunTime:0.000131s ]
INFO: [ app_init ] --END-- [ RunTime:0.002155s ]
ERR: 无法加载模块:Images

[ 2017-06-08T20:00:32+08:00 ] 127.0.0.1 /shop/Public/Home/images/yongda_logo.gif
INFO: [ app_init ] --START--
INFO: Run Behavior\BuildLiteBehavior [ RunTime:0.000190s ]
INFO: [ app_init ] --END-- [ RunTime:0.002820s ]
ERR: 无法加载模块:Public

[ 2017-06-08T20:00:33+08:00 ] 127.0.0.1 /shop/Public/Home/images/ecmoban_link.jpg
INFO: [ app_init ] --START--
INFO: Run Behavior\BuildLiteBehavior [ RunTime:0.000132s ]
INFO: [ app_init ] --END-- [ RunTime:0.001874s ]
ERR: 无法加载模块:Public

[ 2017-06-08T20:00:40+08:00 ] 127.0.0.1 /shop/Public/Home/images/ecmoban_link.jpg
INFO: [ app_init ] --START--
INFO: Run Behavior\BuildLiteBehavior [ RunTime:0.000140s ]
INFO: [ app_init ] --END-- [ RunTime:0.004129s ]
ERR: 无法加载模块:Public

[ 2017-06-08T20:00:40+08:00 ] 127.0.0.1 /shop/Public/Home/images/yongda_logo.gif
INFO: [ app_init ] --START--
INFO: Run Behavior\BuildLiteBehavior [ RunTime:0.000142s ]
INFO: [ app_init ] --END-- [ RunTime:0.002798s ]
ERR: 无法加载模块:Public

[ 2017-06-08T20:12:26+08:00 ] 127.0.0.1 /shop/Uploads//thumb
INFO: [ app_init ] --START--
INFO: Run Behavior\BuildLiteBehavior [ RunTime:0.000147s ]
INFO: [ app_init ] --END-- [ RunTime:0.006066s ]
ERR: 无法加载模块:Uploads

[ 2017-06-08T20:27:39+08:00 ] 127.0.0.1 /shop/images/biao6.gif
INFO: [ app_init ] --START--
INFO: Run Behavior\BuildLiteBehavior [ RunTime:0.000215s ]
INFO: [ app_init ] --END-- [ RunTime:0.002513s ]
ERR: 无法加载模块:Images

[ 2017-06-08T20:27:39+08:00 ] 127.0.0.1 /shop/images/biao3.gif
INFO: [ app_init ] --START--
INFO: Run Behavior\BuildLiteBehavior [ RunTime:0.000346s ]
INFO: [ app_init ] --END-- [ RunTime:0.003618s ]
ERR: 无法加载模块:Images

[ 2017-06-08T20:27:39+08:00 ] 127.0.0.1 /shop/images/top_2.gif
INFO: [ app_init ] --START--
INFO: Run Behavior\BuildLiteBehavior [ RunTime:0.000202s ]
INFO: [ app_init ] --END-- [ RunTime:0.002586s ]
ERR: 无法加载模块:Images

[ 2017-06-08T20:27:39+08:00 ] 127.0.0.1 /shop/images/24_thumb_G_1241971981429.jpg
INFO: [ app_init ] --START--
INFO: Run Behavior\BuildLiteBehavior [ RunTime:0.000436s ]
INFO: [ app_init ] --END-- [ RunTime:0.004099s ]
ERR: 无法加载模块:Images

[ 2017-06-08T20:27:39+08:00 ] 127.0.0.1 /shop/images/top_1.gif
INFO: [ app_init ] --START--
INFO: Run Behavior\BuildLiteBehavior [ RunTime:0.000199s ]
INFO: [ app_init ] --END-- [ RunTime:0.005040s ]
ERR: 无法加载模块:Images

[ 2017-06-08T20:27:39+08:00 ] 127.0.0.1 /shop/images/biao7.gif
INFO: [ app_init ] --START--
INFO: Run Behavior\BuildLiteBehavior [ RunTime:0.000191s ]
INFO: [ app_init ] --END-- [ RunTime:0.002570s ]
ERR: 无法加载模块:Images

[ 2017-06-08T20:27:39+08:00 ] 127.0.0.1 /shop/images/12_thumb_G_1241965978410.jpg
INFO: [ app_init ] --START--
INFO: Run Behavior\BuildLiteBehavior [ RunTime:0.000480s ]
INFO: [ app_init ] --END-- [ RunTime:0.002753s ]
ERR: 无法加载模块:Images

[ 2017-06-08T20:27:39+08:00 ] 127.0.0.1 /shop/images/top_3.gif
INFO: [ app_init ] --START--
INFO: Run Behavior\BuildLiteBehavior [ RunTime:0.000187s ]
INFO: [ app_init ] --END-- [ RunTime:0.002812s ]
ERR: 无法加载模块:Images

[ 2017-06-08T20:27:39+08:00 ] 127.0.0.1 /shop/images/sousuo.gif
INFO: [ app_init ] --START--
INFO: Run Behavior\BuildLiteBehavior [ RunTime:0.000194s ]
INFO: [ app_init ] --END-- [ RunTime:0.002500s ]
ERR: 无法加载模块:Images

[ 2017-06-08T20:27:39+08:00 ] 127.0.0.1 /shop/images/top_4.gif
INFO: [ app_init ] --START--
INFO: Run Behavior\BuildLiteBehavior [ RunTime:0.000754s ]
INFO: [ app_init ] --END-- [ RunTime:0.002944s ]
ERR: 无法加载模块:Images

[ 2017-06-08T20:27:39+08:00 ] 127.0.0.1 /shop/images/3_thumb_G_1241422082679.jpg
INFO: [ app_init ] --START--
INFO: Run Behavior\BuildLiteBehavior [ RunTime:0.000234s ]
INFO: [ app_init ] --END-- [ RunTime:0.003028s ]
ERR: 无法加载模块:Images

[ 2017-06-08T20:27:39+08:00 ] 127.0.0.1 /shop/images/9_thumb_G_1241511871555.jpg
INFO: [ app_init ] --START--
INFO: Run Behavior\BuildLiteBehavior [ RunTime:0.013500s ]
INFO: [ app_init ] --END-- [ RunTime:0.016537s ]
ERR: 无法加载模块:Images

[ 2017-06-08T20:27:39+08:00 ] 127.0.0.1 /shop/images/111.jpg
INFO: [ app_init ] --START--
INFO: Run Behavior\BuildLiteBehavior [ RunTime:0.000197s ]
INFO: [ app_init ] --END-- [ RunTime:0.004056s ]
ERR: 无法加载模块:Images

[ 2017-06-08T20:27:39+08:00 ] 127.0.0.1 /shop/images/top_5.gif
INFO: [ app_init ] --START--
INFO: Run Behavior\BuildLiteBehavior [ RunTime:0.000219s ]
INFO: [ app_init ] --END-- [ RunTime:0.006813s ]
ERR: 无法加载模块:Images

[ 2017-06-08T20:27:39+08:00 ] 127.0.0.1 /shop/images/8_thumb_G_1241425513488.jpg
INFO: [ app_init ] --START--
INFO: Run Behavior\BuildLiteBehavior [ RunTime:0.000520s ]
INFO: [ app_init ] --END-- [ RunTime:0.003107s ]
ERR: 无法加载模块:Images

[ 2017-06-08T20:27:39+08:00 ] 127.0.0.1 /shop/images/1_thumb_G_1240902890710.jpg
INFO: [ app_init ] --START--
INFO: Run Behavior\BuildLiteBehavior [ RunTime:0.000405s ]
INFO: [ app_init ] --END-- [ RunTime:0.003026s ]
ERR: 无法加载模块:Images

[ 2017-06-08T20:27:40+08:00 ] 127.0.0.1 /shop/images/top_6.gif
INFO: [ app_init ] --START--
INFO: Run Behavior\BuildLiteBehavior [ RunTime:0.000199s ]
INFO: [ app_init ] --END-- [ RunTime:0.003830s ]
ERR: 无法加载模块:Images

[ 2017-06-08T20:27:40+08:00 ] 127.0.0.1 /shop/images/1240802922410634065.gif
INFO: [ app_init ] --START--
INFO: Run Behavior\BuildLiteBehavior [ RunTime:0.000182s ]
INFO: [ app_init ] --END-- [ RunTime:0.002392s ]
ERR: 无法加载模块:Images

[ 2017-06-08T20:27:40+08:00 ] 127.0.0.1 /shop/images/1240803144788047486.gif
INFO: [ app_init ] --START--
INFO: Run Behavior\BuildLiteBehavior [ RunTime:0.000233s ]
INFO: [ app_init ] --END-- [ RunTime:0.003405s ]
ERR: 无法加载模块:Images

[ 2017-06-08T20:27:40+08:00 ] 127.0.0.1 /shop/images/1240803062307572427.gif
INFO: [ app_init ] --START--
INFO: Run Behavior\BuildLiteBehavior [ RunTime:0.000184s ]
INFO: [ app_init ] --END-- [ RunTime:0.003312s ]
ERR: 无法加载模块:Images

[ 2017-06-08T20:27:40+08:00 ] 127.0.0.1 /shop/images/top_7.gif
INFO: [ app_init ] --START--
INFO: Run Behavior\BuildLiteBehavior [ RunTime:0.000276s ]
INFO: [ app_init ] --END-- [ RunTime:0.004975s ]
ERR: 无法加载模块:Images

[ 2017-06-08T20:27:40+08:00 ] 127.0.0.1 /shop/Public/Home/images/ecmoban_link.jpg
INFO: [ app_init ] --START--
INFO: Run Behavior\BuildLiteBehavior [ RunTime:0.000212s ]
INFO: [ app_init ] --END-- [ RunTime:0.002811s ]
ERR: 无法加载模块:Public

[ 2017-06-08T20:27:40+08:00 ] 127.0.0.1 /shop/Public/Home/images/yongda_logo.gif
INFO: [ app_init ] --START--
INFO: Run Behavior\BuildLiteBehavior [ RunTime:0.000115s ]
INFO: [ app_init ] --END-- [ RunTime:0.001533s ]
ERR: 无法加载模块:Public

[ 2017-06-08T20:30:39+08:00 ] 127.0.0.1 /shop/Public/Admin/js/jquery.min.map
INFO: [ app_init ] --START--
INFO: Run Behavior\BuildLiteBehavior [ RunTime:0.000110s ]
INFO: [ app_init ] --END-- [ RunTime:0.001521s ]
ERR: 无法加载模块:Public

