[ 2017-06-14T22:54:56+08:00 ] 127.0.0.1 /shop/Uploads/0
INFO: [ app_init ] --START--
INFO: Run Behavior\BuildLiteBehavior [ RunTime:0.000175s ]
INFO: [ app_init ] --END-- [ RunTime:0.003065s ]
ERR: 无法加载模块:Uploads

[ 2017-06-14T22:56:27+08:00 ] 127.0.0.1 /shop/Uploads/0
INFO: [ app_init ] --START--
INFO: Run Behavior\BuildLiteBehavior [ RunTime:0.000191s ]
INFO: [ app_init ] --END-- [ RunTime:0.002563s ]
ERR: 无法加载模块:Uploads

[ 2017-06-14T22:56:57+08:00 ] 127.0.0.1 /shop/Uploads/0
INFO: [ app_init ] --START--
INFO: Run Behavior\BuildLiteBehavior [ RunTime:0.000192s ]
INFO: [ app_init ] --END-- [ RunTime:0.002385s ]
ERR: 无法加载模块:Uploads

[ 2017-06-14T22:57:00+08:00 ] 127.0.0.1 /shop/Uploads/0
INFO: [ app_init ] --START--
INFO: Run Behavior\BuildLiteBehavior [ RunTime:0.000194s ]
INFO: [ app_init ] --END-- [ RunTime:0.003933s ]
ERR: 无法加载模块:Uploads

