[ 2017-06-15T10:33:44+08:00 ] 127.0.0.1 /shop/Uploads/0
INFO: [ app_init ] --START--
INFO: Run Behavior\BuildLiteBehavior [ RunTime:0.000107s ]
INFO: [ app_init ] --END-- [ RunTime:0.001560s ]
ERR: 无法加载模块:Uploads

[ 2017-06-15T10:34:23+08:00 ] 127.0.0.1 /shop/Uploads/0
INFO: [ app_init ] --START--
INFO: Run Behavior\BuildLiteBehavior [ RunTime:0.000188s ]
INFO: [ app_init ] --END-- [ RunTime:0.002494s ]
ERR: 无法加载模块:Uploads

[ 2017-06-15T10:47:15+08:00 ] 127.0.0.1 /shop/Uploads/0
INFO: [ app_init ] --START--
INFO: Run Behavior\BuildLiteBehavior [ RunTime:0.000200s ]
INFO: [ app_init ] --END-- [ RunTime:0.002829s ]
ERR: 无法加载模块:Uploads

[ 2017-06-15T10:47:19+08:00 ] 127.0.0.1 /shop/Uploads/0
INFO: [ app_init ] --START--
INFO: Run Behavior\BuildLiteBehavior [ RunTime:0.000180s ]
INFO: [ app_init ] --END-- [ RunTime:0.002297s ]
ERR: 无法加载模块:Uploads

[ 2017-06-15T10:47:20+08:00 ] 127.0.0.1 /shop/Uploads/0
INFO: [ app_init ] --START--
INFO: Run Behavior\BuildLiteBehavior [ RunTime:0.000255s ]
INFO: [ app_init ] --END-- [ RunTime:0.003047s ]
ERR: 无法加载模块:Uploads

[ 2017-06-15T10:47:23+08:00 ] 127.0.0.1 /shop/Uploads/0
INFO: [ app_init ] --START--
INFO: Run Behavior\BuildLiteBehavior [ RunTime:0.000195s ]
INFO: [ app_init ] --END-- [ RunTime:0.002463s ]
ERR: 无法加载模块:Uploads

[ 2017-06-15T16:44:02+08:00 ] 127.0.0.1 /shop/Uploads/0
INFO: [ app_init ] --START--
INFO: Run Behavior\BuildLiteBehavior [ RunTime:0.000275s ]
INFO: [ app_init ] --END-- [ RunTime:0.004487s ]
ERR: 无法加载模块:Uploads

