[ 2017-06-09T14:29:17+08:00 ] 127.0.0.1 /shop/images/top_2.gif
INFO: [ app_init ] --START--
INFO: Run Behavior\BuildLiteBehavior [ RunTime:0.000184s ]
INFO: [ app_init ] --END-- [ RunTime:0.002675s ]
ERR: Êó†Ê≥ïÂä†ËΩΩÊ®°Âùó:Images

[ 2017-06-09T14:29:17+08:00 ] 127.0.0.1 /shop/images/3_thumb_G_1241422082679.jpg
INFO: [ app_init ] --START--
INFO: Run Behavior\BuildLiteBehavior [ RunTime:0.000211s ]
INFO: [ app_init ] --END-- [ RunTime:0.002825s ]
ERR: Êó†Ê≥ïÂä†ËΩΩÊ®°Âùó:Images

[ 2017-06-09T14:29:17+08:00 ] 127.0.0.1 /shop/images/top_1.gif
INFO: [ app_init ] --START--
INFO: Run Behavior\BuildLiteBehavior [ RunTime:0.000198s ]
INFO: [ app_init ] --END-- [ RunTime:0.003475s ]
ERR: Êó†Ê≥ïÂä†ËΩΩÊ®°Âùó:Images

[ 2017-06-09T14:29:17+08:00 ] 127.0.0.1 /shop/images/biao6.gif
INFO: [ app_init ] --START--
INFO: Run Behavior\BuildLiteBehavior [ RunTime:0.000203s ]
INFO: [ app_init ] --END-- [ RunTime:0.002557s ]
ERR: Êó†Ê≥ïÂä†ËΩΩÊ®°Âùó:Images

[ 2017-06-09T14:29:17+08:00 ] 127.0.0.1 /shop/images/biao7.gif
INFO: [ app_init ] --START--
INFO: Run Behavior\BuildLiteBehavior [ RunTime:0.000202s ]
INFO: [ app_init ] --END-- [ RunTime:0.002657s ]
ERR: Êó†Ê≥ïÂä†ËΩΩÊ®°Âùó:Images

[ 2017-06-09T14:29:17+08:00 ] 127.0.0.1 /shop/images/biao3.gif
INFO: [ app_init ] --START--
INFO: Run Behavior\BuildLiteBehavior [ RunTime:0.000233s ]
INFO: [ app_init ] --END-- [ RunTime:0.003678s ]
ERR: Êó†Ê≥ïÂä†ËΩΩÊ®°Âùó:Images

[ 2017-06-09T14:29:17+08:00 ] 127.0.0.1 /shop/images/24_thumb_G_1241971981429.jpg
INFO: [ app_init ] --START--
INFO: Run Behavior\BuildLiteBehavior [ RunTime:0.000203s ]
INFO: [ app_init ] --END-- [ RunTime:0.002549s ]
ERR: Êó†Ê≥ïÂä†ËΩΩÊ®°Âùó:Images

[ 2017-06-09T14:29:17+08:00 ] 127.0.0.1 /shop/images/top_3.gif
INFO: [ app_init ] --START--
INFO: Run Behavior\BuildLiteBehavior [ RunTime:0.000107s ]
INFO: [ app_init ] --END-- [ RunTime:0.001553s ]
ERR: Êó†Ê≥ïÂä†ËΩΩÊ®°Âùó:Images

[ 2017-06-09T14:29:18+08:00 ] 127.0.0.1 /shop/images/top_4.gif
INFO: [ app_init ] --START--
INFO: Run Behavior\BuildLiteBehavior [ RunTime:0.000206s ]
INFO: [ app_init ] --END-- [ RunTime:0.002479s ]
ERR: Êó†Ê≥ïÂä†ËΩΩÊ®°Âùó:Images

[ 2017-06-09T14:29:18+08:00 ] 127.0.0.1 /shop/images/top_5.gif
INFO: [ app_init ] --START--
INFO: Run Behavior\BuildLiteBehavior [ RunTime:0.000193s ]
INFO: [ app_init ] --END-- [ RunTime:0.002577s ]
ERR: Êó†Ê≥ïÂä†ËΩΩÊ®°Âùó:Images

[ 2017-06-09T14:29:18+08:00 ] 127.0.0.1 /shop/images/top_7.gif
INFO: [ app_init ] --START--
INFO: Run Behavior\BuildLiteBehavior [ RunTime:0.000176s ]
INFO: [ app_init ] --END-- [ RunTime:0.002631s ]
ERR: Êó†Ê≥ïÂä†ËΩΩÊ®°Âùó:Images

[ 2017-06-09T14:29:18+08:00 ] 127.0.0.1 /shop/images/12_thumb_G_1241965978410.jpg
INFO: [ app_init ] --START--
INFO: Run Behavior\BuildLiteBehavior [ RunTime:0.000183s ]
INFO: [ app_init ] --END-- [ RunTime:0.003035s ]
ERR: Êó†Ê≥ïÂä†ËΩΩÊ®°Âùó:Images

[ 2017-06-09T14:29:18+08:00 ] 127.0.0.1 /shop/images/1240803062307572427.gif
INFO: [ app_init ] --START--
INFO: Run Behavior\BuildLiteBehavior [ RunTime:0.000179s ]
INFO: [ app_init ] --END-- [ RunTime:0.002458s ]
ERR: Êó†Ê≥ïÂä†ËΩΩÊ®°Âùó:Images

[ 2017-06-09T14:29:18+08:00 ] 127.0.0.1 /shop/images/top_6.gif
INFO: [ app_init ] --START--
INFO: Run Behavior\BuildLiteBehavior [ RunTime:0.000190s ]
INFO: [ app_init ] --END-- [ RunTime:0.003512s ]
ERR: Êó†Ê≥ïÂä†ËΩΩÊ®°Âùó:Images

[ 2017-06-09T14:29:18+08:00 ] 127.0.0.1 /shop/images/111.jpg
INFO: [ app_init ] --START--
INFO: Run Behavior\BuildLiteBehavior [ RunTime:0.000191s ]
INFO: [ app_init ] --END-- [ RunTime:0.004031s ]
ERR: Êó†Ê≥ïÂä†ËΩΩÊ®°Âùó:Images

®°Âùó:Images

[ 2017-06-09T14:29:18+08:00 ] 127.0.0.1 /shop/images/9_thumb_G_1241511871555.jpg
INFO: [ app_init ] --START--
INFO: Run Behavior\BuildLiteBehavior [ RunTime:0.001141s ]
INFO: [ app_init ] --END-- [ RunTime:0.004098s ]
ERR: Êó†Ê≥ïÂä†ËΩΩÊ®°Âùó:Images

[ 2017-06-09T14:29:18+08:00 ] 127.0.0.1 /shop/images/8_thumb_G_1241425513488.jpg
INFO: [ app_init ] --START--
INFO: Run Behavior\BuildLiteBehavior [ RunTime:0.000289s ]
INFO: [ app_init ] --END-- [ RunTime:0.003472s ]
ERR: Êó†Ê≥ïÂä†ËΩΩÊ®°Âùó:Images

[ 2017-06-09T14:29:18+08:00 ] 127.0.0.1 /shop/images/1240802922410634065.gif
INFO: [ app_init ] --START--
INFO: Run Behavior\BuildLiteBehavior [ RunTime:0.000191s ]
INFO: [ app_init ] --END-- [ RunTime:0.002370s ]
ERR: Êó†Ê≥ïÂä†ËΩΩÊ®°Âùó:Images

[ 2017-06-09T14:29:18+08:00 ] 127.0.0.1 /shop/images/1_thumb_G_1240902890710.jpg
INFO: [ app_init ] --START--
INFO: Run Behavior\BuildLiteBehavior [ RunTime:0.000268s ]
INFO: [ app_init ] --END-- [ RunTime:0.003186s ]
ERR: Êó†Ê≥ïÂä†ËΩΩÊ®°Âùó:Images

[ 2017-06-09T14:29:18+08:00 ] 127.0.0.1 /shop/Public/Home/images/yongda_logo.gif
INFO: [ app_init ] --START--
INFO: Run Behavior\BuildLiteBehavior [ RunTime:0.000193s ]
INFO: [ app_init ] --END-- [ RunTime:0.002749s ]
ERR: Êó†Ê≥ïÂä†ËΩΩÊ®°Âùó:Public

[ 2017-06-09T14:29:18+08:00 ] 127.0.0.1 /shop/Public/Home/images/ecmoban_link.jpg
INFO: [ app_init ] --START--
INFO: Run Behavior\BuildLiteBehavior [ RunTime:0.000177s ]
INFO: [ app_init ] --END-- [ RunTime:0.002442s ]
ERR: Êó†Ê≥ïÂä†ËΩΩÊ®°Âùó:Public

[ 2017-06-09T14:29:18+08:00 ] 127.0.0.1 /shop/images/sousuo.gif
INFO: [ app_init ] --START--
INFO: Run Behavior\BuildLiteBehavior [ RunTime:0.000214s ]
INFO: [ app_init ] --END-- [ RunTime:0.002595s ]
ERR: Êó†Ê≥ïÂä†ËΩΩÊ®°Âùó:Images

[ 2017-06-09T14:33:09+08:00 ] 127.0.0.1 /shop/Public/Admin/js/jquery.min.map
INFO: [ app_init ] --START--
INFO: Run Behavior\BuildLiteBehavior [ RunTime:0.000111s ]
INFO: [ app_init ] --END-- [ RunTime:0.001549s ]
ERR: Êó†Ê≥ïÂä†ËΩΩÊ®°Âùó:Public

[ 2017-06-09T14:40:26+08:00 ] 127.0.0.1 /shop/Public/Admin/js/jquery.min.map
INFO: [ app_init ] --START--
INFO: Run Behavior\BuildLiteBehavior [ RunTime:0.000107s ]
INFO: [ app_init ] --END-- [ RunTime:0.001552s ]
ERR: Êó†Ê≥ïÂä†ËΩΩÊ®°Âùó:Public

[ 2017-06-09T15:40:56+08:00 ] 127.0.0.1 /shop/Public/Admin/js/jquery.min.map
INFO: [ app_init ] --START--
INFO: Run Behavior\BuildLiteBehavior [ RunTime:0.002270s ]
INFO: [ app_init ] --END-- [ RunTime:0.008947s ]
ERR: Êó†Ê≥ïÂä†ËΩΩÊ®°Âùó:Public

[ 2017-06-09T15:41:28+08:00 ] 127.0.0.1 /shop/Public/Admin/js/jquery.min.map
INFO: [ app_init ] --START--
INFO: Run Behavior\BuildLiteBehavior [ RunTime:0.000168s ]
INFO: [ app_init ] --END-- [ RunTime:0.002547s ]
ERR: Êó†Ê≥ïÂä†ËΩΩÊ®°Âùó:Public

[ 2017-06-09T15:43:21+08:00 ] 127.0.0.1 /shop/Public/Admin/js/jquery.min.map
INFO: [ app_init ] --START--
INFO: Run Behavior\BuildLiteBehavior [ RunTime:0.000202s ]
INFO: [ app_init ] --END-- [ RunTime:0.002433s ]
ERR: Êó†Ê≥ïÂä†ËΩΩÊ®°Âùó:Public

[ 2017-06-09T15:44:04+08:00 ] 127.0.0.1 /shop/Public/Admin/js/jquery.min.map
INFO: [ app_init ] --START--
INFO: Run Behavior\BuildLiteBehavior [ RunTime:0.000109s ]
INFO: [ app_init ] --END-- [ RunTime:0.001593s ]
ERR: Êó†Ê≥ïÂä†ËΩΩÊ®°Âùó:Public

[ 2017-06-09T15:44:31+08:00 ] 127.0.0.1 /shop/Public/Admin/js/jquery.min.map
INFO: [ app_init ] --START--
INFO: Run Behavior\BuildLiteBehavior [ RunTime:0.000185s ]
INFO: [ app_init ] --END-- [ RunTime:0.002050s ]
ERR: Êó†Ê≥ïÂä†ËΩΩÊ®°Âùó:Public

[ 2017-06-09T15:54:01+08:00 ] 127.0.0.1 /shop/Public/Admin/js/jquery.min.map
INFO: [ app_init ] --START--
INFO: Run Behavior\BuildLiteBehavior [ RunTime:0.000179s ]
INFO: [ app_init ] --END-- [ RunTime:0.004189s ]
ERR: Êó†Ê≥ïÂä†ËΩΩÊ®°Âùó:Public

[ 2017-06-09T16:15:08+08:00 ] 127.0.0.1 /shop/Public/Admin/js/jquery.min.map
INFO: [ app_init ] --START--
INFO: Run Behavior\BuildLiteBehavior [ RunTime:0.000264s ]
INFO: [ app_init ] --END-- [ RunTime:0.002784s ]
ERR: Êó†Ê≥ïÂä†ËΩΩÊ®°Âùó:Public

[ 2017-06-09T16:19:10+08:00 ] 127.0.0.1 /shop/Public/Admin/js/jquery.min.map
INFO: [ app_init ] --START--
INFO: Run Behavior\BuildLiteBehavior [ RunTime:0.000110s ]
INFO: [ app_init ] --END-- [ RunTime:0.001831s ]
ERR: Êó†Ê≥ïÂä†ËΩΩÊ®°Âùó:Public

