[ 2017-06-10T08:26:19+08:00 ] 127.0.0.1 /shop/images/biao3.gif
INFO: [ app_init ] --START--
INFO: Run Behavior\BuildLiteBehavior [ RunTime:0.000191s ]
INFO: [ app_init ] --END-- [ RunTime:0.002601s ]
ERR: 无法加载模块:Images

[ 2017-06-10T08:26:19+08:00 ] 127.0.0.1 /shop/images/3_thumb_G_1241422082679.jpg
INFO: [ app_init ] --START--
INFO: Run Behavior\BuildLiteBehavior [ RunTime:0.000193s ]
INFO: [ app_init ] --END-- [ RunTime:0.002764s ]
ERR: 无法加载模块:Images

[ 2017-06-10T08:26:19+08:00 ] 127.0.0.1 /shop/images/biao7.gif
INFO: [ app_init ] --START--
INFO: Run Behavior\BuildLiteBehavior [ RunTime:0.000178s ]
INFO: [ app_init ] --END-- [ RunTime:0.002584s ]
ERR: 无法加载模块:Images

[ 2017-06-10T08:26:19+08:00 ] 127.0.0.1 /shop/images/top_2.gif
INFO: [ app_init ] --START--
INFO: Run Behavior\BuildLiteBehavior [ RunTime:0.000200s ]
INFO: [ app_init ] --END-- [ RunTime:0.002851s ]
ERR: 无法加载模块:Images

[ 2017-06-10T08:26:19+08:00 ] 127.0.0.1 /shop/images/biao6.gif
INFO: [ app_init ] --START--
INFO: Run Behavior\BuildLiteBehavior [ RunTime:0.000202s ]
INFO: [ app_init ] --END-- [ RunTime:0.002517s ]
ERR: 无法加载模块:Images

[ 2017-06-10T08:26:19+08:00 ] 127.0.0.1 /shop/images/top_3.gif
INFO: [ app_init ] --START--
INFO: Run Behavior\BuildLiteBehavior [ RunTime:0.000215s ]
INFO: [ app_init ] --END-- [ RunTime:0.002575s ]
ERR: 无法加载模块:Images

[ 2017-06-10T08:26:19+08:00 ] 127.0.0.1 /shop/images/top_1.gif
INFO: [ app_init ] --START--
INFO: Run Behavior\BuildLiteBehavior [ RunTime:0.000196s ]
INFO: [ app_init ] --END-- [ RunTime:0.002910s ]
ERR: 无法加载模块:Images

[ 2017-06-10T08:26:19+08:00 ] 127.0.0.1 /shop/images/12_thumb_G_1241965978410.jpg
INFO: [ app_init ] --START--
INFO: Run Behavior\BuildLiteBehavior [ RunTime:0.000198s ]
INFO: [ app_init ] --END-- [ RunTime:0.002946s ]
ERR: 无法加载模块:Images

[ 2017-06-10T08:26:19+08:00 ] 127.0.0.1 /shop/images/24_thumb_G_1241971981429.jpg
INFO: [ app_init ] --START--
INFO: Run Behavior\BuildLiteBehavior [ RunTime:0.000528s ]
INFO: [ app_init ] --END-- [ RunTime:0.004582s ]
ERR: 无法加载模块:Images

[ 2017-06-10T08:26:19+08:00 ] 127.0.0.1 /shop/images/top_6.gif
INFO: [ app_init ] --START--
INFO: Run Behavior\BuildLiteBehavior [ RunTime:0.000287s ]
INFO: [ app_init ] --END-- [ RunTime:0.003410s ]
ERR: 无法加载模块:Images

[ 2017-06-10T08:26:19+08:00 ] 127.0.0.1 /shop/images/top_5.gif
INFO: [ app_init ] --START--
INFO: Run Behavior\BuildLiteBehavior [ RunTime:0.000211s ]
INFO: [ app_init ] --END-- [ RunTime:0.007208s ]
ERR: 无法加载模块:Images

[ 2017-06-10T08:26:19+08:00 ] 127.0.0.1 /shop/images/top_4.gif
INFO: [ app_init ] --START--
INFO: Run Behavior\BuildLiteBehavior [ RunTime:0.000195s ]
INFO: [ app_init ] --END-- [ RunTime:0.007697s ]
ERR: 无法加载模块:Images

[ 2017-06-10T08:26:19+08:00 ] 127.0.0.1 /shop/images/top_7.gif
INFO: [ app_init ] --START--
INFO: Run Behavior\BuildLiteBehavior [ RunTime:0.000193s ]
INFO: [ app_init ] --END-- [ RunTime:0.051248s ]
ERR: 无法加载模块:Images

[ 2017-06-10T08:26:19+08:00 ] 127.0.0.1 /shop/images/1240803144788047486.gif
INFO: [ app_init ] --START--
INFO: Run Behavior\BuildLiteBehavior [ RunTime:0.000197s ]
INFO: [ app_init ] --END-- [ RunTime:0.002453s ]
ERR: 无法加载模块:Images

[ 2017-06-10T08:26:19+08:00 ] 127.0.0.1 /shop/images/1240802922410634065.gif
INFO: [ app_init ] --START--
INFO: Run Behavior\BuildLiteBehavior [ RunTime:0.000284s ]
INFO: [ app_init ] --END-- [ RunTime:0.002509s ]
ERR: 无法加载模块:Images

[ 2017-06-10T08:26:19+08:00 ] 127.0.0.1 /shop/images/111.jpg
INFO: [ app_init ] --START--
INFO: Run Behavior\BuildLiteBehavior [ RunTime:0.000201s ]
INFO: [ app_init ] --END-- [ RunTime:0.003900s ]
ERR: 无法加载模块:Images

[ 2017-06-10T08:26:19+08:00 ] 127.0.0.1 /shop/images/1240803062307572427.gif
INFO: [ app_init ] --START--
INFO: Run Behavior\BuildLiteBehavior [ RunTime:0.000206s ]
INFO: [ app_init ] --END-- [ RunTime:0.004477s ]
ERR: 无法加载模块:Images

[ 2017-06-10T08:26:19+08:00 ] 127.0.0.1 /shop/images/9_thumb_G_1241511871555.jpg
INFO: [ app_init ] --START--
INFO: Run Behavior\BuildLiteBehavior [ RunTime:0.000189s ]
INFO: [ app_init ] --END-- [ RunTime:0.002751s ]
ERR: 无法加载模块:Images

[ 2017-06-10T08:26:19+08:00 ] 127.0.0.1 /shop/images/1_thumb_G_1240902890710.jpg
INFO: [ app_init ] --START--
INFO: Run Behavior\BuildLiteBehavior [ RunTime:0.000191s ]
INFO: [ app_init ] --END-- [ RunTime:0.002440s ]
ERR: 无法加载模块:Images

[ 2017-06-10T08:26:19+08:00 ] 127.0.0.1 /shop/images/8_thumb_G_1241425513488.jpg
INFO: [ app_init ] --START--
INFO: Run Behavior\BuildLiteBehavior [ RunTime:0.000195s ]
INFO: [ app_init ] --END-- [ RunTime:0.002412s ]
ERR: 无法加载模块:Images

[ 2017-06-10T08:26:19+08:00 ] 127.0.0.1 /shop/Public/Home/images/ecmoban_link.jpg
INFO: [ app_init ] --START--
INFO: Run Behavior\BuildLiteBehavior [ RunTime:0.000193s ]
INFO: [ app_init ] --END-- [ RunTime:0.002627s ]
ERR: 无法加载模块:Public

[ 2017-06-10T08:26:19+08:00 ] 127.0.0.1 /shop/images/sousuo.gif
INFO: [ app_init ] --START--
INFO: Run Behavior\BuildLiteBehavior [ RunTime:0.000207s ]
INFO: [ app_init ] --END-- [ RunTime:0.003476s ]
ERR: 无法加载模块:Images

[ 2017-06-10T08:26:19+08:00 ] 127.0.0.1 /shop/Public/Home/images/yongda_logo.gif
INFO: [ app_init ] --START--
INFO: Run Behavior\BuildLiteBehavior [ RunTime:0.000186s ]
INFO: [ app_init ] --END-- [ RunTime:0.002873s ]
ERR: 无法加载模块:Public

[ 2017-06-10T08:48:54+08:00 ] 127.0.0.1 /shop/Public/Admin/js/jquery.min.map
INFO: [ app_init ] --START--
INFO: Run Behavior\BuildLiteBehavior [ RunTime:0.000185s ]
INFO: [ app_init ] --END-- [ RunTime:0.002502s ]
ERR: 无法加载模块:Public

[ 2017-06-10T08:49:48+08:00 ] 127.0.0.1 /shop/Public/Admin/js/jquery.min.map
INFO: [ app_init ] --START--
INFO: Run Behavior\BuildLiteBehavior [ RunTime:0.000118s ]
INFO: [ app_init ] --END-- [ RunTime:0.001855s ]
ERR: 无法加载模块:Public

[ 2017-06-10T08:49:55+08:00 ] 127.0.0.1 /shop/Public/Admin/js/jquery.min.map
INFO: [ app_init ] --START--
INFO: Run Behavior\BuildLiteBehavior [ RunTime:0.000122s ]
INFO: [ app_init ] --END-- [ RunTime:0.002236s ]
ERR: 无法加载模块:Public

[ 2017-06-10T08:51:45+08:00 ] 127.0.0.1 /shop/Public/Admin/js/jquery.min.map
INFO: [ app_init ] --START--
INFO: Run Behavior\BuildLiteBehavior [ RunTime:0.000110s ]
INFO: [ app_init ] --END-- [ RunTime:0.001808s ]
ERR: 无法加载模块:Public

[ 2017-06-10T08:51:57+08:00 ] 127.0.0.1 /shop/Public/Admin/js/jquery.min.map
INFO: [ app_init ] --START--
INFO: Run Behavior\BuildLiteBehavior [ RunTime:0.000119s ]
INFO: [ app_init ] --END-- [ RunTime:0.001693s ]
ERR: 无法加载模块:Public

[ 2017-06-10T08:54:46+08:00 ] 127.0.0.1 /shop/Public/Admin/js/jquery.min.map
INFO: [ app_init ] --START--
INFO: Run Behavior\BuildLiteBehavior [ RunTime:0.000199s ]
INFO: [ app_init ] --END-- [ RunTime:0.002447s ]
ERR: 无法加载模块:Public

[ 2017-06-10T08:57:49+08:00 ] 127.0.0.1 /shop/Public/Admin/js/jquery.min.map
INFO: [ app_init ] --START--
INFO: Run Behavior\BuildLiteBehavior [ RunTime:0.000117s ]
INFO: [ app_init ] --END-- [ RunTime:0.001570s ]
ERR: 无法加载模块:Public

[ 2017-06-10T08:58:35+08:00 ] 127.0.0.1 /shop/Public/Admin/js/jquery.min.map
INFO: [ app_init ] --START--
INFO: Run Behavior\BuildLiteBehavior [ RunTime:0.000125s ]
INFO: [ app_init ] --END-- [ RunTime:0.002091s ]
ERR: 无法加载模块:Public

[ 2017-06-10T15:36:15+08:00 ] 127.0.0.1 /shop/Public/Admin/js/jquery.min.map
INFO: [ app_init ] --START--
INFO: Run Behavior\BuildLiteBehavior [ RunTime:0.000110s ]
INFO: [ app_init ] --END-- [ RunTime:0.001657s ]
ERR: 无法加载模块:Public

[ 2017-06-10T15:38:35+08:00 ] 127.0.0.1 /shop/Public/Admin/js/jquery.min.map
INFO: [ app_init ] --START--
INFO: Run Behavior\BuildLiteBehavior [ RunTime:0.000127s ]
INFO: [ app_init ] --END-- [ RunTime:0.002357s ]
ERR: 无法加载模块:Public

[ 2017-06-10T15:41:20+08:00 ] 127.0.0.1 /shop/Public/Admin/js/jquery.min.map
INFO: [ app_init ] --START--
INFO: Run Behavior\BuildLiteBehavior [ RunTime:0.001217s ]
INFO: [ app_init ] --END-- [ RunTime:0.004142s ]
ERR: 无法加载模块:Public

[ 2017-06-10T16:07:15+08:00 ] 127.0.0.1 /shop/Public/Admin/js/jquery.min.map
INFO: [ app_init ] --START--
INFO: Run Behavior\BuildLiteBehavior [ RunTime:0.000231s ]
INFO: [ app_init ] --END-- [ RunTime:0.001943s ]
ERR: 无法加载模块:Public

[ 2017-06-10T16:08:07+08:00 ] 127.0.0.1 /shop/Public/Admin/js/jquery.min.map
INFO: [ app_init ] --START--
INFO: Run Behavior\BuildLiteBehavior [ RunTime:0.000113s ]
INFO: [ app_init ] --END-- [ RunTime:0.001722s ]
ERR: 无法加载模块:Public

[ 2017-06-10T16:45:52+08:00 ] 127.0.0.1 /shop/Public/Admin/js/jquery.min.map
INFO: [ app_init ] --START--
INFO: Run Behavior\BuildLiteBehavior [ RunTime:0.000127s ]
INFO: [ app_init ] --END-- [ RunTime:0.002045s ]
ERR: 无法加载模块:Public

[ 2017-06-10T16:46:44+08:00 ] 127.0.0.1 /shop/Public/Admin/js/jquery.min.map
INFO: [ app_init ] --START--
INFO: Run Behavior\BuildLiteBehavior [ RunTime:0.000400s ]
INFO: [ app_init ] --END-- [ RunTime:0.003076s ]
ERR: 无法加载模块:Public

[ 2017-06-10T17:14:33+08:00 ] 127.0.0.1 /shop/Public/Admin/js/jquery.min.map
INFO: [ app_init ] --START--
INFO: Run Behavior\BuildLiteBehavior [ RunTime:0.000108s ]
INFO: [ app_init ] --END-- [ RunTime:0.001567s ]
ERR: 无法加载模块:Public

[ 2017-06-10T17:16:51+08:00 ] 127.0.0.1 /shop/Public/Admin/js/jquery.min.map
INFO: [ app_init ] --START--
INFO: Run Behavior\BuildLiteBehavior [ RunTime:0.000195s ]
INFO: [ app_init ] --END-- [ RunTime:0.003746s ]
ERR: 无法加载模块:Public

[ 2017-06-10T17:17:09+08:00 ] 127.0.0.1 /shop/Public/Admin/js/jquery.min.map
INFO: [ app_init ] --START--
INFO: Run Behavior\BuildLiteBehavior [ RunTime:0.000108s ]
INFO: [ app_init ] --END-- [ RunTime:0.001594s ]
ERR: 无法加载模块:Public

[ 2017-06-10T17:18:57+08:00 ] 127.0.0.1 /shop/Public/Admin/js/jquery.min.map
INFO: [ app_init ] --START--
INFO: Run Behavior\BuildLiteBehavior [ RunTime:0.000109s ]
INFO: [ app_init ] --END-- [ RunTime:0.001604s ]
ERR: 无法加载模块:Public

[ 2017-06-10T17:20:32+08:00 ] 127.0.0.1 /shop/Public/Admin/js/jquery.min.map
INFO: [ app_init ] --START--
INFO: Run Behavior\BuildLiteBehavior [ RunTime:0.000130s ]
INFO: [ app_init ] --END-- [ RunTime:0.002127s ]
ERR: 无法加载模块:Public

[ 2017-06-10T17:21:10+08:00 ] 127.0.0.1 /shop/Public/Admin/js/jquery.min.map
INFO: [ app_init ] --START--
INFO: Run Behavior\BuildLiteBehavior [ RunTime:0.000109s ]
INFO: [ app_init ] --END-- [ RunTime:0.001700s ]
ERR: 无法加载模块:Public

[ 2017-06-10T20:14:15+08:00 ] 127.0.0.1 /shop/Public/Adminjs/jquery-1.7.2.min.js
INFO: [ app_init ] --START--
INFO: Run Behavior\BuildLiteBehavior [ RunTime:0.000216s ]
INFO: [ app_init ] --END-- [ RunTime:0.002746s ]
ERR: 无法加载模块:Public

[ 2017-06-10T20:16:18+08:00 ] 127.0.0.1 /shop/Public/Admin/js/jquery.min.map
INFO: [ app_init ] --START--
INFO: Run Behavior\BuildLiteBehavior [ RunTime:0.000108s ]
INFO: [ app_init ] --END-- [ RunTime:0.001745s ]
ERR: 无法加载模块:Public

[ 2017-06-10T20:19:19+08:00 ] 127.0.0.1 /shop/Public/Admin/js/jquery.min.map
INFO: [ app_init ] --START--
INFO: Run Behavior\BuildLiteBehavior [ RunTime:0.000187s ]
INFO: [ app_init ] --END-- [ RunTime:0.002269s ]
ERR: 无法加载模块:Public

[ 2017-06-10T20:19:50+08:00 ] 127.0.0.1 /shop/Public/Admin/js/jquery.min.map
INFO: [ app_init ] --START--
INFO: Run Behavior\BuildLiteBehavior [ RunTime:0.000179s ]
INFO: [ app_init ] --END-- [ RunTime:0.002091s ]
ERR: 无法加载模块:Public

[ 2017-06-10T20:55:14+08:00 ] 127.0.0.1 /shop/images/biao3.gif
INFO: [ app_init ] --START--
INFO: Run Behavior\BuildLiteBehavior [ RunTime:0.000196s ]
INFO: [ app_init ] --END-- [ RunTime:0.003061s ]
ERR: 无法加载模块:Images

[ 2017-06-10T20:55:14+08:00 ] 127.0.0.1 /shop/images/biao7.gif
INFO: [ app_init ] --START--
INFO: Run Behavior\BuildLiteBehavior [ RunTime:0.000199s ]
INFO: [ app_init ] --END-- [ RunTime:0.003686s ]
ERR: 无法加载模块:Images

[ 2017-06-10T20:55:14+08:00 ] 127.0.0.1 /shop/images/biao6.gif
INFO: [ app_init ] --START--
INFO: Run Behavior\BuildLiteBehavior [ RunTime:0.000232s ]
INFO: [ app_init ] --END-- [ RunTime:0.036408s ]
ERR: 无法加载模块:Images

[ 2017-06-10T20:55:14+08:00 ] 127.0.0.1 /shop/images/3_thumb_G_1241422082679.jpg
INFO: [ app_init ] --START--
INFO: Run Behavior\BuildLiteBehavior [ RunTime:0.000204s ]
INFO: [ app_init ] --END-- [ RunTime:0.052063s ]
ERR: 无法加载模块:Images

[ 2017-06-10T20:55:14+08:00 ] 127.0.0.1 /shop/images/top_2.gif
INFO: [ app_init ] --START--
INFO: Run Behavior\BuildLiteBehavior [ RunTime:0.000193s ]
INFO: [ app_init ] --END-- [ RunTime:0.003604s ]
ERR: 无法加载模块:Images

[ 2017-06-10T20:55:14+08:00 ] 127.0.0.1 /shop/images/top_1.gif
INFO: [ app_init ] --START--
INFO: Run Behavior\BuildLiteBehavior [ RunTime:0.000193s ]
INFO: [ app_init ] --END-- [ RunTime:0.005559s ]
ERR: 无法加载模块:Images

[ 2017-06-10T20:55:14+08:00 ] 127.0.0.1 /shop/images/sousuo.gif
INFO: [ app_init ] --START--
INFO: Run Behavior\BuildLiteBehavior [ RunTime:0.000230s ]
INFO: [ app_init ] --END-- [ RunTime:0.002742s ]
ERR: 无法加载模块:Images

[ 2017-06-10T20:55:14+08:00 ] 127.0.0.1 /shop/images/24_thumb_G_1241971981429.jpg
INFO: [ app_init ] --START--
INFO: Run Behavior\BuildLiteBehavior [ RunTime:0.000218s ]
INFO: [ app_init ] --END-- [ RunTime:0.002783s ]
ERR: 无法加载模块:Images

[ 2017-06-10T20:55:14+08:00 ] 127.0.0.1 /shop/images/top_3.gif
INFO: [ app_init ] --START--
INFO: Run Behavior\BuildLiteBehavior [ RunTime:0.000202s ]
INFO: [ app_init ] --END-- [ RunTime:0.006796s ]
ERR: 无法加载模块:Images

[ 2017-06-10T20:55:14+08:00 ] 127.0.0.1 /shop/images/1_thumb_G_1240902890710.jpg
INFO: [ app_init ] --START--
INFO: Run Behavior\BuildLiteBehavior [ RunTime:0.000213s ]
INFO: [ app_init ] --END-- [ RunTime:0.002682s ]
ERR: 无法加载模块:Images

[ 2017-06-10T20:55:14+08:00 ] 127.0.0.1 /shop/images/8_thumb_G_1241425513488.jpg
INFO: [ app_init ] --START--
INFO: Run Behavior\BuildLiteBehavior [ RunTime:0.000211s ]
INFO: [ app_init ] --END-- [ RunTime:0.003788s ]
ERR: 无法加载模块:Images

[ 2017-06-10T20:55:14+08:00 ] 127.0.0.1 /shop/images/9_thumb_G_1241511871555.jpg
INFO: [ app_init ] --START--
INFO: Run Behavior\BuildLiteBehavior [ RunTime:0.000182s ]
INFO: [ app_init ] --END-- [ RunTime:0.002842s ]
ERR: 无法加载模块:Images

[ 2017-06-10T20:55:14+08:00 ] 127.0.0.1 /shop/images/111.jpg
INFO: [ app_init ] --START--
INFO: Run Behavior\BuildLiteBehavior [ RunTime:0.000198s ]
INFO: [ app_init ] --END-- [ RunTime:0.003002s ]
ERR: 无法加载模块:Images

[ 2017-06-10T20:55:15+08:00 ] 127.0.0.1 /shop/images/12_thumb_G_1241965978410.jpg
INFO: [ app_init ] --START--
INFO: Run Behavior\BuildLiteBehavior [ RunTime:0.000209s ]
INFO: [ app_init ] --END-- [ RunTime:0.002675s ]
ERR: 无法加载模块:Images

[ 2017-06-10T20:55:15+08:00 ] 127.0.0.1 /shop/images/top_5.gif
INFO: [ app_init ] --START--
INFO: Run Behavior\BuildLiteBehavior [ RunTime:0.000346s ]
INFO: [ app_init ] --END-- [ RunTime:0.037258s ]
ERR: 无法加载模块:Images

[ 2017-06-10T20:55:15+08:00 ] 127.0.0.1 /shop/images/1240803062307572427.gif
INFO: [ app_init ] --START--
INFO: Run Behavior\BuildLiteBehavior [ RunTime:0.000187s ]
INFO: [ app_init ] --END-- [ RunTime:0.002587s ]
ERR: 无法加载模块:Images

[ 2017-06-10T20:55:15+08:00 ] 127.0.0.1 /shop/images/top_4.gif
INFO: [ app_init ] --START--
INFO: Run Behavior\BuildLiteBehavior [ RunTime:0.000209s ]
INFO: [ app_init ] --END-- [ RunTime:0.002640s ]
ERR: 无法加载模块:Images

[ 2017-06-10T20:55:15+08:00 ] 127.0.0.1 /shop/images/top_7.gif
INFO: [ app_init ] --START--
INFO: Run Behavior\BuildLiteBehavior [ RunTime:0.000184s ]
INFO: [ app_init ] --END-- [ RunTime:0.009269s ]
ERR: 无法加载模块:Images

[ 2017-06-10T20:55:15+08:00 ] 127.0.0.1 /shop/images/1240802922410634065.gif
INFO: [ app_init ] --START--
INFO: Run Behavior\BuildLiteBehavior [ RunTime:0.000299s ]
INFO: [ app_init ] --END-- [ RunTime:0.004131s ]
ERR: 无法加载模块:Images

[ 2017-06-10T20:55:15+08:00 ] 127.0.0.1 /shop/images/top_6.gif
INFO: [ app_init ] --START--
INFO: Run Behavior\BuildLiteBehavior [ RunTime:0.000205s ]
INFO: [ app_init ] --END-- [ RunTime:0.009862s ]
ERR: 无法加载模块:Images

[ 2017-06-10T20:55:15+08:00 ] 127.0.0.1 /shop/Public/Home/images/yongda_logo.gif
INFO: [ app_init ] --START--
INFO: Run Behavior\BuildLiteBehavior [ RunTime:0.000259s ]
INFO: [ app_init ] --END-- [ RunTime:0.003202s ]
ERR: 无法加载模块:Public

[ 2017-06-10T20:55:15+08:00 ] 127.0.0.1 /shop/images/1240803144788047486.gif
INFO: [ app_init ] --START--
INFO: Run Behavior\BuildLiteBehavior [ RunTime:0.000215s ]
INFO: [ app_init ] --END-- [ RunTime:0.009942s ]
ERR: 无法加载模块:Images

[ 2017-06-10T20:55:15+08:00 ] 127.0.0.1 /shop/Public/Home/images/ecmoban_link.jpg
INFO: [ app_init ] --START--
INFO: Run Behavior\BuildLiteBehavior [ RunTime:0.000333s ]
INFO: [ app_init ] --END-- [ RunTime:0.005633s ]
ERR: 无法加载模块:Public

[ 2017-06-10T21:03:35+08:00 ] 127.0.0.1 /shop/images/biao6.gif
INFO: [ app_init ] --START--
INFO: Run Behavior\BuildLiteBehavior [ RunTime:0.001010s ]
INFO: [ app_init ] --END-- [ RunTime:0.005262s ]
ERR: 无法加载模块:Images

[ 2017-06-10T21:03:35+08:00 ] 127.0.0.1 /shop/images/3_thumb_G_1241422082679.jpg
INFO: [ app_init ] --START--
INFO: Run Behavior\BuildLiteBehavior [ RunTime:0.000227s ]
INFO: [ app_init ] --END-- [ RunTime:0.002707s ]
ERR: 无法加载模块:Images

[ 2017-06-10T21:03:35+08:00 ] 127.0.0.1 /shop/images/top_2.gif
INFO: [ app_init ] --START--
INFO: Run Behavior\BuildLiteBehavior [ RunTime:0.000188s ]
INFO: [ app_init ] --END-- [ RunTime:0.003628s ]
ERR: 无法加载模块:Images

[ 2017-06-10T21:03:35+08:00 ] 127.0.0.1 /shop/images/top_1.gif
INFO: [ app_init ] --START--
INFO: Run Behavior\BuildLiteBehavior [ RunTime:0.000303s ]
INFO: [ app_init ] --END-- [ RunTime:0.003117s ]
ERR: 无法加载模块:Images

[ 2017-06-10T21:03:35+08:00 ] 127.0.0.1 /shop/images/biao3.gif
INFO: [ app_init ] --START--
INFO: Run Behavior\BuildLiteBehavior [ RunTime:0.000202s ]
INFO: [ app_init ] --END-- [ RunTime:0.004204s ]
ERR: 无法加载模块:Images

[ 2017-06-10T21:03:35+08:00 ] 127.0.0.1 /shop/images/24_thumb_G_1241971981429.jpg
INFO: [ app_init ] --START--
INFO: Run Behavior\BuildLiteBehavior [ RunTime:0.000700s ]
INFO: [ app_init ] --END-- [ RunTime:0.003445s ]
ERR: 无法加载模块:Images

[ 2017-06-10T21:03:35+08:00 ] 127.0.0.1 /shop/images/biao7.gif
INFO: [ app_init ] --START--
INFO: Run Behavior\BuildLiteBehavior [ RunTime:0.000201s ]
INFO: [ app_init ] --END-- [ RunTime:0.006258s ]
ERR: 无法加载模块:Images

[ 2017-06-10T21:03:35+08:00 ] 127.0.0.1 /shop/images/12_thumb_G_1241965978410.jpg
INFO: [ app_init ] --START--
INFO: Run Behavior\BuildLiteBehavior [ RunTime:0.000213s ]
INFO: [ app_init ] --END-- [ RunTime:0.003108s ]
ERR: 无法加载模块:Images

[ 2017-06-10T21:03:35+08:00 ] 127.0.0.1 /shop/images/top_3.gif
INFO: [ app_init ] --START--
INFO: Run Behavior\BuildLiteBehavior [ RunTime:0.000544s ]
INFO: [ app_init ] --END-- [ RunTime:0.037228s ]
ERR: 无法加载模块:Images

[ 2017-06-10T21:03:35+08:00 ] 127.0.0.1 /shop/images/top_4.gif
INFO: [ app_init ] --START--
INFO: Run Behavior\BuildLiteBehavior [ RunTime:0.000220s ]
INFO: [ app_init ] --END-- [ RunTime:0.008642s ]
ERR: 无法加载模块:Images

[ 2017-06-10T21:03:35+08:00 ] 127.0.0.1 /shop/Public/Home/sousuo.gif
INFO: [ app_init ] --START--
INFO: Run Behavior\BuildLiteBehavior [ RunTime:0.000196s ]
INFO: [ app_init ] --END-- [ RunTime:0.004421s ]
ERR: 无法加载模块:Public

[ 2017-06-10T21:03:35+08:00 ] 127.0.0.1 /shop/images/top_7.gif
INFO: [ app_init ] --START--
INFO: Run Behavior\BuildLiteBehavior [ RunTime:0.000177s ]
INFO: [ app_init ] --END-- [ RunTime:0.002919s ]
ERR: 无法加载模块:Images

[ 2017-06-10T21:03:35+08:00 ] 127.0.0.1 /shop/images/9_thumb_G_1241511871555.jpg
INFO: [ app_init ] --START--
INFO: Run Behavior\BuildLiteBehavior [ RunTime:0.000205s ]
INFO: [ app_init ] --END-- [ RunTime:0.002496s ]
ERR: 无法加载模块:Images

[ 2017-06-10T21:03:35+08:00 ] 127.0.0.1 /shop/images/top_5.gif
INFO: [ app_init ] --START--
INFO: Run Behavior\BuildLiteBehavior [ RunTime:0.000348s ]
INFO: [ app_init ] --END-- [ RunTime:0.003653s ]
ERR: 无法加载模块:Images

[ 2017-06-10T21:03:35+08:00 ] 127.0.0.1 /shop/images/1_thumb_G_1240902890710.jpg
INFO: [ app_init ] --START--
INFO: Run Behavior\BuildLiteBehavior [ RunTime:0.000177s ]
INFO: [ app_init ] --END-- [ RunTime:0.002387s ]
ERR: 无法加载模块:Images

[ 2017-06-10T21:03:35+08:00 ] 127.0.0.1 /shop/images/8_thumb_G_1241425513488.jpg
INFO: [ app_init ] --START--
INFO: Run Behavior\BuildLiteBehavior [ RunTime:0.000197s ]
INFO: [ app_init ] --END-- [ RunTime:0.002805s ]
ERR: 无法加载模块:Images

[ 2017-06-10T21:03:36+08:00 ] 127.0.0.1 /shop/images/top_6.gif
INFO: [ app_init ] --START--
INFO: Run Behavior\BuildLiteBehavior [ RunTime:0.000198s ]
INFO: [ app_init ] --END-- [ RunTime:0.002716s ]
ERR: 无法加载模块:Images

[ 2017-06-10T21:03:36+08:00 ] 127.0.0.1 /shop/images/1240802922410634065.gif
INFO: [ app_init ] --START--
INFO: Run Behavior\BuildLiteBehavior [ RunTime:0.000191s ]
INFO: [ app_init ] --END-- [ RunTime:0.004482s ]
ERR: 无法加载模块:Images

[ 2017-06-10T21:03:36+08:00 ] 127.0.0.1 /shop/images/1240803144788047486.gif
INFO: [ app_init ] --START--
INFO: Run Behavior\BuildLiteBehavior [ RunTime:0.000182s ]
INFO: [ app_init ] --END-- [ RunTime:0.003464s ]
ERR: 无法加载模块:Images

[ 2017-06-10T21:03:36+08:00 ] 127.0.0.1 /shop/images/111.jpg
INFO: [ app_init ] --START--
INFO: Run Behavior\BuildLiteBehavior [ RunTime:0.000206s ]
INFO: [ app_init ] --END-- [ RunTime:0.002749s ]
ERR: 无法加载模块:Images

[ 2017-06-10T21:03:36+08:00 ] 127.0.0.1 /shop/Public/Home/images/ecmoban_link.jpg
INFO: [ app_init ] --START--
INFO: Run Behavior\BuildLiteBehavior [ RunTime:0.000198s ]
INFO: [ app_init ] --END-- [ RunTime:0.007581s ]
ERR: 无法加载模块:Public

[ 2017-06-10T21:03:36+08:00 ] 127.0.0.1 /shop/images/1240803062307572427.gif
INFO: [ app_init ] --START--
INFO: Run Behavior\BuildLiteBehavior [ RunTime:0.000369s ]
INFO: [ app_init ] --END-- [ RunTime:0.008441s ]
ERR: 无法加载模块:Images

[ 2017-06-10T21:03:36+08:00 ] 127.0.0.1 /shop/Public/Home/images/yongda_logo.gif
INFO: [ app_init ] --START--
INFO: Run Behavior\BuildLiteBehavior [ RunTime:0.000194s ]
INFO: [ app_init ] --END-- [ RunTime:0.002665s ]
ERR: 无法加载模块:Public

[ 2017-06-10T21:08:14+08:00 ] 127.0.0.1 /shop/images/biao6.gif
INFO: [ app_init ] --START--
INFO: Run Behavior\BuildLiteBehavior [ RunTime:0.000232s ]
INFO: [ app_init ] --END-- [ RunTime:0.002628s ]
ERR: 无法加载模块:Images

[ 2017-06-10T21:08:14+08:00 ] 127.0.0.1 /shop/images/biao3.gif
INFO: [ app_init ] --START--
INFO: Run Behavior\BuildLiteBehavior [ RunTime:0.000198s ]
INFO: [ app_init ] --END-- [ RunTime:0.003346s ]
ERR: 无法加载模块:Images

[ 2017-06-10T21:08:15+08:00 ] 127.0.0.1 /shop/images/top_1.gif
INFO: [ app_init ] --START--
INFO: Run Behavior\BuildLiteBehavior [ RunTime:0.000191s ]
INFO: [ app_init ] --END-- [ RunTime:0.004954s ]
ERR: 无法加载模块:Images

[ 2017-06-10T21:08:15+08:00 ] 127.0.0.1 /shop/images/biao7.gif
INFO: [ app_init ] --START--
INFO: Run Behavior\BuildLiteBehavior [ RunTime:0.000206s ]
INFO: [ app_init ] --END-- [ RunTime:0.049936s ]
ERR: 无法加载模块:Images

[ 2017-06-10T21:08:15+08:00 ] 127.0.0.1 /shop/images/24_thumb_G_1241971981429.jpg
INFO: [ app_init ] --START--
INFO: Run Behavior\BuildLiteBehavior [ RunTime:0.000574s ]
INFO: [ app_init ] --END-- [ RunTime:0.003503s ]
ERR: 无法加载模块:Images

[ 2017-06-10T21:08:15+08:00 ] 127.0.0.1 /shop/images/sousuo.gif
INFO: [ app_init ] --START--
INFO: Run Behavior\BuildLiteBehavior [ RunTime:0.000189s ]
INFO: [ app_init ] --END-- [ RunTime:0.002698s ]
ERR: 无法加载模块:Images

[ 2017-06-10T21:08:15+08:00 ] 127.0.0.1 /shop/images/top_2.gif
INFO: [ app_init ] --START--
INFO: Run Behavior\BuildLiteBehavior [ RunTime:0.000200s ]
INFO: [ app_init ] --END-- [ RunTime:0.056060s ]
ERR: 无法加载模块:Images

[ 2017-06-10T21:08:15+08:00 ] 127.0.0.1 /shop/images/3_thumb_G_1241422082679.jpg
INFO: [ app_init ] --START--
INFO: Run Behavior\BuildLiteBehavior [ RunTime:0.032110s ]
INFO: [ app_init ] --END-- [ RunTime:0.076611s ]
ERR: 无法加载模块:Images

[ 2017-06-10T21:08:15+08:00 ] 127.0.0.1 /shop/images/top_3.gif
INFO: [ app_init ] --START--
INFO: Run Behavior\BuildLiteBehavior [ RunTime:0.000195s ]
INFO: [ app_init ] --END-- [ RunTime:0.002580s ]
ERR: 无法加载模块:Images

[ 2017-06-10T21:08:15+08:00 ] 127.0.0.1 /shop/images/top_4.gif
INFO: [ app_init ] --START--
INFO: Run Behavior\BuildLiteBehavior [ RunTime:0.000193s ]
INFO: [ app_init ] --END-- [ RunTime:0.002720s ]
ERR: 无法加载模块:Images

[ 2017-06-10T21:08:15+08:00 ] 127.0.0.1 /shop/images/12_thumb_G_1241965978410.jpg
INFO: [ app_init ] --START--
INFO: Run Behavior\BuildLiteBehavior [ RunTime:0.000188s ]
INFO: [ app_init ] --END-- [ RunTime:0.002854s ]
ERR: 无法加载模块:Images

[ 2017-06-10T21:08:15+08:00 ] 127.0.0.1 /shop/images/top_5.gif
INFO: [ app_init ] --START--
INFO: Run Behavior\BuildLiteBehavior [ RunTime:0.000194s ]
INFO: [ app_init ] --END-- [ RunTime:0.003751s ]
ERR: 无法加载模块:Images

[ 2017-06-10T21:08:15+08:00 ] 127.0.0.1 /shop/images/top_6.gif
INFO: [ app_init ] --START--
INFO: Run Behavior\BuildLiteBehavior [ RunTime:0.000198s ]
INFO: [ app_init ] --END-- [ RunTime:0.003015s ]
ERR: 无法加载模块:Images

[ 2017-06-10T21:08:15+08:00 ] 127.0.0.1 /shop/images/top_7.gif
INFO: [ app_init ] --START--
INFO: Run Behavior\BuildLiteBehavior [ RunTime:0.000248s ]
INFO: [ app_init ] --END-- [ RunTime:0.003861s ]
ERR: 无法加载模块:Images

[ 2017-06-10T21:08:15+08:00 ] 127.0.0.1 /shop/images/1240803062307572427.gif
INFO: [ app_init ] --START--
INFO: Run Behavior\BuildLiteBehavior [ RunTime:0.000236s ]
INFO: [ app_init ] --END-- [ RunTime:0.002770s ]
ERR: 无法加载模块:Images

[ 2017-06-10T21:08:15+08:00 ] 127.0.0.1 /shop/images/1240802922410634065.gif
INFO: [ app_init ] --START--
INFO: Run Behavior\BuildLiteBehavior [ RunTime:0.000182s ]
INFO: [ app_init ] --END-- [ RunTime:0.002706s ]
ERR: 无法加载模块:Images

[ 2017-06-10T21:08:15+08:00 ] 127.0.0.1 /shop/images/111.jpg
INFO: [ app_init ] --START--
INFO: Run Behavior\BuildLiteBehavior [ RunTime:0.000213s ]
INFO: [ app_init ] --END-- [ RunTime:0.006267s ]
ERR: 无法加载模块:Images

[ 2017-06-10T21:08:15+08:00 ] 127.0.0.1 /shop/images/1240803144788047486.gif
INFO: [ app_init ] --START--
INFO: Run Behavior\BuildLiteBehavior [ RunTime:0.000202s ]
INFO: [ app_init ] --END-- [ RunTime:0.022816s ]
ERR: 无法加载模块:Images

[ 2017-06-10T21:08:15+08:00 ] 127.0.0.1 /shop/images/1_thumb_G_1240902890710.jpg
INFO: [ app_init ] --START--
INFO: Run Behavior\BuildLiteBehavior [ RunTime:0.000197s ]
INFO: [ app_init ] --END-- [ RunTime:0.002596s ]
ERR: 无法加载模块:Images

[ 2017-06-10T21:08:15+08:00 ] 127.0.0.1 /shop/images/9_thumb_G_1241511871555.jpg
INFO: [ app_init ] --START--
INFO: Run Behavior\BuildLiteBehavior [ RunTime:0.000206s ]
INFO: [ app_init ] --END-- [ RunTime:0.004638s ]
ERR: 无法加载模块:Images

[ 2017-06-10T21:08:15+08:00 ] 127.0.0.1 /shop/images/8_thumb_G_1241425513488.jpg
INFO: [ app_init ] --START--
INFO: Run Behavior\BuildLiteBehavior [ RunTime:0.000175s ]
INFO: [ app_init ] --END-- [ RunTime:0.002259s ]
ERR: 无法加载模块:Images


[ 2017-06-10T21:08:16+08:00 ] 127.0.0.1 /shop/Public/Home/images/yongda_logo.gif
INFO: [ app_init ] --START--
INFO: Run Behavior\BuildLiteBehavior [ RunTime:0.000208s ]
INFO: [ app_init ] --END-- [ RunTime:0.004608s ]
ERR: 无法加载模块:Public

[ 2017-06-10T21:08:33+08:00 ] 127.0.0.1 /shop/images/biao7.gif
INFO: [ app_init ] --START--
INFO: Run Behavior\BuildLiteBehavior [ RunTime:0.000214s ]
INFO: [ app_init ] --END-- [ RunTime:0.003133s ]
ERR: 无法加载模块:Images

[ 2017-06-10T21:08:33+08:00 ] 127.0.0.1 /shop/images/biao6.gif
INFO: [ app_init ] --START--
INFO: Run Behavior\BuildLiteBehavior [ RunTime:0.000195s ]
INFO: [ app_init ] --END-- [ RunTime:0.007390s ]
ERR: 无法加载模块:Images

[ 2017-06-10T21:08:33+08:00 ] 127.0.0.1 /shop/images/biao3.gif
INFO: [ app_init ] --START--
INFO: Run Behavior\BuildLiteBehavior [ RunTime:0.000210s ]
INFO: [ app_init ] --END-- [ RunTime:0.004061s ]
ERR: 无法加载模块:Images

[ 2017-06-10T21:08:33+08:00 ] 127.0.0.1 /shop/images/3_thumb_G_1241422082679.jpg
INFO: [ app_init ] --START--
INFO: Run Behavior\BuildLiteBehavior [ RunTime:0.000206s ]
INFO: [ app_init ] --END-- [ RunTime:0.002646s ]
ERR: 无法加载模块:Images

[ 2017-06-10T21:08:34+08:00 ] 127.0.0.1 /shop/images/top_2.gif
INFO: [ app_init ] --START--
INFO: Run Behavior\BuildLiteBehavior [ RunTime:0.000205s ]
INFO: [ app_init ] --END-- [ RunTime:0.002776s ]
ERR: 无法加载模块:Images

[ 2017-06-10T21:08:34+08:00 ] 127.0.0.1 /shop/images/24_thumb_G_1241971981429.jpg
INFO: [ app_init ] --START--
INFO: Run Behavior\BuildLiteBehavior [ RunTime:0.000195s ]
INFO: [ app_init ] --END-- [ RunTime:0.002870s ]
ERR: 无法加载模块:Images

[ 2017-06-10T21:08:34+08:00 ] 127.0.0.1 /shop/images/top_1.gif
INFO: [ app_init ] --START--
INFO: Run Behavior\BuildLiteBehavior [ RunTime:0.000473s ]
INFO: [ app_init ] --END-- [ RunTime:0.052335s ]
ERR: 无法加载模块:Images

[ 2017-06-10T21:08:34+08:00 ] 127.0.0.1 /shop/images/sousuo.gif
INFO: [ app_init ] --START--
INFO: Run Behavior\BuildLiteBehavior [ RunTime:0.000214s ]
INFO: [ app_init ] --END-- [ RunTime:0.004697s ]
ERR: 无法加载模块:Images

[ 2017-06-10T21:08:34+08:00 ] 127.0.0.1 /shop/images/top_3.gif
INFO: [ app_init ] --START--
INFO: Run Behavior\BuildLiteBehavior [ RunTime:0.000184s ]
INFO: [ app_init ] --END-- [ RunTime:0.056307s ]
ERR: 无法加载模块:Images

[ 2017-06-10T21:08:34+08:00 ] 127.0.0.1 /shop/images/top_6.gif
INFO: [ app_init ] --START--
INFO: Run Behavior\BuildLiteBehavior [ RunTime:0.000183s ]
INFO: [ app_init ] --END-- [ RunTime:0.003311s ]
ERR: 无法加载模块:Images

[ 2017-06-10T21:08:34+08:00 ] 127.0.0.1 /shop/images/12_thumb_G_1241965978410.jpg
INFO: [ app_init ] --START--
INFO: Run Behavior\BuildLiteBehavior [ RunTime:0.000185s ]
INFO: [ app_init ] --END-- [ RunTime:0.002716s ]
ERR: 无法加载模块:Images

[ 2017-06-10T21:08:34+08:00 ] 127.0.0.1 /shop/images/top_7.gif
INFO: [ app_init ] --START--
INFO: Run Behavior\BuildLiteBehavior [ RunTime:0.000538s ]
INFO: [ app_init ] --END-- [ RunTime:0.003556s ]
ERR: 无法加载模块:Images

[ 2017-06-10T21:08:34+08:00 ] 127.0.0.1 /shop/images/top_4.gif
INFO: [ app_init ] --START--
INFO: Run Behavior\BuildLiteBehavior [ RunTime:0.000193s ]
INFO: [ app_init ] --END-- [ RunTime:0.002635s ]
ERR: 无法加载模块:Images

[ 2017-06-10T21:08:34+08:00 ] 127.0.0.1 /shop/images/top_5.gif
INFO: [ app_init ] --START--
INFO: Run Behavior\BuildLiteBehavior [ RunTime:0.000260s ]
INFO: [ app_init ] --END-- [ RunTime:0.002666s ]
ERR: 无法加载模块:Images

[ 2017-06-10T21:08:34+08:00 ] 127.0.0.1 /shop/images/9_thumb_G_1241511871555.jpg
INFO: [ app_init ] --START--
INFO: Run Behavior\BuildLiteBehavior [ RunTime:0.000214s ]
INFO: [ app_init ] --END-- [ RunTime:0.002750s ]
ERR: 无法加载模块:Images

[ 2017-06-10T21:08:34+08:00 ] 127.0.0.1 /shop/images/1_thumb_G_1240902890710.jpg
INFO: [ app_init ] --START--
INFO: Run Behavior\BuildLiteBehavior [ RunTime:0.000450s ]
INFO: [ app_init ] --END-- [ RunTime:0.004192s ]
ERR: 无法加载模块:Images

[ 2017-06-10T21:08:34+08:00 ] 127.0.0.1 /shop/images/111.jpg
INFO: [ app_init ] --START--
INFO: Run Behavior\BuildLiteBehavior [ RunTime:0.000199s ]
INFO: [ app_init ] --END-- [ RunTime:0.004006s ]
ERR: 无法加载模块:Images

[ 2017-06-10T21:08:34+08:00 ] 127.0.0.1 /shop/images/1240803062307572427.gif
INFO: [ app_init ] --START--
INFO: Run Behavior\BuildLiteBehavior [ RunTime:0.000210s ]
INFO: [ app_init ] --END-- [ RunTime:0.004462s ]
ERR: 无法加载模块:Images

[ 2017-06-10T21:08:34+08:00 ] 127.0.0.1 /shop/images/8_thumb_G_1241425513488.jpg
INFO: [ app_init ] --START--
INFO: Run Behavior\BuildLiteBehavior [ RunTime:0.000216s ]
INFO: [ app_init ] --END-- [ RunTime:0.079709s ]
ERR: 无法加载模块:Images

[ 2017-06-10T21:08:34+08:00 ] 127.0.0.1 /shop/Public/Home/images/ecmoban_link.jpg
INFO: [ app_init ] --START--
INFO: Run Behavior\BuildLiteBehavior [ RunTime:0.000186s ]
INFO: [ app_init ] --END-- [ RunTime:0.002404s ]
ERR: 无法加载模块:Public

[ 2017-06-10T21:08:34+08:00 ] 127.0.0.1 /shop/images/1240802922410634065.gif
INFO: [ app_init ] --START--
INFO: Run Behavior\BuildLiteBehavior [ RunTime:0.005398s ]
INFO: [ app_init ] --END-- [ RunTime:0.011261s ]
ERR: 无法加载模块:Images

[ 2017-06-10T21:08:34+08:00 ] 127.0.0.1 /shop/Public/Home/images/yongda_logo.gif
INFO: [ app_init ] --START--
INFO: Run Behavior\BuildLiteBehavior [ RunTime:0.000201s ]
INFO: [ app_init ] --END-- [ RunTime:0.002525s ]
ERR: 无法加载模块:Public

[ 2017-06-10T21:08:34+08:00 ] 127.0.0.1 /shop/images/1240803144788047486.gif
INFO: [ app_init ] --START--
INFO: Run Behavior\BuildLiteBehavior [ RunTime:0.000192s ]
INFO: [ app_init ] --END-- [ RunTime:0.002780s ]
ERR: 无法加载模块:Images

[ 2017-06-10T21:09:07+08:00 ] 127.0.0.1 /shop/Public/Home/sousuo.gif
INFO: [ app_init ] --START--
INFO: Run Behavior\BuildLiteBehavior [ RunTime:0.000198s ]
INFO: [ app_init ] --END-- [ RunTime:0.002610s ]
ERR: 无法加载模块:Public

[ 2017-06-10T21:09:07+08:00 ] 127.0.0.1 /shop/Public/Home/biao3.gif
INFO: [ app_init ] --START--
INFO: Run Behavior\BuildLiteBehavior [ RunTime:0.000187s ]
INFO: [ app_init ] --END-- [ RunTime:0.002482s ]
ERR: 无法加载模块:Public

[ 2017-06-10T21:09:07+08:00 ] 127.0.0.1 /shop/images/24_thumb_G_1241971981429.jpg
INFO: [ app_init ] --START--
INFO: Run Behavior\BuildLiteBehavior [ RunTime:0.000206s ]
INFO: [ app_init ] --END-- [ RunTime:0.002799s ]
ERR: 无法加载模块:Images

[ 2017-06-10T21:09:07+08:00 ] 127.0.0.1 /shop/Public/Home/biao6.gif
INFO: [ app_init ] --START--
INFO: Run Behavior\BuildLiteBehavior [ RunTime:0.000198s ]
INFO: [ app_init ] --END-- [ RunTime:0.002712s ]
ERR: 无法加载模块:Public

[ 2017-06-10T21:09:07+08:00 ] 127.0.0.1 /shop/Public/Home/biao7.gif
INFO: [ app_init ] --START--
INFO: Run Behavior\BuildLiteBehavior [ RunTime:0.000203s ]
INFO: [ app_init ] --END-- [ RunTime:0.004258s ]
ERR: 无法加载模块:Public

[ 2017-06-10T21:09:07+08:00 ] 127.0.0.1 /shop/images/top_3.gif
INFO: [ app_init ] --START--
INFO: Run Behavior\BuildLiteBehavior [ RunTime:0.001131s ]
INFO: [ app_init ] --END-- [ RunTime:0.003533s ]
ERR: 无法加载模块:Images

[ 2017-06-10T21:09:07+08:00 ] 127.0.0.1 /shop/images/top_1.gif
INFO: [ app_init ] --START--
INFO: Run Behavior\BuildLiteBehavior [ RunTime:0.000210s ]
INFO: [ app_init ] --END-- [ RunTime:0.002481s ]
ERR: 无法加载模块:Images

[ 2017-06-10T21:09:07+08:00 ] 127.0.0.1 /shop/images/3_thumb_G_1241422082679.jpg
INFO: [ app_init ] --START--
INFO: Run Behavior\BuildLiteBehavior [ RunTime:0.000199s ]
INFO: [ app_init ] --END-- [ RunTime:0.002688s ]
ERR: 无法加载模块:Images

[ 2017-06-10T21:09:07+08:00 ] 127.0.0.1 /shop/images/top_2.gif
INFO: [ app_init ] --START--
INFO: Run Behavior\BuildLiteBehavior [ RunTime:0.000209s ]
INFO: [ app_init ] --END-- [ RunTime:0.008612s ]
ERR: 无法加载模块:Images

[ 2017-06-10T21:09:07+08:00 ] 127.0.0.1 /shop/images/12_thumb_G_1241965978410.jpg
INFO: [ app_init ] --START--
INFO: Run Behavior\BuildLiteBehavior [ RunTime:0.000213s ]
INFO: [ app_init ] --END-- [ RunTime:0.029673s ]
ERR: 无法加载模块:Images

[ 2017-06-10T21:09:07+08:00 ] 127.0.0.1 /shop/images/1_thumb_G_1240902890710.jpg
INFO: [ app_init ] --START--
INFO: Run Behavior\BuildLiteBehavior [ RunTime:0.001140s ]
INFO: [ app_init ] --END-- [ RunTime:0.015419s ]
ERR: 无法加载模块:Images

[ 2017-06-10T21:09:07+08:00 ] 127.0.0.1 /shop/images/111.jpg
INFO: [ app_init ] --START--
INFO: Run Behavior\BuildLiteBehavior [ RunTime:0.000190s ]
INFO: [ app_init ] --END-- [ RunTime:0.002518s ]
ERR: 无法加载模块:Images

[ 2017-06-10T21:09:07+08:00 ] 127.0.0.1 /shop/images/9_thumb_G_1241511871555.jpg
INFO: [ app_init ] --START--
INFO: Run Behavior\BuildLiteBehavior [ RunTime:0.000218s ]
INFO: [ app_init ] --END-- [ RunTime:0.002615s ]
ERR: 无法加载模块:Images

[ 2017-06-10T21:09:07+08:00 ] 127.0.0.1 /shop/images/top_5.gif
INFO: [ app_init ] --START--
INFO: Run Behavior\BuildLiteBehavior [ RunTime:0.000203s ]
INFO: [ app_init ] --END-- [ RunTime:0.005837s ]
ERR: 无法加载模块:Images

[ 2017-06-10T21:09:08+08:00 ] 127.0.0.1 /shop/images/top_6.gif
INFO: [ app_init ] --START--
INFO: Run Behavior\BuildLiteBehavior [ RunTime:0.000350s ]
INFO: [ app_init ] --END-- [ RunTime:0.003058s ]
ERR: 无法加载模块:Images

[ 2017-06-10T21:09:08+08:00 ] 127.0.0.1 /shop/images/8_thumb_G_1241425513488.jpg
INFO: [ app_init ] --START--
INFO: Run Behavior\BuildLiteBehavior [ RunTime:0.000204s ]
INFO: [ app_init ] --END-- [ RunTime:0.002724s ]
ERR: 无法加载模块:Images

[ 2017-06-10T21:09:08+08:00 ] 127.0.0.1 /shop/images/1240803062307572427.gif
INFO: [ app_init ] --START--
INFO: Run Behavior\BuildLiteBehavior [ RunTime:0.000194s ]
INFO: [ app_init ] --END-- [ RunTime:0.003619s ]
ERR: 无法加载模块:Images

[ 2017-06-10T21:09:08+08:00 ] 127.0.0.1 /shop/images/top_4.gif
INFO: [ app_init ] --START--
INFO: Run Behavior\BuildLiteBehavior [ RunTime:0.000357s ]
INFO: [ app_init ] --END-- [ RunTime:0.003276s ]
ERR: 无法加载模块:Images

[ 2017-06-10T21:09:08+08:00 ] 127.0.0.1 /shop/images/top_7.gif
INFO: [ app_init ] --START--
INFO: Run Behavior\BuildLiteBehavior [ RunTime:0.000216s ]
INFO: [ app_init ] --END-- [ RunTime:0.002777s ]
ERR: 无法加载模块:Images

[ 2017-06-10T21:09:08+08:00 ] 127.0.0.1 /shop/images/1240802922410634065.gif
INFO: [ app_init ] --START--
INFO: Run Behavior\BuildLiteBehavior [ RunTime:0.000312s ]
INFO: [ app_init ] --END-- [ RunTime:0.006486s ]
ERR: 无法加载模块:Images

[ 2017-06-10T21:09:08+08:00 ] 127.0.0.1 /shop/images/1240803144788047486.gif
INFO: [ app_init ] --START--
INFO: Run Behavior\BuildLiteBehavior [ RunTime:0.000196s ]
INFO: [ app_init ] --END-- [ RunTime:0.002440s ]
ERR: 无法加载模块:Images

[ 2017-06-10T21:09:08+08:00 ] 127.0.0.1 /shop/Public/Home/images/ecmoban_link.jpg
INFO: [ app_init ] --START--
INFO: Run Behavior\BuildLiteBehavior [ RunTime:0.000199s ]
INFO: [ app_init ] --END-- [ RunTime:0.002726s ]
ERR: 无法加载模块:Public

[ 2017-06-10T21:09:08+08:00 ] 127.0.0.1 /shop/Public/Home/images/yongda_logo.gif
INFO: [ app_init ] --START--
INFO: Run Behavior\BuildLiteBehavior [ RunTime:0.000191s ]
INFO: [ app_init ] --END-- [ RunTime:0.002574s ]
ERR: 无法加载模块:Public

[ 2017-06-10T21:09:46+08:00 ] 127.0.0.1 /shop/images/top_1.gif
INFO: [ app_init ] --START--
INFO: Run Behavior\BuildLiteBehavior [ RunTime:0.000202s ]
INFO: [ app_init ] --END-- [ RunTime:0.002633s ]
ERR: 无法加载模块:Images

[ 2017-06-10T21:09:46+08:00 ] 127.0.0.1 /shop/images/biao7.gif
INFO: [ app_init ] --START--
INFO: Run Behavior\BuildLiteBehavior [ RunTime:0.000179s ]
INFO: [ app_init ] --END-- [ RunTime:0.002478s ]
ERR: 无法加载模块:Images

[ 2017-06-10T21:09:46+08:00 ] 127.0.0.1 /shop/images/biao3.gif
INFO: [ app_init ] --START--
INFO: Run Behavior\BuildLiteBehavior [ RunTime:0.000263s ]
INFO: [ app_init ] --END-- [ RunTime:0.003418s ]
ERR: 无法加载模块:Images

[ 2017-06-10T21:09:46+08:00 ] 127.0.0.1 /shop/images/biao6.gif
INFO: [ app_init ] --START--
INFO: Run Behavior\BuildLiteBehavior [ RunTime:0.000193s ]
INFO: [ app_init ] --END-- [ RunTime:0.002496s ]
ERR: 无法加载模块:Images

[ 2017-06-10T21:09:46+08:00 ] 127.0.0.1 /shop/images/top_2.gif
INFO: [ app_init ] --START--
INFO: Run Behavior\BuildLiteBehavior [ RunTime:0.000264s ]
INFO: [ app_init ] --END-- [ RunTime:0.004982s ]
ERR: 无法加载模块:Images

[ 2017-06-10T21:09:46+08:00 ] 127.0.0.1 /shop/images/3_thumb_G_1241422082679.jpg
INFO: [ app_init ] --START--
INFO: Run Behavior\BuildLiteBehavior [ RunTime:0.000191s ]
INFO: [ app_init ] --END-- [ RunTime:0.002719s ]
ERR: 无法加载模块:Images

[ 2017-06-10T21:09:46+08:00 ] 127.0.0.1 /shop/images/top_4.gif
INFO: [ app_init ] --START--
INFO: Run Behavior\BuildLiteBehavior [ RunTime:0.000198s ]
INFO: [ app_init ] --END-- [ RunTime:0.003291s ]
ERR: 无法加载模块:Images

[ 2017-06-10T21:09:46+08:00 ] 127.0.0.1 /shop/images/top_3.gif
INFO: [ app_init ] --START--
INFO: Run Behavior\BuildLiteBehavior [ RunTime:0.000268s ]
INFO: [ app_init ] --END-- [ RunTime:0.002572s ]
ERR: 无法加载模块:Images

[ 2017-06-10T21:09:46+08:00 ] 127.0.0.1 /shop/images/24_thumb_G_1241971981429.jpg
INFO: [ app_init ] --START--
INFO: Run Behavior\BuildLiteBehavior [ RunTime:0.000182s ]
INFO: [ app_init ] --END-- [ RunTime:0.006169s ]
ERR: 无法加载模块:Images

[ 2017-06-10T21:09:46+08:00 ] 127.0.0.1 /shop/images/12_thumb_G_1241965978410.jpg
INFO: [ app_init ] --START--
INFO: Run Behavior\BuildLiteBehavior [ RunTime:0.000188s ]
INFO: [ app_init ] --END-- [ RunTime:0.003133s ]
ERR: 无法加载模块:Images

[ 2017-06-10T21:09:46+08:00 ] 127.0.0.1 /shop/images/top_5.gif
INFO: [ app_init ] --START--
INFO: Run Behavior\BuildLiteBehavior [ RunTime:0.000247s ]
INFO: [ app_init ] --END-- [ RunTime:0.029419s ]
ERR: 无法加载模块:Images

[ 2017-06-10T21:09:47+08:00 ] 127.0.0.1 /shop/images/sousuo.gif
INFO: [ app_init ] --START--
INFO: Run Behavior\BuildLiteBehavior [ RunTime:0.000178s ]
INFO: [ app_init ] --END-- [ RunTime:0.002781s ]
ERR: 无法加载模块:Images

[ 2017-06-10T21:09:47+08:00 ] 127.0.0.1 /shop/images/1240802922410634065.gif
INFO: [ app_init ] --START--
INFO: Run Behavior\BuildLiteBehavior [ RunTime:0.000323s ]
INFO: [ app_init ] --END-- [ RunTime:0.004569s ]
ERR: 无法加载模块:Images

[ 2017-06-10T21:09:47+08:00 ] 127.0.0.1 /shop/images/top_7.gif
INFO: [ app_init ] --START--
INFO: Run Behavior\BuildLiteBehavior [ RunTime:0.000200s ]
INFO: [ app_init ] --END-- [ RunTime:0.002575s ]
ERR: 无法加载模块:Images

[ 2017-06-10T21:09:47+08:00 ] 127.0.0.1 /shop/images/top_6.gif
INFO: [ app_init ] --START--
INFO: Run Behavior\BuildLiteBehavior [ RunTime:0.000194s ]
INFO: [ app_init ] --END-- [ RunTime:0.002693s ]
ERR: 无法加载模块:Images

[ 2017-06-10T21:09:47+08:00 ] 127.0.0.1 /shop/images/1240803062307572427.gif
INFO: [ app_init ] --START--
INFO: Run Behavior\BuildLiteBehavior [ RunTime:0.000193s ]
INFO: [ app_init ] --END-- [ RunTime:0.002604s ]
ERR: 无法加载模块:Images

[ 2017-06-10T21:09:47+08:00 ] 127.0.0.1 /shop/images/1240803144788047486.gif
INFO: [ app_init ] --START--
INFO: Run Behavior\BuildLiteBehavior [ RunTime:0.000184s ]
INFO: [ app_init ] --END-- [ RunTime:0.002599s ]
ERR: 无法加载模块:Images

[ 2017-06-10T21:09:47+08:00 ] 127.0.0.1 /shop/images/9_thumb_G_1241511871555.jpg
INFO: [ app_init ] --START--
INFO: Run Behavior\BuildLiteBehavior [ RunTime:0.000213s ]
INFO: [ app_init ] --END-- [ RunTime:0.002790s ]
ERR: 无法加载模块:Images

[ 2017-06-10T21:09:47+08:00 ] 127.0.0.1 /shop/images/111.jpg
INFO: [ app_init ] --START--
INFO: Run Behavior\BuildLiteBehavior [ RunTime:0.000184s ]
INFO: [ app_init ] --END-- [ RunTime:0.002573s ]
ERR: 无法加载模块:Images

[ 2017-06-10T21:09:47+08:00 ] 127.0.0.1 /shop/images/8_thumb_G_1241425513488.jpg
INFO: [ app_init ] --START--
INFO: Run Behavior\BuildLiteBehavior [ RunTime:0.000184s ]
INFO: [ app_init ] --END-- [ RunTime:0.002463s ]
ERR: 无法加载模块:Images

[ 2017-06-10T21:09:47+08:00 ] 127.0.0.1 /shop/images/1_thumb_G_1240902890710.jpg
INFO: [ app_init ] --START--
INFO: Run Behavior\BuildLiteBehavior [ RunTime:0.000210s ]
INFO: [ app_init ] --END-- [ RunTime:0.054551s ]
ERR: 无法加载模块:Images

[ 2017-06-10T21:09:47+08:00 ] 127.0.0.1 /shop/Public/Home/images/yongda_logo.gif
INFO: [ app_init ] --START--
INFO: Run Behavior\BuildLiteBehavior [ RunTime:0.000210s ]
INFO: [ app_init ] --END-- [ RunTime:0.006838s ]
ERR: 无法加载模块:Public

[ 2017-06-10T21:09:47+08:00 ] 127.0.0.1 /shop/Public/Home/images/ecmoban_link.jpg
INFO: [ app_init ] --START--
INFO: Run Behavior\BuildLiteBehavior [ RunTime:0.000230s ]
INFO: [ app_init ] --END-- [ RunTime:0.002935s ]
ERR: 无法加载模块:Public

[ 2017-06-10T21:10:32+08:00 ] 127.0.0.1 /shop/Public/Home/biao3.gif
INFO: [ app_init ] --START--
INFO: Run Behavior\BuildLiteBehavior [ RunTime:0.000214s ]
INFO: [ app_init ] --END-- [ RunTime:0.002884s ]
ERR: 无法加载模块:Public

[ 2017-06-10T21:10:32+08:00 ] 127.0.0.1 /shop/Public/Home/biao6.gif
INFO: [ app_init ] --START--
INFO: Run Behavior\BuildLiteBehavior [ RunTime:0.000201s ]
INFO: [ app_init ] --END-- [ RunTime:0.004570s ]
ERR: 无法加载模块:Public

[ 2017-06-10T21:10:32+08:00 ] 127.0.0.1 /shop/Public/Home/biao7.gif
INFO: [ app_init ] --START--
INFO: Run Behavior\BuildLiteBehavior [ RunTime:0.000187s ]
INFO: [ app_init ] --END-- [ RunTime:0.002705s ]
ERR: 无法加载模块:Public

[ 2017-06-10T21:10:32+08:00 ] 127.0.0.1 /shop/images/top_1.gif
INFO: [ app_init ] --START--
INFO: Run Behavior\BuildLiteBehavior [ RunTime:0.000212s ]
INFO: [ app_init ] --END-- [ RunTime:0.003122s ]
ERR: 无法加载模块:Images

[ 2017-06-10T21:10:32+08:00 ] 127.0.0.1 /shop/images/24_thumb_G_1241971981429.jpg
INFO: [ app_init ] --START--
INFO: Run Behavior\BuildLiteBehavior [ RunTime:0.003972s ]
INFO: [ app_init ] --END-- [ RunTime:0.011708s ]
ERR: 无法加载模块:Images

[ 2017-06-10T21:10:33+08:00 ] 127.0.0.1 /shop/images/3_thumb_G_1241422082679.jpg
INFO: [ app_init ] --START--
INFO: Run Behavior\BuildLiteBehavior [ RunTime:0.000291s ]
INFO: [ app_init ] --END-- [ RunTime:0.007868s ]
ERR: 无法加载模块:Images

[ 2017-06-10T21:10:33+08:00 ] 127.0.0.1 /shop/images/top_2.gif
INFO: [ app_init ] --START--
INFO: Run Behavior\BuildLiteBehavior [ RunTime:0.000311s ]
INFO: [ app_init ] --END-- [ RunTime:0.006920s ]
ERR: 无法加载模块:Images

[ 2017-06-10T21:10:33+08:00 ] 127.0.0.1 /shop/Public/Home/sousuo.gif
INFO: [ app_init ] --START--
INFO: Run Behavior\BuildLiteBehavior [ RunTime:0.000196s ]
INFO: [ app_init ] --END-- [ RunTime:0.003963s ]
ERR: 无法加载模块:Public

[ 2017-06-10T21:10:33+08:00 ] 127.0.0.1 /shop/images/12_thumb_G_1241965978410.jpg
INFO: [ app_init ] --START--
INFO: Run Behavior\BuildLiteBehavior [ RunTime:0.000197s ]
INFO: [ app_init ] --END-- [ RunTime:0.003986s ]
ERR: 无法加载模块:Images

[ 2017-06-10T21:10:33+08:00 ] 127.0.0.1 /shop/images/top_3.gif
INFO: [ app_init ] --START--
INFO: Run Behavior\BuildLiteBehavior [ RunTime:0.000216s ]
INFO: [ app_init ] --END-- [ RunTime:0.003674s ]
ERR: 无法加载模块:Images

[ 2017-06-10T21:10:33+08:00 ] 127.0.0.1 /shop/images/top_4.gif
INFO: [ app_init ] --START--
INFO: Run Behavior\BuildLiteBehavior [ RunTime:0.000230s ]
INFO: [ app_init ] --END-- [ RunTime:0.005171s ]
ERR: 无法加载模块:Images

[ 2017-06-10T21:10:33+08:00 ] 127.0.0.1 /shop/images/top_7.gif
INFO: [ app_init ] --START--
INFO: Run Behavior\BuildLiteBehavior [ RunTime:0.000176s ]
INFO: [ app_init ] --END-- [ RunTime:0.002712s ]
ERR: 无法加载模块:Images

[ 2017-06-10T21:10:33+08:00 ] 127.0.0.1 /shop/images/top_5.gif
INFO: [ app_init ] --START--
INFO: Run Behavior\BuildLiteBehavior [ RunTime:0.000195s ]
INFO: [ app_init ] --END-- [ RunTime:0.004219s ]
ERR: 无法加载模块:Images

[ 2017-06-10T21:10:33+08:00 ] 127.0.0.1 /shop/images/top_6.gif
INFO: [ app_init ] --START--
INFO: Run Behavior\BuildLiteBehavior [ RunTime:0.000193s ]
INFO: [ app_init ] --END-- [ RunTime:0.002667s ]
ERR: 无法加载模块:Images

[ 2017-06-10T21:10:33+08:00 ] 127.0.0.1 /shop/images/111.jpg
INFO: [ app_init ] --START--
INFO: Run Behavior\BuildLiteBehavior [ RunTime:0.000765s ]
INFO: [ app_init ] --END-- [ RunTime:0.004285s ]
ERR: 无法加载模块:Images

[ 2017-06-10T21:10:33+08:00 ] 127.0.0.1 /shop/images/1_thumb_G_1240902890710.jpg
INFO: [ app_init ] --START--
INFO: Run Behavior\BuildLiteBehavior [ RunTime:0.000199s ]
INFO: [ app_init ] --END-- [ RunTime:0.003764s ]
ERR: 无法加载模块:Images

[ 2017-06-10T21:10:33+08:00 ] 127.0.0.1 /shop/images/1240802922410634065.gif
INFO: [ app_init ] --START--
INFO: Run Behavior\BuildLiteBehavior [ RunTime:0.000257s ]
INFO: [ app_init ] --END-- [ RunTime:0.002915s ]
ERR: 无法加载模块:Images

[ 2017-06-10T21:10:33+08:00 ] 127.0.0.1 /shop/images/1240803144788047486.gif
INFO: [ app_init ] --START--
INFO: Run Behavior\BuildLiteBehavior [ RunTime:0.000195s ]
INFO: [ app_init ] --END-- [ RunTime:0.003483s ]
ERR: 无法加载模块:Images

[ 2017-06-10T21:10:33+08:00 ] 127.0.0.1 /shop/images/1240803062307572427.gif
INFO: [ app_init ] --START--
INFO: Run Behavior\BuildLiteBehavior [ RunTime:0.000190s ]
INFO: [ app_init ] --END-- [ RunTime:0.004155s ]
ERR: 无法加载模块:Images

[ 2017-06-10T21:10:33+08:00 ] 127.0.0.1 /shop/images/8_thumb_G_1241425513488.jpg
INFO: [ app_init ] --START--
INFO: Run Behavior\BuildLiteBehavior [ RunTime:0.000220s ]
INFO: [ app_init ] --END-- [ RunTime:0.002508s ]
ERR: 无法加载模块:Images

[ 2017-06-10T21:10:33+08:00 ] 127.0.0.1 /shop/images/9_thumb_G_1241511871555.jpg
INFO: [ app_init ] --START--
INFO: Run Behavior\BuildLiteBehavior [ RunTime:0.000196s ]
INFO: [ app_init ] --END-- [ RunTime:0.002638s ]
ERR: 无法加载模块:Images

[ 2017-06-10T21:10:33+08:00 ] 127.0.0.1 /shop/Public/Home/images/ecmoban_link.jpg
INFO: [ app_init ] --START--
INFO: Run Behavior\BuildLiteBehavior [ RunTime:0.000333s ]
INFO: [ app_init ] --END-- [ RunTime:0.003718s ]
ERR: 无法加载模块:Public

[ 2017-06-10T21:10:33+08:00 ] 127.0.0.1 /shop/Public/Home/images/yongda_logo.gif
INFO: [ app_init ] --START--
INFO: Run Behavior\BuildLiteBehavior [ RunTime:0.000185s ]
INFO: [ app_init ] --END-- [ RunTime:0.002676s ]
ERR: 无法加载模块:Public

[ 2017-06-10T21:10:35+08:00 ] 127.0.0.1 /shop/images/top_2.gif
INFO: [ app_init ] --START--
INFO: Run Behavior\BuildLiteBehavior [ RunTime:0.000546s ]
INFO: [ app_init ] --END-- [ RunTime:0.004860s ]
ERR: 无法加载模块:Images

[ 2017-06-10T21:10:35+08:00 ] 127.0.0.1 /shop/images/3_thumb_G_1241422082679.jpg
INFO: [ app_init ] --START--
INFO: Run Behavior\BuildLiteBehavior [ RunTime:0.000205s ]
INFO: [ app_init ] --END-- [ RunTime:0.002777s ]
ERR: 无法加载模块:Images

[ 2017-06-10T21:10:35+08:00 ] 127.0.0.1 /shop/images/top_1.gif
INFO: [ app_init ] --START--
INFO: Run Behavior\BuildLiteBehavior [ RunTime:0.000195s ]
INFO: [ app_init ] --END-- [ RunTime:0.003497s ]
ERR: 无法加载模块:Images

[ 2017-06-10T21:10:35+08:00 ] 127.0.0.1 /shop/Public/Home/biao7.gif
INFO: [ app_init ] --START--
INFO: Run Behavior\BuildLiteBehavior [ RunTime:0.000222s ]
INFO: [ app_init ] --END-- [ RunTime:0.003675s ]
ERR: 无法加载模块:Public

[ 2017-06-10T21:10:35+08:00 ] 127.0.0.1 /shop/Public/Home/biao6.gif
INFO: [ app_init ] --START--
INFO: Run Behavior\BuildLiteBehavior [ RunTime:0.000189s ]
INFO: [ app_init ] --END-- [ RunTime:0.003986s ]
ERR: 无法加载模块:Public

[ 2017-06-10T21:10:35+08:00 ] 127.0.0.1 /shop/Public/Home/biao3.gif
INFO: [ app_init ] --START--
INFO: Run Behavior\BuildLiteBehavior [ RunTime:0.000357s ]
INFO: [ app_init ] --END-- [ RunTime:0.004375s ]
ERR: 无法加载模块:Public

[ 2017-06-10T21:10:35+08:00 ] 127.0.0.1 /shop/images/24_thumb_G_1241971981429.jpg
INFO: [ app_init ] --START--
INFO: Run Behavior\BuildLiteBehavior [ RunTime:0.000192s ]
INFO: [ app_init ] --END-- [ RunTime:0.003234s ]
ERR: 无法加载模块:Images

[ 2017-06-10T21:10:35+08:00 ] 127.0.0.1 /shop/images/top_3.gif
INFO: [ app_init ] --START--
INFO: Run Behavior\BuildLiteBehavior [ RunTime:0.000204s ]
INFO: [ app_init ] --END-- [ RunTime:0.003887s ]
ERR: 无法加载模块:Images

[ 2017-06-10T21:10:35+08:00 ] 127.0.0.1 /shop/images/9_thumb_G_1241511871555.jpg
INFO: [ app_init ] --START--
INFO: Run Behavior\BuildLiteBehavior [ RunTime:0.000205s ]
INFO: [ app_init ] --END-- [ RunTime:0.047711s ]
ERR: 无法加载模块:Images

[ 2017-06-10T21:10:35+08:00 ] 127.0.0.1 /shop/Public/Home/sousuo.gif
INFO: [ app_init ] --START--
INFO: Run Behavior\BuildLiteBehavior [ RunTime:0.000170s ]
INFO: [ app_init ] --END-- [ RunTime:0.004438s ]
ERR: 无法加载模块:Public

[ 2017-06-10T21:10:35+08:00 ] 127.0.0.1 /shop/images/111.jpg
INFO: [ app_init ] --START--
INFO: Run Behavior\BuildLiteBehavior [ RunTime:0.000220s ]
INFO: [ app_init ] --END-- [ RunTime:0.002716s ]
ERR: 无法加载模块:Images

[ 2017-06-10T21:10:35+08:00 ] 127.0.0.1 /shop/images/1_thumb_G_1240902890710.jpg
INFO: [ app_init ] --START--
INFO: Run Behavior\BuildLiteBehavior [ RunTime:0.000198s ]
INFO: [ app_init ] --END-- [ RunTime:0.002567s ]
ERR: 无法加载模块:Images

[ 2017-06-10T21:10:35+08:00 ] 127.0.0.1 /shop/images/12_thumb_G_1241965978410.jpg
INFO: [ app_init ] --START--
INFO: Run Behavior\BuildLiteBehavior [ RunTime:0.000204s ]
INFO: [ app_init ] --END-- [ RunTime:0.002551s ]
ERR: 无法加载模块:Images

[ 2017-06-10T21:10:35+08:00 ] 127.0.0.1 /shop/images/8_thumb_G_1241425513488.jpg
INFO: [ app_init ] --START--
INFO: Run Behavior\BuildLiteBehavior [ RunTime:0.000230s ]
INFO: [ app_init ] --END-- [ RunTime:0.010165s ]
ERR: 无法加载模块:Images

[ 2017-06-10T21:10:35+08:00 ] 127.0.0.1 /shop/images/top_6.gif
INFO: [ app_init ] --START--
INFO: Run Behavior\BuildLiteBehavior [ RunTime:0.000188s ]
INFO: [ app_init ] --END-- [ RunTime:0.002692s ]
ERR: 无法加载模块:Images

[ 2017-06-10T21:10:35+08:00 ] 127.0.0.1 /shop/images/top_5.gif
INFO: [ app_init ] --START--
INFO: Run Behavior\BuildLiteBehavior [ RunTime:0.000203s ]
INFO: [ app_init ] --END-- [ RunTime:0.003254s ]
ERR: 无法加载模块:Images

[ 2017-06-10T21:10:35+08:00 ] 127.0.0.1 /shop/images/top_7.gif
INFO: [ app_init ] --START--
INFO: Run Behavior\BuildLiteBehavior [ RunTime:0.000206s ]
INFO: [ app_init ] --END-- [ RunTime:0.004019s ]
ERR: 无法加载模块:Images

[ 2017-06-10T21:10:36+08:00 ] 127.0.0.1 /shop/Public/Home/images/ecmoban_link.jpg
INFO: [ app_init ] --START--
INFO: Run Behavior\BuildLiteBehavior [ RunTime:0.000201s ]
INFO: [ app_init ] --END-- [ RunTime:0.002372s ]
ERR: 无法加载模块:Public

[ 2017-06-10T21:10:36+08:00 ] 127.0.0.1 /shop/images/top_4.gif
INFO: [ app_init ] --START--
INFO: Run Behavior\BuildLiteBehavior [ RunTime:0.000202s ]
INFO: [ app_init ] --END-- [ RunTime:0.002775s ]
ERR: 无法加载模块:Images

[ 2017-06-10T21:10:36+08:00 ] 127.0.0.1 /shop/images/1240803062307572427.gif
INFO: [ app_init ] --START--
INFO: Run Behavior\BuildLiteBehavior [ RunTime:0.000336s ]
INFO: [ app_init ] --END-- [ RunTime:0.002945s ]
ERR: 无法加载模块:Images

[ 2017-06-10T21:10:36+08:00 ] 127.0.0.1 /shop/images/1240802922410634065.gif
INFO: [ app_init ] --START--
INFO: Run Behavior\BuildLiteBehavior [ RunTime:0.000201s ]
INFO: [ app_init ] --END-- [ RunTime:0.002730s ]
ERR: 无法加载模块:Images

[ 2017-06-10T21:10:36+08:00 ] 127.0.0.1 /shop/Public/Home/images/yongda_logo.gif
INFO: [ app_init ] --START--
INFO: Run Behavior\BuildLiteBehavior [ RunTime:0.000201s ]
INFO: [ app_init ] --END-- [ RunTime:0.003989s ]
ERR: 无法加载模块:Public

[ 2017-06-10T21:10:36+08:00 ] 127.0.0.1 /shop/images/1240803144788047486.gif
INFO: [ app_init ] --START--
INFO: Run Behavior\BuildLiteBehavior [ RunTime:0.006412s ]
INFO: [ app_init ] --END-- [ RunTime:0.009964s ]
ERR: 无法加载模块:Images

[ 2017-06-10T21:11:00+08:00 ] 127.0.0.1 /shop/Public/Home/css/style/shop/Public/Homecss
INFO: [ app_init ] --START--
INFO: Run Behavior\BuildLiteBehavior [ RunTime:0.000192s ]
INFO: [ app_init ] --END-- [ RunTime:0.003433s ]
ERR: 无法加载模块:Public

[ 2017-06-10T21:11:00+08:00 ] 127.0.0.1 /shop/Public/Home/images/logo/shop/Public/Homegif
INFO: [ app_init ] --START--
INFO: Run Behavior\BuildLiteBehavior [ RunTime:0.000304s ]
INFO: [ app_init ] --END-- [ RunTime:0.003166s ]
ERR: 无法加载模块:Public

[ 2017-06-10T21:11:00+08:00 ] 127.0.0.1 /shop/Public/Home/images/sousuo/shop/Public/Homegif
INFO: [ app_init ] --START--
INFO: Run Behavior\BuildLiteBehavior [ RunTime:0.000244s ]
INFO: [ app_init ] --END-- [ RunTime:0.003193s ]
ERR: 无法加载模块:Public

[ 2017-06-10T21:11:00+08:00 ] 127.0.0.1 /shop/images/24_thumb_G_1241971981429.jpg
INFO: [ app_init ] --START--
INFO: Run Behavior\BuildLiteBehavior [ RunTime:0.000201s ]
INFO: [ app_init ] --END-- [ RunTime:0.039727s ]
ERR: 无法加载模块:Images

[ 2017-06-10T21:11:00+08:00 ] 127.0.0.1 /shop/Public/Home/images/biao6/shop/Public/Homegif
INFO: [ app_init ] --START--
INFO: Run Behavior\BuildLiteBehavior [ RunTime:0.000195s ]
INFO: [ app_init ] --END-- [ RunTime:0.052401s ]
ERR: 无法加载模块:Public

[ 2017-06-10T21:11:00+08:00 ] 127.0.0.1 /shop/Public/Home/images/biao3/shop/Public/Homegif
INFO: [ app_init ] --START--
INFO: Run Behavior\BuildLiteBehavior [ RunTime:0.001435s ]
INFO: [ app_init ] --END-- [ RunTime:0.033494s ]
ERR: 无法加载模块:Public

[ 2017-06-10T21:11:00+08:00 ] 127.0.0.1 /shop/images/top_2.gif
INFO: [ app_init ] --START--
INFO: Run Behavior\BuildLiteBehavior [ RunTime:0.000194s ]
INFO: [ app_init ] --END-- [ RunTime:0.030228s ]
ERR: 无法加载模块:Images

[ 2017-06-10T21:11:00+08:00 ] 127.0.0.1 /shop/Public/Home/images/biao7/shop/Public/Homegif
INFO: [ app_init ] --START--
INFO: Run Behavior\BuildLiteBehavior [ RunTime:0.000223s ]
INFO: [ app_init ] --END-- [ RunTime:0.063305s ]
ERR: 无法加载模块:Public

[ 2017-06-10T21:11:00+08:00 ] 127.0.0.1 /shop/images/top_1.gif
INFO: [ app_init ] --START--
INFO: Run Behavior\BuildLiteBehavior [ RunTime:0.000214s ]
INFO: [ app_init ] --END-- [ RunTime:0.029286s ]
ERR: 无法加载模块:Images

[ 2017-06-10T21:11:00+08:00 ] 127.0.0.1 /shop/images/3_thumb_G_1241422082679.jpg
INFO: [ app_init ] --START--
INFO: Run Behavior\BuildLiteBehavior [ RunTime:0.000540s ]
INFO: [ app_init ] --END-- [ RunTime:0.022673s ]
ERR: 无法加载模块:Images

[ 2017-06-10T21:11:00+08:00 ] 127.0.0.1 /shop/images/12_thumb_G_1241965978410.jpg
INFO: [ app_init ] --START--
INFO: Run Behavior\BuildLiteBehavior [ RunTime:0.000225s ]
INFO: [ app_init ] --END-- [ RunTime:0.009345s ]
ERR: 无法加载模块:Images

[ 2017-06-10T21:11:00+08:00 ] 127.0.0.1 /shop/images/top_5.gif
INFO: [ app_init ] --START--
INFO: Run Behavior\BuildLiteBehavior [ RunTime:0.000186s ]
INFO: [ app_init ] --END-- [ RunTime:0.002456s ]
ERR: 无法加载模块:Images

[ 2017-06-10T21:11:00+08:00 ] 127.0.0.1 /shop/images/top_4.gif
INFO: [ app_init ] --START--
INFO: Run Behavior\BuildLiteBehavior [ RunTime:0.000197s ]
INFO: [ app_init ] --END-- [ RunTime:0.053973s ]
ERR: 无法加载模块:Images

[ 2017-06-10T21:11:00+08:00 ] 127.0.0.1 /shop/images/top_6.gif
INFO: [ app_init ] --START--
INFO: Run Behavior\BuildLiteBehavior [ RunTime:0.000186s ]
INFO: [ app_init ] --END-- [ RunTime:0.002559s ]
ERR: 无法加载模块:Images

[ 2017-06-10T21:11:00+08:00 ] 127.0.0.1 /shop/images/top_3.gif
INFO: [ app_init ] --START--
INFO: Run Behavior\BuildLiteBehavior [ RunTime:0.000197s ]
INFO: [ app_init ] --END-- [ RunTime:0.003629s ]
ERR: 无法加载模块:Images

[ 2017-06-10T21:11:00+08:00 ] 127.0.0.1 /shop/images/1240803062307572427.gif
INFO: [ app_init ] --START--
INFO: Run Behavior\BuildLiteBehavior [ RunTime:0.000206s ]
INFO: [ app_init ] --END-- [ RunTime:0.003980s ]
ERR: 无法加载模块:Images

[ 2017-06-10T21:11:00+08:00 ] 127.0.0.1 /shop/images/top_7.gif
INFO: [ app_init ] --START--
INFO: Run Behavior\BuildLiteBehavior [ RunTime:0.000233s ]
INFO: [ app_init ] --END-- [ RunTime:0.007183s ]
ERR: 无法加载模块:Images

[ 2017-06-10T21:11:00+08:00 ] 127.0.0.1 /shop/images/1240802922410634065.gif
INFO: [ app_init ] --START--
INFO: Run Behavior\BuildLiteBehavior [ RunTime:0.000185s ]
INFO: [ app_init ] --END-- [ RunTime:0.002415s ]
ERR: 无法加载模块:Images

[ 2017-06-10T21:11:01+08:00 ] 127.0.0.1 /shop/images/1_thumb_G_1240902890710.jpg
INFO: [ app_init ] --START--
INFO: Run Behavior\BuildLiteBehavior [ RunTime:0.000207s ]
INFO: [ app_init ] --END-- [ RunTime:0.002631s ]
ERR: 无法加载模块:Images

[ 2017-06-10T21:11:01+08:00 ] 127.0.0.1 /shop/images/111.jpg
INFO: [ app_init ] --START--
INFO: Run Behavior\BuildLiteBehavior [ RunTime:0.000460s ]
INFO: [ app_init ] --END-- [ RunTime:0.031557s ]
ERR: 无法加载模块:Images

[ 2017-06-10T21:11:01+08:00 ] 127.0.0.1 /shop/images/8_thumb_G_1241425513488.jpg
INFO: [ app_init ] --START--
INFO: Run Behavior\BuildLiteBehavior [ RunTime:0.000224s ]
INFO: [ app_init ] --END-- [ RunTime:0.002799s ]
ERR: 无法加载模块:Images

[ 2017-06-10T21:11:01+08:00 ] 127.0.0.1 /shop/images/1240803144788047486.gif
INFO: [ app_init ] --START--
INFO: Run Behavior\BuildLiteBehavior [ RunTime:0.000190s ]
INFO: [ app_init ] --END-- [ RunTime:0.013639s ]
ERR: 无法加载模块:Images

[ 2017-06-10T21:11:01+08:00 ] 127.0.0.1 /shop/images/9_thumb_G_1241511871555.jpg
INFO: [ app_init ] --START--
INFO: Run Behavior\BuildLiteBehavior [ RunTime:0.000204s ]
INFO: [ app_init ] --END-- [ RunTime:0.002902s ]
ERR: 无法加载模块:Images

[ 2017-06-10T21:11:01+08:00 ] 127.0.0.1 /shop/Public/Home/images/di/shop/Public/Homejpg
INFO: [ app_init ] --START--
INFO: Run Behavior\BuildLiteBehavior [ RunTime:0.000183s ]
INFO: [ app_init ] --END-- [ RunTime:0.005844s ]
ERR: 无法加载模块:Public

[ 2017-06-10T21:11:01+08:00 ] 127.0.0.1 /shop/Public/Home/images/ecmoban_link/shop/Public/Homejpg
INFO: [ app_init ] --START--
INFO: Run Behavior\BuildLiteBehavior [ RunTime:0.000274s ]
INFO: [ app_init ] --END-- [ RunTime:0.004453s ]
ERR: 无法加载模块:Public

[ 2017-06-10T21:11:01+08:00 ] 127.0.0.1 /shop/Public/Home/images/yongda_logo/shop/Public/Homegif
INFO: [ app_init ] --START--
INFO: Run Behavior\BuildLiteBehavior [ RunTime:0.000223s ]
INFO: [ app_init ] --END-- [ RunTime:0.003490s ]
ERR: 无法加载模块:Public

[ 2017-06-10T21:11:08+08:00 ] 127.0.0.1 /shop/images/biao7.gif
INFO: [ app_init ] --START--
INFO: Run Behavior\BuildLiteBehavior [ RunTime:0.000182s ]
INFO: [ app_init ] --END-- [ RunTime:0.002854s ]
ERR: 无法加载模块:Images

[ 2017-06-10T21:11:08+08:00 ] 127.0.0.1 /shop/images/biao6.gif
INFO: [ app_init ] --START--
INFO: Run Behavior\BuildLiteBehavior [ RunTime:0.000206s ]
INFO: [ app_init ] --END-- [ RunTime:0.006072s ]
ERR: 无法加载模块:Images

[ 2017-06-10T21:11:08+08:00 ] 127.0.0.1 /shop/images/biao3.gif
INFO: [ app_init ] --START--
INFO: Run Behavior\BuildLiteBehavior [ RunTime:0.000635s ]
INFO: [ app_init ] --END-- [ RunTime:0.004015s ]
ERR: 无法加载模块:Images

[ 2017-06-10T21:11:08+08:00 ] 127.0.0.1 /shop/images/3_thumb_G_1241422082679.jpg
INFO: [ app_init ] --START--
INFO: Run Behavior\BuildLiteBehavior [ RunTime:0.000624s ]
INFO: [ app_init ] --END-- [ RunTime:0.014886s ]
ERR: 无法加载模块:Images

[ 2017-06-10T21:11:08+08:00 ] 127.0.0.1 /shop/images/top_2.gif
INFO: [ app_init ] --START--
INFO: Run Behavior\BuildLiteBehavior [ RunTime:0.000303s ]
INFO: [ app_init ] --END-- [ RunTime:0.003353s ]
ERR: 无法加载模块:Images

[ 2017-06-10T21:11:08+08:00 ] 127.0.0.1 /shop/images/top_1.gif
INFO: [ app_init ] --START--
INFO: Run Behavior\BuildLiteBehavior [ RunTime:0.000195s ]
INFO: [ app_init ] --END-- [ RunTime:0.002831s ]
ERR: 无法加载模块:Images

[ 2017-06-10T21:11:08+08:00 ] 127.0.0.1 /shop/images/top_3.gif
INFO: [ app_init ] --START--
INFO: Run Behavior\BuildLiteBehavior [ RunTime:0.000431s ]
INFO: [ app_init ] --END-- [ RunTime:0.003463s ]
ERR: 无法加载模块:Images

[ 2017-06-10T21:11:08+08:00 ] 127.0.0.1 /shop/images/12_thumb_G_1241965978410.jpg
INFO: [ app_init ] --START--
INFO: Run Behavior\BuildLiteBehavior [ RunTime:0.000902s ]
INFO: [ app_init ] --END-- [ RunTime:0.003815s ]
ERR: 无法加载模块:Images

[ 2017-06-10T21:11:08+08:00 ] 127.0.0.1 /shop/images/24_thumb_G_1241971981429.jpg
INFO: [ app_init ] --START--
INFO: Run Behavior\BuildLiteBehavior [ RunTime:0.000304s ]
INFO: [ app_init ] --END-- [ RunTime:0.009769s ]
ERR: 无法加载模块:Images

[ 2017-06-10T21:11:08+08:00 ] 127.0.0.1 /shop/images/top_4.gif
INFO: [ app_init ] --START--
INFO: Run Behavior\BuildLiteBehavior [ RunTime:0.000201s ]
INFO: [ app_init ] --END-- [ RunTime:0.002786s ]
ERR: 无法加载模块:Images

[ 2017-06-10T21:11:08+08:00 ] 127.0.0.1 /shop/images/top_5.gif
INFO: [ app_init ] --START--
INFO: Run Behavior\BuildLiteBehavior [ RunTime:0.000205s ]
INFO: [ app_init ] --END-- [ RunTime:0.003926s ]
ERR: 无法加载模块:Images

[ 2017-06-10T21:11:08+08:00 ] 127.0.0.1 /shop/images/8_thumb_G_1241425513488.jpg
INFO: [ app_init ] --START--
INFO: Run Behavior\BuildLiteBehavior [ RunTime:0.000212s ]
INFO: [ app_init ] --END-- [ RunTime:0.006188s ]
ERR: 无法加载模块:Images

[ 2017-06-10T21:11:08+08:00 ] 127.0.0.1 /shop/images/sousuo.gif
INFO: [ app_init ] --START--
INFO: Run Behavior\BuildLiteBehavior [ RunTime:0.000201s ]
INFO: [ app_init ] --END-- [ RunTime:0.003676s ]
ERR: 无法加载模块:Images

[ 2017-06-10T21:11:08+08:00 ] 127.0.0.1 /shop/images/9_thumb_G_1241511871555.jpg
INFO: [ app_init ] --START--
INFO: Run Behavior\BuildLiteBehavior [ RunTime:0.000196s ]
INFO: [ app_init ] --END-- [ RunTime:0.003120s ]
ERR: 无法加载模块:Images

[ 2017-06-10T21:11:08+08:00 ] 127.0.0.1 /shop/images/top_7.gif
INFO: [ app_init ] --START--
INFO: Run Behavior\BuildLiteBehavior [ RunTime:0.000204s ]
INFO: [ app_init ] --END-- [ RunTime:0.003418s ]
ERR: 无法加载模块:Images

[ 2017-06-10T21:11:08+08:00 ] 127.0.0.1 /shop/images/1_thumb_G_1240902890710.jpg
INFO: [ app_init ] --START--
INFO: Run Behavior\BuildLiteBehavior [ RunTime:0.000191s ]
INFO: [ app_init ] --END-- [ RunTime:0.002760s ]
ERR: 无法加载模块:Images

[ 2017-06-10T21:11:09+08:00 ] 127.0.0.1 /shop/images/1240803062307572427.gif
INFO: [ app_init ] --START--
INFO: Run Behavior\BuildLiteBehavior [ RunTime:0.000216s ]
INFO: [ app_init ] --END-- [ RunTime:0.003426s ]
ERR: 无法加载模块:Images

[ 2017-06-10T21:11:09+08:00 ] 127.0.0.1 /shop/images/top_6.gif
INFO: [ app_init ] --START--
INFO: Run Behavior\BuildLiteBehavior [ RunTime:0.000220s ]
INFO: [ app_init ] --END-- [ RunTime:0.003861s ]
ERR: 无法加载模块:Images

[ 2017-06-10T21:11:09+08:00 ] 127.0.0.1 /shop/images/111.jpg
INFO: [ app_init ] --START--
INFO: Run Behavior\BuildLiteBehavior [ RunTime:0.000443s ]
INFO: [ app_init ] --END-- [ RunTime:0.008681s ]
ERR: 无法加载模块:Images

[ 2017-06-10T21:11:09+08:00 ] 127.0.0.1 /shop/images/1240802922410634065.gif
INFO: [ app_init ] --START--
INFO: Run Behavior\BuildLiteBehavior [ RunTime:0.000237s ]
INFO: [ app_init ] --END-- [ RunTime:0.006268s ]
ERR: 无法加载模块:Images

[ 2017-06-10T21:11:09+08:00 ] 127.0.0.1 /shop/images/1240803144788047486.gif
INFO: [ app_init ] --START--
INFO: Run Behavior\BuildLiteBehavior [ RunTime:0.000214s ]
INFO: [ app_init ] --END-- [ RunTime:0.008240s ]
ERR: 无法加载模块:Images

[ 2017-06-10T21:11:09+08:00 ] 127.0.0.1 /shop/Public/Home/images/yongda_logo.gif
INFO: [ app_init ] --START--
INFO: Run Behavior\BuildLiteBehavior [ RunTime:0.000202s ]
INFO: [ app_init ] --END-- [ RunTime:0.003870s ]
ERR: 无法加载模块:Public

[ 2017-06-10T21:11:09+08:00 ] 127.0.0.1 /shop/Public/Home/images/ecmoban_link.jpg
INFO: [ app_init ] --START--
INFO: Run Behavior\BuildLiteBehavior [ RunTime:0.000215s ]
INFO: [ app_init ] --END-- [ RunTime:0.005807s ]
ERR: 无法加载模块:Public

[ 2017-06-10T21:11:29+08:00 ] 127.0.0.1 /shop/images/top_1.gif
INFO: [ app_init ] --START--
INFO: Run Behavior\BuildLiteBehavior [ RunTime:0.000306s ]
INFO: [ app_init ] --END-- [ RunTime:0.002590s ]
ERR: 无法加载模块:Images

[ 2017-06-10T21:11:29+08:00 ] 127.0.0.1 /shop/images/biao6.gif
INFO: [ app_init ] --START--
INFO: Run Behavior\BuildLiteBehavior [ RunTime:0.000208s ]
INFO: [ app_init ] --END-- [ RunTime:0.002914s ]
ERR: 无法加载模块:Images

[ 2017-06-10T21:11:29+08:00 ] 127.0.0.1 /shop/images/24_thumb_G_1241971981429.jpg
INFO: [ app_init ] --START--
INFO: Run Behavior\BuildLiteBehavior [ RunTime:0.000208s ]
INFO: [ app_init ] --END-- [ RunTime:0.007283s ]
ERR: 无法加载模块:Images

[ 2017-06-10T21:11:29+08:00 ] 127.0.0.1 /shop/images/3_thumb_G_1241422082679.jpg
INFO: [ app_init ] --START--
INFO: Run Behavior\BuildLiteBehavior [ RunTime:0.000198s ]
INFO: [ app_init ] --END-- [ RunTime:0.002639s ]
ERR: 无法加载模块:Images

[ 2017-06-10T21:11:29+08:00 ] 127.0.0.1 /shop/images/12_thumb_G_1241965978410.jpg
INFO: [ app_init ] --START--
INFO: Run Behavior\BuildLiteBehavior [ RunTime:0.000213s ]
INFO: [ app_init ] --END-- [ RunTime:0.002678s ]
ERR: 无法加载模块:Images

[ 2017-06-10T21:11:29+08:00 ] 127.0.0.1 /shop/images/top_4.gif
INFO: [ app_init ] --START--
INFO: Run Behavior\BuildLiteBehavior [ RunTime:0.000194s ]
INFO: [ app_init ] --END-- [ RunTime:0.002645s ]
ERR: 无法加载模块:Images

[ 2017-06-10T21:11:29+08:00 ] 127.0.0.1 /shop/images/top_3.gif
INFO: [ app_init ] --START--
INFO: Run Behavior\BuildLiteBehavior [ RunTime:0.000190s ]
INFO: [ app_init ] --END-- [ RunTime:0.003327s ]
ERR: 无法加载模块:Images

[ 2017-06-10T21:11:29+08:00 ] 127.0.0.1 /shop/images/top_5.gif
INFO: [ app_init ] --START--
INFO: Run Behavior\BuildLiteBehavior [ RunTime:0.000188s ]
INFO: [ app_init ] --END-- [ RunTime:0.003871s ]
ERR: 无法加载模块:Images

[ 2017-06-10T21:11:29+08:00 ] 127.0.0.1 /shop/images/top_2.gif
INFO: [ app_init ] --START--
INFO: Run Behavior\BuildLiteBehavior [ RunTime:0.000192s ]
INFO: [ app_init ] --END-- [ RunTime:0.002955s ]
ERR: 无法加载模块:Images

[ 2017-06-10T21:11:29+08:00 ] 127.0.0.1 /shop/images/9_thumb_G_1241511871555.jpg
INFO: [ app_init ] --START--
INFO: Run Behavior\BuildLiteBehavior [ RunTime:0.000346s ]
INFO: [ app_init ] --END-- [ RunTime:0.003307s ]
ERR: 无法加载模块:Images

[ 2017-06-10T21:11:30+08:00 ] 127.0.0.1 /shop/images/8_thumb_G_1241425513488.jpg
INFO: [ app_init ] --START--
INFO: Run Behavior\BuildLiteBehavior [ RunTime:0.002240s ]
INFO: [ app_init ] --END-- [ RunTime:0.005240s ]
ERR: 无法加载模块:Images

[ 2017-06-10T21:11:30+08:00 ] 127.0.0.1 /shop/images/1_thumb_G_1240902890710.jpg
INFO: [ app_init ] --START--
INFO: Run Behavior\BuildLiteBehavior [ RunTime:0.000415s ]
INFO: [ app_init ] --END-- [ RunTime:0.002749s ]
ERR: 无法加载模块:Images

[ 2017-06-10T21:11:30+08:00 ] 127.0.0.1 /shop/images/top_7.gif
INFO: [ app_init ] --START--
INFO: Run Behavior\BuildLiteBehavior [ RunTime:0.000183s ]
INFO: [ app_init ] --END-- [ RunTime:0.042273s ]
ERR: 无法加载模块:Images

[ 2017-06-10T21:11:30+08:00 ] 127.0.0.1 /shop/images/sousuo.gif
INFO: [ app_init ] --START--
INFO: Run Behavior\BuildLiteBehavior [ RunTime:0.000219s ]
INFO: [ app_init ] --END-- [ RunTime:0.002820s ]
ERR: 无法加载模块:Images

[ 2017-06-10T21:11:30+08:00 ] 127.0.0.1 /shop/images/111.jpg
INFO: [ app_init ] --START--
INFO: Run Behavior\BuildLiteBehavior [ RunTime:0.000189s ]
INFO: [ app_init ] --END-- [ RunTime:0.003266s ]
ERR: 无法加载模块:Images

[ 2017-06-10T21:11:30+08:00 ] 127.0.0.1 /shop/images/top_6.gif
INFO: [ app_init ] --START--
INFO: Run Behavior\BuildLiteBehavior [ RunTime:0.000207s ]
INFO: [ app_init ] --END-- [ RunTime:0.002757s ]
ERR: 无法加载模块:Images

[ 2017-06-10T21:11:30+08:00 ] 127.0.0.1 /shop/images/1240802922410634065.gif
INFO: [ app_init ] --START--
INFO: Run Behavior\BuildLiteBehavior [ RunTime:0.000448s ]
INFO: [ app_init ] --END-- [ RunTime:0.004813s ]
ERR: 无法加载模块:Images

[ 2017-06-10T21:11:30+08:00 ] 127.0.0.1 /shop/images/1240803062307572427.gif
INFO: [ app_init ] --START--
INFO: Run Behavior\BuildLiteBehavior [ RunTime:0.000211s ]
INFO: [ app_init ] --END-- [ RunTime:0.004747s ]
ERR: 无法加载模块:Images

[ 2017-06-10T21:11:30+08:00 ] 127.0.0.1 /shop/images/1240803144788047486.gif
INFO: [ app_init ] --START--
INFO: Run Behavior\BuildLiteBehavior [ RunTime:0.000203s ]
INFO: [ app_init ] --END-- [ RunTime:0.002787s ]
ERR: 无法加载模块:Images

[ 2017-06-10T21:11:30+08:00 ] 127.0.0.1 /shop/Public/Home/images/yongda_logo.gif
INFO: [ app_init ] --START--
INFO: Run Behavior\BuildLiteBehavior [ RunTime:0.000199s ]
INFO: [ app_init ] --END-- [ RunTime:0.006183s ]
ERR: 无法加载模块:Public

[ 2017-06-10T21:11:30+08:00 ] 127.0.0.1 /shop/Public/Home/images/ecmoban_link.jpg
INFO: [ app_init ] --START--
INFO: Run Behavior\BuildLiteBehavior [ RunTime:0.000212s ]
INFO: [ app_init ] --END-- [ RunTime:0.014923s ]
ERR: 无法加载模块:Public

[ 2017-06-10T21:11:38+08:00 ] 127.0.0.1 /shop/images/top_3.gif
INFO: [ app_init ] --START--
INFO: Run Behavior\BuildLiteBehavior [ RunTime:0.000211s ]
INFO: [ app_init ] --END-- [ RunTime:0.002529s ]
ERR: 无法加载模块:Images

[ 2017-06-10T21:11:38+08:00 ] 127.0.0.1 /shop/images/top_2.gif
INFO: [ app_init ] --START--
INFO: Run Behavior\BuildLiteBehavior [ RunTime:0.000199s ]
INFO: [ app_init ] --END-- [ RunTime:0.002728s ]
ERR: 无法加载模块:Images

[ 2017-06-10T21:11:38+08:00 ] 127.0.0.1 /shop/images/24_thumb_G_1241971981429.jpg
INFO: [ app_init ] --START--
INFO: Run Behavior\BuildLiteBehavior [ RunTime:0.000203s ]
INFO: [ app_init ] --END-- [ RunTime:0.010622s ]
ERR: 无法加载模块:Images

[ 2017-06-10T21:11:38+08:00 ] 127.0.0.1 /shop/images/12_thumb_G_1241965978410.jpg
INFO: [ app_init ] --START--
INFO: Run Behavior\BuildLiteBehavior [ RunTime:0.000194s ]
INFO: [ app_init ] --END-- [ RunTime:0.002610s ]
ERR: 无法加载模块:Images

[ 2017-06-10T21:11:38+08:00 ] 127.0.0.1 /shop/images/top_4.gif
INFO: [ app_init ] --START--
INFO: Run Behavior\BuildLiteBehavior [ RunTime:0.000320s ]
INFO: [ app_init ] --END-- [ RunTime:0.004342s ]
ERR: 无法加载模块:Images

[ 2017-06-10T21:11:38+08:00 ] 127.0.0.1 /shop/images/3_thumb_G_1241422082679.jpg
INFO: [ app_init ] --START--
INFO: Run Behavior\BuildLiteBehavior [ RunTime:0.000196s ]
INFO: [ app_init ] --END-- [ RunTime:0.002886s ]
ERR: 无法加载模块:Images

[ 2017-06-10T21:11:38+08:00 ] 127.0.0.1 /shop/images/111.jpg
INFO: [ app_init ] --START--
INFO: Run Behavior\BuildLiteBehavior [ RunTime:0.000202s ]
INFO: [ app_init ] --END-- [ RunTime:0.003309s ]
ERR: 无法加载模块:Images

[ 2017-06-10T21:11:38+08:00 ] 127.0.0.1 /shop/images/top_1.gif
INFO: [ app_init ] --START--
INFO: Run Behavior\BuildLiteBehavior [ RunTime:0.000205s ]
INFO: [ app_init ] --END-- [ RunTime:0.044377s ]
ERR: 无法加载模块:Images

[ 2017-06-10T21:11:39+08:00 ] 127.0.0.1 /shop/images/9_thumb_G_1241511871555.jpg
INFO: [ app_init ] --START--
INFO: Run Behavior\BuildLiteBehavior [ RunTime:0.000183s ]
INFO: [ app_init ] --END-- [ RunTime:0.028120s ]
ERR: 无法加载模块:Images

[ 2017-06-10T21:11:39+08:00 ] 127.0.0.1 /shop/images/8_thumb_G_1241425513488.jpg
INFO: [ app_init ] --START--
INFO: Run Behavior\BuildLiteBehavior [ RunTime:0.000308s ]
INFO: [ app_init ] --END-- [ RunTime:0.006078s ]
ERR: 无法加载模块:Images

[ 2017-06-10T21:11:39+08:00 ] 127.0.0.1 /shop/images/1_thumb_G_1240902890710.jpg
INFO: [ app_init ] --START--
INFO: Run Behavior\BuildLiteBehavior [ RunTime:0.000203s ]
INFO: [ app_init ] --END-- [ RunTime:0.002603s ]
ERR: 无法加载模块:Images

[ 2017-06-10T21:11:39+08:00 ] 127.0.0.1 /shop/images/top_7.gif
INFO: [ app_init ] --START--
INFO: Run Behavior\BuildLiteBehavior [ RunTime:0.000198s ]
INFO: [ app_init ] --END-- [ RunTime:0.003276s ]
ERR: 无法加载模块:Images

[ 2017-06-10T21:11:39+08:00 ] 127.0.0.1 /shop/images/sousuo.gif
INFO: [ app_init ] --START--
INFO: Run Behavior\BuildLiteBehavior [ RunTime:0.003703s ]
INFO: [ app_init ] --END-- [ RunTime:0.012796s ]
ERR: 无法加载模块:Images

[ 2017-06-10T21:11:39+08:00 ] 127.0.0.1 /shop/images/top_5.gif
INFO: [ app_init ] --START--
INFO: Run Behavior\BuildLiteBehavior [ RunTime:0.000254s ]
INFO: [ app_init ] --END-- [ RunTime:0.003464s ]
ERR: 无法加载模块:Images

[ 2017-06-10T21:11:39+08:00 ] 127.0.0.1 /shop/images/1240803144788047486.gif
INFO: [ app_init ] --START--
INFO: Run Behavior\BuildLiteBehavior [ RunTime:0.000179s ]
INFO: [ app_init ] --END-- [ RunTime:0.002858s ]
ERR: 无法加载模块:Images

[ 2017-06-10T21:11:39+08:00 ] 127.0.0.1 /shop/images/1240803062307572427.gif
INFO: [ app_init ] --START--
INFO: Run Behavior\BuildLiteBehavior [ RunTime:0.000205s ]
INFO: [ app_init ] --END-- [ RunTime:0.004241s ]
ERR: 无法加载模块:Images

[ 2017-06-10T21:11:39+08:00 ] 127.0.0.1 /shop/Public/Home/images/ecmoban_link.jpg
INFO: [ app_init ] --START--
INFO: Run Behavior\BuildLiteBehavior [ RunTime:0.000200s ]
INFO: [ app_init ] --END-- [ RunTime:0.002765s ]
ERR: 无法加载模块:Public

[ 2017-06-10T21:11:39+08:00 ] 127.0.0.1 /shop/images/top_6.gif
INFO: [ app_init ] --START--
INFO: Run Behavior\BuildLiteBehavior [ RunTime:0.001643s ]
INFO: [ app_init ] --END-- [ RunTime:0.004267s ]
ERR: 无法加载模块:Images

[ 2017-06-10T21:11:39+08:00 ] 127.0.0.1 /shop/images/1240802922410634065.gif
INFO: [ app_init ] --START--
INFO: Run Behavior\BuildLiteBehavior [ RunTime:0.000270s ]
INFO: [ app_init ] --END-- [ RunTime:0.004406s ]
ERR: 无法加载模块:Images

[ 2017-06-10T21:11:39+08:00 ] 127.0.0.1 /shop/Public/Home/images/yongda_logo.gif
INFO: [ app_init ] --START--
INFO: Run Behavior\BuildLiteBehavior [ RunTime:0.000186s ]
INFO: [ app_init ] --END-- [ RunTime:0.002847s ]
ERR: 无法加载模块:Public

[ 2017-06-10T21:12:30+08:00 ] 127.0.0.1 /shop/images/top_1.gif
INFO: [ app_init ] --START--
INFO: Run Behavior\BuildLiteBehavior [ RunTime:0.020381s ]
INFO: [ app_init ] --END-- [ RunTime:0.032509s ]
ERR: 无法加载模块:Images

[ 2017-06-10T21:12:30+08:00 ] 127.0.0.1 /shop/images/top_2.gif
INFO: [ app_init ] --START--
INFO: Run Behavior\BuildLiteBehavior [ RunTime:0.000192s ]
INFO: [ app_init ] --END-- [ RunTime:0.002952s ]
ERR: 无法加载模块:Images

[ 2017-06-10T21:12:31+08:00 ] 127.0.0.1 /shop/images/3_thumb_G_1241422082679.jpg
INFO: [ app_init ] --START--
INFO: Run Behavior\BuildLiteBehavior [ RunTime:0.000195s ]
INFO: [ app_init ] --END-- [ RunTime:0.002608s ]
ERR: 无法加载模块:Images

[ 2017-06-10T21:12:31+08:00 ] 127.0.0.1 /shop/images/12_thumb_G_1241965978410.jpg
INFO: [ app_init ] --START--
INFO: Run Behavior\BuildLiteBehavior [ RunTime:0.000301s ]
INFO: [ app_init ] --END-- [ RunTime:0.018120s ]
ERR: 无法加载模块:Images

[ 2017-06-10T21:12:31+08:00 ] 127.0.0.1 /shop/images/top_3.gif
INFO: [ app_init ] --START--
INFO: Run Behavior\BuildLiteBehavior [ RunTime:0.000219s ]
INFO: [ app_init ] --END-- [ RunTime:0.005881s ]
ERR: 无法加载模块:Images

[ 2017-06-10T21:12:31+08:00 ] 127.0.0.1 /shop/images/111.jpg
INFO: [ app_init ] --START--
INFO: Run Behavior\BuildLiteBehavior [ RunTime:0.000320s ]
INFO: [ app_init ] --END-- [ RunTime:0.007594s ]
ERR: 无法加载模块:Images

[ 2017-06-10T21:12:31+08:00 ] 127.0.0.1 /shop/images/24_thumb_G_1241971981429.jpg
INFO: [ app_init ] --START--
INFO: Run Behavior\BuildLiteBehavior [ RunTime:0.000180s ]
INFO: [ app_init ] --END-- [ RunTime:0.002505s ]
ERR: 无法加载模块:Images

[ 2017-06-10T21:12:31+08:00 ] 127.0.0.1 /shop/images/top_5.gif
INFO: [ app_init ] --START--
INFO: Run Behavior\BuildLiteBehavior [ RunTime:0.000209s ]
INFO: [ app_init ] --END-- [ RunTime:0.002560s ]
ERR: 无法加载模块:Images

[ 2017-06-10T21:12:31+08:00 ] 127.0.0.1 /shop/images/top_6.gif
INFO: [ app_init ] --START--
INFO: Run Behavior\BuildLiteBehavior [ RunTime:0.000208s ]
INFO: [ app_init ] --END-- [ RunTime:0.003465s ]
ERR: 无法加载模块:Images

[ 2017-06-10T21:12:31+08:00 ] 127.0.0.1 /shop/images/top_7.gif
INFO: [ app_init ] --START--
INFO: Run Behavior\BuildLiteBehavior [ RunTime:0.000281s ]
INFO: [ app_init ] --END-- [ RunTime:0.003080s ]
ERR: 无法加载模块:Images

[ 2017-06-10T21:12:31+08:00 ] 127.0.0.1 /shop/images/1240802922410634065.gif
INFO: [ app_init ] --START--
INFO: Run Behavior\BuildLiteBehavior [ RunTime:0.000208s ]
INFO: [ app_init ] --END-- [ RunTime:0.002661s ]
ERR: 无法加载模块:Images

[ 2017-06-10T21:12:31+08:00 ] 127.0.0.1 /shop/images/1240803062307572427.gif
INFO: [ app_init ] --START--
INFO: Run Behavior\BuildLiteBehavior [ RunTime:0.000188s ]
INFO: [ app_init ] --END-- [ RunTime:0.002787s ]
ERR: 无法加载模块:Images

[ 2017-06-10T21:12:31+08:00 ] 127.0.0.1 /shop/images/top_4.gif
INFO: [ app_init ] --START--
INFO: Run Behavior\BuildLiteBehavior [ RunTime:0.000307s ]
INFO: [ app_init ] --END-- [ RunTime:0.003223s ]
ERR: 无法加载模块:Images

[ 2017-06-10T21:12:31+08:00 ] 127.0.0.1 /shop/images/1_thumb_G_1240902890710.jpg
INFO: [ app_init ] --START--
INFO: Run Behavior\BuildLiteBehavior [ RunTime:0.000178s ]
INFO: [ app_init ] --END-- [ RunTime:0.002480s ]
ERR: 无法加载模块:Images

[ 2017-06-10T21:12:31+08:00 ] 127.0.0.1 /shop/images/9_thumb_G_1241511871555.jpg
INFO: [ app_init ] --START--
INFO: Run Behavior\BuildLiteBehavior [ RunTime:0.000213s ]
INFO: [ app_init ] --END-- [ RunTime:0.003027s ]
ERR: 无法加载模块:Images

[ 2017-06-10T21:12:31+08:00 ] 127.0.0.1 /shop/images/1240803144788047486.gif
INFO: [ app_init ] --START--
INFO: Run Behavior\BuildLiteBehavior [ RunTime:0.000192s ]
INFO: [ app_init ] --END-- [ RunTime:0.003365s ]
ERR: 无法加载模块:Images

[ 2017-06-10T21:12:31+08:00 ] 127.0.0.1 /shop/images/8_thumb_G_1241425513488.jpg
INFO: [ app_init ] --START--
INFO: Run Behavior\BuildLiteBehavior [ RunTime:0.000205s ]
INFO: [ app_init ] --END-- [ RunTime:0.003936s ]
ERR: 无法加载模块:Images

[ 2017-06-10T21:12:31+08:00 ] 127.0.0.1 /shop/Public/Home/images/ecmoban_link.jpg
INFO: [ app_init ] --START--
INFO: Run Behavior\BuildLiteBehavior [ RunTime:0.000193s ]
INFO: [ app_init ] --END-- [ RunTime:0.002969s ]
ERR: 无法加载模块:Public

[ 2017-06-10T21:12:31+08:00 ] 127.0.0.1 /shop/Public/Home/images/yongda_logo.gif
INFO: [ app_init ] --START--
INFO: Run Behavior\BuildLiteBehavior [ RunTime:0.002531s ]
INFO: [ app_init ] --END-- [ RunTime:0.005958s ]
ERR: 无法加载模块:Public

[ 2017-06-10T21:13:23+08:00 ] 127.0.0.1 /shop/Public/Home/images/ecmoban_link.jpg
INFO: [ app_init ] --START--
INFO: Run Behavior\BuildLiteBehavior [ RunTime:0.000196s ]
INFO: [ app_init ] --END-- [ RunTime:0.004783s ]
ERR: 无法加载模块:Public

[ 2017-06-10T21:13:23+08:00 ] 127.0.0.1 /shop/Public/Home/images/yongda_logo.gif
INFO: [ app_init ] --START--
INFO: Run Behavior\BuildLiteBehavior [ RunTime:0.000194s ]
INFO: [ app_init ] --END-- [ RunTime:0.002209s ]
ERR: 无法加载模块:Public

[ 2017-06-10T21:13:30+08:00 ] 127.0.0.1 /shop/Public/Home/images/ecmoban_link.jpg
INFO: [ app_init ] --START--
INFO: Run Behavior\BuildLiteBehavior [ RunTime:0.000252s ]
INFO: [ app_init ] --END-- [ RunTime:0.002933s ]
ERR: 无法加载模块:Public

[ 2017-06-10T21:13:30+08:00 ] 127.0.0.1 /shop/Public/Home/images/yongda_logo.gif
INFO: [ app_init ] --START--
INFO: Run Behavior\BuildLiteBehavior [ RunTime:0.000259s ]
INFO: [ app_init ] --END-- [ RunTime:0.003162s ]
ERR: 无法加载模块:Public

[ 2017-06-10T21:15:40+08:00 ] 127.0.0.1 /shop/Public/Home/images/ecmoban_link.jpg
INFO: [ app_init ] --START--
INFO: Run Behavior\BuildLiteBehavior [ RunTime:0.000168s ]
INFO: [ app_init ] --END-- [ RunTime:0.002884s ]
ERR: 无法加载模块:Public

[ 2017-06-10T21:15:40+08:00 ] 127.0.0.1 /shop/Public/Home/images/yongda_logo.gif
INFO: [ app_init ] --START--
INFO: Run Behavior\BuildLiteBehavior [ RunTime:0.000114s ]
INFO: [ app_init ] --END-- [ RunTime:0.002355s ]
ERR: 无法加载模块:Public

[ 2017-06-10T21:15:41+08:00 ] 127.0.0.1 /shop/Public/Home/images/ecmoban_link.jpg
INFO: [ app_init ] --START--
INFO: Run Behavior\BuildLiteBehavior [ RunTime:0.000110s ]
INFO: [ app_init ] --END-- [ RunTime:0.001728s ]
ERR: 无法加载模块:Public

[ 2017-06-10T21:15:41+08:00 ] 127.0.0.1 /shop/Public/Home/images/yongda_logo.gif
INFO: [ app_init ] --START--
INFO: Run Behavior\BuildLiteBehavior [ RunTime:0.000117s ]
INFO: [ app_init ] --END-- [ RunTime:0.002310s ]
ERR: 无法加载模块:Public

[ 2017-06-10T21:15:43+08:00 ] 127.0.0.1 /shop/Public/Home/images/yongda_logo.gif
INFO: [ app_init ] --START--
INFO: Run Behavior\BuildLiteBehavior [ RunTime:0.000271s ]
INFO: [ app_init ] --END-- [ RunTime:0.004519s ]
ERR: 无法加载模块:Public

[ 2017-06-10T21:15:43+08:00 ] 127.0.0.1 /shop/Public/Home/images/ecmoban_link.jpg
INFO: [ app_init ] --START--
INFO: Run Behavior\BuildLiteBehavior [ RunTime:0.000252s ]
INFO: [ app_init ] --END-- [ RunTime:0.003606s ]
ERR: 无法加载模块:Public

[ 2017-06-10T21:15:49+08:00 ] 127.0.0.1 /shop/Public/Home/images/ecmoban_link.jpg
INFO: [ app_init ] --START--
INFO: Run Behavior\BuildLiteBehavior [ RunTime:0.000167s ]
INFO: [ app_init ] --END-- [ RunTime:0.002720s ]
ERR: 无法加载模块:Public

[ 2017-06-10T21:15:49+08:00 ] 127.0.0.1 /shop/Public/Home/images/yongda_logo.gif
INFO: [ app_init ] --START--
INFO: Run Behavior\BuildLiteBehavior [ RunTime:0.000129s ]
INFO: [ app_init ] --END-- [ RunTime:0.002499s ]
ERR: 无法加载模块:Public

[ 2017-06-10T21:15:52+08:00 ] 127.0.0.1 /shop/Public/Home/images/yongda_logo.gif
INFO: [ app_init ] --START--
INFO: Run Behavior\BuildLiteBehavior [ RunTime:0.000203s ]
INFO: [ app_init ] --END-- [ RunTime:0.002776s ]
ERR: 无法加载模块:Public

[ 2017-06-10T21:15:52+08:00 ] 127.0.0.1 /shop/Public/Home/images/ecmoban_link.jpg
INFO: [ app_init ] --START--
INFO: Run Behavior\BuildLiteBehavior [ RunTime:0.000189s ]
INFO: [ app_init ] --END-- [ RunTime:0.002596s ]
ERR: 无法加载模块:Public

[ 2017-06-10T21:16:39+08:00 ] 127.0.0.1 /shop/Public/Home/images/yongda_logo.gif
INFO: [ app_init ] --START--
INFO: Run Behavior\BuildLiteBehavior [ RunTime:0.000179s ]
INFO: [ app_init ] --END-- [ RunTime:0.002647s ]
ERR: 无法加载模块:Public

[ 2017-06-10T21:16:39+08:00 ] 127.0.0.1 /shop/Public/Home/images/ecmoban_link.jpg
INFO: [ app_init ] --START--
INFO: Run Behavior\BuildLiteBehavior [ RunTime:0.000175s ]
INFO: [ app_init ] --END-- [ RunTime:0.003735s ]
ERR: 无法加载模块:Public

[ 2017-06-10T21:18:23+08:00 ] 127.0.0.1 /shop/Public/Home/images/yongda_logo.gif
INFO: [ app_init ] --START--
INFO: Run Behavior\BuildLiteBehavior [ RunTime:0.000190s ]
INFO: [ app_init ] --END-- [ RunTime:0.002460s ]
ERR: 无法加载模块:Public

[ 2017-06-10T21:18:23+08:00 ] 127.0.0.1 /shop/Public/Home/images/ecmoban_link.jpg
INFO: [ app_init ] --START--
INFO: Run Behavior\BuildLiteBehavior [ RunTime:0.000292s ]
INFO: [ app_init ] --END-- [ RunTime:0.002841s ]
ERR: 无法加载模块:Public

[ 2017-06-10T21:18:29+08:00 ] 127.0.0.1 /shop/Public/Home/images/yongda_logo.gif
INFO: [ app_init ] --START--
INFO: Run Behavior\BuildLiteBehavior [ RunTime:0.000193s ]
INFO: [ app_init ] --END-- [ RunTime:0.002647s ]
ERR: 无法加载模块:Public

[ 2017-06-10T21:18:29+08:00 ] 127.0.0.1 /shop/Public/Home/images/ecmoban_link.jpg
INFO: [ app_init ] --START--
INFO: Run Behavior\BuildLiteBehavior [ RunTime:0.000443s ]
INFO: [ app_init ] --END-- [ RunTime:0.008470s ]
ERR: 无法加载模块:Public

[ 2017-06-10T21:18:54+08:00 ] 127.0.0.1 /shop/Public/Home/images/ecmoban_link.jpg
INFO: [ app_init ] --START--
INFO: Run Behavior\BuildLiteBehavior [ RunTime:0.000180s ]
INFO: [ app_init ] --END-- [ RunTime:0.003147s ]
ERR: 无法加载模块:Public

[ 2017-06-10T21:18:54+08:00 ] 127.0.0.1 /shop/Public/Home/images/yongda_logo.gif
INFO: [ app_init ] --START--
INFO: Run Behavior\BuildLiteBehavior [ RunTime:0.000193s ]
INFO: [ app_init ] --END-- [ RunTime:0.002624s ]
ERR: 无法加载模块:Public

[ 2017-06-10T21:21:12+08:00 ] 127.0.0.1 /shop/Public/Home/images/ecmoban.jpg
INFO: [ app_init ] --START--
INFO: Run Behavior\BuildLiteBehavior [ RunTime:0.000107s ]
INFO: [ app_init ] --END-- [ RunTime:0.001869s ]
ERR: 无法加载模块:Public

[ 2017-06-10T21:21:43+08:00 ] 127.0.0.1 /shop/Public/Home/images/yongda_logo.gif
INFO: [ app_init ] --START--
INFO: Run Behavior\BuildLiteBehavior [ RunTime:0.000177s ]
INFO: [ app_init ] --END-- [ RunTime:0.002716s ]
ERR: 无法加载模块:Public

[ 2017-06-10T21:21:43+08:00 ] 127.0.0.1 /shop/Public/Home/images/ecmoban_link.jpg
INFO: [ app_init ] --START--
INFO: Run Behavior\BuildLiteBehavior [ RunTime:0.000244s ]
INFO: [ app_init ] --END-- [ RunTime:0.004173s ]
ERR: 无法加载模块:Public

[ 2017-06-10T21:23:23+08:00 ] 127.0.0.1 /shop/Public/Home/images/yongda.gif
INFO: [ app_init ] --START--
INFO: Run Behavior\BuildLiteBehavior [ RunTime:0.000209s ]
INFO: [ app_init ] --END-- [ RunTime:0.005346s ]
ERR: 无法加载模块:Public

[ 2017-06-10T21:39:19+08:00 ] 127.0.0.1 /shop/Public/Homeimages/goumai.gif
INFO: [ app_init ] --START--
INFO: Run Behavior\BuildLiteBehavior [ RunTime:0.000185s ]
INFO: [ app_init ] --END-- [ RunTime:0.002850s ]
ERR: 无法加载模块:Public

[ 2017-06-10T21:39:19+08:00 ] 127.0.0.1 /shop/Public/Homeimages/shoucang.gif
INFO: [ app_init ] --START--
INFO: Run Behavior\BuildLiteBehavior [ RunTime:0.000200s ]
INFO: [ app_init ] --END-- [ RunTime:0.002701s ]
ERR: 无法加载模块:Public

[ 2017-06-10T21:41:19+08:00 ] 127.0.0.1 /shop/Uploads2017-06-02//thumb593168cb22091.jpg
INFO: [ app_init ] --START--
INFO: Run Behavior\BuildLiteBehavior [ RunTime:0.002505s ]
INFO: [ app_init ] --END-- [ RunTime:0.004896s ]
ERR: 无法加载模块:Uploads2017-06-02

[ 2017-06-10T21:41:19+08:00 ] 127.0.0.1 /shop/Public/Homeimages/goumai.gif
INFO: [ app_init ] --START--
INFO: Run Behavior\BuildLiteBehavior [ RunTime:0.000177s ]
INFO: [ app_init ] --END-- [ RunTime:0.004786s ]
ERR: 无法加载模块:Public

[ 2017-06-10T21:41:19+08:00 ] 127.0.0.1 /shop/Public/Homeimages/shoucang.gif
INFO: [ app_init ] --START--
INFO: Run Behavior\BuildLiteBehavior [ RunTime:0.000183s ]
INFO: [ app_init ] --END-- [ RunTime:0.005032s ]
ERR: 无法加载模块:Public

[ 2017-06-10T21:41:20+08:00 ] 127.0.0.1 /shop/Uploads2017-06-02//thumb593181868a70b.jpg
INFO: [ app_init ] --START--
INFO: Run Behavior\BuildLiteBehavior [ RunTime:0.000184s ]
INFO: [ app_init ] --END-- [ RunTime:0.003212s ]
ERR: 无法加载模块:Uploads2017-06-02

[ 2017-06-10T21:41:20+08:00 ] 127.0.0.1 /shop/Uploads2017-06-02//thumb5931815423b1e.jpg
INFO: [ app_init ] --START--
INFO: Run Behavior\BuildLiteBehavior [ RunTime:0.000182s ]
INFO: [ app_init ] --END-- [ RunTime:0.002542s ]
ERR: 无法加载模块:Uploads2017-06-02

[ 2017-06-10T21:41:20+08:00 ] 127.0.0.1 /shop/Uploads2017-06-05//thumb5934c0bc6acc5.jpg
INFO: [ app_init ] --START--
INFO: Run Behavior\BuildLiteBehavior [ RunTime:0.000195s ]
INFO: [ app_init ] --END-- [ RunTime:0.002727s ]
ERR: 无法加载模块:Uploads2017-06-05

[ 2017-06-10T21:41:20+08:00 ] 127.0.0.1 /shop/Uploads2017-06-10//thumb593bde6836738.jpg
INFO: [ app_init ] --START--
INFO: Run Behavior\BuildLiteBehavior [ RunTime:0.000229s ]
INFO: [ app_init ] --END-- [ RunTime:0.003081s ]
ERR: 无法加载模块:Uploads2017-06-10

[ 2017-06-10T21:41:20+08:00 ] 127.0.0.1 /shop/Uploads2017-06-07//thumb5937f659ab66d.jpeg
INFO: [ app_init ] --START--
INFO: Run Behavior\BuildLiteBehavior [ RunTime:0.000281s ]
INFO: [ app_init ] --END-- [ RunTime:0.003162s ]
ERR: 无法加载模块:Uploads2017-06-07

[ 2017-06-10T21:41:20+08:00 ] 127.0.0.1 /shop/Uploads2017-06-10//thumb593bdf8cda421.jpg
INFO: [ app_init ] --START--
INFO: Run Behavior\BuildLiteBehavior [ RunTime:0.000184s ]
INFO: [ app_init ] --END-- [ RunTime:0.005020s ]
ERR: 无法加载模块:Uploads2017-06-10

[ 2017-06-10T21:41:20+08:00 ] 127.0.0.1 /shop/Uploads2017-06-10//thumb593be964aba1e.jpg
INFO: [ app_init ] --START--
INFO: Run Behavior\BuildLiteBehavior [ RunTime:0.000650s ]
INFO: [ app_init ] --END-- [ RunTime:0.007228s ]
ERR: 无法加载模块:Uploads2017-06-10

[ 2017-06-10T21:41:20+08:00 ] 127.0.0.1 /shop/Uploads2017-06-10//thumb593bdecc5f8a0.jpg
INFO: [ app_init ] --START--
INFO: Run Behavior\BuildLiteBehavior [ RunTime:0.000193s ]
INFO: [ app_init ] --END-- [ RunTime:0.006179s ]
ERR: 无法加载模块:Uploads2017-06-10

[ 2017-06-10T21:41:20+08:00 ] 127.0.0.1 /shop/Uploads2017-06-10//thumb593be4ddab8f7.jpg
INFO: [ app_init ] --START--
INFO: Run Behavior\BuildLiteBehavior [ RunTime:0.000211s ]
INFO: [ app_init ] --END-- [ RunTime:0.003831s ]
ERR: 无法加载模块:Uploads2017-06-10

[ 2017-06-10T21:42:02+08:00 ] 127.0.0.1 /shop/Uploads2017-06-02/thumb593168cb22091.jpg
INFO: [ app_init ] --START--
INFO: Run Behavior\BuildLiteBehavior [ RunTime:0.000231s ]
INFO: [ app_init ] --END-- [ RunTime:0.005388s ]
ERR: 无法加载模块:Uploads2017-06-02

[ 2017-06-10T21:42:19+08:00 ] 127.0.0.1 /shop/Public/Homeimages/goumai.gif
INFO: [ app_init ] --START--
INFO: Run Behavior\BuildLiteBehavior [ RunTime:0.000206s ]
INFO: [ app_init ] --END-- [ RunTime:0.002595s ]
ERR: 无法加载模块:Public

[ 2017-06-10T21:42:19+08:00 ] 127.0.0.1 /shop/Public/Homeimages/shoucang.gif
INFO: [ app_init ] --START--
INFO: Run Behavior\BuildLiteBehavior [ RunTime:0.000182s ]
INFO: [ app_init ] --END-- [ RunTime:0.002665s ]
ERR: 无法加载模块:Public

[ 2017-06-10T21:42:48+08:00 ] 127.0.0.1 /shop/Public/Homeimages/shoucang.gif
INFO: [ app_init ] --START--
INFO: Run Behavior\BuildLiteBehavior [ RunTime:0.000209s ]
INFO: [ app_init ] --END-- [ RunTime:0.002570s ]
ERR: 无法加载模块:Public

[ 2017-06-10T21:42:48+08:00 ] 127.0.0.1 /shop/Public/Homeimages/goumai.gif
INFO: [ app_init ] --START--
INFO: Run Behavior\BuildLiteBehavior [ RunTime:0.000391s ]
INFO: [ app_init ] --END-- [ RunTime:0.004219s ]
ERR: 无法加载模块:Public

[ 2017-06-10T21:44:05+08:00 ] 127.0.0.1 /shop/Public/Homeimages/goumai.gif
INFO: [ app_init ] --START--
INFO: Run Behavior\BuildLiteBehavior [ RunTime:0.000203s ]
INFO: [ app_init ] --END-- [ RunTime:0.002554s ]
ERR: 无法加载模块:Public

[ 2017-06-10T21:44:05+08:00 ] 127.0.0.1 /shop/Public/Homeimages/shoucang.gif
INFO: [ app_init ] --START--
INFO: Run Behavior\BuildLiteBehavior [ RunTime:0.000178s ]
INFO: [ app_init ] --END-- [ RunTime:0.002702s ]
ERR: 无法加载模块:Public

[ 2017-06-10T23:30:10+08:00 ] 127.0.0.1 /shop/Public/Home/images/zoomin.cur
INFO: [ app_init ] --START--
INFO: Run Behavior\BuildLiteBehavior [ RunTime:0.000206s ]
INFO: [ app_init ] --END-- [ RunTime:0.030930s ]
ERR: 无法加载模块:Public

