[ 2017-05-29T11:28:56+08:00 ] 127.0.0.1 /shop/
INFO: [ app_begin ] --START--
INFO: Run Behavior\ReadHtmlCacheBehavior [ RunTime:0.002152s ]
INFO: [ app_begin ] --END-- [ RunTime:0.003681s ]
INFO: [ view_parse ] --START--
INFO: [ template_filter ] --START--
INFO: Run Behavior\ContentReplaceBehavior [ RunTime:0.000558s ]
INFO: [ template_filter ] --END-- [ RunTime:0.001825s ]
INFO: Run Behavior\ParseTemplateBehavior [ RunTime:0.029926s ]
INFO: [ view_parse ] --END-- [ RunTime:0.030622s ]
INFO: [ view_filter ] --START--
INFO: Run Behavior\WriteHtmlCacheBehavior [ RunTime:0.002150s ]
INFO: [ view_filter ] --END-- [ RunTime:0.002752s ]
INFO: [ app_end ] --START--
INFO: Run Behavior\ShowPageTraceBehavior [ RunTime:0.003358s ]
INFO: [ app_end ] --END-- [ RunTime:0.004052s ]

[ 2017-05-29T11:28:58+08:00 ] 127.0.0.1 /shop/
INFO: [ app_begin ] --START--
INFO: Run Behavior\ReadHtmlCacheBehavior [ RunTime:0.003919s ]
INFO: [ app_begin ] --END-- [ RunTime:0.006130s ]
INFO: [ view_parse ] --START--
INFO: [ template_filter ] --START--
INFO: Run Behavior\ContentReplaceBehavior [ RunTime:0.000514s ]
INFO: [ template_filter ] --END-- [ RunTime:0.001206s ]
INFO: Run Behavior\ParseTemplateBehavior [ RunTime:0.043497s ]
INFO: [ view_parse ] --END-- [ RunTime:0.044046s ]
INFO: [ view_filter ] --START--
INFO: Run Behavior\WriteHtmlCacheBehavior [ RunTime:0.001429s ]
INFO: [ view_filter ] --END-- [ RunTime:0.001791s ]

[ 2017-05-29T11:28:59+08:00 ] 127.0.0.1 /shop/index.php/Admin/Index/index.html
INFO: [ app_begin ] --START--
INFO: Run Behavior\ReadHtmlCacheBehavior [ RunTime:0.001799s ]
INFO: [ app_begin ] --END-- [ RunTime:0.003254s ]
INFO: [ view_parse ] --START--
INFO: [ template_filter ] --START--
INFO: Run Behavior\ContentReplaceBehavior [ RunTime:0.000498s ]
INFO: [ template_filter ] --END-- [ RunTime:0.001347s ]
INFO: Run Behavior\ParseTemplateBehavior [ RunTime:0.035842s ]
INFO: [ view_parse ] --END-- [ RunTime:0.036273s ]
INFO: [ view_filter ] --START--
INFO: Run Behavior\WriteHtmlCacheBehavior [ RunTime:0.001000s ]
INFO: [ view_filter ] --END-- [ RunTime:0.001467s ]
INFO: [ app_end ] --START--
INFO: Run Behavior\ShowPageTraceBehavior [ RunTime:0.005790s ]
INFO: [ app_end ] --END-- [ RunTime:0.006624s ]

[ 2017-05-29T11:28:59+08:00 ] 127.0.0.1 /shop/index.php/Admin/Index/head.html
INFO: [ app_begin ] --START--
INFO: Run Behavior\ReadHtmlCacheBehavior [ RunTime:0.002887s ]
INFO: [ app_begin ] --END-- [ RunTime:0.005443s ]
INFO: [ view_parse ] --START--
INFO: [ template_filter ] --START--
INFO: Run Behavior\ContentReplaceBehavior [ RunTime:0.000347s ]
INFO: [ template_filter ] --END-- [ RunTime:0.000848s ]
INFO: Run Behavior\ParseTemplateBehavior [ RunTime:0.030874s ]
INFO: [ view_parse ] --END-- [ RunTime:0.031776s ]
INFO: [ view_filter ] --START--
INFO: Run Behavior\WriteHtmlCacheBehavior [ RunTime:0.000999s ]
INFO: [ view_filter ] --END-- [ RunTime:0.001440s ]
INFO: [ app_end ] --START--
INFO: Run Behavior\ShowPageTraceBehavior [ RunTime:0.002058s ]
INFO: [ app_end ] --END-- [ RunTime:0.002759s ]

[ 2017-05-29T11:29:00+08:00 ] 127.0.0.1 /shop/index.php/Admin/Index/left.html
INFO: [ app_begin ] --START--
INFO: Run Behavior\ReadHtmlCacheBehavior [ RunTime:0.003390s ]
INFO: [ app_begin ] --END-- [ RunTime:0.005640s ]
INFO: [ view_parse ] --START--
INFO: [ template_filter ] --START--
INFO: Run Behavior\ContentReplaceBehavior [ RunTime:0.003345s ]
INFO: [ template_filter ] --END-- [ RunTime:0.004027s ]
INFO: Run Behavior\ParseTemplateBehavior [ RunTime:0.127214s ]
INFO: [ view_parse ] --END-- [ RunTime:0.127953s ]
INFO: [ view_filter ] --START--
INFO: Run Behavior\WriteHtmlCacheBehavior [ RunTime:0.008116s ]
INFO: [ view_filter ] --END-- [ RunTime:0.015512s ]
INFO: [ app_end ] --START--
INFO: Run Behavior\ShowPageTraceBehavior [ RunTime:0.003907s ]
INFO: [ app_end ] --END-- [ RunTime:0.004625s ]

[ 2017-05-29T11:29:00+08:00 ] 127.0.0.1 /shop/index.php/Admin/Index/right.html
INFO: [ app_begin ] --START--
INFO: Run Behavior\ReadHtmlCacheBehavior [ RunTime:0.003389s ]
INFO: [ app_begin ] --END-- [ RunTime:0.006388s ]
INFO: [ view_parse ] --START--
INFO: [ template_filter ] --START--
INFO: Run Behavior\ContentReplaceBehavior [ RunTime:0.000568s ]
INFO: [ template_filter ] --END-- [ RunTime:0.001304s ]
INFO: Run Behavior\ParseTemplateBehavior [ RunTime:0.071699s ]
INFO: [ view_parse ] --END-- [ RunTime:0.072485s ]
INFO: [ view_filter ] --START--
INFO: Run Behavior\WriteHtmlCacheBehavior [ RunTime:0.002067s ]
INFO: [ view_filter ] --END-- [ RunTime:0.003043s ]
INFO: [ app_end ] --START--
INFO: Run Behavior\ShowPageTraceBehavior [ RunTime:0.002945s ]
INFO: [ app_end ] --END-- [ RunTime:0.003881s ]

[ 2017-05-29T11:29:01+08:00 ] 127.0.0.1 /shop/index.php/Admin/Brand/showlist.html
INFO: [ app_begin ] --START--
INFO: Run Behavior\ReadHtmlCacheBehavior [ RunTime:0.005358s ]
INFO: [ app_begin ] --END-- [ RunTime:0.006840s ]
ERR: 无法加载控制器:Brand

[ 2017-05-29T11:29:03+08:00 ] 127.0.0.1 /shop/index.php/Admin/Brand/showlist.html
INFO: [ app_begin ] --START--
INFO: Run Behavior\ReadHtmlCacheBehavior [ RunTime:0.002408s ]
INFO: [ app_begin ] --END-- [ RunTime:0.004348s ]
ERR: 无法加载控制器:Brand

[ 2017-05-29T11:29:04+08:00 ] 127.0.0.1 /shop/index.php/Admin/Brand/showlist.html
INFO: [ app_begin ] --START--
INFO: Run Behavior\ReadHtmlCacheBehavior [ RunTime:0.004170s ]
INFO: [ app_begin ] --END-- [ RunTime:0.007963s ]
ERR: 无法加载控制器:Brand

[ 2017-05-29T11:29:05+08:00 ] 127.0.0.1 /shop/index.php/Admin/Brand/showlist.html
INFO: [ app_begin ] --START--
INFO: Run Behavior\ReadHtmlCacheBehavior [ RunTime:0.002632s ]
INFO: [ app_begin ] --END-- [ RunTime:0.004857s ]
ERR: 无法加载控制器:Brand

[ 2017-05-29T11:29:06+08:00 ] 127.0.0.1 /shop/index.php/Admin/Brand/showlist.html
INFO: [ app_begin ] --START--
INFO: Run Behavior\ReadHtmlCacheBehavior [ RunTime:0.002064s ]
INFO: [ app_begin ] --END-- [ RunTime:0.004057s ]
ERR: 无法加载控制器:Brand

[ 2017-05-29T11:29:06+08:00 ] 127.0.0.1 /shop/index.php/Admin/Brand/showlist.html
INFO: [ app_begin ] --START--
INFO: Run Behavior\ReadHtmlCacheBehavior [ RunTime:0.001887s ]
INFO: [ app_begin ] --END-- [ RunTime:0.003545s ]
ERR: 无法加载控制器:Brand

[ 2017-05-29T11:29:07+08:00 ] 127.0.0.1 /shop/index.php/Admin/Brand/showlist.html
INFO: [ app_begin ] --START--
INFO: Run Behavior\ReadHtmlCacheBehavior [ RunTime:0.002839s ]
INFO: [ app_begin ] --END-- [ RunTime:0.004986s ]
ERR: 无法加载控制器:Brand

[ 2017-05-29T11:29:07+08:00 ] 127.0.0.1 /shop/index.php/Admin/Brand/showlist.html
INFO: [ app_begin ] --START--
INFO: Run Behavior\ReadHtmlCacheBehavior [ RunTime:0.003591s ]
INFO: [ app_begin ] --END-- [ RunTime:0.005245s ]
ERR: 无法加载控制器:Brand

[ 2017-05-29T11:29:32+08:00 ] 127.0.0.1 /shop/index.php/Admin/Brand/showlist.html
INFO: [ app_begin ] --START--
INFO: Run Behavior\ReadHtmlCacheBehavior [ RunTime:0.004052s ]
INFO: [ app_begin ] --END-- [ RunTime:0.008222s ]
ERR: 无法加载控制器:Brand

[ 2017-05-29T11:29:34+08:00 ] 127.0.0.1 /shop/index.php/Admin/Index/index.html
INFO: [ app_begin ] --START--
INFO: Run Behavior\ReadHtmlCacheBehavior [ RunTime:0.001635s ]
INFO: [ app_begin ] --END-- [ RunTime:0.003020s ]
INFO: [ view_parse ] --START--
INFO: [ template_filter ] --START--
INFO: Run Behavior\ContentReplaceBehavior [ RunTime:0.000463s ]
INFO: [ template_filter ] --END-- [ RunTime:0.002054s ]
INFO: Run Behavior\ParseTemplateBehavior [ RunTime:0.043092s ]
INFO: [ view_parse ] --END-- [ RunTime:0.043522s ]
INFO: [ view_filter ] --START--
INFO: Run Behavior\WriteHtmlCacheBehavior [ RunTime:0.001245s ]
INFO: [ view_filter ] --END-- [ RunTime:0.001667s ]
INFO: [ app_end ] --START--
INFO: Run Behavior\ShowPageTraceBehavior [ RunTime:0.001925s ]
INFO: [ app_end ] --END-- [ RunTime:0.002294s ]

[ 2017-05-29T11:29:34+08:00 ] 127.0.0.1 /shop/index.php/Admin/Index/head.html
INFO: [ app_begin ] --START--
INFO: Run Behavior\ReadHtmlCacheBehavior [ RunTime:0.003617s ]
INFO: [ app_begin ] --END-- [ RunTime:0.006366s ]
INFO: [ view_parse ] --START--
INFO: [ template_filter ] --START--
INFO: Run Behavior\ContentReplaceBehavior [ RunTime:0.000510s ]
INFO: [ template_filter ] --END-- [ RunTime:0.001270s ]
INFO: Run Behavior\ParseTemplateBehavior [ RunTime:0.034998s ]
INFO: [ view_parse ] --END-- [ RunTime:0.035523s ]
INFO: [ view_filter ] --START--
INFO: Run Behavior\WriteHtmlCacheBehavior [ RunTime:0.002774s ]
INFO: [ view_filter ] --END-- [ RunTime:0.003391s ]
INFO: [ app_end ] --START--
INFO: Run Behavior\ShowPageTraceBehavior [ RunTime:0.001944s ]
INFO: [ app_end ] --END-- [ RunTime:0.002351s ]

[ 2017-05-29T11:29:34+08:00 ] 127.0.0.1 /shop/index.php/Admin/Index/right.html
INFO: [ app_begin ] --START--
INFO: Run Behavior\ReadHtmlCacheBehavior [ RunTime:0.005249s ]
INFO: [ app_begin ] --END-- [ RunTime:0.009200s ]
INFO: [ view_parse ] --START--
INFO: [ template_filter ] --START--
INFO: Run Behavior\ContentReplaceBehavior [ RunTime:0.000562s ]
INFO: [ template_filter ] --END-- [ RunTime:0.001287s ]
INFO: Run Behavior\ParseTemplateBehavior [ RunTime:0.045504s ]
INFO: [ view_parse ] --END-- [ RunTime:0.046968s ]
INFO: [ view_filter ] --START--
INFO: Run Behavior\WriteHtmlCacheBehavior [ RunTime:0.001943s ]
INFO: [ view_filter ] --END-- [ RunTime:0.002586s ]
INFO: [ app_end ] --START--
INFO: Run Behavior\ShowPageTraceBehavior [ RunTime:0.006273s ]
INFO: [ app_end ] --END-- [ RunTime:0.007737s ]

[ 2017-05-29T11:29:34+08:00 ] 127.0.0.1 /shop/index.php/Admin/Index/left.html
INFO: [ app_begin ] --START--
INFO: Run Behavior\ReadHtmlCacheBehavior [ RunTime:0.002874s ]
INFO: [ app_begin ] --END-- [ RunTime:0.004510s ]
INFO: [ view_parse ] --START--
INFO: [ template_filter ] --START--
INFO: Run Behavior\ContentReplaceBehavior [ RunTime:0.000708s ]
INFO: [ template_filter ] --END-- [ RunTime:0.001134s ]
INFO: Run Behavior\ParseTemplateBehavior [ RunTime:0.097786s ]
INFO: [ view_parse ] --END-- [ RunTime:0.098844s ]
INFO: [ view_filter ] --START--
INFO: Run Behavior\WriteHtmlCacheBehavior [ RunTime:0.002291s ]
INFO: [ view_filter ] --END-- [ RunTime:0.003338s ]
INFO: [ app_end ] --START--
INFO: Run Behavior\ShowPageTraceBehavior [ RunTime:0.005170s ]
INFO: [ app_end ] --END-- [ RunTime:0.005950s ]

[ 2017-05-29T11:29:36+08:00 ] 127.0.0.1 /shop/index.php/Admin/Brand/showlist.html
INFO: [ app_begin ] --START--
INFO: Run Behavior\ReadHtmlCacheBehavior [ RunTime:0.001741s ]
INFO: [ app_begin ] --END-- [ RunTime:0.003077s ]
ERR: 无法加载控制器:Brand

[ 2017-05-29T11:32:42+08:00 ] 127.0.0.1 /shop/index.php/Admin/Brand/showlist.html
INFO: [ app_begin ] --START--
INFO: Run Behavior\ReadHtmlCacheBehavior [ RunTime:0.006537s ]
INFO: [ app_begin ] --END-- [ RunTime:0.009457s ]
ERR: 无法加载控制器:Brand

[ 2017-05-29T11:32:43+08:00 ] 127.0.0.1 /shop/index.php/Admin/Brand/showlist.html
INFO: [ app_begin ] --START--
INFO: Run Behavior\ReadHtmlCacheBehavior [ RunTime:0.001748s ]
INFO: [ app_begin ] --END-- [ RunTime:0.003280s ]
ERR: 无法加载控制器:Brand

[ 2017-05-29T11:32:52+08:00 ] 127.0.0.1 /shop/index.php/Admin/Brand/showlist.html
INFO: [ app_begin ] --START--
INFO: Run Behavior\ReadHtmlCacheBehavior [ RunTime:0.001921s ]
INFO: [ app_begin ] --END-- [ RunTime:0.003513s ]
ERR: 无法加载控制器:Brand

[ 2017-05-29T11:33:40+08:00 ] 127.0.0.1 /shop/index.php/Admin/Brand/showlist.html
INFO: [ app_begin ] --START--
INFO: Run Behavior\ReadHtmlCacheBehavior [ RunTime:0.002144s ]
INFO: [ app_begin ] --END-- [ RunTime:0.004270s ]
ERR: 无法加载控制器:Brand

[ 2017-05-29T11:33:41+08:00 ] 127.0.0.1 /shop/index.php/Admin/Brand/showlist.html
INFO: [ app_begin ] --START--
INFO: Run Behavior\ReadHtmlCacheBehavior [ RunTime:0.002322s ]
INFO: [ app_begin ] --END-- [ RunTime:0.004455s ]
ERR: 无法加载控制器:Brand

[ 2017-05-29T11:33:45+08:00 ] 127.0.0.1 /shop/index.php/Admin/Index/index.html
INFO: [ app_begin ] --START--
INFO: Run Behavior\ReadHtmlCacheBehavior [ RunTime:0.001812s ]
INFO: [ app_begin ] --END-- [ RunTime:0.003375s ]
INFO: [ view_parse ] --START--
INFO: [ template_filter ] --START--
INFO: Run Behavior\ContentReplaceBehavior [ RunTime:0.000494s ]
INFO: [ template_filter ] --END-- [ RunTime:0.001265s ]
INFO: Run Behavior\ParseTemplateBehavior [ RunTime:0.047077s ]
INFO: [ view_parse ] --END-- [ RunTime:0.047641s ]
INFO: [ view_filter ] --START--
INFO: Run Behavior\WriteHtmlCacheBehavior [ RunTime:0.001280s ]
INFO: [ view_filter ] --END-- [ RunTime:0.001791s ]
INFO: [ app_end ] --START--
INFO: Run Behavior\ShowPageTraceBehavior [ RunTime:0.003822s ]
INFO: [ app_end ] --END-- [ RunTime:0.004442s ]

[ 2017-05-29T11:33:46+08:00 ] 127.0.0.1 /shop/index.php/Admin/Index/head.html
INFO: [ app_begin ] --START--
INFO: Run Behavior\ReadHtmlCacheBehavior [ RunTime:0.003386s ]
INFO: [ app_begin ] --END-- [ RunTime:0.006527s ]
INFO: [ view_parse ] --START--
INFO: [ template_filter ] --START--
INFO: Run Behavior\ContentReplaceBehavior [ RunTime:0.000493s ]
INFO: [ template_filter ] --END-- [ RunTime:0.001161s ]
INFO: Run Behavior\ParseTemplateBehavior [ RunTime:0.035798s ]
INFO: [ view_parse ] --END-- [ RunTime:0.039447s ]
INFO: [ view_filter ] --START--
INFO: Run Behavior\WriteHtmlCacheBehavior [ RunTime:0.001384s ]
INFO: [ view_filter ] --END-- [ RunTime:0.001910s ]
INFO: [ app_end ] --START--
INFO: Run Behavior\ShowPageTraceBehavior [ RunTime:0.002606s ]
INFO: [ app_end ] --END-- [ RunTime:0.003294s ]

[ 2017-05-29T11:33:46+08:00 ] 127.0.0.1 /shop/index.php/Admin/Index/right.html
INFO: [ app_begin ] --START--
INFO: Run Behavior\ReadHtmlCacheBehavior [ RunTime:0.003190s ]
INFO: [ app_begin ] --END-- [ RunTime:0.005648s ]
INFO: [ view_parse ] --START--
INFO: [ template_filter ] --START--
INFO: Run Behavior\ContentReplaceBehavior [ RunTime:0.007297s ]
INFO: [ template_filter ] --END-- [ RunTime:0.008703s ]
INFO: Run Behavior\ParseTemplateBehavior [ RunTime:0.098923s ]
INFO: [ view_parse ] --END-- [ RunTime:0.100978s ]
INFO: [ view_filter ] --START--
INFO: Run Behavior\WriteHtmlCacheBehavior [ RunTime:0.004251s ]
INFO: [ view_filter ] --END-- [ RunTime:0.005020s ]
INFO: [ app_end ] --START--
INFO: Run Behavior\ShowPageTraceBehavior [ RunTime:0.002788s ]
INFO: [ app_end ] --END-- [ RunTime:0.003330s ]

[ 2017-05-29T11:33:46+08:00 ] 127.0.0.1 /shop/index.php/Admin/Index/left.html
INFO: [ app_begin ] --START--
INFO: Run Behavior\ReadHtmlCacheBehavior [ RunTime:0.003577s ]
INFO: [ app_begin ] --END-- [ RunTime:0.005337s ]
INFO: [ view_parse ] --START--
INFO: [ template_filter ] --START--
INFO: Run Behavior\ContentReplaceBehavior [ RunTime:0.000973s ]
INFO: [ template_filter ] --END-- [ RunTime:0.001851s ]
INFO: Run Behavior\ParseTemplateBehavior [ RunTime:0.111364s ]
INFO: [ view_parse ] --END-- [ RunTime:0.111876s ]
INFO: [ view_filter ] --START--
INFO: Run Behavior\WriteHtmlCacheBehavior [ RunTime:0.002430s ]
INFO: [ view_filter ] --END-- [ RunTime:0.003116s ]
INFO: [ app_end ] --START--
INFO: Run Behavior\ShowPageTraceBehavior [ RunTime:0.003378s ]
INFO: [ app_end ] --END-- [ RunTime:0.003848s ]

[ 2017-05-29T11:33:48+08:00 ] 127.0.0.1 /shop/index.php/Admin/Brand/showlist.html
INFO: [ app_begin ] --START--
INFO: Run Behavior\ReadHtmlCacheBehavior [ RunTime:0.002506s ]
INFO: [ app_begin ] --END-- [ RunTime:0.004175s ]
SQL: SHOW COLUMNS FROM `brand` [ RunTime:0.0094s ]
SQL: SELECT * FROM `brand`  [ RunTime:0.0011s ]
INFO: [ view_parse ] --START--
INFO: [ template_filter ] --START--
INFO: Run Behavior\ContentReplaceBehavior [ RunTime:0.000408s ]
INFO: [ template_filter ] --END-- [ RunTime:0.000946s ]
INFO: Run Behavior\ParseTemplateBehavior [ RunTime:0.072823s ]
INFO: [ view_parse ] --END-- [ RunTime:0.073304s ]
INFO: [ view_filter ] --START--
INFO: Run Behavior\WriteHtmlCacheBehavior [ RunTime:0.001416s ]
INFO: [ view_filter ] --END-- [ RunTime:0.001797s ]
INFO: [ app_end ] --START--
INFO: Run Behavior\ShowPageTraceBehavior [ RunTime:0.002799s ]
INFO: [ app_end ] --END-- [ RunTime:0.004853s ]

[ 2017-05-29T14:28:09+08:00 ] 127.0.0.1 /shop/
INFO: [ app_begin ] --START--
INFO: Run Behavior\ReadHtmlCacheBehavior [ RunTime:0.002483s ]
INFO: [ app_begin ] --END-- [ RunTime:0.004486s ]
INFO: [ view_parse ] --START--
INFO: [ template_filter ] --START--
INFO: Run Behavior\ContentReplaceBehavior [ RunTime:0.000597s ]
INFO: [ template_filter ] --END-- [ RunTime:0.001277s ]
INFO: Run Behavior\ParseTemplateBehavior [ RunTime:0.033520s ]
INFO: [ view_parse ] --END-- [ RunTime:0.034493s ]
INFO: [ view_filter ] --START--
INFO: Run Behavior\WriteHtmlCacheBehavior [ RunTime:0.001541s ]
INFO: [ view_filter ] --END-- [ RunTime:0.002051s ]
INFO: [ app_end ] --START--
INFO: Run Behavior\ShowPageTraceBehavior [ RunTime:0.005158s ]
INFO: [ app_end ] --END-- [ RunTime:0.005883s ]

[ 2017-05-29T14:28:11+08:00 ] 127.0.0.1 /shop/
INFO: [ app_begin ] --START--
INFO: Run Behavior\ReadHtmlCacheBehavior [ RunTime:0.002413s ]
INFO: [ app_begin ] --END-- [ RunTime:0.003973s ]
INFO: [ view_parse ] --START--
INFO: [ template_filter ] --START--
INFO: Run Behavior\ContentReplaceBehavior [ RunTime:0.000436s ]
INFO: [ template_filter ] --END-- [ RunTime:0.001958s ]
INFO: Run Behavior\ParseTemplateBehavior [ RunTime:0.060975s ]
INFO: [ view_parse ] --END-- [ RunTime:0.061742s ]
INFO: [ view_filter ] --START--
INFO: Run Behavior\WriteHtmlCacheBehavior [ RunTime:0.001627s ]
INFO: [ view_filter ] --END-- [ RunTime:0.002445s ]

[ 2017-05-29T14:28:12+08:00 ] 127.0.0.1 /shop/index.php/Admin/Index/index.html
INFO: [ app_begin ] --START--
INFO: Run Behavior\ReadHtmlCacheBehavior [ RunTime:0.001805s ]
INFO: [ app_begin ] --END-- [ RunTime:0.003325s ]
INFO: [ view_parse ] --START--
INFO: [ template_filter ] --START--
INFO: Run Behavior\ContentReplaceBehavior [ RunTime:0.000535s ]
INFO: [ template_filter ] --END-- [ RunTime:0.001491s ]
INFO: Run Behavior\ParseTemplateBehavior [ RunTime:0.052056s ]
INFO: [ view_parse ] --END-- [ RunTime:0.052617s ]
INFO: [ view_filter ] --START--
INFO: Run Behavior\WriteHtmlCacheBehavior [ RunTime:0.001850s ]
INFO: [ view_filter ] --END-- [ RunTime:0.002456s ]
INFO: [ app_end ] --START--
INFO: Run Behavior\ShowPageTraceBehavior [ RunTime:0.004229s ]
INFO: [ app_end ] --END-- [ RunTime:0.004903s ]

[ 2017-05-29T14:28:13+08:00 ] 127.0.0.1 /shop/index.php/Admin/Index/left.html
INFO: [ app_begin ] --START--
INFO: Run Behavior\ReadHtmlCacheBehavior [ RunTime:0.003170s ]
INFO: [ app_begin ] --END-- [ RunTime:0.005559s ]
INFO: [ view_parse ] --START--
INFO: [ template_filter ] --START--
INFO: Run Behavior\ContentReplaceBehavior [ RunTime:0.001112s ]
INFO: [ template_filter ] --END-- [ RunTime:0.001778s ]
INFO: Run Behavior\ParseTemplateBehavior [ RunTime:0.067486s ]
INFO: [ view_parse ] --END-- [ RunTime:0.068414s ]
INFO: [ view_filter ] --START--
INFO: Run Behavior\WriteHtmlCacheBehavior [ RunTime:0.001716s ]
INFO: [ view_filter ] --END-- [ RunTime:0.002277s ]
INFO: [ app_end ] --START--
INFO: Run Behavior\ShowPageTraceBehavior [ RunTime:0.003097s ]
INFO: [ app_end ] --END-- [ RunTime:0.003916s ]

[ 2017-05-29T14:28:13+08:00 ] 127.0.0.1 /shop/index.php/Admin/Index/head.html
INFO: [ app_begin ] --START--
INFO: Run Behavior\ReadHtmlCacheBehavior [ RunTime:0.005574s ]
INFO: [ app_begin ] --END-- [ RunTime:0.007941s ]
INFO: [ view_parse ] --START--
INFO: [ template_filter ] --START--
INFO: Run Behavior\ContentReplaceBehavior [ RunTime:0.000472s ]
INFO: [ template_filter ] --END-- [ RunTime:0.001137s ]
INFO: Run Behavior\ParseTemplateBehavior [ RunTime:0.053099s ]
INFO: [ view_parse ] --END-- [ RunTime:0.054056s ]
INFO: [ view_filter ] --START--
INFO: Run Behavior\WriteHtmlCacheBehavior [ RunTime:0.001836s ]
INFO: [ view_filter ] --END-- [ RunTime:0.002592s ]
INFO: [ app_end ] --START--
INFO: Run Behavior\ShowPageTraceBehavior [ RunTime:0.002944s ]
INFO: [ app_end ] --END-- [ RunTime:0.003636s ]

[ 2017-05-29T14:28:13+08:00 ] 127.0.0.1 /shop/index.php/Admin/Index/right.html
INFO: [ app_begin ] --START--
INFO: Run Behavior\ReadHtmlCacheBehavior [ RunTime:0.003480s ]
INFO: [ app_begin ] --END-- [ RunTime:0.005352s ]
INFO: [ view_parse ] --START--
INFO: [ template_filter ] --START--
INFO: Run Behavior\ContentReplaceBehavior [ RunTime:0.000368s ]
INFO: [ template_filter ] --END-- [ RunTime:0.000890s ]
INFO: Run Behavior\ParseTemplateBehavior [ RunTime:0.050845s ]
INFO: [ view_parse ] --END-- [ RunTime:0.054957s ]
INFO: [ view_filter ] --START--
INFO: Run Behavior\WriteHtmlCacheBehavior [ RunTime:0.003078s ]
INFO: [ view_filter ] --END-- [ RunTime:0.003831s ]
INFO: [ app_end ] --START--
INFO: Run Behavior\ShowPageTraceBehavior [ RunTime:0.007537s ]
INFO: [ app_end ] --END-- [ RunTime:0.008457s ]

[ 2017-05-29T14:28:16+08:00 ] 127.0.0.1 /shop/index.php/Admin/Brand/showlist.html
INFO: [ app_begin ] --START--
INFO: Run Behavior\ReadHtmlCacheBehavior [ RunTime:0.002458s ]
INFO: [ app_begin ] --END-- [ RunTime:0.003942s ]
SQL: SHOW COLUMNS FROM `brand` [ RunTime:0.0905s ]
SQL: SELECT * FROM `brand`  [ RunTime:0.0007s ]
INFO: [ view_parse ] --START--
INFO: [ template_filter ] --START--
INFO: Run Behavior\ContentReplaceBehavior [ RunTime:0.000532s ]
INFO: [ template_filter ] --END-- [ RunTime:0.001245s ]
INFO: Run Behavior\ParseTemplateBehavior [ RunTime:0.072876s ]
INFO: [ view_parse ] --END-- [ RunTime:0.073513s ]
INFO: [ view_filter ] --START--
INFO: Run Behavior\WriteHtmlCacheBehavior [ RunTime:0.001996s ]
INFO: [ view_filter ] --END-- [ RunTime:0.002640s ]
INFO: [ app_end ] --START--
INFO: Run Behavior\ShowPageTraceBehavior [ RunTime:0.003095s ]
INFO: [ app_end ] --END-- [ RunTime:0.003664s ]

[ 2017-05-29T14:28:18+08:00 ] 127.0.0.1 /shop/index.php/Admin/Brand/add.html
INFO: [ app_begin ] --START--
INFO: Run Behavior\ReadHtmlCacheBehavior [ RunTime:0.003111s ]
INFO: [ app_begin ] --END-- [ RunTime:0.005561s ]
SQL: SHOW COLUMNS FROM `brand` [ RunTime:0.0064s ]
INFO: [ view_parse ] --START--
INFO: [ template_filter ] --START--
INFO: Run Behavior\ContentReplaceBehavior [ RunTime:0.000372s ]
INFO: [ template_filter ] --END-- [ RunTime:0.000869s ]
INFO: Run Behavior\ParseTemplateBehavior [ RunTime:0.036173s ]
INFO: [ view_parse ] --END-- [ RunTime:0.036865s ]
INFO: [ view_filter ] --START--
INFO: Run Behavior\WriteHtmlCacheBehavior [ RunTime:0.002763s ]
INFO: [ view_filter ] --END-- [ RunTime:0.003918s ]
INFO: [ app_end ] --START--
INFO: Run Behavior\ShowPageTraceBehavior [ RunTime:0.003345s ]
INFO: [ app_end ] --END-- [ RunTime:0.003953s ]

[ 2017-05-29T14:28:21+08:00 ] 127.0.0.1 /shop/index.php/Admin/Brand/add.html
INFO: [ app_begin ] --START--
INFO: Run Behavior\ReadHtmlCacheBehavior [ RunTime:0.007481s ]
INFO: [ app_begin ] --END-- [ RunTime:0.009464s ]
SQL: SHOW COLUMNS FROM `brand` [ RunTime:0.0058s ]
SQL: INSERT INTO `brand` (`brand_name`,`brand_sort`) VALUES ('','0') [ RunTime:0.0015s ]

[ 2017-05-29T14:29:17+08:00 ] 127.0.0.1 /shop/index.php/Admin/Index/index.html
INFO: [ app_begin ] --START--
INFO: Run Behavior\ReadHtmlCacheBehavior [ RunTime:0.002388s ]
INFO: [ app_begin ] --END-- [ RunTime:0.006199s ]
INFO: [ view_parse ] --START--
INFO: [ template_filter ] --START--
INFO: Run Behavior\ContentReplaceBehavior [ RunTime:0.000610s ]
INFO: [ template_filter ] --END-- [ RunTime:0.001301s ]
INFO: Run Behavior\ParseTemplateBehavior [ RunTime:0.032301s ]
INFO: [ view_parse ] --END-- [ RunTime:0.032914s ]
INFO: [ view_filter ] --START--
INFO: Run Behavior\WriteHtmlCacheBehavior [ RunTime:0.002319s ]
INFO: [ view_filter ] --END-- [ RunTime:0.003109s ]
INFO: [ app_end ] --START--
INFO: Run Behavior\ShowPageTraceBehavior [ RunTime:0.005624s ]
INFO: [ app_end ] --END-- [ RunTime:0.006264s ]

[ 2017-05-29T14:29:17+08:00 ] 127.0.0.1 /shop/index.php/Admin/Index/head.html
INFO: [ app_begin ] --START--
INFO: Run Behavior\ReadHtmlCacheBehavior [ RunTime:0.002954s ]
INFO: [ app_begin ] --END-- [ RunTime:0.004849s ]
INFO: [ view_parse ] --START--
INFO: [ template_filter ] --START--
INFO: Run Behavior\ContentReplaceBehavior [ RunTime:0.000330s ]
INFO: [ template_filter ] --END-- [ RunTime:0.000789s ]
INFO: Run Behavior\ParseTemplateBehavior [ RunTime:0.040894s ]
INFO: [ view_parse ] --END-- [ RunTime:0.041557s ]
INFO: [ view_filter ] --START--
INFO: Run Behavior\WriteHtmlCacheBehavior [ RunTime:0.002429s ]
INFO: [ view_filter ] --END-- [ RunTime:0.003038s ]
INFO: [ app_end ] --START--
INFO: Run Behavior\ShowPageTraceBehavior [ RunTime:0.002267s ]
INFO: [ app_end ] --END-- [ RunTime:0.002671s ]

[ 2017-05-29T14:29:17+08:00 ] 127.0.0.1 /shop/index.php/Admin/Index/left.html
INFO: [ app_begin ] --START--
INFO: Run Behavior\ReadHtmlCacheBehavior [ RunTime:0.003198s ]
INFO: [ app_begin ] --END-- [ RunTime:0.005518s ]
INFO: [ view_parse ] --START--
INFO: [ template_filter ] --START--
INFO: Run Behavior\ContentReplaceBehavior [ RunTime:0.001278s ]
INFO: [ template_filter ] --END-- [ RunTime:0.002069s ]
INFO: Run Behavior\ParseTemplateBehavior [ RunTime:0.065105s ]
INFO: [ view_parse ] --END-- [ RunTime:0.066030s ]
INFO: [ view_filter ] --START--
INFO: Run Behavior\WriteHtmlCacheBehavior [ RunTime:0.001927s ]
INFO: [ view_filter ] --END-- [ RunTime:0.003721s ]
INFO: [ app_end ] --START--
INFO: Run Behavior\ShowPageTraceBehavior [ RunTime:0.002757s ]
INFO: [ app_end ] --END-- [ RunTime:0.003396s ]

[ 2017-05-29T14:29:17+08:00 ] 127.0.0.1 /shop/index.php/Admin/Index/right.html
INFO: [ app_begin ] --START--
INFO: Run Behavior\ReadHtmlCacheBehavior [ RunTime:0.004071s ]
INFO: [ app_begin ] --END-- [ RunTime:0.006169s ]
INFO: [ view_parse ] --START--
INFO: [ template_filter ] --START--
INFO: Run Behavior\ContentReplaceBehavior [ RunTime:0.001911s ]
INFO: [ template_filter ] --END-- [ RunTime:0.002668s ]
INFO: Run Behavior\ParseTemplateBehavior [ RunTime:0.043905s ]
INFO: [ view_parse ] --END-- [ RunTime:0.044644s ]
INFO: [ view_filter ] --START--
INFO: Run Behavior\WriteHtmlCacheBehavior [ RunTime:0.001824s ]
INFO: [ view_filter ] --END-- [ RunTime:0.002377s ]
INFO: [ app_end ] --START--
INFO: Run Behavior\ShowPageTraceBehavior [ RunTime:0.002705s ]
INFO: [ app_end ] --END-- [ RunTime:0.003255s ]

[ 2017-05-29T14:29:20+08:00 ] 127.0.0.1 /shop/index.php/Admin/Brand/showlist.html
INFO: [ app_begin ] --START--
INFO: Run Behavior\ReadHtmlCacheBehavior [ RunTime:0.001657s ]
INFO: [ app_begin ] --END-- [ RunTime:0.003035s ]
SQL: SHOW COLUMNS FROM `brand` [ RunTime:0.0081s ]
SQL: SELECT * FROM `brand`  [ RunTime:0.0009s ]
INFO: [ view_parse ] --START--
INFO: [ template_filter ] --START--
INFO: Run Behavior\ContentReplaceBehavior [ RunTime:0.000754s ]
INFO: [ template_filter ] --END-- [ RunTime:0.001364s ]
INFO: Run Behavior\ParseTemplateBehavior [ RunTime:0.061342s ]
INFO: [ view_parse ] --END-- [ RunTime:0.062150s ]
INFO: [ view_filter ] --START--
INFO: Run Behavior\WriteHtmlCacheBehavior [ RunTime:0.002537s ]
INFO: [ view_filter ] --END-- [ RunTime:0.003225s ]
INFO: [ app_end ] --START--
INFO: Run Behavior\ShowPageTraceBehavior [ RunTime:0.005697s ]
INFO: [ app_end ] --END-- [ RunTime:0.006424s ]

[ 2017-05-29T14:29:27+08:00 ] 127.0.0.1 /shop/index.php/Admin/Brand/add.html
INFO: [ app_begin ] --START--
INFO: Run Behavior\ReadHtmlCacheBehavior [ RunTime:0.002011s ]
INFO: [ app_begin ] --END-- [ RunTime:0.003534s ]
SQL: SHOW COLUMNS FROM `brand` [ RunTime:0.0061s ]
INFO: [ view_parse ] --START--
INFO: [ template_filter ] --START--
INFO: Run Behavior\ContentReplaceBehavior [ RunTime:0.000331s ]
INFO: [ template_filter ] --END-- [ RunTime:0.000854s ]
INFO: Run Behavior\ParseTemplateBehavior [ RunTime:0.026375s ]
INFO: [ view_parse ] --END-- [ RunTime:0.026857s ]
INFO: [ view_filter ] --START--
INFO: Run Behavior\WriteHtmlCacheBehavior [ RunTime:0.001474s ]
INFO: [ view_filter ] --END-- [ RunTime:0.001846s ]
INFO: [ app_end ] --START--
INFO: Run Behavior\ShowPageTraceBehavior [ RunTime:0.001993s ]
INFO: [ app_end ] --END-- [ RunTime:0.002425s ]

[ 2017-05-29T14:29:45+08:00 ] 127.0.0.1 /shop/index.php/Admin/Brand/showlist.html
INFO: [ app_begin ] --START--
INFO: Run Behavior\ReadHtmlCacheBehavior [ RunTime:0.003871s ]
INFO: [ app_begin ] --END-- [ RunTime:0.006716s ]
SQL: SHOW COLUMNS FROM `brand` [ RunTime:0.0069s ]
SQL: SELECT * FROM `brand`  [ RunTime:0.0008s ]

[ 2017-05-29T14:30:21+08:00 ] 127.0.0.1 /shop/index.php/Admin/Brand/showlist.html
INFO: [ app_begin ] --START--
INFO: Run Behavior\ReadHtmlCacheBehavior [ RunTime:0.002669s ]
INFO: [ app_begin ] --END-- [ RunTime:0.004867s ]
SQL: SHOW COLUMNS FROM `brand` [ RunTime:0.0081s ]
SQL: SELECT * FROM `brand`  [ RunTime:0.0011s ]

[ 2017-05-29T14:38:28+08:00 ] 127.0.0.1 /shop/index.php/Admin/Index/index.html
INFO: [ app_begin ] --START--
INFO: Run Behavior\ReadHtmlCacheBehavior [ RunTime:0.002612s ]
INFO: [ app_begin ] --END-- [ RunTime:0.004913s ]
INFO: [ view_parse ] --START--
INFO: [ template_filter ] --START--
INFO: Run Behavior\ContentReplaceBehavior [ RunTime:0.000319s ]
INFO: [ template_filter ] --END-- [ RunTime:0.000749s ]
INFO: Run Behavior\ParseTemplateBehavior [ RunTime:0.034677s ]
INFO: [ view_parse ] --END-- [ RunTime:0.035128s ]
INFO: [ view_filter ] --START--
INFO: Run Behavior\WriteHtmlCacheBehavior [ RunTime:0.001271s ]
INFO: [ view_filter ] --END-- [ RunTime:0.001775s ]
INFO: [ app_end ] --START--
INFO: Run Behavior\ShowPageTraceBehavior [ RunTime:0.002293s ]
INFO: [ app_end ] --END-- [ RunTime:0.002793s ]

[ 2017-05-29T14:38:28+08:00 ] 127.0.0.1 /shop/index.php/Admin/Index/right.html
INFO: [ app_begin ] --START--
INFO: Run Behavior\ReadHtmlCacheBehavior [ RunTime:0.003019s ]
INFO: [ app_begin ] --END-- [ RunTime:0.005504s ]
INFO: [ view_parse ] --START--
INFO: [ template_filter ] --START--
INFO: Run Behavior\ContentReplaceBehavior [ RunTime:0.000540s ]
INFO: [ template_filter ] --END-- [ RunTime:0.001299s ]
INFO: Run Behavior\ParseTemplateBehavior [ RunTime:0.037383s ]
INFO: [ view_parse ] --END-- [ RunTime:0.038020s ]
INFO: [ view_filter ] --START--
INFO: Run Behavior\WriteHtmlCacheBehavior [ RunTime:0.001881s ]
INFO: [ view_filter ] --END-- [ RunTime:0.002504s ]
INFO: [ app_end ] --START--
INFO: Run Behavior\ShowPageTraceBehavior [ RunTime:0.004032s ]
INFO: [ app_end ] --END-- [ RunTime:0.004885s ]

[ 2017-05-29T14:38:28+08:00 ] 127.0.0.1 /shop/index.php/Admin/Index/head.html
INFO: [ app_begin ] --START--
INFO: Run Behavior\ReadHtmlCacheBehavior [ RunTime:0.002420s ]
INFO: [ app_begin ] --END-- [ RunTime:0.004241s ]
INFO: [ view_parse ] --START--
INFO: [ template_filter ] --START--
INFO: Run Behavior\ContentReplaceBehavior [ RunTime:0.009879s ]
INFO: [ template_filter ] --END-- [ RunTime:0.019283s ]
INFO: Run Behavior\ParseTemplateBehavior [ RunTime:0.100097s ]
INFO: [ view_parse ] --END-- [ RunTime:0.100923s ]
INFO: [ view_filter ] --START--
INFO: Run Behavior\WriteHtmlCacheBehavior [ RunTime:0.001828s ]
INFO: [ view_filter ] --END-- [ RunTime:0.003048s ]
INFO: [ app_end ] --START--
INFO: Run Behavior\ShowPageTraceBehavior [ RunTime:0.003934s ]
INFO: [ app_end ] --END-- [ RunTime:0.005158s ]

[ 2017-05-29T14:38:29+08:00 ] 127.0.0.1 /shop/index.php/Admin/Index/left.html
INFO: [ app_begin ] --START--
INFO: Run Behavior\ReadHtmlCacheBehavior [ RunTime:0.003188s ]
INFO: [ app_begin ] --END-- [ RunTime:0.007056s ]
INFO: [ view_parse ] --START--
INFO: [ template_filter ] --START--
INFO: Run Behavior\ContentReplaceBehavior [ RunTime:0.001635s ]
INFO: [ template_filter ] --END-- [ RunTime:0.002220s ]
INFO: Run Behavior\ParseTemplateBehavior [ RunTime:0.115193s ]
INFO: [ view_parse ] --END-- [ RunTime:0.115746s ]
INFO: [ view_filter ] --START--
INFO: Run Behavior\WriteHtmlCacheBehavior [ RunTime:0.001188s ]
INFO: [ view_filter ] --END-- [ RunTime:0.001556s ]
INFO: [ app_end ] --START--
INFO: Run Behavior\ShowPageTraceBehavior [ RunTime:0.001939s ]
INFO: [ app_end ] --END-- [ RunTime:0.002305s ]

[ 2017-05-29T14:51:20+08:00 ] 127.0.0.1 /shop/index.php/Admin/Brand/showlist.html
INFO: [ app_begin ] --START--
INFO: Run Behavior\ReadHtmlCacheBehavior [ RunTime:0.002041s ]
INFO: [ app_begin ] --END-- [ RunTime:0.003487s ]
SQL: SHOW COLUMNS FROM `brand` [ RunTime:0.0063s ]
SQL: SELECT * FROM `brand`  [ RunTime:0.0012s ]
INFO: [ view_parse ] --START--
INFO: [ template_filter ] --START--
INFO: Run Behavior\ContentReplaceBehavior [ RunTime:0.000659s ]
INFO: [ template_filter ] --END-- [ RunTime:0.001444s ]
INFO: Run Behavior\ParseTemplateBehavior [ RunTime:0.044369s ]
INFO: [ view_parse ] --END-- [ RunTime:0.044850s ]
INFO: [ view_filter ] --START--
INFO: Run Behavior\WriteHtmlCacheBehavior [ RunTime:0.001393s ]
INFO: [ view_filter ] --END-- [ RunTime:0.001821s ]
INFO: [ app_end ] --START--
INFO: Run Behavior\ShowPageTraceBehavior [ RunTime:0.003064s ]
INFO: [ app_end ] --END-- [ RunTime:0.003525s ]

[ 2017-05-29T14:51:24+08:00 ] 127.0.0.1 /shop/index.php/Admin/Brand/edit.html?id=4
INFO: [ app_begin ] --START--
INFO: Run Behavior\ReadHtmlCacheBehavior [ RunTime:0.001893s ]
INFO: [ app_begin ] --END-- [ RunTime:0.005032s ]
SQL: SHOW COLUMNS FROM `brand` [ RunTime:0.0069s ]
SQL: SELECT * FROM `brand` WHERE `id` = 4 LIMIT 1   [ RunTime:0.0009s ]
INFO: [ view_parse ] --START--
INFO: [ template_filter ] --START--
INFO: Run Behavior\ContentReplaceBehavior [ RunTime:0.000518s ]
INFO: [ template_filter ] --END-- [ RunTime:0.001244s ]
INFO: Run Behavior\ParseTemplateBehavior [ RunTime:0.107183s ]
INFO: [ view_parse ] --END-- [ RunTime:0.107625s ]
INFO: [ view_filter ] --START--
INFO: Run Behavior\WriteHtmlCacheBehavior [ RunTime:0.001428s ]
INFO: [ view_filter ] --END-- [ RunTime:0.001808s ]
INFO: [ app_end ] --START--
INFO: Run Behavior\ShowPageTraceBehavior [ RunTime:0.001843s ]
INFO: [ app_end ] --END-- [ RunTime:0.002231s ]

[ 2017-05-29T14:51:24+08:00 ] 127.0.0.1 /shop/index.php/Admin/Brand/css/mine.css
INFO: [ app_begin ] --START--
INFO: Run Behavior\ReadHtmlCacheBehavior [ RunTime:0.001657s ]
INFO: [ app_begin ] --END-- [ RunTime:0.003502s ]
SQL: SHOW COLUMNS FROM `brand` [ RunTime:0.0066s ]
ERR: 非法操作:css

[ 2017-05-29T14:51:36+08:00 ] 127.0.0.1 /shop/index.php/Admin/Brand/showlist.html
INFO: [ app_begin ] --START--
INFO: Run Behavior\ReadHtmlCacheBehavior [ RunTime:0.002601s ]
INFO: [ app_begin ] --END-- [ RunTime:0.004066s ]
SQL: SHOW COLUMNS FROM `brand` [ RunTime:0.0058s ]
SQL: SELECT * FROM `brand`  [ RunTime:0.0009s ]
INFO: [ view_parse ] --START--
INFO: [ template_filter ] --START--
INFO: Run Behavior\ContentReplaceBehavior [ RunTime:0.000611s ]
INFO: [ template_filter ] --END-- [ RunTime:0.001076s ]
INFO: Run Behavior\ParseTemplateBehavior [ RunTime:0.039737s ]
INFO: [ view_parse ] --END-- [ RunTime:0.040284s ]
INFO: [ view_filter ] --START--
INFO: Run Behavior\WriteHtmlCacheBehavior [ RunTime:0.001552s ]
INFO: [ view_filter ] --END-- [ RunTime:0.002069s ]
INFO: [ app_end ] --START--
INFO: Run Behavior\ShowPageTraceBehavior [ RunTime:0.002755s ]
INFO: [ app_end ] --END-- [ RunTime:0.003135s ]

[ 2017-05-29T14:53:26+08:00 ] 127.0.0.1 /shop/index.php/Admin/Brand/showlist.html
INFO: [ app_begin ] --START--
INFO: Run Behavior\ReadHtmlCacheBehavior [ RunTime:0.005004s ]
INFO: [ app_begin ] --END-- [ RunTime:0.016410s ]
SQL: SHOW COLUMNS FROM `brand` [ RunTime:0.0059s ]
SQL: SELECT * FROM `brand`  [ RunTime:0.0007s ]
INFO: [ view_parse ] --START--
INFO: [ template_filter ] --START--
INFO: Run Behavior\ContentReplaceBehavior [ RunTime:0.000362s ]
INFO: [ template_filter ] --END-- [ RunTime:0.000788s ]
INFO: Run Behavior\ParseTemplateBehavior [ RunTime:0.038298s ]
INFO: [ view_parse ] --END-- [ RunTime:0.038896s ]
INFO: [ view_filter ] --START--
INFO: Run Behavior\WriteHtmlCacheBehavior [ RunTime:0.002008s ]
INFO: [ view_filter ] --END-- [ RunTime:0.002429s ]
INFO: [ app_end ] --START--
INFO: Run Behavior\ShowPageTraceBehavior [ RunTime:0.002389s ]
INFO: [ app_end ] --END-- [ RunTime:0.002801s ]

[ 2017-05-29T14:53:29+08:00 ] 127.0.0.1 /shop/index.php/Admin/Brand/showlist.html
INFO: [ app_begin ] --START--
INFO: Run Behavior\ReadHtmlCacheBehavior [ RunTime:0.005865s ]
INFO: [ app_begin ] --END-- [ RunTime:0.008030s ]
SQL: SHOW COLUMNS FROM `brand` [ RunTime:0.0062s ]
SQL: SELECT * FROM `brand`  [ RunTime:0.0010s ]
INFO: [ view_parse ] --START--
INFO: [ template_filter ] --START--
INFO: Run Behavior\ContentReplaceBehavior [ RunTime:0.000523s ]
INFO: [ template_filter ] --END-- [ RunTime:0.001576s ]
INFO: Run Behavior\ParseTemplateBehavior [ RunTime:0.053511s ]
INFO: [ view_parse ] --END-- [ RunTime:0.054395s ]
INFO: [ view_filter ] --START--
INFO: Run Behavior\WriteHtmlCacheBehavior [ RunTime:0.001906s ]
INFO: [ view_filter ] --END-- [ RunTime:0.002673s ]
INFO: [ app_end ] --START--
INFO: Run Behavior\ShowPageTraceBehavior [ RunTime:0.003219s ]
INFO: [ app_end ] --END-- [ RunTime:0.003912s ]

[ 2017-05-29T14:54:24+08:00 ] 127.0.0.1 /shop/index.php/Admin/Brand/showlist.html
INFO: [ app_begin ] --START--
INFO: Run Behavior\ReadHtmlCacheBehavior [ RunTime:0.002537s ]
INFO: [ app_begin ] --END-- [ RunTime:0.004607s ]
SQL: SHOW COLUMNS FROM `brand` [ RunTime:0.0253s ]
SQL: SELECT * FROM `brand`  [ RunTime:0.0006s ]
INFO: [ view_parse ] --START--
INFO: [ template_filter ] --START--
INFO: Run Behavior\ContentReplaceBehavior [ RunTime:0.000468s ]
INFO: [ template_filter ] --END-- [ RunTime:0.001100s ]
INFO: Run Behavior\ParseTemplateBehavior [ RunTime:0.047927s ]
INFO: [ view_parse ] --END-- [ RunTime:0.048531s ]
INFO: [ view_filter ] --START--
INFO: Run Behavior\WriteHtmlCacheBehavior [ RunTime:0.001869s ]
INFO: [ view_filter ] --END-- [ RunTime:0.002460s ]
INFO: [ app_end ] --START--
INFO: Run Behavior\ShowPageTraceBehavior [ RunTime:0.002551s ]
INFO: [ app_end ] --END-- [ RunTime:0.004222s ]

[ 2017-05-29T14:54:28+08:00 ] 127.0.0.1 /shop/index.php/Admin/Brand/showlist.html
INFO: [ app_begin ] --START--
INFO: Run Behavior\ReadHtmlCacheBehavior [ RunTime:0.002139s ]
INFO: [ app_begin ] --END-- [ RunTime:0.003576s ]
SQL: SHOW COLUMNS FROM `brand` [ RunTime:0.0062s ]
SQL: SELECT * FROM `brand`  [ RunTime:0.0008s ]
INFO: [ view_parse ] --START--
INFO: [ template_filter ] --START--
INFO: Run Behavior\ContentReplaceBehavior [ RunTime:0.000355s ]
INFO: [ template_filter ] --END-- [ RunTime:0.000781s ]
INFO: Run Behavior\ParseTemplateBehavior [ RunTime:0.037672s ]
INFO: [ view_parse ] --END-- [ RunTime:0.038173s ]
INFO: [ view_filter ] --START--
INFO: Run Behavior\WriteHtmlCacheBehavior [ RunTime:0.001516s ]
INFO: [ view_filter ] --END-- [ RunTime:0.002054s ]
INFO: [ app_end ] --START--
INFO: Run Behavior\ShowPageTraceBehavior [ RunTime:0.002448s ]
INFO: [ app_end ] --END-- [ RunTime:0.002885s ]

[ 2017-05-29T14:54:29+08:00 ] 127.0.0.1 /shop/index.php/Admin/Index/index.html
INFO: [ app_begin ] --START--
INFO: Run Behavior\ReadHtmlCacheBehavior [ RunTime:0.002357s ]
INFO: [ app_begin ] --END-- [ RunTime:0.006571s ]
INFO: [ view_parse ] --START--
INFO: [ template_filter ] --START--
INFO: Run Behavior\ContentReplaceBehavior [ RunTime:0.000288s ]
INFO: [ template_filter ] --END-- [ RunTime:0.000800s ]
INFO: Run Behavior\ParseTemplateBehavior [ RunTime:0.035110s ]
INFO: [ view_parse ] --END-- [ RunTime:0.035780s ]
INFO: [ view_filter ] --START--
INFO: Run Behavior\WriteHtmlCacheBehavior [ RunTime:0.001258s ]
INFO: [ view_filter ] --END-- [ RunTime:0.001650s ]
INFO: [ app_end ] --START--
INFO: Run Behavior\ShowPageTraceBehavior [ RunTime:0.001833s ]
INFO: [ app_end ] --END-- [ RunTime:0.002263s ]

[ 2017-05-29T14:54:29+08:00 ] 127.0.0.1 /shop/index.php/Admin/Index/head.html
INFO: [ app_begin ] --START--
INFO: Run Behavior\ReadHtmlCacheBehavior [ RunTime:0.002568s ]
INFO: [ app_begin ] --END-- [ RunTime:0.004615s ]
INFO: [ view_parse ] --START--
INFO: [ template_filter ] --START--
INFO: Run Behavior\ContentReplaceBehavior [ RunTime:0.000592s ]
INFO: [ template_filter ] --END-- [ RunTime:0.001971s ]
INFO: Run Behavior\ParseTemplateBehavior [ RunTime:0.049017s ]
INFO: [ view_parse ] --END-- [ RunTime:0.049592s ]
INFO: [ view_filter ] --START--
INFO: Run Behavior\WriteHtmlCacheBehavior [ RunTime:0.001372s ]
INFO: [ view_filter ] --END-- [ RunTime:0.001902s ]
INFO: [ app_end ] --START--
INFO: Run Behavior\ShowPageTraceBehavior [ RunTime:0.005022s ]
INFO: [ app_end ] --END-- [ RunTime:0.007600s ]

[ 2017-05-29T14:54:30+08:00 ] 127.0.0.1 /shop/index.php/Admin/Index/left.html
INFO: [ app_begin ] --START--
INFO: Run Behavior\ReadHtmlCacheBehavior [ RunTime:0.002994s ]
INFO: [ app_begin ] --END-- [ RunTime:0.005501s ]
INFO: [ view_parse ] --START--
INFO: [ template_filter ] --START--
INFO: Run Behavior\ContentReplaceBehavior [ RunTime:0.010089s ]
INFO: [ template_filter ] --END-- [ RunTime:0.010877s ]
INFO: Run Behavior\ParseTemplateBehavior [ RunTime:0.148284s ]
INFO: [ view_parse ] --END-- [ RunTime:0.150454s ]
INFO: [ view_filter ] --START--
INFO: Run Behavior\WriteHtmlCacheBehavior [ RunTime:0.004007s ]
INFO: [ view_filter ] --END-- [ RunTime:0.004842s ]
INFO: [ app_end ] --START--
INFO: Run Behavior\ShowPageTraceBehavior [ RunTime:0.005070s ]
INFO: [ app_end ] --END-- [ RunTime:0.005841s ]

[ 2017-05-29T14:54:30+08:00 ] 127.0.0.1 /shop/index.php/Admin/Index/right.html
INFO: [ app_begin ] --START--
INFO: Run Behavior\ReadHtmlCacheBehavior [ RunTime:0.003444s ]
INFO: [ app_begin ] --END-- [ RunTime:0.005785s ]
INFO: [ view_parse ] --START--
INFO: [ template_filter ] --START--
INFO: Run Behavior\ContentReplaceBehavior [ RunTime:0.001844s ]
INFO: [ template_filter ] --END-- [ RunTime:0.005474s ]
INFO: Run Behavior\ParseTemplateBehavior [ RunTime:0.061709s ]
INFO: [ view_parse ] --END-- [ RunTime:0.062533s ]
INFO: [ view_filter ] --START--
INFO: Run Behavior\WriteHtmlCacheBehavior [ RunTime:0.005627s ]
INFO: [ view_filter ] --END-- [ RunTime:0.008034s ]
INFO: [ app_end ] --START--
INFO: Run Behavior\ShowPageTraceBehavior [ RunTime:0.010208s ]
INFO: [ app_end ] --END-- [ RunTime:0.013228s ]

[ 2017-05-29T14:54:32+08:00 ] 127.0.0.1 /shop/index.php/Admin/Brand/showlist.html
INFO: [ app_begin ] --START--
INFO: Run Behavior\ReadHtmlCacheBehavior [ RunTime:0.002671s ]
INFO: [ app_begin ] --END-- [ RunTime:0.004890s ]
SQL: SHOW COLUMNS FROM `brand` [ RunTime:0.0056s ]
SQL: SELECT * FROM `brand`  [ RunTime:0.0008s ]
INFO: [ view_parse ] --START--
INFO: [ template_filter ] --START--
INFO: Run Behavior\ContentReplaceBehavior [ RunTime:0.000498s ]
INFO: [ template_filter ] --END-- [ RunTime:0.001161s ]
INFO: Run Behavior\ParseTemplateBehavior [ RunTime:0.051858s ]
INFO: [ view_parse ] --END-- [ RunTime:0.052502s ]
INFO: [ view_filter ] --START--
INFO: Run Behavior\WriteHtmlCacheBehavior [ RunTime:0.000995s ]
INFO: [ view_filter ] --END-- [ RunTime:0.001378s ]
INFO: [ app_end ] --START--
INFO: Run Behavior\ShowPageTraceBehavior [ RunTime:0.002653s ]
INFO: [ app_end ] --END-- [ RunTime:0.003311s ]

[ 2017-05-29T14:54:36+08:00 ] 127.0.0.1 /shop/index.php/Admin/Brand/edit.html?id=1
INFO: [ app_begin ] --START--
INFO: Run Behavior\ReadHtmlCacheBehavior [ RunTime:0.002056s ]
INFO: [ app_begin ] --END-- [ RunTime:0.003959s ]
SQL: SHOW COLUMNS FROM `brand` [ RunTime:0.0077s ]
SQL: SELECT * FROM `brand` WHERE `id` = 1 LIMIT 1   [ RunTime:0.0009s ]
INFO: [ view_parse ] --START--
INFO: [ template_filter ] --START--
INFO: Run Behavior\ContentReplaceBehavior [ RunTime:0.000494s ]
INFO: [ template_filter ] --END-- [ RunTime:0.001182s ]
INFO: Run Behavior\ParseTemplateBehavior [ RunTime:0.033253s ]
INFO: [ view_parse ] --END-- [ RunTime:0.033812s ]
INFO: [ view_filter ] --START--
INFO: Run Behavior\WriteHtmlCacheBehavior [ RunTime:0.001218s ]
INFO: [ view_filter ] --END-- [ RunTime:0.001808s ]
INFO: [ app_end ] --START--
INFO: Run Behavior\ShowPageTraceBehavior [ RunTime:0.001844s ]
INFO: [ app_end ] --END-- [ RunTime:0.002408s ]

[ 2017-05-29T14:54:39+08:00 ] 127.0.0.1 /shop/index.php/Admin/Brand/edit.html
INFO: [ app_begin ] --START--
INFO: Run Behavior\ReadHtmlCacheBehavior [ RunTime:0.001650s ]
INFO: [ app_begin ] --END-- [ RunTime:0.003374s ]
SQL: SHOW COLUMNS FROM `brand` [ RunTime:0.0057s ]
SQL: SELECT * FROM `brand` WHERE `id` = 1 LIMIT 1   [ RunTime:0.0009s ]
SQL: UPDATE `brand` SET `id`='1',`brand_name`='戴尔',`brand_sort`='1' WHERE ( id=1 ) [ RunTime:0.0012s ]
INFO: [ view_parse ] --START--
INFO: [ template_filter ] --START--
INFO: Run Behavior\ContentReplaceBehavior [ RunTime:0.000300s ]
INFO: [ template_filter ] --END-- [ RunTime:0.000743s ]
INFO: Run Behavior\ParseTemplateBehavior [ RunTime:0.036897s ]
INFO: [ view_parse ] --END-- [ RunTime:0.037457s ]
INFO: [ view_filter ] --START--
INFO: Run Behavior\WriteHtmlCacheBehavior [ RunTime:0.001369s ]
INFO: [ view_filter ] --END-- [ RunTime:0.002203s ]

[ 2017-05-29T14:54:46+08:00 ] 127.0.0.1 /shop/index.php/Admin/Brand/edit.html
INFO: [ app_begin ] --START--
INFO: Run Behavior\ReadHtmlCacheBehavior [ RunTime:0.002243s ]
INFO: [ app_begin ] --END-- [ RunTime:0.003849s ]
SQL: SHOW COLUMNS FROM `brand` [ RunTime:0.0074s ]
SQL: SELECT * FROM `brand` WHERE `id` = 1 LIMIT 1   [ RunTime:0.0008s ]
SQL: UPDATE `brand` SET `id`='1',`brand_name`='戴尔1',`brand_sort`='1' WHERE ( id=1 ) [ RunTime:0.0009s ]
INFO: [ view_parse ] --START--
INFO: [ template_filter ] --START--
INFO: Run Behavior\ContentReplaceBehavior [ RunTime:0.000331s ]
INFO: [ template_filter ] --END-- [ RunTime:0.000736s ]
INFO: Run Behavior\ParseTemplateBehavior [ RunTime:0.029066s ]
INFO: [ view_parse ] --END-- [ RunTime:0.029552s ]
INFO: [ view_filter ] --START--
INFO: Run Behavior\WriteHtmlCacheBehavior [ RunTime:0.001309s ]
INFO: [ view_filter ] --END-- [ RunTime:0.001681s ]

[ 2017-05-29T14:54:47+08:00 ] 127.0.0.1 /shop/index.php/Admin/Brand/showList.html
INFO: [ app_begin ] --START--
INFO: Run Behavior\ReadHtmlCacheBehavior [ RunTime:0.003737s ]
INFO: [ app_begin ] --END-- [ RunTime:0.008033s ]
SQL: SHOW COLUMNS FROM `brand` [ RunTime:0.0062s ]
SQL: SELECT * FROM `brand`  [ RunTime:0.0008s ]
INFO: [ view_parse ] --START--
INFO: [ template_filter ] --START--
INFO: Run Behavior\ContentReplaceBehavior [ RunTime:0.000328s ]
INFO: [ template_filter ] --END-- [ RunTime:0.000933s ]
INFO: Run Behavior\ParseTemplateBehavior [ RunTime:0.082506s ]
INFO: [ view_parse ] --END-- [ RunTime:0.083574s ]
INFO: [ view_filter ] --START--
INFO: Run Behavior\WriteHtmlCacheBehavior [ RunTime:0.002156s ]
INFO: [ view_filter ] --END-- [ RunTime:0.002841s ]
INFO: [ app_end ] --START--
INFO: Run Behavior\ShowPageTraceBehavior [ RunTime:0.002953s ]
INFO: [ app_end ] --END-- [ RunTime:0.004131s ]

[ 2017-05-29T14:55:18+08:00 ] 127.0.0.1 /shop/index.php/Admin/Brand/showlist.html
INFO: [ app_begin ] --START--
INFO: Run Behavior\ReadHtmlCacheBehavior [ RunTime:0.001653s ]
INFO: [ app_begin ] --END-- [ RunTime:0.003323s ]
SQL: SHOW COLUMNS FROM `brand` [ RunTime:0.0058s ]
SQL: SELECT * FROM `brand`  [ RunTime:0.0008s ]
INFO: [ view_parse ] --START--
INFO: [ template_filter ] --START--
INFO: Run Behavior\ContentReplaceBehavior [ RunTime:0.000524s ]
INFO: [ template_filter ] --END-- [ RunTime:0.001223s ]
INFO: Run Behavior\ParseTemplateBehavior [ RunTime:0.045020s ]
INFO: [ view_parse ] --END-- [ RunTime:0.045508s ]
INFO: [ view_filter ] --START--
INFO: Run Behavior\WriteHtmlCacheBehavior [ RunTime:0.001392s ]
INFO: [ view_filter ] --END-- [ RunTime:0.001982s ]
INFO: [ app_end ] --START--
INFO: Run Behavior\ShowPageTraceBehavior [ RunTime:0.003937s ]
INFO: [ app_end ] --END-- [ RunTime:0.004669s ]

[ 2017-05-29T14:55:24+08:00 ] 127.0.0.1 /shop/index.php/Admin/Brand/edit.html?id=1
INFO: [ app_begin ] --START--
INFO: Run Behavior\ReadHtmlCacheBehavior [ RunTime:0.001865s ]
INFO: [ app_begin ] --END-- [ RunTime:0.003632s ]
SQL: SHOW COLUMNS FROM `brand` [ RunTime:0.0067s ]
SQL: SELECT * FROM `brand` WHERE `id` = 1 LIMIT 1   [ RunTime:0.0008s ]
INFO: [ view_parse ] --START--
INFO: [ template_filter ] --START--
INFO: Run Behavior\ContentReplaceBehavior [ RunTime:0.000309s ]
INFO: [ template_filter ] --END-- [ RunTime:0.000725s ]
INFO: Run Behavior\ParseTemplateBehavior [ RunTime:0.031657s ]
INFO: [ view_parse ] --END-- [ RunTime:0.032415s ]
INFO: [ view_filter ] --START--
INFO: Run Behavior\WriteHtmlCacheBehavior [ RunTime:0.002259s ]
INFO: [ view_filter ] --END-- [ RunTime:0.002673s ]
INFO: [ app_end ] --START--
INFO: Run Behavior\ShowPageTraceBehavior [ RunTime:0.001854s ]
INFO: [ app_end ] --END-- [ RunTime:0.002367s ]

[ 2017-05-29T14:55:26+08:00 ] 127.0.0.1 /shop/index.php/Admin/Brand/edit.html
INFO: [ app_begin ] --START--
INFO: Run Behavior\ReadHtmlCacheBehavior [ RunTime:0.003097s ]
INFO: [ app_begin ] --END-- [ RunTime:0.007905s ]
SQL: SHOW COLUMNS FROM `brand` [ RunTime:0.0053s ]
SQL: SELECT * FROM `brand` WHERE `id` = 1 LIMIT 1   [ RunTime:0.0007s ]
SQL: UPDATE `brand` SET `id`='1',`brand_name`='戴尔',`brand_sort`='1' WHERE ( id=1 ) [ RunTime:0.0011s ]
INFO: [ view_parse ] --START--
INFO: [ template_filter ] --START--
INFO: Run Behavior\ContentReplaceBehavior [ RunTime:0.000295s ]
INFO: [ template_filter ] --END-- [ RunTime:0.000787s ]
INFO: Run Behavior\ParseTemplateBehavior [ RunTime:0.031916s ]
INFO: [ view_parse ] --END-- [ RunTime:0.032658s ]
INFO: [ view_filter ] --START--
INFO: Run Behavior\WriteHtmlCacheBehavior [ RunTime:0.001923s ]
INFO: [ view_filter ] --END-- [ RunTime:0.002608s ]

[ 2017-05-29T14:55:27+08:00 ] 127.0.0.1 /shop/index.php/Admin/Brand/showList.html
INFO: [ app_begin ] --START--
INFO: Run Behavior\ReadHtmlCacheBehavior [ RunTime:0.003295s ]
INFO: [ app_begin ] --END-- [ RunTime:0.005805s ]
SQL: SHOW COLUMNS FROM `brand` [ RunTime:0.0066s ]
SQL: SELECT * FROM `brand`  [ RunTime:0.0007s ]
INFO: [ view_parse ] --START--
INFO: [ template_filter ] --START--
INFO: Run Behavior\ContentReplaceBehavior [ RunTime:0.000509s ]
INFO: [ template_filter ] --END-- [ RunTime:0.001260s ]
INFO: Run Behavior\ParseTemplateBehavior [ RunTime:0.062281s ]
INFO: [ view_parse ] --END-- [ RunTime:0.063063s ]
INFO: [ view_filter ] --START--
INFO: Run Behavior\WriteHtmlCacheBehavior [ RunTime:0.002719s ]
INFO: [ view_filter ] --END-- [ RunTime:0.003428s ]
INFO: [ app_end ] --START--
INFO: Run Behavior\ShowPageTraceBehavior [ RunTime:0.003223s ]
INFO: [ app_end ] --END-- [ RunTime:0.003818s ]

