[ 2017-06-13T18:45:37+08:00 ] 127.0.0.1 /shop/index.php/admin/Login/verify
INFO: [ app_init ] --START--
INFO: Run Behavior\BuildLiteBehavior [ RunTime:0.000109s ]
INFO: [ app_init ] --END-- [ RunTime:0.001533s ]
INFO: [ app_begin ] --START--
INFO: Run Behavior\ReadHtmlCacheBehavior [ RunTime:0.001911s ]
INFO: [ app_begin ] --END-- [ RunTime:0.002474s ]
SQL: SHOW COLUMNS FROM `admin` [ RunTime:0.2106s ]
INFO: [ app_end ] --START--
INFO: Run Behavior\ShowPageTraceBehavior [ RunTime:0.001887s ]
INFO: [ app_end ] --END-- [ RunTime:0.002485s ]

[ 2017-06-13T18:45:43+08:00 ] 127.0.0.1 /shop/index.php/admin/Login/login
INFO: [ app_init ] --START--
INFO: Run Behavior\BuildLiteBehavior [ RunTime:0.000111s ]
INFO: [ app_init ] --END-- [ RunTime:0.001575s ]
INFO: [ app_begin ] --START--
INFO: Run Behavior\ReadHtmlCacheBehavior [ RunTime:0.001657s ]
INFO: [ app_begin ] --END-- [ RunTime:0.002218s ]
SQL: SHOW COLUMNS FROM `admin` [ RunTime:0.0073s ]
INFO: [ view_parse ] --START--
INFO: [ template_filter ] --START--
INFO: Run Behavior\ContentReplaceBehavior [ RunTime:0.000543s ]
INFO: [ template_filter ] --END-- [ RunTime:0.001199s ]
INFO: Run Behavior\ParseTemplateBehavior [ RunTime:0.126965s ]
INFO: [ view_parse ] --END-- [ RunTime:0.127534s ]
INFO: [ view_filter ] --START--
INFO: Run Behavior\WriteHtmlCacheBehavior [ RunTime:0.000861s ]
INFO: [ view_filter ] --END-- [ RunTime:0.001356s ]
INFO: [ app_end ] --START--
INFO: Run Behavior\ShowPageTraceBehavior [ RunTime:0.001569s ]
INFO: [ app_end ] --END-- [ RunTime:0.002077s ]

[ 2017-06-13T18:45:43+08:00 ] 127.0.0.1 /shop/index.php/Admin/Login/verify.html
INFO: [ app_init ] --START--
INFO: Run Behavior\BuildLiteBehavior [ RunTime:0.000207s ]
INFO: [ app_init ] --END-- [ RunTime:0.003243s ]
INFO: [ app_begin ] --START--
INFO: Run Behavior\ReadHtmlCacheBehavior [ RunTime:0.008543s ]
INFO: [ app_begin ] --END-- [ RunTime:0.009410s ]
SQL: SHOW COLUMNS FROM `admin` [ RunTime:0.0084s ]
INFO: [ app_end ] --START--
INFO: Run Behavior\ShowPageTraceBehavior [ RunTime:0.002241s ]
INFO: [ app_end ] --END-- [ RunTime:0.002815s ]

[ 2017-06-13T18:45:51+08:00 ] 127.0.0.1 /shop/index.php/admin/Login/login
INFO: [ app_init ] --START--
INFO: Run Behavior\BuildLiteBehavior [ RunTime:0.000195s ]
INFO: [ app_init ] --END-- [ RunTime:0.002110s ]
INFO: [ app_begin ] --START--
INFO: Run Behavior\ReadHtmlCacheBehavior [ RunTime:0.001681s ]
INFO: [ app_begin ] --END-- [ RunTime:0.002430s ]
SQL: SHOW COLUMNS FROM `admin` [ RunTime:0.0060s ]
SQL: SELECT * FROM `admin` WHERE ( username='admin' AND password='b4dc216d5f808bb2b187ea1c61847ae8' ) LIMIT 1   [ RunTime:0.0565s ]
SQL: UPDATE `admin` SET `id`='1',`role_id`='1',`username`='admin',`password`='b4dc216d5f808bb2b187ea1c61847ae8',`last_login_time`='0',`add_time`='0',`edit_time`='0',`truename`='张三',`nickname`='张三',`status`='1',`remark`='null',`login_count`='30' WHERE ( username='admin' AND password='b4dc216d5f808bb2b187ea1c61847ae8' ) [ RunTime:0.1923s ]
INFO: [ view_parse ] --START--
INFO: [ template_filter ] --START--
INFO: Run Behavior\ContentReplaceBehavior [ RunTime:0.000470s ]
INFO: [ template_filter ] --END-- [ RunTime:0.001112s ]
INFO: Run Behavior\ParseTemplateBehavior [ RunTime:0.061057s ]
INFO: [ view_parse ] --END-- [ RunTime:0.062263s ]
INFO: [ view_filter ] --START--
INFO: Run Behavior\WriteHtmlCacheBehavior [ RunTime:0.001543s ]
INFO: [ view_filter ] --END-- [ RunTime:0.002307s ]

[ 2017-06-13T18:45:53+08:00 ] 127.0.0.1 /shop/index.php/Admin/Index/index.html
INFO: [ app_init ] --START--
INFO: Run Behavior\BuildLiteBehavior [ RunTime:0.000206s ]
INFO: [ app_init ] --END-- [ RunTime:0.002456s ]
INFO: [ app_begin ] --START--
INFO: Run Behavior\ReadHtmlCacheBehavior [ RunTime:0.002168s ]
INFO: [ app_begin ] --END-- [ RunTime:0.002981s ]
INFO: [ view_parse ] --START--
INFO: [ template_filter ] --START--
INFO: Run Behavior\ContentReplaceBehavior [ RunTime:0.000396s ]
INFO: [ template_filter ] --END-- [ RunTime:0.001303s ]
INFO: Run Behavior\ParseTemplateBehavior [ RunTime:0.049578s ]
INFO: [ view_parse ] --END-- [ RunTime:0.050510s ]
INFO: [ view_filter ] --START--
INFO: Run Behavior\WriteHtmlCacheBehavior [ RunTime:0.001863s ]
INFO: [ view_filter ] --END-- [ RunTime:0.002622s ]
INFO: [ app_end ] --START--
INFO: Run Behavior\ShowPageTraceBehavior [ RunTime:0.002606s ]
INFO: [ app_end ] --END-- [ RunTime:0.003397s ]

[ 2017-06-13T18:45:53+08:00 ] 127.0.0.1 /shop/index.php/Admin/Index/header.html
INFO: [ app_init ] --START--
INFO: Run Behavior\BuildLiteBehavior [ RunTime:0.000237s ]
INFO: [ app_init ] --END-- [ RunTime:0.003512s ]
INFO: [ app_begin ] --START--
INFO: Run Behavior\ReadHtmlCacheBehavior [ RunTime:0.002787s ]
INFO: [ app_begin ] --END-- [ RunTime:0.005143s ]
INFO: [ view_parse ] --START--
INFO: [ template_filter ] --START--
INFO: Run Behavior\ContentReplaceBehavior [ RunTime:0.000692s ]
INFO: [ template_filter ] --END-- [ RunTime:0.001690s ]
INFO: Run Behavior\ParseTemplateBehavior [ RunTime:0.070724s ]
INFO: [ view_parse ] --END-- [ RunTime:0.071640s ]
INFO: [ view_filter ] --START--
INFO: Run Behavior\WriteHtmlCacheBehavior [ RunTime:0.002033s ]
INFO: [ view_filter ] --END-- [ RunTime:0.003266s ]
INFO: [ app_end ] --START--
INFO: Run Behavior\ShowPageTraceBehavior [ RunTime:0.002787s ]
INFO: [ app_end ] --END-- [ RunTime:0.003811s ]

[ 2017-06-13T18:45:53+08:00 ] 127.0.0.1 /shop/index.php/Admin/Index/left.html
INFO: [ app_init ] --START--
INFO: Run Behavior\BuildLiteBehavior [ RunTime:0.000586s ]
INFO: [ app_init ] --END-- [ RunTime:0.003489s ]
INFO: [ app_begin ] --START--
INFO: Run Behavior\ReadHtmlCacheBehavior [ RunTime:0.002713s ]
INFO: [ app_begin ] --END-- [ RunTime:0.004059s ]
INFO: [ view_parse ] --START--
INFO: [ template_filter ] --START--
INFO: Run Behavior\ContentReplaceBehavior [ RunTime:0.000997s ]
INFO: [ template_filter ] --END-- [ RunTime:0.002159s ]
INFO: Run Behavior\ParseTemplateBehavior [ RunTime:0.127721s ]
INFO: [ view_parse ] --END-- [ RunTime:0.128911s ]
INFO: [ view_filter ] --START--
INFO: Run Behavior\WriteHtmlCacheBehavior [ RunTime:0.001531s ]
INFO: [ view_filter ] --END-- [ RunTime:0.002402s ]
INFO: [ app_end ] --START--
INFO: Run Behavior\ShowPageTraceBehavior [ RunTime:0.002671s ]
INFO: [ app_end ] --END-- [ RunTime:0.003433s ]

[ 2017-06-13T18:45:53+08:00 ] 127.0.0.1 /shop/index.php/Admin/Index/right.html
INFO: [ app_init ] --START--
INFO: Run Behavior\BuildLiteBehavior [ RunTime:0.000221s ]
INFO: [ app_init ] --END-- [ RunTime:0.003147s ]
INFO: [ app_begin ] --START--
INFO: Run Behavior\ReadHtmlCacheBehavior [ RunTime:0.002945s ]
INFO: [ app_begin ] --END-- [ RunTime:0.003649s ]
INFO: [ view_parse ] --START--
INFO: [ template_filter ] --START--
INFO: Run Behavior\ContentReplaceBehavior [ RunTime:0.000459s ]
INFO: [ template_filter ] --END-- [ RunTime:0.001042s ]
INFO: Run Behavior\ParseTemplateBehavior [ RunTime:0.231440s ]
INFO: [ view_parse ] --END-- [ RunTime:0.232115s ]
INFO: [ view_filter ] --START--
INFO: Run Behavior\WriteHtmlCacheBehavior [ RunTime:0.001338s ]
INFO: [ view_filter ] --END-- [ RunTime:0.002186s ]
INFO: [ app_end ] --START--
INFO: Run Behavior\ShowPageTraceBehavior [ RunTime:0.002250s ]
INFO: [ app_end ] --END-- [ RunTime:0.002907s ]

[ 2017-06-13T18:46:18+08:00 ] 127.0.0.1 /shop/index.php/Admin/Goods/goods_list.html
INFO: [ app_init ] --START--
INFO: Run Behavior\BuildLiteBehavior [ RunTime:0.000109s ]
INFO: [ app_init ] --END-- [ RunTime:0.001898s ]
INFO: [ app_begin ] --START--
INFO: Run Behavior\ReadHtmlCacheBehavior [ RunTime:0.002202s ]
INFO: [ app_begin ] --END-- [ RunTime:0.002859s ]
SQL: SHOW COLUMNS FROM `goods` [ RunTime:0.0075s ]
SQL: SELECT COUNT(*) AS tp_count FROM `goods` LIMIT 1   [ RunTime:0.0516s ]
SQL: SELECT a.*,b.brand_name FROM goods a left join brand b on a.brand_id=b.id  WHERE ( goods_status=1 ) ORDER BY id LIMIT 0,5   [ RunTime:0.0330s ]
INFO: [ view_parse ] --START--
INFO: [ template_filter ] --START--
INFO: Run Behavior\ContentReplaceBehavior [ RunTime:0.000493s ]
INFO: [ template_filter ] --END-- [ RunTime:0.001097s ]
INFO: Run Behavior\ParseTemplateBehavior [ RunTime:0.056895s ]
INFO: [ view_parse ] --END-- [ RunTime:0.057884s ]
INFO: [ view_filter ] --START--
INFO: Run Behavior\WriteHtmlCacheBehavior [ RunTime:0.001277s ]
INFO: [ view_filter ] --END-- [ RunTime:0.001840s ]
INFO: [ app_end ] --START--
INFO: Run Behavior\ShowPageTraceBehavior [ RunTime:0.001985s ]
INFO: [ app_end ] --END-- [ RunTime:0.002500s ]

[ 2017-06-13T18:46:20+08:00 ] 127.0.0.1 /shop/index.php/Admin/Goods/goods_add.html
INFO: [ app_init ] --START--
INFO: Run Behavior\BuildLiteBehavior [ RunTime:0.000111s ]
INFO: [ app_init ] --END-- [ RunTime:0.001564s ]
INFO: [ app_begin ] --START--
INFO: Run Behavior\ReadHtmlCacheBehavior [ RunTime:0.002945s ]
INFO: [ app_begin ] --END-- [ RunTime:0.003925s ]
SQL: SHOW COLUMNS FROM `goods` [ RunTime:0.0062s ]
SQL: SHOW COLUMNS FROM `brand` [ RunTime:0.0065s ]
SQL: SELECT * FROM `brand`  [ RunTime:0.0010s ]
SQL: SHOW COLUMNS FROM `category` [ RunTime:0.0622s ]
SQL: SELECT * FROM `category`  [ RunTime:0.0011s ]
INFO: [ view_parse ] --START--
INFO: [ template_filter ] --START--
INFO: Run Behavior\ContentReplaceBehavior [ RunTime:0.000935s ]
INFO: [ template_filter ] --END-- [ RunTime:0.001961s ]
INFO: Run Behavior\ParseTemplateBehavior [ RunTime:0.078316s ]
INFO: [ view_parse ] --END-- [ RunTime:0.079411s ]
INFO: [ view_filter ] --START--
INFO: Run Behavior\WriteHtmlCacheBehavior [ RunTime:0.001882s ]
INFO: [ view_filter ] --END-- [ RunTime:0.002836s ]
INFO: [ app_end ] --START--
INFO: Run Behavior\ShowPageTraceBehavior [ RunTime:0.002551s ]
INFO: [ app_end ] --END-- [ RunTime:0.003310s ]

[ 2017-06-13T18:46:49+08:00 ] 127.0.0.1 /shop/index.php/Admin/Attribute/getAttr.html
INFO: [ app_init ] --START--
INFO: Run Behavior\BuildLiteBehavior [ RunTime:0.000160s ]
INFO: [ app_init ] --END-- [ RunTime:0.002613s ]
INFO: [ app_begin ] --START--
INFO: Run Behavior\ReadHtmlCacheBehavior [ RunTime:0.002983s ]
INFO: [ app_begin ] --END-- [ RunTime:0.004014s ]
SQL: SHOW COLUMNS FROM `attribute` [ RunTime:0.0413s ]
SQL: SHOW COLUMNS FROM `attribute` [ RunTime:0.0061s ]
SQL: SELECT * FROM `attribute` WHERE ( cate_id=1 )  [ RunTime:0.0011s ]

[ 2017-06-13T18:46:51+08:00 ] 127.0.0.1 /shop/index.php/Admin/Attribute/getAttr.html
INFO: [ app_init ] --START--
INFO: Run Behavior\BuildLiteBehavior [ RunTime:0.000378s ]
INFO: [ app_init ] --END-- [ RunTime:0.003192s ]
INFO: [ app_begin ] --START--
INFO: Run Behavior\ReadHtmlCacheBehavior [ RunTime:0.002674s ]
INFO: [ app_begin ] --END-- [ RunTime:0.003421s ]
SQL: SHOW COLUMNS FROM `attribute` [ RunTime:0.0059s ]
SQL: SHOW COLUMNS FROM `attribute` [ RunTime:0.0064s ]
SQL: SELECT * FROM `attribute` WHERE ( cate_id=2 )  [ RunTime:0.0009s ]

[ 2017-06-13T18:46:55+08:00 ] 127.0.0.1 /shop/index.php/Admin/Attribute/getAttr.html
INFO: [ app_init ] --START--
INFO: Run Behavior\BuildLiteBehavior [ RunTime:0.000146s ]
INFO: [ app_init ] --END-- [ RunTime:0.001922s ]
INFO: [ app_begin ] --START--
INFO: Run Behavior\ReadHtmlCacheBehavior [ RunTime:0.004237s ]
INFO: [ app_begin ] --END-- [ RunTime:0.005022s ]
SQL: SHOW COLUMNS FROM `attribute` [ RunTime:0.0060s ]
SQL: SHOW COLUMNS FROM `attribute` [ RunTime:0.0067s ]
SQL: SELECT * FROM `attribute` WHERE ( cate_id=0 )  [ RunTime:0.0009s ]

[ 2017-06-13T18:46:56+08:00 ] 127.0.0.1 /shop/index.php/Admin/Attribute/getAttr.html
INFO: [ app_init ] --START--
INFO: Run Behavior\BuildLiteBehavior [ RunTime:0.000112s ]
INFO: [ app_init ] --END-- [ RunTime:0.001608s ]
INFO: [ app_begin ] --START--
INFO: Run Behavior\ReadHtmlCacheBehavior [ RunTime:0.001549s ]
INFO: [ app_begin ] --END-- [ RunTime:0.001988s ]
SQL: SHOW COLUMNS FROM `attribute` [ RunTime:0.0076s ]
SQL: SHOW COLUMNS FROM `attribute` [ RunTime:0.0052s ]
SQL: SELECT * FROM `attribute` WHERE ( cate_id=1 )  [ RunTime:0.0009s ]

[ 2017-06-13T18:46:58+08:00 ] 127.0.0.1 /shop/index.php/Admin/Attribute/getAttr.html
INFO: [ app_init ] --START--
INFO: Run Behavior\BuildLiteBehavior [ RunTime:0.000201s ]
INFO: [ app_init ] --END-- [ RunTime:0.003088s ]
INFO: [ app_begin ] --START--
INFO: Run Behavior\ReadHtmlCacheBehavior [ RunTime:0.002438s ]
INFO: [ app_begin ] --END-- [ RunTime:0.003147s ]
SQL: SHOW COLUMNS FROM `attribute` [ RunTime:0.0080s ]
SQL: SHOW COLUMNS FROM `attribute` [ RunTime:0.0071s ]
SQL: SELECT * FROM `attribute` WHERE ( cate_id=2 )  [ RunTime:0.0014s ]

[ 2017-06-13T18:48:05+08:00 ] 127.0.0.1 /shop/index.php/Admin/Goods/goods_add.html
INFO: [ app_init ] --START--
INFO: Run Behavior\BuildLiteBehavior [ RunTime:0.000110s ]
INFO: [ app_init ] --END-- [ RunTime:0.001605s ]
INFO: [ app_begin ] --START--
INFO: Run Behavior\ReadHtmlCacheBehavior [ RunTime:0.001650s ]
INFO: [ app_begin ] --END-- [ RunTime:0.002238s ]
SQL: SHOW COLUMNS FROM `goods` [ RunTime:0.0067s ]
NOTIC: [2] call_user_func() expects parameter 1 to be a valid callback, no array or string given F:\shop\shop\ThinkPHP\ThinkPHP\Library\Think\Upload.class.php 第 170 行.
SQL: SHOW COLUMNS FROM `goods` [ RunTime:0.0086s ]
NOTIC: [8] Undefined index: validate F:\shop\shop\ThinkPHP\ThinkPHP\Library\Think\Model.class.php 第 1185 行.
NOTIC: [8] Undefined index: auto F:\shop\shop\ThinkPHP\ThinkPHP\Library\Think\Model.class.php 第 1128 行.
SQL: INSERT INTO `goods` (`goods_name`,`brand_id`,`cate_id`,`goods_price`,`goods_count`,`brand_bigpic`,`brand_smallpic`,`goods_add_time`) VALUES ('松哥','1','2','9999999','9999','2017-06-13//593fc2e528e1d.jpg','2017-06-13//thumb593fc2e528e1d.jpg','1497350885') [ RunTime:0.0857s ]
SQL: SHOW COLUMNS FROM `goods_attr` [ RunTime:0.1779s ]
SQL: INSERT INTO `goods_attr` (`goods_id`,`attr_id`,`attr_val`) VALUES ('22','4','白色'),('22','2','16G') [ RunTime:0.0010s ]
INFO: [ view_parse ] --START--
INFO: [ template_filter ] --START--
INFO: Run Behavior\ContentReplaceBehavior [ RunTime:0.000969s ]
INFO: [ template_filter ] --END-- [ RunTime:0.001955s ]
INFO: Run Behavior\ParseTemplateBehavior [ RunTime:0.042968s ]
INFO: [ view_parse ] --END-- [ RunTime:0.044282s ]
INFO: [ view_filter ] --START--
INFO: Run Behavior\WriteHtmlCacheBehavior [ RunTime:0.005638s ]
INFO: [ view_filter ] --END-- [ RunTime:0.006460s ]

[ 2017-06-13T18:48:09+08:00 ] 127.0.0.1 /shop/index.php/Admin/Goods/goods_list.html
INFO: [ app_init ] --START--
INFO: Run Behavior\BuildLiteBehavior [ RunTime:0.000120s ]
INFO: [ app_init ] --END-- [ RunTime:0.004357s ]
INFO: [ app_begin ] --START--
INFO: Run Behavior\ReadHtmlCacheBehavior [ RunTime:0.004449s ]
INFO: [ app_begin ] --END-- [ RunTime:0.005176s ]
SQL: SHOW COLUMNS FROM `goods` [ RunTime:0.0079s ]
SQL: SELECT COUNT(*) AS tp_count FROM `goods` LIMIT 1   [ RunTime:0.0009s ]
SQL: SELECT a.*,b.brand_name FROM goods a left join brand b on a.brand_id=b.id  WHERE ( goods_status=1 ) ORDER BY id LIMIT 0,5   [ RunTime:0.0026s ]
INFO: [ view_parse ] --START--
INFO: [ template_filter ] --START--
INFO: Run Behavior\ContentReplaceBehavior [ RunTime:0.000785s ]
INFO: [ template_filter ] --END-- [ RunTime:0.001790s ]
INFO: Run Behavior\ParseTemplateBehavior [ RunTime:0.062349s ]
INFO: [ view_parse ] --END-- [ RunTime:0.063128s ]
INFO: [ view_filter ] --START--
INFO: Run Behavior\WriteHtmlCacheBehavior [ RunTime:0.005593s ]
INFO: [ view_filter ] --END-- [ RunTime:0.006496s ]
INFO: [ app_end ] --START--
INFO: Run Behavior\ShowPageTraceBehavior [ RunTime:0.007549s ]
INFO: [ app_end ] --END-- [ RunTime:0.009032s ]

